[0.045s] Invoking command in '/workspace/Projects/hunter_ws/src/build/scout_description': /usr/bin/cmake /workspace/Projects/hunter_ws/src/ugv_sim/scout/scout_description -DCMAKE_INSTALL_PREFIX=/workspace/Projects/hunter_ws/src/install/scout_description
[0.873s] -- The C compiler identification is GNU 11.4.0
[0.878s] -- The CXX compiler identification is GNU 11.4.0
[0.879s] -- Detecting C compiler ABI info
[0.880s] -- Detecting C compiler ABI info - done
[0.880s] -- Check for working C compiler: /usr/bin/cc - skipped
[0.880s] -- Detecting C compile features
[0.881s] -- Detecting C compile features - done
[0.881s] -- Detecting CXX compiler ABI info
[0.881s] -- Detecting CXX compiler ABI info - done
[0.881s] -- Check for working CXX compiler: /usr/bin/c++ - skipped
[0.881s] -- Detecting CXX compile features
[0.881s] -- Detecting CXX compile features - done
[0.882s] [31mCMake Error at CMakeLists.txt:19 (find_package):
[0.883s]   By not providing "Findament_cmake.cmake" in CMAKE_MODULE_PATH this project
[0.888s]   has asked CMake to find a package configuration file provided by
[0.889s]   "ament_cmake", but CMake did not find one.
[0.890s] 
[0.890s]   Could not find a package configuration file provided by "ament_cmake" with
[0.891s]   any of the following names:
[0.891s] 
[0.891s]     ament_cmakeConfig.cmake
[0.893s]     ament_cmake-config.cmake
[0.894s] 
[0.894s]   Add the installation prefix of "ament_cmake" to CMAKE_PREFIX_PATH or set
[0.894s]   "ament_cmake_DIR" to a directory containing one of the above files.  If
[0.898s]   "ament_cmake" provides a separate development package or SDK, be sure it
[0.899s]   has been installed.
[0.900s] 
[0.900s] [0m
[0.900s] -- Configuring incomplete, errors occurred!
[0.900s] See also "/workspace/Projects/hunter_ws/src/build/scout_description/CMakeFiles/CMakeOutput.log".
