[0.085s] Invoking command in '/workspace/Projects/build/ranger_mini': CMAKE_PREFIX_PATH=${CMAKE_PREFIX_PATH}:/workspace/Projects/install/sevensense_pkg:/workspace/install/sevensense_pkg:/opt/ros/humble /usr/bin/cmake --build /workspace/Projects/build/ranger_mini -- -j8 -l8
[0.280s] Invoked command in '/workspace/Projects/build/ranger_mini' returned '0': CMAKE_PREFIX_PATH=${CMAKE_PREFIX_PATH}:/workspace/Projects/install/sevensense_pkg:/workspace/install/sevensense_pkg:/opt/ros/humble /usr/bin/cmake --build /workspace/Projects/build/ranger_mini -- -j8 -l8
[0.281s] Invoking command in '/workspace/Projects/build/ranger_mini': CMAKE_PREFIX_PATH=${CMAKE_PREFIX_PATH}:/workspace/Projects/install/sevensense_pkg:/workspace/install/sevensense_pkg:/opt/ros/humble /usr/bin/cmake --install /workspace/Projects/build/ranger_mini
[0.297s] -- Install configuration: ""
[0.298s] -- Up-to-date: /workspace/Projects/install/ranger_mini/share/ranger_mini/launch
[0.299s] -- Up-to-date: /workspace/Projects/install/ranger_mini/share/ranger_mini/launch/ranger_mini.launch.py
[0.301s] -- Up-to-date: /workspace/Projects/install/ranger_mini/share/ranger_mini/launch/ranger_mini_v2_gazebo.launch.py
[0.302s] -- Up-to-date: /workspace/Projects/install/ranger_mini/share/ranger_mini/launch/ranger_mini_spawn.launch.py
[0.302s] -- Up-to-date: /workspace/Projects/install/ranger_mini/share/ranger_mini/launch/ranger_mini_v2_display.launch.py
[0.303s] -- Up-to-date: /workspace/Projects/install/ranger_mini/share/ranger_mini/meshes
[0.304s] -- Up-to-date: /workspace/Projects/install/ranger_mini/share/ranger_mini/meshes/fl.stl
[0.304s] -- Up-to-date: /workspace/Projects/install/ranger_mini/share/ranger_mini/meshes/fl_Link.STL
[0.304s] -- Up-to-date: /workspace/Projects/install/ranger_mini/share/ranger_mini/meshes/fr.dae
[0.305s] -- Up-to-date: /workspace/Projects/install/ranger_mini/share/ranger_mini/meshes/bl_Link.STL
[0.306s] -- Up-to-date: /workspace/Projects/install/ranger_mini/share/ranger_mini/meshes/ranger_base.dae
[0.306s] -- Up-to-date: /workspace/Projects/install/ranger_mini/share/ranger_mini/meshes/ranger_base.zip
[0.307s] -- Up-to-date: /workspace/Projects/install/ranger_mini/share/ranger_mini/meshes/br_Link.STL
[0.308s] -- Up-to-date: /workspace/Projects/install/ranger_mini/share/ranger_mini/meshes/base_link.STL
[0.310s] -- Up-to-date: /workspace/Projects/install/ranger_mini/share/ranger_mini/meshes/fr_Link.STL
[0.310s] -- Up-to-date: /workspace/Projects/install/ranger_mini/share/ranger_mini/meshes/fl.dae
[0.311s] -- Up-to-date: /workspace/Projects/install/ranger_mini/share/ranger_mini/meshes/fr.stl
[0.312s] -- Up-to-date: /workspace/Projects/install/ranger_mini/share/ranger_mini/rviz
[0.314s] -- Up-to-date: /workspace/Projects/install/ranger_mini/share/ranger_mini/rviz/urdf.rviz
[0.314s] -- Up-to-date: /workspace/Projects/install/ranger_mini/share/ranger_mini/rviz/display.rviz
[0.315s] -- Up-to-date: /workspace/Projects/install/ranger_mini/share/ranger_mini/urdf
[0.315s] -- Up-to-date: /workspace/Projects/install/ranger_mini/share/ranger_mini/urdf/ranger_mini_gazebo.xacro
[0.315s] -- Up-to-date: /workspace/Projects/install/ranger_mini/share/ranger_mini/urdf/ranger_l.xacro
[0.316s] -- Up-to-date: /workspace/Projects/install/ranger_mini/share/ranger_mini/urdf/ranger_r.xacro
[0.316s] -- Up-to-date: /workspace/Projects/install/ranger_mini/share/ranger_mini/urdf/ranger_mini_gazebo copy.xacro
[0.317s] -- Up-to-date: /workspace/Projects/install/ranger_mini/share/ranger_mini/urdf/ranger_mini.xacro
[0.317s] -- Up-to-date: /workspace/Projects/install/ranger_mini/share/ranger_mini/urdf/ranger_mini.urdf
[0.317s] -- Up-to-date: /workspace/Projects/install/ranger_mini/share/ranger_mini/urdf/gazebo.xacro
[0.317s] -- Up-to-date: /workspace/Projects/install/ranger_mini/share/ranger_mini/urdf/ranger_mini.csv
[0.318s] -- Up-to-date: /workspace/Projects/install/ranger_mini/share/ament_index/resource_index/package_run_dependencies/ranger_mini
[0.318s] -- Up-to-date: /workspace/Projects/install/ranger_mini/share/ament_index/resource_index/parent_prefix_path/ranger_mini
[0.318s] -- Up-to-date: /workspace/Projects/install/ranger_mini/share/ranger_mini/environment/ament_prefix_path.sh
[0.330s] -- Up-to-date: /workspace/Projects/install/ranger_mini/share/ranger_mini/environment/ament_prefix_path.dsv
[0.330s] -- Up-to-date: /workspace/Projects/install/ranger_mini/share/ranger_mini/environment/path.sh
[0.330s] -- Up-to-date: /workspace/Projects/install/ranger_mini/share/ranger_mini/environment/path.dsv
[0.331s] -- Up-to-date: /workspace/Projects/install/ranger_mini/share/ranger_mini/local_setup.bash
[0.331s] -- Up-to-date: /workspace/Projects/install/ranger_mini/share/ranger_mini/local_setup.sh
[0.332s] -- Up-to-date: /workspace/Projects/install/ranger_mini/share/ranger_mini/local_setup.zsh
[0.332s] -- Up-to-date: /workspace/Projects/install/ranger_mini/share/ranger_mini/local_setup.dsv
[0.332s] -- Installing: /workspace/Projects/install/ranger_mini/share/ranger_mini/package.dsv
[0.333s] -- Up-to-date: /workspace/Projects/install/ranger_mini/share/ament_index/resource_index/packages/ranger_mini
[0.334s] -- Up-to-date: /workspace/Projects/install/ranger_mini/share/ranger_mini/cmake/ranger_miniConfig.cmake
[0.334s] -- Up-to-date: /workspace/Projects/install/ranger_mini/share/ranger_mini/cmake/ranger_miniConfig-version.cmake
[0.334s] -- Up-to-date: /workspace/Projects/install/ranger_mini/share/ranger_mini/package.xml
[0.565s] Invoked command in '/workspace/Projects/build/ranger_mini' returned '0': CMAKE_PREFIX_PATH=${CMAKE_PREFIX_PATH}:/workspace/Projects/install/sevensense_pkg:/workspace/install/sevensense_pkg:/opt/ros/humble /usr/bin/cmake --install /workspace/Projects/build/ranger_mini
