-- Install configuration: ""
-- Up-to-date: /workspace/Projects/install/hunter_se_description/share/hunter_se_description/launch
-- Up-to-date: /workspace/Projects/install/hunter_se_description/share/hunter_se_description/launch/display.launch.py
-- Up-to-date: /workspace/Projects/install/hunter_se_description/share/hunter_se_description/meshes
-- Up-to-date: /workspace/Projects/install/hunter_se_description/share/hunter_se_description/meshes/fr_left_link.STL
-- Up-to-date: /workspace/Projects/install/hunter_se_description/share/hunter_se_description/meshes/re_right_link.STL
-- Up-to-date: /workspace/Projects/install/hunter_se_description/share/hunter_se_description/meshes/fr_steer_left_link.STL
-- Up-to-date: /workspace/Projects/install/hunter_se_description/share/hunter_se_description/meshes/re_left_link.STL
-- Up-to-date: /workspace/Projects/install/hunter_se_description/share/hunter_se_description/meshes/fr_steer_right_link.STL
-- Up-to-date: /workspace/Projects/install/hunter_se_description/share/hunter_se_description/meshes/base_link.STL
-- Up-to-date: /workspace/Projects/install/hunter_se_description/share/hunter_se_description/meshes/fr_right_link.STL
-- Up-to-date: /workspace/Projects/install/hunter_se_description/share/hunter_se_description/rviz
-- Up-to-date: /workspace/Projects/install/hunter_se_description/share/hunter_se_description/rviz/rviz.rviz
-- Up-to-date: /workspace/Projects/install/hunter_se_description/share/hunter_se_description/urdf
-- Up-to-date: /workspace/Projects/install/hunter_se_description/share/hunter_se_description/urdf/hunter_se_description.csv
-- Up-to-date: /workspace/Projects/install/hunter_se_description/share/hunter_se_description/urdf/hunter_se_description.urdf
-- Up-to-date: /workspace/Projects/install/hunter_se_description/share/hunter_se_description/urdf/hunter_se_description.xacro
-- Up-to-date: /workspace/Projects/install/hunter_se_description/share/hunter_se_description/config
-- Up-to-date: /workspace/Projects/install/hunter_se_description/share/hunter_se_description/config/joint_names_hunter_se_description_2.yaml
-- Up-to-date: /workspace/Projects/install/hunter_se_description/share/ament_index/resource_index/package_run_dependencies/hunter_se_description
-- Up-to-date: /workspace/Projects/install/hunter_se_description/share/ament_index/resource_index/parent_prefix_path/hunter_se_description
-- Up-to-date: /workspace/Projects/install/hunter_se_description/share/hunter_se_description/environment/ament_prefix_path.sh
-- Up-to-date: /workspace/Projects/install/hunter_se_description/share/hunter_se_description/environment/ament_prefix_path.dsv
-- Up-to-date: /workspace/Projects/install/hunter_se_description/share/hunter_se_description/environment/path.sh
-- Up-to-date: /workspace/Projects/install/hunter_se_description/share/hunter_se_description/environment/path.dsv
-- Up-to-date: /workspace/Projects/install/hunter_se_description/share/hunter_se_description/local_setup.bash
-- Up-to-date: /workspace/Projects/install/hunter_se_description/share/hunter_se_description/local_setup.sh
-- Up-to-date: /workspace/Projects/install/hunter_se_description/share/hunter_se_description/local_setup.zsh
-- Up-to-date: /workspace/Projects/install/hunter_se_description/share/hunter_se_description/local_setup.dsv
-- Up-to-date: /workspace/Projects/install/hunter_se_description/share/hunter_se_description/package.dsv
-- Up-to-date: /workspace/Projects/install/hunter_se_description/share/ament_index/resource_index/packages/hunter_se_description
-- Up-to-date: /workspace/Projects/install/hunter_se_description/share/hunter_se_description/cmake/hunter_se_descriptionConfig.cmake
-- Up-to-date: /workspace/Projects/install/hunter_se_description/share/hunter_se_description/cmake/hunter_se_descriptionConfig-version.cmake
-- Up-to-date: /workspace/Projects/install/hunter_se_description/share/hunter_se_description/package.xml
