[0.094s] Invoking command in '/workspace/Projects/build/hunter_se_description': CMAKE_PREFIX_PATH=${CMAKE_PREFIX_PATH}:/workspace/Projects/install/sevensense_pkg:/opt/ros/humble /usr/bin/cmake --build /workspace/Projects/build/hunter_se_description -- -j8 -l8
[0.211s] Invoked command in '/workspace/Projects/build/hunter_se_description' returned '0': CMAKE_PREFIX_PATH=${CMAKE_PREFIX_PATH}:/workspace/Projects/install/sevensense_pkg:/opt/ros/humble /usr/bin/cmake --build /workspace/Projects/build/hunter_se_description -- -j8 -l8
[0.214s] Invoking command in '/workspace/Projects/build/hunter_se_description': CMAKE_PREFIX_PATH=${CMAKE_PREFIX_PATH}:/workspace/Projects/install/sevensense_pkg:/opt/ros/humble /usr/bin/cmake --install /workspace/Projects/build/hunter_se_description
[0.242s] -- Install configuration: ""
[0.242s] -- Up-to-date: /workspace/Projects/install/hunter_se_description/share/hunter_se_description/launch
[0.242s] -- Up-to-date: /workspace/Projects/install/hunter_se_description/share/hunter_se_description/launch/display.launch.py
[0.242s] -- Up-to-date: /workspace/Projects/install/hunter_se_description/share/hunter_se_description/meshes
[0.242s] -- Up-to-date: /workspace/Projects/install/hunter_se_description/share/hunter_se_description/meshes/fr_left_link.STL
[0.242s] -- Up-to-date: /workspace/Projects/install/hunter_se_description/share/hunter_se_description/meshes/re_right_link.STL
[0.242s] -- Up-to-date: /workspace/Projects/install/hunter_se_description/share/hunter_se_description/meshes/fr_steer_left_link.STL
[0.242s] -- Up-to-date: /workspace/Projects/install/hunter_se_description/share/hunter_se_description/meshes/re_left_link.STL
[0.243s] -- Up-to-date: /workspace/Projects/install/hunter_se_description/share/hunter_se_description/meshes/fr_steer_right_link.STL
[0.243s] -- Up-to-date: /workspace/Projects/install/hunter_se_description/share/hunter_se_description/meshes/base_link.STL
[0.243s] -- Up-to-date: /workspace/Projects/install/hunter_se_description/share/hunter_se_description/meshes/fr_right_link.STL
[0.243s] -- Up-to-date: /workspace/Projects/install/hunter_se_description/share/hunter_se_description/rviz
[0.243s] -- Up-to-date: /workspace/Projects/install/hunter_se_description/share/hunter_se_description/rviz/rviz.rviz
[0.243s] -- Up-to-date: /workspace/Projects/install/hunter_se_description/share/hunter_se_description/urdf
[0.244s] -- Up-to-date: /workspace/Projects/install/hunter_se_description/share/hunter_se_description/urdf/hunter_se_description.csv
[0.244s] -- Up-to-date: /workspace/Projects/install/hunter_se_description/share/hunter_se_description/urdf/hunter_se_description.urdf
[0.244s] -- Up-to-date: /workspace/Projects/install/hunter_se_description/share/hunter_se_description/urdf/hunter_se_description.xacro
[0.244s] -- Up-to-date: /workspace/Projects/install/hunter_se_description/share/hunter_se_description/config
[0.245s] -- Up-to-date: /workspace/Projects/install/hunter_se_description/share/hunter_se_description/config/joint_names_hunter_se_description_2.yaml
[0.245s] -- Up-to-date: /workspace/Projects/install/hunter_se_description/share/ament_index/resource_index/package_run_dependencies/hunter_se_description
[0.245s] -- Up-to-date: /workspace/Projects/install/hunter_se_description/share/ament_index/resource_index/parent_prefix_path/hunter_se_description
[0.245s] -- Up-to-date: /workspace/Projects/install/hunter_se_description/share/hunter_se_description/environment/ament_prefix_path.sh
[0.245s] -- Up-to-date: /workspace/Projects/install/hunter_se_description/share/hunter_se_description/environment/ament_prefix_path.dsv
[0.246s] -- Up-to-date: /workspace/Projects/install/hunter_se_description/share/hunter_se_description/environment/path.sh
[0.246s] -- Up-to-date: /workspace/Projects/install/hunter_se_description/share/hunter_se_description/environment/path.dsv
[0.246s] -- Up-to-date: /workspace/Projects/install/hunter_se_description/share/hunter_se_description/local_setup.bash
[0.247s] -- Up-to-date: /workspace/Projects/install/hunter_se_description/share/hunter_se_description/local_setup.sh
[0.248s] -- Up-to-date: /workspace/Projects/install/hunter_se_description/share/hunter_se_description/local_setup.zsh
[0.249s] -- Up-to-date: /workspace/Projects/install/hunter_se_description/share/hunter_se_description/local_setup.dsv
[0.250s] -- Up-to-date: /workspace/Projects/install/hunter_se_description/share/hunter_se_description/package.dsv
[0.250s] -- Up-to-date: /workspace/Projects/install/hunter_se_description/share/ament_index/resource_index/packages/hunter_se_description
[0.251s] -- Up-to-date: /workspace/Projects/install/hunter_se_description/share/hunter_se_description/cmake/hunter_se_descriptionConfig.cmake
[0.251s] -- Up-to-date: /workspace/Projects/install/hunter_se_description/share/hunter_se_description/cmake/hunter_se_descriptionConfig-version.cmake
[0.255s] -- Up-to-date: /workspace/Projects/install/hunter_se_description/share/hunter_se_description/package.xml
[0.428s] Invoked command in '/workspace/Projects/build/hunter_se_description' returned '0': CMAKE_PREFIX_PATH=${CMAKE_PREFIX_PATH}:/workspace/Projects/install/sevensense_pkg:/opt/ros/humble /usr/bin/cmake --install /workspace/Projects/build/hunter_se_description
