[0.028s] Invoking command in '/workspace/Projects/hunter_ws/build/hunter2_base': /usr/bin/cmake /workspace/Projects/hunter_ws/src/ugv_sim/hunter/hunter2_base -DCMAKE_INSTALL_PREFIX=/workspace/Projects/hunter_ws/install/hunter2_base
[0.100s] -- Configuring incomplete, errors occurred!
[0.101s] See also "/workspace/Projects/hunter_ws/build/hunter2_base/CMakeFiles/CMakeOutput.log".
[0.103s] [31mCMake Error at CMakeLists.txt:19 (find_package):
[0.103s]   By not providing "Findament_cmake.cmake" in CMAKE_MODULE_PATH this project
[0.103s]   has asked CMake to find a package configuration file provided by
[0.104s]   "ament_cmake", but CMake did not find one.
[0.104s] 
[0.105s]   Could not find a package configuration file provided by "ament_cmake" with
[0.107s]   any of the following names:
[0.108s] 
[0.108s]     ament_cmakeConfig.cmake
[0.109s]     ament_cmake-config.cmake
[0.110s] 
[0.111s]   Add the installation prefix of "ament_cmake" to CMAKE_PREFIX_PATH or set
[0.112s]   "ament_cmake_DIR" to a directory containing one of the above files.  If
[0.112s]   "ament_cmake" provides a separate development package or SDK, be sure it
[0.112s]   has been installed.
[0.112s] 
[0.112s] [0m
[0.140s] Invoked command in '/workspace/Projects/hunter_ws/build/hunter2_base' returned '1': /usr/bin/cmake /workspace/Projects/hunter_ws/src/ugv_sim/hunter/hunter2_base -DCMAKE_INSTALL_PREFIX=/workspace/Projects/hunter_ws/install/hunter2_base
