[0.242s] Invoking command in '/workspace/Projects/hunter_ws/build/tracer_gazebo_sim': CMAKE_PREFIX_PATH=/opt/ros/humble /usr/bin/cmake /workspace/Projects/hunter_ws/src/ugv_sim/tracer/tracer_gazebo_sim -DCMAKE_INSTALL_PREFIX=/workspace/Projects/hunter_ws/install/tracer_gazebo_sim
[0.335s] -- The C compiler identification is GNU 11.4.0
[0.430s] -- The CXX compiler identification is GNU 11.4.0
[0.441s] -- Detecting C compiler ABI info
[0.531s] -- Detecting C compiler ABI info - done
[0.544s] -- Check for working C compiler: /usr/bin/cc - skipped
[0.544s] -- Detecting C compile features
[0.545s] -- Detecting C compile features - done
[0.551s] -- Detecting CXX compiler ABI info
[0.657s] -- Detecting CXX compiler ABI info - done
[0.678s] -- Check for working CXX compiler: /usr/bin/c++ - skipped
[0.679s] -- Detecting CXX compile features
[0.680s] -- Detecting CXX compile features - done
[0.685s] -- Found ament_cmake: 1.3.11 (/opt/ros/humble/share/ament_cmake/cmake)
[0.889s] -- Found Python3: /usr/bin/python3 (found version "3.10.12") found components: Interpreter 
[1.014s] -- Found ament_lint_auto: 0.12.12 (/opt/ros/humble/share/ament_lint_auto/cmake)
[1.126s] -- Added test 'copyright' to check source files copyright and LICENSE
[1.133s] -- Added test 'flake8' to check Python code syntax and style conventions
[1.134s] -- Added test 'lint_cmake' to check CMake code style
[1.134s] -- Added test 'pep257' to check Python code against some of the docstring style conventions in PEP 257
[1.136s] -- Added test 'xmllint' to check XML markup files
[1.138s] -- Configuring done
[1.144s] -- Generating done
[1.146s] -- Build files have been written to: /workspace/Projects/hunter_ws/build/tracer_gazebo_sim
[1.154s] Invoked command in '/workspace/Projects/hunter_ws/build/tracer_gazebo_sim' returned '0': CMAKE_PREFIX_PATH=/opt/ros/humble /usr/bin/cmake /workspace/Projects/hunter_ws/src/ugv_sim/tracer/tracer_gazebo_sim -DCMAKE_INSTALL_PREFIX=/workspace/Projects/hunter_ws/install/tracer_gazebo_sim
[1.156s] Invoking command in '/workspace/Projects/hunter_ws/build/tracer_gazebo_sim': CMAKE_PREFIX_PATH=/opt/ros/humble /usr/bin/cmake --build /workspace/Projects/hunter_ws/build/tracer_gazebo_sim -- -j8 -l8
[1.205s] Invoked command in '/workspace/Projects/hunter_ws/build/tracer_gazebo_sim' returned '0': CMAKE_PREFIX_PATH=/opt/ros/humble /usr/bin/cmake --build /workspace/Projects/hunter_ws/build/tracer_gazebo_sim -- -j8 -l8
[1.207s] Invoking command in '/workspace/Projects/hunter_ws/build/tracer_gazebo_sim': CMAKE_PREFIX_PATH=/opt/ros/humble /usr/bin/cmake --install /workspace/Projects/hunter_ws/build/tracer_gazebo_sim
[1.216s] -- Install configuration: ""
[1.216s] -- Installing: /workspace/Projects/hunter_ws/install/tracer_gazebo_sim/share/tracer_gazebo_sim/launch
[1.217s] -- Installing: /workspace/Projects/hunter_ws/install/tracer_gazebo_sim/share/tracer_gazebo_sim/launch/tracer.launch.py
[1.217s] -- Installing: /workspace/Projects/hunter_ws/install/tracer_gazebo_sim/share/tracer_gazebo_sim/launch/tracer_empty_world.launch.py
[1.217s] -- Installing: /workspace/Projects/hunter_ws/install/tracer_gazebo_sim/share/tracer_gazebo_sim/launch/tracer_spawn.launch.py
[1.218s] -- Installing: /workspace/Projects/hunter_ws/install/tracer_gazebo_sim/share/tracer_gazebo_sim/worlds
[1.218s] -- Installing: /workspace/Projects/hunter_ws/install/tracer_gazebo_sim/share/tracer_gazebo_sim/worlds/weston_robot_empty.world
[1.219s] -- Installing: /workspace/Projects/hunter_ws/install/tracer_gazebo_sim/share/tracer_gazebo_sim/worlds/clearpath_playpen.world
[1.219s] -- Installing: /workspace/Projects/hunter_ws/install/tracer_gazebo_sim/share/ament_index/resource_index/package_run_dependencies/tracer_gazebo_sim
[1.219s] -- Installing: /workspace/Projects/hunter_ws/install/tracer_gazebo_sim/share/ament_index/resource_index/parent_prefix_path/tracer_gazebo_sim
[1.219s] -- Installing: /workspace/Projects/hunter_ws/install/tracer_gazebo_sim/share/tracer_gazebo_sim/environment/ament_prefix_path.sh
[1.220s] -- Installing: /workspace/Projects/hunter_ws/install/tracer_gazebo_sim/share/tracer_gazebo_sim/environment/ament_prefix_path.dsv
[1.220s] -- Installing: /workspace/Projects/hunter_ws/install/tracer_gazebo_sim/share/tracer_gazebo_sim/environment/path.sh
[1.220s] -- Installing: /workspace/Projects/hunter_ws/install/tracer_gazebo_sim/share/tracer_gazebo_sim/environment/path.dsv
[1.220s] -- Installing: /workspace/Projects/hunter_ws/install/tracer_gazebo_sim/share/tracer_gazebo_sim/local_setup.bash
[1.221s] -- Installing: /workspace/Projects/hunter_ws/install/tracer_gazebo_sim/share/tracer_gazebo_sim/local_setup.sh
[1.221s] -- Installing: /workspace/Projects/hunter_ws/install/tracer_gazebo_sim/share/tracer_gazebo_sim/local_setup.zsh
[1.223s] -- Installing: /workspace/Projects/hunter_ws/install/tracer_gazebo_sim/share/tracer_gazebo_sim/local_setup.dsv
[1.223s] -- Installing: /workspace/Projects/hunter_ws/install/tracer_gazebo_sim/share/tracer_gazebo_sim/package.dsv
[1.223s] -- Installing: /workspace/Projects/hunter_ws/install/tracer_gazebo_sim/share/ament_index/resource_index/packages/tracer_gazebo_sim
[1.223s] -- Installing: /workspace/Projects/hunter_ws/install/tracer_gazebo_sim/share/tracer_gazebo_sim/cmake/tracer_gazebo_simConfig.cmake
[1.224s] -- Installing: /workspace/Projects/hunter_ws/install/tracer_gazebo_sim/share/tracer_gazebo_sim/cmake/tracer_gazebo_simConfig-version.cmake
[1.224s] -- Installing: /workspace/Projects/hunter_ws/install/tracer_gazebo_sim/share/tracer_gazebo_sim/package.xml
[1.234s] Invoked command in '/workspace/Projects/hunter_ws/build/tracer_gazebo_sim' returned '0': CMAKE_PREFIX_PATH=/opt/ros/humble /usr/bin/cmake --install /workspace/Projects/hunter_ws/build/tracer_gazebo_sim
