[0.096s] Invoking command in '/workspace/Projects/build/ranger_mini': CMAKE_PREFIX_PATH=${CMAKE_PREFIX_PATH}:/workspace/Projects/install/sevensense_pkg:/workspace/install/sevensense_pkg:/opt/ros/humble /usr/bin/cmake --build /workspace/Projects/build/ranger_mini -- -j8 -l8
[0.284s] Invoked command in '/workspace/Projects/build/ranger_mini' returned '0': CMAKE_PREFIX_PATH=${CMAKE_PREFIX_PATH}:/workspace/Projects/install/sevensense_pkg:/workspace/install/sevensense_pkg:/opt/ros/humble /usr/bin/cmake --build /workspace/Projects/build/ranger_mini -- -j8 -l8
[0.286s] Invoking command in '/workspace/Projects/build/ranger_mini': CMAKE_PREFIX_PATH=${CMAKE_PREFIX_PATH}:/workspace/Projects/install/sevensense_pkg:/workspace/install/sevensense_pkg:/opt/ros/humble /usr/bin/cmake --install /workspace/Projects/build/ranger_mini
[0.352s] -- Install configuration: ""
[0.352s] -- Up-to-date: /workspace/Projects/install/ranger_mini/share/ranger_mini/launch
[0.352s] -- Up-to-date: /workspace/Projects/install/ranger_mini/share/ranger_mini/launch/ranger_mini.launch.py
[0.353s] -- Up-to-date: /workspace/Projects/install/ranger_mini/share/ranger_mini/launch/ranger_mini_v2_gazebo.launch.py
[0.353s] -- Up-to-date: /workspace/Projects/install/ranger_mini/share/ranger_mini/launch/ranger_mini_spawn.launch.py
[0.353s] -- Up-to-date: /workspace/Projects/install/ranger_mini/share/ranger_mini/launch/ranger_mini_v2_display.launch.py
[0.353s] -- Up-to-date: /workspace/Projects/install/ranger_mini/share/ranger_mini/meshes
[0.354s] -- Up-to-date: /workspace/Projects/install/ranger_mini/share/ranger_mini/meshes/fl.stl
[0.354s] -- Up-to-date: /workspace/Projects/install/ranger_mini/share/ranger_mini/meshes/fl_Link.STL
[0.354s] -- Up-to-date: /workspace/Projects/install/ranger_mini/share/ranger_mini/meshes/fr.dae
[0.355s] -- Up-to-date: /workspace/Projects/install/ranger_mini/share/ranger_mini/meshes/bl_Link.STL
[0.355s] -- Up-to-date: /workspace/Projects/install/ranger_mini/share/ranger_mini/meshes/ranger_base.dae
[0.355s] -- Up-to-date: /workspace/Projects/install/ranger_mini/share/ranger_mini/meshes/ranger_base.zip
[0.356s] -- Up-to-date: /workspace/Projects/install/ranger_mini/share/ranger_mini/meshes/br_Link.STL
[0.356s] -- Up-to-date: /workspace/Projects/install/ranger_mini/share/ranger_mini/meshes/base_link.STL
[0.356s] -- Up-to-date: /workspace/Projects/install/ranger_mini/share/ranger_mini/meshes/fr_Link.STL
[0.356s] -- Up-to-date: /workspace/Projects/install/ranger_mini/share/ranger_mini/meshes/fl.dae
[0.356s] -- Up-to-date: /workspace/Projects/install/ranger_mini/share/ranger_mini/meshes/fr.stl
[0.357s] -- Up-to-date: /workspace/Projects/install/ranger_mini/share/ranger_mini/rviz
[0.357s] -- Up-to-date: /workspace/Projects/install/ranger_mini/share/ranger_mini/rviz/urdf.rviz
[0.358s] -- Up-to-date: /workspace/Projects/install/ranger_mini/share/ranger_mini/rviz/display.rviz
[0.358s] -- Up-to-date: /workspace/Projects/install/ranger_mini/share/ranger_mini/urdf
[0.358s] -- Up-to-date: /workspace/Projects/install/ranger_mini/share/ranger_mini/urdf/ranger_mini_gazebo.xacro
[0.358s] -- Up-to-date: /workspace/Projects/install/ranger_mini/share/ranger_mini/urdf/ranger_l.xacro
[0.358s] -- Up-to-date: /workspace/Projects/install/ranger_mini/share/ranger_mini/urdf/ranger_r.xacro
[0.358s] -- Up-to-date: /workspace/Projects/install/ranger_mini/share/ranger_mini/urdf/ranger_mini_gazebo copy.xacro
[0.359s] -- Up-to-date: /workspace/Projects/install/ranger_mini/share/ranger_mini/urdf/ranger_mini.xacro
[0.359s] -- Up-to-date: /workspace/Projects/install/ranger_mini/share/ranger_mini/urdf/ranger_mini.urdf
[0.359s] -- Up-to-date: /workspace/Projects/install/ranger_mini/share/ranger_mini/urdf/gazebo.xacro
[0.360s] -- Up-to-date: /workspace/Projects/install/ranger_mini/share/ranger_mini/urdf/ranger_mini.csv
[0.360s] -- Up-to-date: /workspace/Projects/install/ranger_mini/share/ament_index/resource_index/package_run_dependencies/ranger_mini
[0.360s] -- Up-to-date: /workspace/Projects/install/ranger_mini/share/ament_index/resource_index/parent_prefix_path/ranger_mini
[0.361s] -- Up-to-date: /workspace/Projects/install/ranger_mini/share/ranger_mini/environment/ament_prefix_path.sh
[0.361s] -- Up-to-date: /workspace/Projects/install/ranger_mini/share/ranger_mini/environment/ament_prefix_path.dsv
[0.361s] -- Up-to-date: /workspace/Projects/install/ranger_mini/share/ranger_mini/environment/path.sh
[0.362s] -- Up-to-date: /workspace/Projects/install/ranger_mini/share/ranger_mini/environment/path.dsv
[0.362s] -- Up-to-date: /workspace/Projects/install/ranger_mini/share/ranger_mini/local_setup.bash
[0.362s] -- Up-to-date: /workspace/Projects/install/ranger_mini/share/ranger_mini/local_setup.sh
[0.363s] -- Up-to-date: /workspace/Projects/install/ranger_mini/share/ranger_mini/local_setup.zsh
[0.363s] -- Up-to-date: /workspace/Projects/install/ranger_mini/share/ranger_mini/local_setup.dsv
[0.364s] -- Installing: /workspace/Projects/install/ranger_mini/share/ranger_mini/package.dsv
[0.364s] -- Up-to-date: /workspace/Projects/install/ranger_mini/share/ament_index/resource_index/packages/ranger_mini
[0.364s] -- Up-to-date: /workspace/Projects/install/ranger_mini/share/ranger_mini/cmake/ranger_miniConfig.cmake
[0.365s] -- Up-to-date: /workspace/Projects/install/ranger_mini/share/ranger_mini/cmake/ranger_miniConfig-version.cmake
[0.365s] -- Up-to-date: /workspace/Projects/install/ranger_mini/share/ranger_mini/package.xml
[0.536s] Invoked command in '/workspace/Projects/build/ranger_mini' returned '0': CMAKE_PREFIX_PATH=${CMAKE_PREFIX_PATH}:/workspace/Projects/install/sevensense_pkg:/workspace/install/sevensense_pkg:/opt/ros/humble /usr/bin/cmake --install /workspace/Projects/build/ranger_mini
