[0.061s] Invoking command in '/workspace/Projects/hunter_ws/build/scout_description': CMAKE_PREFIX_PATH=/opt/ros/humble /usr/bin/cmake /workspace/Projects/hunter_ws/src/ugv_sim/scout/scout_description -DCMAKE_INSTALL_PREFIX=/workspace/Projects/hunter_ws/install/scout_description
[0.980s] -- Found ament_cmake: 1.3.11 (/opt/ros/humble/share/ament_cmake/cmake)
[0.981s] -- Found Python3: /usr/bin/python3 (found version "3.10.12") found components: Interpreter 
[0.981s] -- Found ament_lint_auto: 0.12.12 (/opt/ros/humble/share/ament_lint_auto/cmake)
[0.981s] -- Added test 'copyright' to check source files copyright and LICENSE
[0.989s] -- Added test 'flake8' to check Python code syntax and style conventions
[0.990s] -- Added test 'lint_cmake' to check CMake code style
[0.993s] -- Added test 'pep257' to check Python code against some of the docstring style conventions in PEP 257
[1.002s] -- Added test 'xmllint' to check XML markup files
[1.007s] -- Configuring done
[1.012s] -- Generating done
[1.017s] -- Build files have been written to: /workspace/Projects/hunter_ws/build/scout_description
[1.040s] Invoked command in '/workspace/Projects/hunter_ws/build/scout_description' returned '0': CMAKE_PREFIX_PATH=/opt/ros/humble /usr/bin/cmake /workspace/Projects/hunter_ws/src/ugv_sim/scout/scout_description -DCMAKE_INSTALL_PREFIX=/workspace/Projects/hunter_ws/install/scout_description
[1.040s] Invoking command in '/workspace/Projects/hunter_ws/build/scout_description': CMAKE_PREFIX_PATH=/opt/ros/humble /usr/bin/cmake --build /workspace/Projects/hunter_ws/build/scout_description -- -j8 -l8
[1.139s] Invoked command in '/workspace/Projects/hunter_ws/build/scout_description' returned '0': CMAKE_PREFIX_PATH=/opt/ros/humble /usr/bin/cmake --build /workspace/Projects/hunter_ws/build/scout_description -- -j8 -l8
[1.140s] Invoking command in '/workspace/Projects/hunter_ws/build/scout_description': CMAKE_PREFIX_PATH=/opt/ros/humble /usr/bin/cmake --install /workspace/Projects/hunter_ws/build/scout_description
[1.253s] -- Install configuration: ""
[1.254s] -- Installing: /workspace/Projects/hunter_ws/install/scout_description/share/scout_description/launch
[1.254s] -- Installing: /workspace/Projects/hunter_ws/install/scout_description/share/scout_description/launch/display_mini.launch.py
[1.255s] -- Installing: /workspace/Projects/hunter_ws/install/scout_description/share/scout_description/launch/display_scout_v2.launch.py
[1.255s] -- Installing: /workspace/Projects/hunter_ws/install/scout_description/share/scout_description/meshes
[1.256s] -- Installing: /workspace/Projects/hunter_ws/install/scout_description/share/scout_description/meshes/4_Link.STL
[1.256s] -- Installing: /workspace/Projects/hunter_ws/install/scout_description/share/scout_description/meshes/scout_mini_base_link.dae
[1.257s] -- Installing: /workspace/Projects/hunter_ws/install/scout_description/share/scout_description/meshes/wheel_type2.dae
[1.258s] -- Installing: /workspace/Projects/hunter_ws/install/scout_description/share/scout_description/meshes/1_Link.STL
[1.260s] -- Installing: /workspace/Projects/hunter_ws/install/scout_description/share/scout_description/meshes/wheel_type1.dae
[1.261s] -- Installing: /workspace/Projects/hunter_ws/install/scout_description/share/scout_description/meshes/2_Link.STL
[1.262s] -- Installing: /workspace/Projects/hunter_ws/install/scout_description/share/scout_description/meshes/scout_mini_base_link.STL
[1.287s] -- Installing: /workspace/Projects/hunter_ws/install/scout_description/share/scout_description/meshes/base_link.dae
[1.296s] -- Installing: /workspace/Projects/hunter_ws/install/scout_description/share/scout_description/meshes/base_link_full.dae
[1.300s] -- Installing: /workspace/Projects/hunter_ws/install/scout_description/share/scout_description/meshes/scout_mini_base_link2.dae
[1.303s] -- Installing: /workspace/Projects/hunter_ws/install/scout_description/share/scout_description/meshes/wheel.dae
[1.306s] -- Installing: /workspace/Projects/hunter_ws/install/scout_description/share/scout_description/meshes/3_Link.STL
[1.307s] -- Installing: /workspace/Projects/hunter_ws/install/scout_description/share/scout_description/rviz
[1.308s] -- Installing: /workspace/Projects/hunter_ws/install/scout_description/share/scout_description/rviz/model_display.rviz
[1.308s] -- Installing: /workspace/Projects/hunter_ws/install/scout_description/share/scout_description/rviz/scout_mini_model_display.rviz
[1.309s] -- Installing: /workspace/Projects/hunter_ws/install/scout_description/share/scout_description/rviz/navigation.rviz
[1.309s] -- Installing: /workspace/Projects/hunter_ws/install/scout_description/share/scout_description/urdf
[1.309s] -- Installing: /workspace/Projects/hunter_ws/install/scout_description/share/scout_description/urdf/scout_mini.xacro
[1.311s] -- Installing: /workspace/Projects/hunter_ws/install/scout_description/share/scout_description/urdf/scout_wheel.gazebo
[1.312s] -- Installing: /workspace/Projects/hunter_ws/install/scout_description/share/scout_description/urdf/scout_mini_wheel_1.xacro
[1.312s] -- Installing: /workspace/Projects/hunter_ws/install/scout_description/share/scout_description/urdf/scout_wheel_type1.xacro
[1.312s] -- Installing: /workspace/Projects/hunter_ws/install/scout_description/share/scout_description/urdf/scout_v2.xacro
[1.313s] -- Installing: /workspace/Projects/hunter_ws/install/scout_description/share/scout_description/urdf/scout_v2.gazebo
[1.313s] -- Installing: /workspace/Projects/hunter_ws/install/scout_description/share/scout_description/urdf/empty.urdf
[1.313s] -- Installing: /workspace/Projects/hunter_ws/install/scout_description/share/scout_description/urdf/scout_mini.urdf
[1.314s] -- Installing: /workspace/Projects/hunter_ws/install/scout_description/share/scout_description/urdf/scout_wheel_type2.xacro
[1.314s] -- Installing: /workspace/Projects/hunter_ws/install/scout_description/share/scout_description/urdf/scout_mini_wheel_2.xacro
[1.315s] -- Installing: /workspace/Projects/hunter_ws/install/scout_description/share/scout_description/urdf/scout_mini_wheel.gazebo
[1.315s] -- Installing: /workspace/Projects/hunter_ws/install/scout_description/share/scout_description/urdf/scout_mini_wheel_4.xacro
[1.318s] -- Installing: /workspace/Projects/hunter_ws/install/scout_description/share/scout_description/urdf/scout_mini.gazebo
[1.319s] -- Installing: /workspace/Projects/hunter_ws/install/scout_description/share/scout_description/urdf/scout_mini_wheel_3.xacro
[1.319s] -- Installing: /workspace/Projects/hunter_ws/install/scout_description/share/scout_description/urdf/mini.xacro
[1.320s] -- Installing: /workspace/Projects/hunter_ws/install/scout_description/share/ament_index/resource_index/package_run_dependencies/scout_description
[1.320s] -- Installing: /workspace/Projects/hunter_ws/install/scout_description/share/ament_index/resource_index/parent_prefix_path/scout_description
[1.321s] -- Installing: /workspace/Projects/hunter_ws/install/scout_description/share/scout_description/environment/ament_prefix_path.sh
[1.321s] -- Installing: /workspace/Projects/hunter_ws/install/scout_description/share/scout_description/environment/ament_prefix_path.dsv
[1.321s] -- Installing: /workspace/Projects/hunter_ws/install/scout_description/share/scout_description/environment/path.sh
[1.322s] -- Installing: /workspace/Projects/hunter_ws/install/scout_description/share/scout_description/environment/path.dsv
[1.322s] -- Installing: /workspace/Projects/hunter_ws/install/scout_description/share/scout_description/local_setup.bash
[1.323s] -- Installing: /workspace/Projects/hunter_ws/install/scout_description/share/scout_description/local_setup.sh
[1.323s] -- Installing: /workspace/Projects/hunter_ws/install/scout_description/share/scout_description/local_setup.zsh
[1.324s] -- Installing: /workspace/Projects/hunter_ws/install/scout_description/share/scout_description/local_setup.dsv
[1.324s] -- Installing: /workspace/Projects/hunter_ws/install/scout_description/share/scout_description/package.dsv
[1.325s] -- Installing: /workspace/Projects/hunter_ws/install/scout_description/share/ament_index/resource_index/packages/scout_description
[1.326s] -- Installing: /workspace/Projects/hunter_ws/install/scout_description/share/scout_description/cmake/scout_descriptionConfig.cmake
[1.327s] -- Installing: /workspace/Projects/hunter_ws/install/scout_description/share/scout_description/cmake/scout_descriptionConfig-version.cmake
[1.327s] -- Installing: /workspace/Projects/hunter_ws/install/scout_description/share/scout_description/package.xml
[1.538s] Invoked command in '/workspace/Projects/hunter_ws/build/scout_description' returned '0': CMAKE_PREFIX_PATH=/opt/ros/humble /usr/bin/cmake --install /workspace/Projects/hunter_ws/build/scout_description
