[0.550s] Invoking command in '/workspace/Projects/build/tracer_description': CMAKE_PREFIX_PATH=${CMAKE_PREFIX_PATH}:/workspace/Projects/install/sevensense_pkg:/opt/ros/humble /usr/bin/cmake --build /workspace/Projects/build/tracer_description -- -j8 -l8
[0.597s] Invoked command in '/workspace/Projects/build/tracer_description' returned '0': CMAKE_PREFIX_PATH=${CMAKE_PREFIX_PATH}:/workspace/Projects/install/sevensense_pkg:/opt/ros/humble /usr/bin/cmake --build /workspace/Projects/build/tracer_description -- -j8 -l8
[0.599s] Invoking command in '/workspace/Projects/build/tracer_description': CMAKE_PREFIX_PATH=${CMAKE_PREFIX_PATH}:/workspace/Projects/install/sevensense_pkg:/opt/ros/humble /usr/bin/cmake --install /workspace/Projects/build/tracer_description
[0.608s] -- Install configuration: ""
[0.608s] -- Up-to-date: /workspace/Projects/install/tracer_description/share/tracer_description/launch
[0.608s] -- Up-to-date: /workspace/Projects/install/tracer_description/share/tracer_description/launch/display_tracer.launch.py
[0.609s] -- Up-to-date: /workspace/Projects/install/tracer_description/share/tracer_description/meshes
[0.609s] -- Up-to-date: /workspace/Projects/install/tracer_description/share/tracer_description/meshes/tracer_base_link_no_wheel.dae
[0.609s] -- Up-to-date: /workspace/Projects/install/tracer_description/share/tracer_description/meshes/tracer_base_link.dae
[0.609s] -- Up-to-date: /workspace/Projects/install/tracer_description/share/tracer_description/meshes/caster_L.stl
[0.610s] -- Up-to-date: /workspace/Projects/install/tracer_description/share/tracer_description/meshes/tracer_wheel.dae
[0.610s] -- Up-to-date: /workspace/Projects/install/tracer_description/share/tracer_description/meshes/castor.dae
[0.610s] -- Up-to-date: /workspace/Projects/install/tracer_description/share/tracer_description/meshes/castor_joint.dae
[0.611s] -- Up-to-date: /workspace/Projects/install/tracer_description/share/tracer_description/meshes/caster.stl
[0.611s] -- Up-to-date: /workspace/Projects/install/tracer_description/share/tracer_description/rviz
[0.611s] -- Up-to-date: /workspace/Projects/install/tracer_description/share/tracer_description/rviz/model_display.rviz
[0.611s] -- Up-to-date: /workspace/Projects/install/tracer_description/share/tracer_description/rviz/scout_mini_model_display.rviz
[0.611s] -- Up-to-date: /workspace/Projects/install/tracer_description/share/tracer_description/rviz/navigation.rviz
[0.611s] -- Up-to-date: /workspace/Projects/install/tracer_description/share/tracer_description/rviz/model_diaplay.rviz
[0.611s] -- Up-to-date: /workspace/Projects/install/tracer_description/share/tracer_description/urdf
[0.612s] -- Up-to-date: /workspace/Projects/install/tracer_description/share/tracer_description/urdf/tracer_wheel.gazebo
[0.612s] -- Up-to-date: /workspace/Projects/install/tracer_description/share/tracer_description/urdf/tracer_v1.xacro
[0.612s] -- Up-to-date: /workspace/Projects/install/tracer_description/share/tracer_description/urdf/rr_castor.xacro
[0.612s] -- Up-to-date: /workspace/Projects/install/tracer_description/share/tracer_description/urdf/fl_wheel.xacro
[0.612s] -- Up-to-date: /workspace/Projects/install/tracer_description/share/tracer_description/urdf/fr_castor.xacro
[0.612s] -- Up-to-date: /workspace/Projects/install/tracer_description/share/tracer_description/urdf/fl_castor.xacro
[0.613s] -- Up-to-date: /workspace/Projects/install/tracer_description/share/tracer_description/urdf/empty.urdf
[0.613s] -- Up-to-date: /workspace/Projects/install/tracer_description/share/tracer_description/urdf/rr_wheel.xacro
[0.614s] -- Up-to-date: /workspace/Projects/install/tracer_description/share/tracer_description/urdf/rl_wheel.xacro
[0.615s] -- Up-to-date: /workspace/Projects/install/tracer_description/share/tracer_description/urdf/tracer_wheel_1.xacro
[0.615s] -- Up-to-date: /workspace/Projects/install/tracer_description/share/tracer_description/urdf/fr_wheel.xacro
[0.615s] -- Up-to-date: /workspace/Projects/install/tracer_description/share/tracer_description/urdf/tracer_wheel_2.xacro
[0.615s] -- Up-to-date: /workspace/Projects/install/tracer_description/share/tracer_description/urdf/rl_castor.xacro
[0.616s] -- Up-to-date: /workspace/Projects/install/tracer_description/share/tracer_description/urdf/tracer.gazebo
[0.616s] -- Up-to-date: /workspace/Projects/install/tracer_description/share/ament_index/resource_index/package_run_dependencies/tracer_description
[0.616s] -- Up-to-date: /workspace/Projects/install/tracer_description/share/ament_index/resource_index/parent_prefix_path/tracer_description
[0.617s] -- Up-to-date: /workspace/Projects/install/tracer_description/share/tracer_description/environment/ament_prefix_path.sh
[0.617s] -- Up-to-date: /workspace/Projects/install/tracer_description/share/tracer_description/environment/ament_prefix_path.dsv
[0.617s] -- Up-to-date: /workspace/Projects/install/tracer_description/share/tracer_description/environment/path.sh
[0.618s] -- Up-to-date: /workspace/Projects/install/tracer_description/share/tracer_description/environment/path.dsv
[0.618s] -- Up-to-date: /workspace/Projects/install/tracer_description/share/tracer_description/local_setup.bash
[0.618s] -- Up-to-date: /workspace/Projects/install/tracer_description/share/tracer_description/local_setup.sh
[0.618s] -- Up-to-date: /workspace/Projects/install/tracer_description/share/tracer_description/local_setup.zsh
[0.619s] -- Up-to-date: /workspace/Projects/install/tracer_description/share/tracer_description/local_setup.dsv
[0.619s] -- Up-to-date: /workspace/Projects/install/tracer_description/share/tracer_description/package.dsv
[0.619s] -- Up-to-date: /workspace/Projects/install/tracer_description/share/ament_index/resource_index/packages/tracer_description
[0.619s] -- Up-to-date: /workspace/Projects/install/tracer_description/share/tracer_description/cmake/tracer_descriptionConfig.cmake
[0.619s] -- Up-to-date: /workspace/Projects/install/tracer_description/share/tracer_description/cmake/tracer_descriptionConfig-version.cmake
[0.619s] -- Up-to-date: /workspace/Projects/install/tracer_description/share/tracer_description/package.xml
[0.620s] Invoked command in '/workspace/Projects/build/tracer_description' returned '0': CMAKE_PREFIX_PATH=${CMAKE_PREFIX_PATH}:/workspace/Projects/install/sevensense_pkg:/opt/ros/humble /usr/bin/cmake --install /workspace/Projects/build/tracer_description
