[0.042s] Invoking command in '/workspace/Projects/hunter_ws/build/hunter_se_gazebo': /usr/bin/cmake /workspace/Projects/hunter_ws/src/ugv_sim/hunter_se/hunter_se_gazebo -DCMAKE_INSTALL_PREFIX=/workspace/Projects/hunter_ws/install/hunter_se_gazebo
[0.113s] -- Configuring incomplete, errors occurred!
[0.114s] See also "/workspace/Projects/hunter_ws/build/hunter_se_gazebo/CMakeFiles/CMakeOutput.log".
[0.114s] [31mCMake Error at CMakeLists.txt:19 (find_package):
[0.114s]   By not providing "Findament_cmake.cmake" in CMAKE_MODULE_PATH this project
[0.115s]   has asked CMake to find a package configuration file provided by
[0.115s]   "ament_cmake", but CMake did not find one.
[0.115s] 
[0.115s]   Could not find a package configuration file provided by "ament_cmake" with
[0.116s]   any of the following names:
[0.116s] 
[0.117s]     ament_cmakeConfig.cmake
[0.117s]     ament_cmake-config.cmake
[0.118s] 
[0.118s]   Add the installation prefix of "ament_cmake" to CMAKE_PREFIX_PATH or set
[0.118s]   "ament_cmake_DIR" to a directory containing one of the above files.  If
[0.118s]   "ament_cmake" provides a separate development package or SDK, be sure it
[0.118s]   has been installed.
[0.118s] 
[0.118s] [0m
[0.133s] Invoked command in '/workspace/Projects/hunter_ws/build/hunter_se_gazebo' returned '1': /usr/bin/cmake /workspace/Projects/hunter_ws/src/ugv_sim/hunter_se/hunter_se_gazebo -DCMAKE_INSTALL_PREFIX=/workspace/Projects/hunter_ws/install/hunter_se_gazebo
