[0.102s] Invoking command in '/workspace/Projects/build/hunter_se_description': CMAKE_PREFIX_PATH=${CMAKE_PREFIX_PATH}:/workspace/Projects/install/sevensense_pkg:/workspace/install/sevensense_pkg:/opt/ros/humble /usr/bin/cmake --build /workspace/Projects/build/hunter_se_description -- -j8 -l8
[0.267s] Invoked command in '/workspace/Projects/build/hunter_se_description' returned '0': CMAKE_PREFIX_PATH=${CMAKE_PREFIX_PATH}:/workspace/Projects/install/sevensense_pkg:/workspace/install/sevensense_pkg:/opt/ros/humble /usr/bin/cmake --build /workspace/Projects/build/hunter_se_description -- -j8 -l8
[0.268s] Invoking command in '/workspace/Projects/build/hunter_se_description': CMAKE_PREFIX_PATH=${CMAKE_PREFIX_PATH}:/workspace/Projects/install/sevensense_pkg:/workspace/install/sevensense_pkg:/opt/ros/humble /usr/bin/cmake --install /workspace/Projects/build/hunter_se_description
[0.311s] -- Install configuration: ""
[0.311s] -- Up-to-date: /workspace/Projects/install/hunter_se_description/share/hunter_se_description/launch
[0.311s] -- Up-to-date: /workspace/Projects/install/hunter_se_description/share/hunter_se_description/launch/display.launch.py
[0.311s] -- Up-to-date: /workspace/Projects/install/hunter_se_description/share/hunter_se_description/meshes
[0.311s] -- Up-to-date: /workspace/Projects/install/hunter_se_description/share/hunter_se_description/meshes/fr_left_link.STL
[0.312s] -- Up-to-date: /workspace/Projects/install/hunter_se_description/share/hunter_se_description/meshes/re_right_link.STL
[0.312s] -- Up-to-date: /workspace/Projects/install/hunter_se_description/share/hunter_se_description/meshes/fr_steer_left_link.STL
[0.312s] -- Up-to-date: /workspace/Projects/install/hunter_se_description/share/hunter_se_description/meshes/re_left_link.STL
[0.312s] -- Up-to-date: /workspace/Projects/install/hunter_se_description/share/hunter_se_description/meshes/fr_steer_right_link.STL
[0.312s] -- Up-to-date: /workspace/Projects/install/hunter_se_description/share/hunter_se_description/meshes/base_link.STL
[0.312s] -- Up-to-date: /workspace/Projects/install/hunter_se_description/share/hunter_se_description/meshes/fr_right_link.STL
[0.313s] -- Up-to-date: /workspace/Projects/install/hunter_se_description/share/hunter_se_description/rviz
[0.313s] -- Up-to-date: /workspace/Projects/install/hunter_se_description/share/hunter_se_description/rviz/rviz.rviz
[0.314s] -- Up-to-date: /workspace/Projects/install/hunter_se_description/share/hunter_se_description/urdf
[0.314s] -- Up-to-date: /workspace/Projects/install/hunter_se_description/share/hunter_se_description/urdf/hunter_se_description.csv
[0.315s] -- Up-to-date: /workspace/Projects/install/hunter_se_description/share/hunter_se_description/urdf/hunter_se_description.urdf
[0.315s] -- Up-to-date: /workspace/Projects/install/hunter_se_description/share/hunter_se_description/urdf/hunter_se_description.xacro
[0.316s] -- Up-to-date: /workspace/Projects/install/hunter_se_description/share/hunter_se_description/config
[0.316s] -- Up-to-date: /workspace/Projects/install/hunter_se_description/share/hunter_se_description/config/joint_names_hunter_se_description_2.yaml
[0.317s] -- Up-to-date: /workspace/Projects/install/hunter_se_description/share/ament_index/resource_index/package_run_dependencies/hunter_se_description
[0.317s] -- Up-to-date: /workspace/Projects/install/hunter_se_description/share/ament_index/resource_index/parent_prefix_path/hunter_se_description
[0.317s] -- Up-to-date: /workspace/Projects/install/hunter_se_description/share/hunter_se_description/environment/ament_prefix_path.sh
[0.318s] -- Up-to-date: /workspace/Projects/install/hunter_se_description/share/hunter_se_description/environment/ament_prefix_path.dsv
[0.318s] -- Up-to-date: /workspace/Projects/install/hunter_se_description/share/hunter_se_description/environment/path.sh
[0.318s] -- Up-to-date: /workspace/Projects/install/hunter_se_description/share/hunter_se_description/environment/path.dsv
[0.319s] -- Up-to-date: /workspace/Projects/install/hunter_se_description/share/hunter_se_description/local_setup.bash
[0.319s] -- Up-to-date: /workspace/Projects/install/hunter_se_description/share/hunter_se_description/local_setup.sh
[0.319s] -- Up-to-date: /workspace/Projects/install/hunter_se_description/share/hunter_se_description/local_setup.zsh
[0.322s] -- Up-to-date: /workspace/Projects/install/hunter_se_description/share/hunter_se_description/local_setup.dsv
[0.322s] -- Installing: /workspace/Projects/install/hunter_se_description/share/hunter_se_description/package.dsv
[0.323s] -- Up-to-date: /workspace/Projects/install/hunter_se_description/share/ament_index/resource_index/packages/hunter_se_description
[0.323s] -- Up-to-date: /workspace/Projects/install/hunter_se_description/share/hunter_se_description/cmake/hunter_se_descriptionConfig.cmake
[0.323s] -- Up-to-date: /workspace/Projects/install/hunter_se_description/share/hunter_se_description/cmake/hunter_se_descriptionConfig-version.cmake
[0.324s] -- Up-to-date: /workspace/Projects/install/hunter_se_description/share/hunter_se_description/package.xml
[0.481s] Invoked command in '/workspace/Projects/build/hunter_se_description' returned '0': CMAKE_PREFIX_PATH=${CMAKE_PREFIX_PATH}:/workspace/Projects/install/sevensense_pkg:/workspace/install/sevensense_pkg:/opt/ros/humble /usr/bin/cmake --install /workspace/Projects/build/hunter_se_description
