[0.063s] Invoking command in '/workspace/Projects/build/scout_description': CMAKE_PREFIX_PATH=${CMAKE_PREFIX_PATH}:/opt/ros/humble /usr/bin/cmake /workspace/Projects/hunter_ws/src/ugv_sim/scout/scout_description -DCMAKE_INSTALL_PREFIX=/workspace/Projects/install/scout_description
[2.035s] -- The C compiler identification is GNU 11.4.0
[2.035s] -- The CXX compiler identification is GNU 11.4.0
[2.035s] -- Detecting C compiler ABI info
[2.035s] -- Detecting C compiler ABI info - done
[2.035s] -- Check for working C compiler: /usr/bin/cc - skipped
[2.035s] -- Detecting C compile features
[2.036s] -- Detecting C compile features - done
[2.036s] -- Detecting CXX compiler ABI info
[2.036s] -- Detecting CXX compiler ABI info - done
[2.036s] -- Check for working CXX compiler: /usr/bin/c++ - skipped
[2.036s] -- Detecting CXX compile features
[2.037s] -- Detecting CXX compile features - done
[2.037s] -- Found ament_cmake: 1.3.11 (/opt/ros/humble/share/ament_cmake/cmake)
[2.037s] -- Found Python3: /usr/bin/python3 (found version "3.10.12") found components: Interpreter 
[2.037s] -- Found ament_lint_auto: 0.12.12 (/opt/ros/humble/share/ament_lint_auto/cmake)
[2.037s] -- Added test 'copyright' to check source files copyright and LICENSE
[2.043s] -- Added test 'flake8' to check Python code syntax and style conventions
[2.044s] -- Added test 'lint_cmake' to check CMake code style
[2.044s] -- Added test 'pep257' to check Python code against some of the docstring style conventions in PEP 257
[2.048s] -- Added test 'xmllint' to check XML markup files
[2.052s] -- Configuring done
[2.067s] -- Generating done
[2.070s] -- Build files have been written to: /workspace/Projects/build/scout_description
[2.094s] Invoked command in '/workspace/Projects/build/scout_description' returned '0': CMAKE_PREFIX_PATH=${CMAKE_PREFIX_PATH}:/opt/ros/humble /usr/bin/cmake /workspace/Projects/hunter_ws/src/ugv_sim/scout/scout_description -DCMAKE_INSTALL_PREFIX=/workspace/Projects/install/scout_description
[2.096s] Invoking command in '/workspace/Projects/build/scout_description': CMAKE_PREFIX_PATH=${CMAKE_PREFIX_PATH}:/opt/ros/humble /usr/bin/cmake --build /workspace/Projects/build/scout_description -- -j8 -l8
[2.388s] Invoked command in '/workspace/Projects/build/scout_description' returned '0': CMAKE_PREFIX_PATH=${CMAKE_PREFIX_PATH}:/opt/ros/humble /usr/bin/cmake --build /workspace/Projects/build/scout_description -- -j8 -l8
[2.389s] Invoking command in '/workspace/Projects/build/scout_description': CMAKE_PREFIX_PATH=${CMAKE_PREFIX_PATH}:/opt/ros/humble /usr/bin/cmake --install /workspace/Projects/build/scout_description
[2.453s] -- Install configuration: ""
[2.453s] -- Installing: /workspace/Projects/install/scout_description/share/scout_description/launch
[2.454s] -- Installing: /workspace/Projects/install/scout_description/share/scout_description/launch/display_mini.launch.py
[2.454s] -- Installing: /workspace/Projects/install/scout_description/share/scout_description/launch/display_scout_v2.launch.py
[2.454s] -- Installing: /workspace/Projects/install/scout_description/share/scout_description/meshes
[2.454s] -- Installing: /workspace/Projects/install/scout_description/share/scout_description/meshes/4_Link.STL
[2.454s] -- Installing: /workspace/Projects/install/scout_description/share/scout_description/meshes/scout_mini_base_link.dae
[2.469s] -- Installing: /workspace/Projects/install/scout_description/share/scout_description/meshes/wheel_type2.dae
[2.478s] -- Installing: /workspace/Projects/install/scout_description/share/scout_description/meshes/1_Link.STL
[2.489s] -- Installing: /workspace/Projects/install/scout_description/share/scout_description/meshes/wheel_type1.dae
[2.500s] -- Installing: /workspace/Projects/install/scout_description/share/scout_description/meshes/2_Link.STL
[2.509s] -- Installing: /workspace/Projects/install/scout_description/share/scout_description/meshes/scout_mini_base_link.STL
[2.541s] -- Installing: /workspace/Projects/install/scout_description/share/scout_description/meshes/base_link.dae
[2.585s] -- Installing: /workspace/Projects/install/scout_description/share/scout_description/meshes/base_link_full.dae
[2.585s] -- Installing: /workspace/Projects/install/scout_description/share/scout_description/meshes/scout_mini_base_link2.dae
[2.624s] -- Installing: /workspace/Projects/install/scout_description/share/scout_description/meshes/wheel.dae
[2.631s] -- Installing: /workspace/Projects/install/scout_description/share/scout_description/meshes/3_Link.STL
[2.639s] -- Installing: /workspace/Projects/install/scout_description/share/scout_description/rviz
[2.639s] -- Installing: /workspace/Projects/install/scout_description/share/scout_description/rviz/model_display.rviz
[2.639s] -- Installing: /workspace/Projects/install/scout_description/share/scout_description/rviz/scout_mini_model_display.rviz
[2.640s] -- Installing: /workspace/Projects/install/scout_description/share/scout_description/rviz/navigation.rviz
[2.640s] -- Installing: /workspace/Projects/install/scout_description/share/scout_description/urdf
[2.640s] -- Installing: /workspace/Projects/install/scout_description/share/scout_description/urdf/scout_mini.xacro
[2.640s] -- Installing: /workspace/Projects/install/scout_description/share/scout_description/urdf/scout_wheel.gazebo
[2.640s] -- Installing: /workspace/Projects/install/scout_description/share/scout_description/urdf/scout_mini_wheel_1.xacro
[2.641s] -- Installing: /workspace/Projects/install/scout_description/share/scout_description/urdf/scout_wheel_type1.xacro
[2.641s] -- Installing: /workspace/Projects/install/scout_description/share/scout_description/urdf/scout_v2.xacro
[2.641s] -- Installing: /workspace/Projects/install/scout_description/share/scout_description/urdf/scout_v2.gazebo
[2.642s] -- Installing: /workspace/Projects/install/scout_description/share/scout_description/urdf/empty.urdf
[2.642s] -- Installing: /workspace/Projects/install/scout_description/share/scout_description/urdf/scout_mini.urdf
[2.642s] -- Installing: /workspace/Projects/install/scout_description/share/scout_description/urdf/scout_wheel_type2.xacro
[2.642s] -- Installing: /workspace/Projects/install/scout_description/share/scout_description/urdf/scout_mini_wheel_2.xacro
[2.643s] -- Installing: /workspace/Projects/install/scout_description/share/scout_description/urdf/scout_mini_wheel.gazebo
[2.643s] -- Installing: /workspace/Projects/install/scout_description/share/scout_description/urdf/scout_mini_wheel_4.xacro
[2.643s] -- Installing: /workspace/Projects/install/scout_description/share/scout_description/urdf/scout_mini.gazebo
[2.643s] -- Installing: /workspace/Projects/install/scout_description/share/scout_description/urdf/scout_mini_wheel_3.xacro
[2.644s] -- Installing: /workspace/Projects/install/scout_description/share/scout_description/urdf/mini.xacro
[2.644s] -- Installing: /workspace/Projects/install/scout_description/share/ament_index/resource_index/package_run_dependencies/scout_description
[2.644s] -- Installing: /workspace/Projects/install/scout_description/share/ament_index/resource_index/parent_prefix_path/scout_description
[2.645s] -- Installing: /workspace/Projects/install/scout_description/share/scout_description/environment/ament_prefix_path.sh
[2.645s] -- Installing: /workspace/Projects/install/scout_description/share/scout_description/environment/ament_prefix_path.dsv
[2.645s] -- Installing: /workspace/Projects/install/scout_description/share/scout_description/environment/path.sh
[2.645s] -- Installing: /workspace/Projects/install/scout_description/share/scout_description/environment/path.dsv
[2.645s] -- Installing: /workspace/Projects/install/scout_description/share/scout_description/local_setup.bash
[2.646s] -- Installing: /workspace/Projects/install/scout_description/share/scout_description/local_setup.sh
[2.646s] -- Installing: /workspace/Projects/install/scout_description/share/scout_description/local_setup.zsh
[2.646s] -- Installing: /workspace/Projects/install/scout_description/share/scout_description/local_setup.dsv
[2.646s] -- Installing: /workspace/Projects/install/scout_description/share/scout_description/package.dsv
[2.646s] -- Installing: /workspace/Projects/install/scout_description/share/ament_index/resource_index/packages/scout_description
[2.647s] -- Installing: /workspace/Projects/install/scout_description/share/scout_description/cmake/scout_descriptionConfig.cmake
[2.647s] -- Installing: /workspace/Projects/install/scout_description/share/scout_description/cmake/scout_descriptionConfig-version.cmake
[2.647s] -- Installing: /workspace/Projects/install/scout_description/share/scout_description/package.xml
[3.045s] Invoked command in '/workspace/Projects/build/scout_description' returned '0': CMAKE_PREFIX_PATH=${CMAKE_PREFIX_PATH}:/opt/ros/humble /usr/bin/cmake --install /workspace/Projects/build/scout_description
