[0.115s] Invoking command in '/workspace/Projects/build/hunter2_gazebo': CMAKE_PREFIX_PATH=${CMAKE_PREFIX_PATH}:/workspace/Projects/install/sevensense_pkg:/workspace/install/sevensense_pkg:/opt/ros/humble /usr/bin/cmake --build /workspace/Projects/build/hunter2_gazebo -- -j8 -l8
[0.250s] Invoked command in '/workspace/Projects/build/hunter2_gazebo' returned '0': CMAKE_PREFIX_PATH=${CMAKE_PREFIX_PATH}:/workspace/Projects/install/sevensense_pkg:/workspace/install/sevensense_pkg:/opt/ros/humble /usr/bin/cmake --build /workspace/Projects/build/hunter2_gazebo -- -j8 -l8
[0.253s] Invoking command in '/workspace/Projects/build/hunter2_gazebo': CMAKE_PREFIX_PATH=${CMAKE_PREFIX_PATH}:/workspace/Projects/install/sevensense_pkg:/workspace/install/sevensense_pkg:/opt/ros/humble /usr/bin/cmake --install /workspace/Projects/build/hunter2_gazebo
[0.300s] -- Install configuration: ""
[0.300s] -- Up-to-date: /workspace/Projects/install/hunter2_gazebo/share/hunter2_gazebo/launch
[0.300s] -- Up-to-date: /workspace/Projects/install/hunter2_gazebo/share/hunter2_gazebo/launch/hunter_spawn.launch.py
[0.301s] -- Up-to-date: /workspace/Projects/install/hunter2_gazebo/share/hunter2_gazebo/launch/hunter_gazebo.launch.py
[0.301s] -- Up-to-date: /workspace/Projects/install/hunter2_gazebo/share/hunter2_gazebo/launch/display.launch.py
[0.301s] -- Up-to-date: /workspace/Projects/install/hunter2_gazebo/share/hunter2_gazebo/launch/hunter_empty_world.launch.py
[0.302s] -- Up-to-date: /workspace/Projects/install/hunter2_gazebo/share/hunter2_gazebo/xacro
[0.302s] -- Up-to-date: /workspace/Projects/install/hunter2_gazebo/share/hunter2_gazebo/xacro/hunter2.gazebo
[0.303s] -- Up-to-date: /workspace/Projects/install/hunter2_gazebo/share/hunter2_gazebo/xacro/hunter2_description.xacro
[0.304s] -- Up-to-date: /workspace/Projects/install/hunter2_gazebo/share/hunter2_gazebo/world
[0.305s] -- Up-to-date: /workspace/Projects/install/hunter2_gazebo/share/hunter2_gazebo/world/house.world
[0.305s] -- Up-to-date: /workspace/Projects/install/hunter2_gazebo/share/hunter2_gazebo/scripts
[0.305s] -- Up-to-date: /workspace/Projects/install/hunter2_gazebo/share/hunter2_gazebo/scripts/gazebo_odometry.py
[0.306s] -- Up-to-date: /workspace/Projects/install/hunter2_gazebo/share/ament_index/resource_index/package_run_dependencies/hunter2_gazebo
[0.306s] -- Up-to-date: /workspace/Projects/install/hunter2_gazebo/share/ament_index/resource_index/parent_prefix_path/hunter2_gazebo
[0.307s] -- Up-to-date: /workspace/Projects/install/hunter2_gazebo/share/hunter2_gazebo/environment/ament_prefix_path.sh
[0.307s] -- Up-to-date: /workspace/Projects/install/hunter2_gazebo/share/hunter2_gazebo/environment/ament_prefix_path.dsv
[0.308s] -- Up-to-date: /workspace/Projects/install/hunter2_gazebo/share/hunter2_gazebo/environment/path.sh
[0.308s] -- Up-to-date: /workspace/Projects/install/hunter2_gazebo/share/hunter2_gazebo/environment/path.dsv
[0.308s] -- Up-to-date: /workspace/Projects/install/hunter2_gazebo/share/hunter2_gazebo/local_setup.bash
[0.308s] -- Up-to-date: /workspace/Projects/install/hunter2_gazebo/share/hunter2_gazebo/local_setup.sh
[0.308s] -- Up-to-date: /workspace/Projects/install/hunter2_gazebo/share/hunter2_gazebo/local_setup.zsh
[0.308s] -- Up-to-date: /workspace/Projects/install/hunter2_gazebo/share/hunter2_gazebo/local_setup.dsv
[0.308s] -- Installing: /workspace/Projects/install/hunter2_gazebo/share/hunter2_gazebo/package.dsv
[0.309s] -- Up-to-date: /workspace/Projects/install/hunter2_gazebo/share/ament_index/resource_index/packages/hunter2_gazebo
[0.309s] -- Up-to-date: /workspace/Projects/install/hunter2_gazebo/share/hunter2_gazebo/cmake/hunter2_gazeboConfig.cmake
[0.309s] -- Up-to-date: /workspace/Projects/install/hunter2_gazebo/share/hunter2_gazebo/cmake/hunter2_gazeboConfig-version.cmake
[0.309s] -- Up-to-date: /workspace/Projects/install/hunter2_gazebo/share/hunter2_gazebo/package.xml
[0.428s] Invoked command in '/workspace/Projects/build/hunter2_gazebo' returned '0': CMAKE_PREFIX_PATH=${CMAKE_PREFIX_PATH}:/workspace/Projects/install/sevensense_pkg:/workspace/install/sevensense_pkg:/opt/ros/humble /usr/bin/cmake --install /workspace/Projects/build/hunter2_gazebo
