[0.062s] Invoking command in '/workspace/Projects/hunter_ws/build/ranger_mini': CMAKE_PREFIX_PATH=/opt/ros/humble /usr/bin/cmake /workspace/Projects/hunter_ws/src/ugv_sim/ranger/ranger_mini -DCMAKE_INSTALL_PREFIX=/workspace/Projects/hunter_ws/install/ranger_mini
[0.138s] -- Found ament_cmake: 1.3.11 (/opt/ros/humble/share/ament_cmake/cmake)
[0.464s] -- Found Python3: /usr/bin/python3 (found version "3.10.12") found components: Interpreter 
[0.722s] -- Found ament_lint_auto: 0.12.12 (/opt/ros/humble/share/ament_lint_auto/cmake)
[0.948s] -- Added test 'copyright' to check source files copyright and LICENSE
[0.959s] -- Added test 'flake8' to check Python code syntax and style conventions
[0.961s] -- Added test 'lint_cmake' to check CMake code style
[0.962s] -- Added test 'pep257' to check Python code against some of the docstring style conventions in PEP 257
[0.968s] -- Added test 'xmllint' to check XML markup files
[0.971s] -- Configuring done
[0.976s] -- Generating done
[0.979s] -- Build files have been written to: /workspace/Projects/hunter_ws/build/ranger_mini
[0.988s] Invoked command in '/workspace/Projects/hunter_ws/build/ranger_mini' returned '0': CMAKE_PREFIX_PATH=/opt/ros/humble /usr/bin/cmake /workspace/Projects/hunter_ws/src/ugv_sim/ranger/ranger_mini -DCMAKE_INSTALL_PREFIX=/workspace/Projects/hunter_ws/install/ranger_mini
[0.989s] Invoking command in '/workspace/Projects/hunter_ws/build/ranger_mini': CMAKE_PREFIX_PATH=/opt/ros/humble /usr/bin/cmake --build /workspace/Projects/hunter_ws/build/ranger_mini -- -j8 -l8
[1.114s] Invoked command in '/workspace/Projects/hunter_ws/build/ranger_mini' returned '0': CMAKE_PREFIX_PATH=/opt/ros/humble /usr/bin/cmake --build /workspace/Projects/hunter_ws/build/ranger_mini -- -j8 -l8
[1.117s] Invoking command in '/workspace/Projects/hunter_ws/build/ranger_mini': CMAKE_PREFIX_PATH=/opt/ros/humble /usr/bin/cmake --install /workspace/Projects/hunter_ws/build/ranger_mini
[1.139s] -- Install configuration: ""
[1.139s] -- Installing: /workspace/Projects/hunter_ws/install/ranger_mini/share/ranger_mini/launch
[1.140s] -- Installing: /workspace/Projects/hunter_ws/install/ranger_mini/share/ranger_mini/launch/ranger_mini.launch.py
[1.141s] -- Installing: /workspace/Projects/hunter_ws/install/ranger_mini/share/ranger_mini/launch/ranger_mini_v2_gazebo.launch.py
[1.142s] -- Installing: /workspace/Projects/hunter_ws/install/ranger_mini/share/ranger_mini/launch/ranger_mini_spawn.launch.py
[1.142s] -- Installing: /workspace/Projects/hunter_ws/install/ranger_mini/share/ranger_mini/launch/ranger_mini_v2_display.launch.py
[1.142s] -- Installing: /workspace/Projects/hunter_ws/install/ranger_mini/share/ranger_mini/meshes
[1.143s] -- Installing: /workspace/Projects/hunter_ws/install/ranger_mini/share/ranger_mini/meshes/fl.stl
[1.170s] -- Installing: /workspace/Projects/hunter_ws/install/ranger_mini/share/ranger_mini/meshes/fl_Link.STL
[1.212s] -- Installing: /workspace/Projects/hunter_ws/install/ranger_mini/share/ranger_mini/meshes/fr.dae
[1.271s] -- Installing: /workspace/Projects/hunter_ws/install/ranger_mini/share/ranger_mini/meshes/bl_Link.STL
[1.308s] -- Installing: /workspace/Projects/hunter_ws/install/ranger_mini/share/ranger_mini/meshes/ranger_base.dae
[1.309s] -- Installing: /workspace/Projects/hunter_ws/install/ranger_mini/share/ranger_mini/meshes/ranger_base.zip
[1.311s] -- Installing: /workspace/Projects/hunter_ws/install/ranger_mini/share/ranger_mini/meshes/br_Link.STL
[1.347s] -- Installing: /workspace/Projects/hunter_ws/install/ranger_mini/share/ranger_mini/meshes/base_link.STL
[1.389s] -- Installing: /workspace/Projects/hunter_ws/install/ranger_mini/share/ranger_mini/meshes/fr_Link.STL
[1.451s] -- Installing: /workspace/Projects/hunter_ws/install/ranger_mini/share/ranger_mini/meshes/fl.dae
[1.469s] -- Installing: /workspace/Projects/hunter_ws/install/ranger_mini/share/ranger_mini/meshes/fr.stl
[1.506s] -- Installing: /workspace/Projects/hunter_ws/install/ranger_mini/share/ranger_mini/rviz
[1.509s] -- Installing: /workspace/Projects/hunter_ws/install/ranger_mini/share/ranger_mini/rviz/urdf.rviz
[1.509s] -- Installing: /workspace/Projects/hunter_ws/install/ranger_mini/share/ranger_mini/rviz/display.rviz
[1.510s] -- Installing: /workspace/Projects/hunter_ws/install/ranger_mini/share/ranger_mini/urdf
[1.510s] -- Installing: /workspace/Projects/hunter_ws/install/ranger_mini/share/ranger_mini/urdf/ranger_mini_gazebo.xacro
[1.511s] -- Installing: /workspace/Projects/hunter_ws/install/ranger_mini/share/ranger_mini/urdf/ranger_l.xacro
[1.511s] -- Installing: /workspace/Projects/hunter_ws/install/ranger_mini/share/ranger_mini/urdf/ranger_r.xacro
[1.511s] -- Installing: /workspace/Projects/hunter_ws/install/ranger_mini/share/ranger_mini/urdf/ranger_mini_gazebo copy.xacro
[1.511s] -- Installing: /workspace/Projects/hunter_ws/install/ranger_mini/share/ranger_mini/urdf/ranger_mini.xacro
[1.511s] -- Installing: /workspace/Projects/hunter_ws/install/ranger_mini/share/ranger_mini/urdf/ranger_mini.urdf
[1.512s] -- Installing: /workspace/Projects/hunter_ws/install/ranger_mini/share/ranger_mini/urdf/gazebo.xacro
[1.512s] -- Installing: /workspace/Projects/hunter_ws/install/ranger_mini/share/ranger_mini/urdf/ranger_mini.csv
[1.512s] -- Installing: /workspace/Projects/hunter_ws/install/ranger_mini/share/ament_index/resource_index/package_run_dependencies/ranger_mini
[1.513s] -- Installing: /workspace/Projects/hunter_ws/install/ranger_mini/share/ament_index/resource_index/parent_prefix_path/ranger_mini
[1.516s] -- Installing: /workspace/Projects/hunter_ws/install/ranger_mini/share/ranger_mini/environment/ament_prefix_path.sh
[1.516s] -- Installing: /workspace/Projects/hunter_ws/install/ranger_mini/share/ranger_mini/environment/ament_prefix_path.dsv
[1.517s] -- Installing: /workspace/Projects/hunter_ws/install/ranger_mini/share/ranger_mini/environment/path.sh
[1.518s] -- Installing: /workspace/Projects/hunter_ws/install/ranger_mini/share/ranger_mini/environment/path.dsv
[1.518s] -- Installing: /workspace/Projects/hunter_ws/install/ranger_mini/share/ranger_mini/local_setup.bash
[1.522s] -- Installing: /workspace/Projects/hunter_ws/install/ranger_mini/share/ranger_mini/local_setup.sh
[1.522s] -- Installing: /workspace/Projects/hunter_ws/install/ranger_mini/share/ranger_mini/local_setup.zsh
[1.523s] -- Installing: /workspace/Projects/hunter_ws/install/ranger_mini/share/ranger_mini/local_setup.dsv
[1.524s] -- Installing: /workspace/Projects/hunter_ws/install/ranger_mini/share/ranger_mini/package.dsv
[1.525s] -- Installing: /workspace/Projects/hunter_ws/install/ranger_mini/share/ament_index/resource_index/packages/ranger_mini
[1.530s] -- Installing: /workspace/Projects/hunter_ws/install/ranger_mini/share/ranger_mini/cmake/ranger_miniConfig.cmake
[1.531s] -- Installing: /workspace/Projects/hunter_ws/install/ranger_mini/share/ranger_mini/cmake/ranger_miniConfig-version.cmake
[1.531s] -- Installing: /workspace/Projects/hunter_ws/install/ranger_mini/share/ranger_mini/package.xml
[1.605s] Invoked command in '/workspace/Projects/hunter_ws/build/ranger_mini' returned '0': CMAKE_PREFIX_PATH=/opt/ros/humble /usr/bin/cmake --install /workspace/Projects/hunter_ws/build/ranger_mini
