[0.084s] Invoking command in '/workspace/Projects/hunter_ws/build/scout_gazebo_sim': /usr/bin/cmake /workspace/Projects/hunter_ws/src/ugv_sim/scout/scout_gazebo_sim -DCMAKE_INSTALL_PREFIX=/workspace/Projects/hunter_ws/install/scout_gazebo_sim
[0.130s] [31mCMake Error at CMakeLists.txt:19 (find_package):
[0.130s]   By not providing "Findament_cmake.cmake" in CMAKE_MODULE_PATH this project
[0.130s]   has asked CMake to find a package configuration file provided by
[0.130s]   "ament_cmake", but CMake did not find one.
[0.130s] 
[0.130s]   Could not find a package configuration file provided by "ament_cmake" with
[0.131s]   any of the following names:
[0.132s] 
[0.132s]     ament_cmakeConfig.cmake
[0.132s]     ament_cmake-config.cmake
[0.132s] 
[0.132s]   Add the installation prefix of "ament_cmake" to CMAKE_PREFIX_PATH or set
[0.133s]   "ament_cmake_DIR" to a directory containing one of the above files.  If
[0.133s]   "ament_cmake" provides a separate development package or SDK, be sure it
[0.133s]   has been installed.
[0.134s] 
[0.135s] [0m
[0.136s] -- Configuring incomplete, errors occurred!
[0.136s] See also "/workspace/Projects/hunter_ws/build/scout_gazebo_sim/CMakeFiles/CMakeOutput.log".
