[0.060s] Invoking command in '/workspace/Projects/hunter_ws/build/hunter2_base': CMAKE_PREFIX_PATH=/opt/ros/humble /usr/bin/cmake /workspace/Projects/hunter_ws/src/ugv_sim/hunter/hunter2_base -DCMAKE_INSTALL_PREFIX=/workspace/Projects/hunter_ws/install/hunter2_base
[0.123s] -- Found ament_cmake: 1.3.11 (/opt/ros/humble/share/ament_cmake/cmake)
[0.507s] -- Found Python3: /usr/bin/python3 (found version "3.10.12") found components: Interpreter 
[0.761s] -- Found ament_lint_auto: 0.12.12 (/opt/ros/humble/share/ament_lint_auto/cmake)
[0.974s] -- Added test 'copyright' to check source files copyright and LICENSE
[0.984s] -- Added test 'flake8' to check Python code syntax and style conventions
[0.987s] -- Added test 'lint_cmake' to check CMake code style
[0.990s] -- Added test 'pep257' to check Python code against some of the docstring style conventions in PEP 257
[0.998s] -- Added test 'xmllint' to check XML markup files
[1.003s] -- Configuring done
[1.016s] -- Generating done
[1.016s] -- Build files have been written to: /workspace/Projects/hunter_ws/build/hunter2_base
[1.040s] Invoked command in '/workspace/Projects/hunter_ws/build/hunter2_base' returned '0': CMAKE_PREFIX_PATH=/opt/ros/humble /usr/bin/cmake /workspace/Projects/hunter_ws/src/ugv_sim/hunter/hunter2_base -DCMAKE_INSTALL_PREFIX=/workspace/Projects/hunter_ws/install/hunter2_base
[1.042s] Invoking command in '/workspace/Projects/hunter_ws/build/hunter2_base': CMAKE_PREFIX_PATH=/opt/ros/humble /usr/bin/cmake --build /workspace/Projects/hunter_ws/build/hunter2_base -- -j8 -l8
[1.158s] Invoked command in '/workspace/Projects/hunter_ws/build/hunter2_base' returned '0': CMAKE_PREFIX_PATH=/opt/ros/humble /usr/bin/cmake --build /workspace/Projects/hunter_ws/build/hunter2_base -- -j8 -l8
[1.158s] Invoking command in '/workspace/Projects/hunter_ws/build/hunter2_base': CMAKE_PREFIX_PATH=/opt/ros/humble /usr/bin/cmake --install /workspace/Projects/hunter_ws/build/hunter2_base
[1.173s] -- Install configuration: ""
[1.174s] -- Installing: /workspace/Projects/hunter_ws/install/hunter2_base/share/hunter2_base/launch
[1.174s] -- Installing: /workspace/Projects/hunter_ws/install/hunter2_base/share/hunter2_base/launch/display.launch.py
[1.175s] -- Installing: /workspace/Projects/hunter_ws/install/hunter2_base/share/hunter2_base/meshes
[1.175s] -- Installing: /workspace/Projects/hunter_ws/install/hunter2_base/share/hunter2_base/meshes/left_rear_link.STL
[1.176s] -- Installing: /workspace/Projects/hunter_ws/install/hunter2_base/share/hunter2_base/meshes/front_steer_left_link.STL
[1.178s] -- Installing: /workspace/Projects/hunter_ws/install/hunter2_base/share/hunter2_base/meshes/front_steer_link.STL
[1.179s] -- Installing: /workspace/Projects/hunter_ws/install/hunter2_base/share/hunter2_base/meshes/front_left_wheel_link.STL
[1.183s] -- Installing: /workspace/Projects/hunter_ws/install/hunter2_base/share/hunter2_base/meshes/front_steer_right_link.STL
[1.185s] -- Installing: /workspace/Projects/hunter_ws/install/hunter2_base/share/hunter2_base/meshes/rear_wheel_link.STL
[1.187s] -- Installing: /workspace/Projects/hunter_ws/install/hunter2_base/share/hunter2_base/meshes/front_right_wheel_link.STL
[1.188s] -- Installing: /workspace/Projects/hunter_ws/install/hunter2_base/share/hunter2_base/meshes/right_rear_link.STL
[1.194s] -- Installing: /workspace/Projects/hunter_ws/install/hunter2_base/share/hunter2_base/meshes/base_link.STL
[1.204s] -- Installing: /workspace/Projects/hunter_ws/install/hunter2_base/share/hunter2_base/rviz
[1.208s] -- Installing: /workspace/Projects/hunter_ws/install/hunter2_base/share/hunter2_base/rviz/display.rviz
[1.209s] -- Installing: /workspace/Projects/hunter_ws/install/hunter2_base/share/hunter2_base/urdf
[1.210s] -- Installing: /workspace/Projects/hunter_ws/install/hunter2_base/share/hunter2_base/urdf/hunter2_base_gazebo.xacro
[1.210s] -- Installing: /workspace/Projects/hunter_ws/install/hunter2_base/share/hunter2_base/urdf/hunter2_base.csv
[1.211s] -- Installing: /workspace/Projects/hunter_ws/install/hunter2_base/share/hunter2_base/urdf/hunter2_base.urdf
[1.212s] -- Installing: /workspace/Projects/hunter_ws/install/hunter2_base/share/hunter2_base/config
[1.216s] -- Installing: /workspace/Projects/hunter_ws/install/hunter2_base/share/hunter2_base/config/joint_names_hunter2_base.yaml
[1.221s] -- Installing: /workspace/Projects/hunter_ws/install/hunter2_base/share/ament_index/resource_index/package_run_dependencies/hunter2_base
[1.222s] -- Installing: /workspace/Projects/hunter_ws/install/hunter2_base/share/ament_index/resource_index/parent_prefix_path/hunter2_base
[1.223s] -- Installing: /workspace/Projects/hunter_ws/install/hunter2_base/share/hunter2_base/environment/ament_prefix_path.sh
[1.223s] -- Installing: /workspace/Projects/hunter_ws/install/hunter2_base/share/hunter2_base/environment/ament_prefix_path.dsv
[1.224s] -- Installing: /workspace/Projects/hunter_ws/install/hunter2_base/share/hunter2_base/environment/path.sh
[1.224s] -- Installing: /workspace/Projects/hunter_ws/install/hunter2_base/share/hunter2_base/environment/path.dsv
[1.224s] -- Installing: /workspace/Projects/hunter_ws/install/hunter2_base/share/hunter2_base/local_setup.bash
[1.224s] -- Installing: /workspace/Projects/hunter_ws/install/hunter2_base/share/hunter2_base/local_setup.sh
[1.225s] -- Installing: /workspace/Projects/hunter_ws/install/hunter2_base/share/hunter2_base/local_setup.zsh
[1.225s] -- Installing: /workspace/Projects/hunter_ws/install/hunter2_base/share/hunter2_base/local_setup.dsv
[1.226s] -- Installing: /workspace/Projects/hunter_ws/install/hunter2_base/share/hunter2_base/package.dsv
[1.226s] -- Installing: /workspace/Projects/hunter_ws/install/hunter2_base/share/ament_index/resource_index/packages/hunter2_base
[1.226s] -- Installing: /workspace/Projects/hunter_ws/install/hunter2_base/share/hunter2_base/cmake/hunter2_baseConfig.cmake
[1.227s] -- Installing: /workspace/Projects/hunter_ws/install/hunter2_base/share/hunter2_base/cmake/hunter2_baseConfig-version.cmake
[1.227s] -- Installing: /workspace/Projects/hunter_ws/install/hunter2_base/share/hunter2_base/package.xml
[1.324s] Invoked command in '/workspace/Projects/hunter_ws/build/hunter2_base' returned '0': CMAKE_PREFIX_PATH=/opt/ros/humble /usr/bin/cmake --install /workspace/Projects/hunter_ws/build/hunter2_base
