[0.025s] Invoking command in '/workspace/Projects/hunter_ws/src/build/four_ws_control': /usr/bin/cmake /workspace/Projects/hunter_ws/src/ugv_sim/ranger/four_ws_control -DCMAKE_INSTALL_PREFIX=/workspace/Projects/hunter_ws/src/install/four_ws_control
[0.185s] -- The C compiler identification is GNU 11.4.0
[0.364s] -- The CXX compiler identification is GNU 11.4.0
[0.378s] -- Detecting C compiler ABI info
[0.547s] -- Detecting C compiler ABI info - done
[0.567s] -- Check for working C compiler: /usr/bin/cc - skipped
[0.567s] -- Detecting C compile features
[0.568s] -- Detecting C compile features - done
[0.574s] -- Detecting CXX compiler ABI info
[0.800s] -- Detecting CXX compiler ABI info - done
[0.823s] -- Check for working CXX compiler: /usr/bin/c++ - skipped
[0.824s] -- Detecting CXX compile features
[0.827s] -- Detecting CXX compile features - done
[0.868s] -- Configuring incomplete, errors occurred!
[0.868s] See also "/workspace/Projects/hunter_ws/src/build/four_ws_control/CMakeFiles/CMakeOutput.log".
[0.871s] [31mCMake Error at CMakeLists.txt:19 (find_package):
[0.871s]   By not providing "Findament_cmake.cmake" in CMAKE_MODULE_PATH this project
[0.871s]   has asked CMake to find a package configuration file provided by
[0.872s]   "ament_cmake", but CMake did not find one.
[0.872s] 
[0.872s]   Could not find a package configuration file provided by "ament_cmake" with
[0.872s]   any of the following names:
[0.872s] 
[0.872s]     ament_cmakeConfig.cmake
[0.873s]     ament_cmake-config.cmake
[0.873s] 
[0.873s]   Add the installation prefix of "ament_cmake" to CMAKE_PREFIX_PATH or set
[0.873s]   "ament_cmake_DIR" to a directory containing one of the above files.  If
[0.873s]   "ament_cmake" provides a separate development package or SDK, be sure it
[0.873s]   has been installed.
[0.873s] 
[0.874s] [0m
[0.896s] Invoked command in '/workspace/Projects/hunter_ws/src/build/four_ws_control' returned '1': /usr/bin/cmake /workspace/Projects/hunter_ws/src/ugv_sim/ranger/four_ws_control -DCMAKE_INSTALL_PREFIX=/workspace/Projects/hunter_ws/src/install/four_ws_control
