[0.076s] Invoking command in '/workspace/Projects/build/hunter_se_gazebo': CMAKE_PREFIX_PATH=${CMAKE_PREFIX_PATH}:/opt/ros/humble /usr/bin/cmake /workspace/Projects/hunter_ws/src/ugv_sim/hunter_se/hunter_se_gazebo -DCMAKE_INSTALL_PREFIX=/workspace/Projects/install/hunter_se_gazebo
[0.311s] -- The C compiler identification is GNU 11.4.0
[0.501s] -- The CXX compiler identification is GNU 11.4.0
[0.526s] -- Detecting C compiler ABI info
[0.715s] -- Detecting C compiler ABI info - done
[0.743s] -- Check for working C compiler: /usr/bin/cc - skipped
[0.744s] -- Detecting C compile features
[0.745s] -- Detecting C compile features - done
[0.751s] -- Detecting CXX compiler ABI info
[0.982s] -- Detecting CXX compiler ABI info - done
[1.005s] -- Check for working CXX compiler: /usr/bin/c++ - skipped
[1.006s] -- Detecting CXX compile features
[1.007s] -- Detecting CXX compile features - done
[1.017s] -- Found ament_cmake: 1.3.11 (/opt/ros/humble/share/ament_cmake/cmake)
[1.450s] -- Found Python3: /usr/bin/python3 (found version "3.10.12") found components: Interpreter 
[1.759s] -- Found ament_lint_auto: 0.12.12 (/opt/ros/humble/share/ament_lint_auto/cmake)
[2.016s] -- Added test 'copyright' to check source files copyright and LICENSE
[2.025s] -- Added test 'flake8' to check Python code syntax and style conventions
[2.032s] -- Added test 'lint_cmake' to check CMake code style
[2.034s] -- Added test 'pep257' to check Python code against some of the docstring style conventions in PEP 257
[2.039s] -- Added test 'xmllint' to check XML markup files
[2.042s] -- Configuring done
[2.079s] -- Generating done
[2.089s] -- Build files have been written to: /workspace/Projects/build/hunter_se_gazebo
[2.128s] Invoked command in '/workspace/Projects/build/hunter_se_gazebo' returned '0': CMAKE_PREFIX_PATH=${CMAKE_PREFIX_PATH}:/opt/ros/humble /usr/bin/cmake /workspace/Projects/hunter_ws/src/ugv_sim/hunter_se/hunter_se_gazebo -DCMAKE_INSTALL_PREFIX=/workspace/Projects/install/hunter_se_gazebo
[2.129s] Invoking command in '/workspace/Projects/build/hunter_se_gazebo': CMAKE_PREFIX_PATH=${CMAKE_PREFIX_PATH}:/opt/ros/humble /usr/bin/cmake --build /workspace/Projects/build/hunter_se_gazebo -- -j8 -l8
[2.413s] Invoked command in '/workspace/Projects/build/hunter_se_gazebo' returned '0': CMAKE_PREFIX_PATH=${CMAKE_PREFIX_PATH}:/opt/ros/humble /usr/bin/cmake --build /workspace/Projects/build/hunter_se_gazebo -- -j8 -l8
[2.414s] Invoking command in '/workspace/Projects/build/hunter_se_gazebo': CMAKE_PREFIX_PATH=${CMAKE_PREFIX_PATH}:/opt/ros/humble /usr/bin/cmake --install /workspace/Projects/build/hunter_se_gazebo
[2.470s] -- Install configuration: ""
[2.471s] -- Installing: /workspace/Projects/install/hunter_se_gazebo/share/hunter_se_gazebo/launch
[2.471s] -- Installing: /workspace/Projects/install/hunter_se_gazebo/share/hunter_se_gazebo/launch/hunter_se.launch.py
[2.471s] -- Installing: /workspace/Projects/install/hunter_se_gazebo/share/hunter_se_gazebo/launch/hunter_se_spawn.launch.py
[2.471s] -- Installing: /workspace/Projects/install/hunter_se_gazebo/share/hunter_se_gazebo/launch/hunter_se_empty_world.launch.py
[2.471s] -- Installing: /workspace/Projects/install/hunter_se_gazebo/share/hunter_se_gazebo/launch/display.launch.py
[2.471s] -- Installing: /workspace/Projects/install/hunter_se_gazebo/share/hunter_se_gazebo/xacro
[2.472s] -- Installing: /workspace/Projects/install/hunter_se_gazebo/share/hunter_se_gazebo/xacro/hunter_se_gazebo.xacro
[2.472s] -- Installing: /workspace/Projects/install/hunter_se_gazebo/share/hunter_se_gazebo/xacro/hunter_se_gazebo copy.xacro
[2.472s] -- Installing: /workspace/Projects/install/hunter_se_gazebo/share/hunter_se_gazebo/xacro/hunter_se.gazebo
[2.472s] -- Installing: /workspace/Projects/install/hunter_se_gazebo/share/hunter_se_gazebo/world
[2.472s] -- Installing: /workspace/Projects/install/hunter_se_gazebo/share/hunter_se_gazebo/world/house.world
[2.472s] -- Installing: /workspace/Projects/install/hunter_se_gazebo/share/hunter_se_gazebo/scripts
[2.472s] -- Installing: /workspace/Projects/install/hunter_se_gazebo/share/hunter_se_gazebo/scripts/gazebo_odometry.py
[2.472s] -- Installing: /workspace/Projects/install/hunter_se_gazebo/share/ament_index/resource_index/package_run_dependencies/hunter_se_gazebo
[2.473s] -- Installing: /workspace/Projects/install/hunter_se_gazebo/share/ament_index/resource_index/parent_prefix_path/hunter_se_gazebo
[2.473s] -- Installing: /workspace/Projects/install/hunter_se_gazebo/share/hunter_se_gazebo/environment/ament_prefix_path.sh
[2.473s] -- Installing: /workspace/Projects/install/hunter_se_gazebo/share/hunter_se_gazebo/environment/ament_prefix_path.dsv
[2.473s] -- Installing: /workspace/Projects/install/hunter_se_gazebo/share/hunter_se_gazebo/environment/path.sh
[2.473s] -- Installing: /workspace/Projects/install/hunter_se_gazebo/share/hunter_se_gazebo/environment/path.dsv
[2.473s] -- Installing: /workspace/Projects/install/hunter_se_gazebo/share/hunter_se_gazebo/local_setup.bash
[2.473s] -- Installing: /workspace/Projects/install/hunter_se_gazebo/share/hunter_se_gazebo/local_setup.sh
[2.474s] -- Installing: /workspace/Projects/install/hunter_se_gazebo/share/hunter_se_gazebo/local_setup.zsh
[2.474s] -- Installing: /workspace/Projects/install/hunter_se_gazebo/share/hunter_se_gazebo/local_setup.dsv
[2.474s] -- Installing: /workspace/Projects/install/hunter_se_gazebo/share/hunter_se_gazebo/package.dsv
[2.474s] -- Installing: /workspace/Projects/install/hunter_se_gazebo/share/ament_index/resource_index/packages/hunter_se_gazebo
[2.474s] -- Installing: /workspace/Projects/install/hunter_se_gazebo/share/hunter_se_gazebo/cmake/hunter_se_gazeboConfig.cmake
[2.474s] -- Installing: /workspace/Projects/install/hunter_se_gazebo/share/hunter_se_gazebo/cmake/hunter_se_gazeboConfig-version.cmake
[2.474s] -- Installing: /workspace/Projects/install/hunter_se_gazebo/share/hunter_se_gazebo/package.xml
[3.003s] Invoked command in '/workspace/Projects/build/hunter_se_gazebo' returned '0': CMAKE_PREFIX_PATH=${CMAKE_PREFIX_PATH}:/opt/ros/humble /usr/bin/cmake --install /workspace/Projects/build/hunter_se_gazebo
