[0.032s] Invoking command in '/workspace/Projects/hunter_ws/build/four_ws_control': /usr/bin/cmake /workspace/Projects/hunter_ws/src/ugv_sim/ranger/four_ws_control -DCMAKE_INSTALL_PREFIX=/workspace/Projects/hunter_ws/install/four_ws_control
[0.297s] -- The C compiler identification is GNU 11.4.0
[0.490s] -- The CXX compiler identification is GNU 11.4.0
[0.501s] -- Detecting C compiler ABI info
[0.697s] -- Detecting C compiler ABI info - done
[0.716s] -- Check for working C compiler: /usr/bin/cc - skipped
[0.718s] -- Detecting C compile features
[0.719s] -- Detecting C compile features - done
[0.728s] -- Detecting CXX compiler ABI info
[0.953s] -- Detecting CXX compiler ABI info - done
[0.976s] -- Check for working CXX compiler: /usr/bin/c++ - skipped
[0.977s] -- Detecting CXX compile features
[0.978s] -- Detecting CXX compile features - done
[1.019s] [31mCMake Error at CMakeLists.txt:19 (find_package):
[1.019s]   By not providing "Findament_cmake.cmake" in CMAKE_MODULE_PATH this project
[1.019s]   has asked CMake to find a package configuration file provided by
[1.020s]   "ament_cmake", but CMake did not find one.
[1.020s] 
[1.020s]   Could not find a package configuration file provided by "ament_cmake" with
[1.020s]   any of the following names:
[1.020s] 
[1.025s]     ament_cmakeConfig.cmake
[1.025s]     ament_cmake-config.cmake
[1.025s] 
[1.025s]   Add the installation prefix of "ament_cmake" to CMAKE_PREFIX_PATH or set
[1.026s]   "ament_cmake_DIR" to a directory containing one of the above files.  If
[1.026s]   "ament_cmake" provides a separate development package or SDK, be sure it
[1.026s]   has been installed.
[1.026s] 
[1.027s] [0m
[1.032s] -- Configuring incomplete, errors occurred!
[1.033s] See also "/workspace/Projects/hunter_ws/build/four_ws_control/CMakeFiles/CMakeOutput.log".
[1.062s] Invoked command in '/workspace/Projects/hunter_ws/build/four_ws_control' returned '1': /usr/bin/cmake /workspace/Projects/hunter_ws/src/ugv_sim/ranger/four_ws_control -DCMAKE_INSTALL_PREFIX=/workspace/Projects/hunter_ws/install/four_ws_control
