[0.139s] DEBUG:colcon:Command line arguments: ['/usr/bin/colcon', 'build']
[0.139s] DEBUG:colcon:Parsed command line arguments: Namespace(log_base=None, log_level=None, verb_name='build', build_base='build', install_base='install', merge_install=False, symlink_install=False, test_result_base=None, continue_on_error=False, executor='parallel', parallel_workers=8, event_handlers=None, ignore_user_meta=False, metas=['./colcon.meta'], base_paths=['.'], packages_ignore=None, packages_ignore_regex=None, paths=None, packages_up_to=None, packages_up_to_regex=None, packages_above=None, packages_above_and_dependencies=None, packages_above_depth=None, packages_select_by_dep=None, packages_skip_by_dep=None, packages_skip_up_to=None, packages_select_build_failed=False, packages_skip_build_finished=False, packages_select_test_failures=False, packages_skip_test_passed=False, packages_select=None, packages_skip=None, packages_select_regex=None, packages_skip_regex=None, packages_start=None, packages_end=None, allow_overriding=[], cmake_args=None, cmake_target=None, cmake_target_skip_unavailable=False, cmake_clean_cache=False, cmake_clean_first=False, cmake_force_configure=False, ament_cmake_args=None, catkin_cmake_args=None, catkin_skip_building_tests=False, verb_parser=<colcon_defaults.argument_parser.defaults.DefaultArgumentsDecorator object at 0x7fe22bfadb40>, verb_extension=<colcon_core.verb.build.BuildVerb object at 0x7fe22c2bae00>, main=<bound method BuildVerb.main of <colcon_core.verb.build.BuildVerb object at 0x7fe22c2bae00>>)
[0.304s] Level 1:colcon.colcon_core.package_discovery:discover_packages(colcon_meta) check parameters
[0.305s] Level 1:colcon.colcon_core.package_discovery:discover_packages(recursive) check parameters
[0.305s] Level 1:colcon.colcon_core.package_discovery:discover_packages(ignore) check parameters
[0.305s] Level 1:colcon.colcon_core.package_discovery:discover_packages(path) check parameters
[0.305s] Level 1:colcon.colcon_core.package_discovery:discover_packages(colcon_meta) discover
[0.305s] Level 1:colcon.colcon_core.package_discovery:discover_packages(recursive) discover
[0.305s] INFO:colcon.colcon_core.package_discovery:Crawling recursively for packages in '/workspace/Projects/hunter_ws'
[0.305s] Level 1:colcon.colcon_core.package_identification:_identify(.) by extensions ['ignore', 'ignore_ament_install']
[0.305s] Level 1:colcon.colcon_core.package_identification:_identify(.) by extension 'ignore'
[0.305s] Level 1:colcon.colcon_core.package_identification:_identify(.) by extension 'ignore_ament_install'
[0.305s] Level 1:colcon.colcon_core.package_identification:_identify(.) by extensions ['colcon_pkg']
[0.305s] Level 1:colcon.colcon_core.package_identification:_identify(.) by extension 'colcon_pkg'
[0.305s] Level 1:colcon.colcon_core.package_identification:_identify(.) by extensions ['colcon_meta']
[0.305s] Level 1:colcon.colcon_core.package_identification:_identify(.) by extension 'colcon_meta'
[0.305s] Level 1:colcon.colcon_core.package_identification:_identify(.) by extensions ['ros']
[0.305s] Level 1:colcon.colcon_core.package_identification:_identify(.) by extension 'ros'
[0.319s] Level 1:colcon.colcon_core.package_identification:_identify(.) by extensions ['cmake', 'python']
[0.319s] Level 1:colcon.colcon_core.package_identification:_identify(.) by extension 'cmake'
[0.320s] Level 1:colcon.colcon_core.package_identification:_identify(.) by extension 'python'
[0.320s] Level 1:colcon.colcon_core.package_identification:_identify(.) by extensions ['python_setup_py']
[0.320s] Level 1:colcon.colcon_core.package_identification:_identify(.) by extension 'python_setup_py'
[0.320s] Level 1:colcon.colcon_core.package_identification:_identify(build) by extensions ['ignore', 'ignore_ament_install']
[0.320s] Level 1:colcon.colcon_core.package_identification:_identify(build) by extension 'ignore'
[0.320s] Level 1:colcon.colcon_core.package_identification:_identify(build) ignored
[0.320s] Level 1:colcon.colcon_core.package_identification:_identify(install) by extensions ['ignore', 'ignore_ament_install']
[0.320s] Level 1:colcon.colcon_core.package_identification:_identify(install) by extension 'ignore'
[0.320s] Level 1:colcon.colcon_core.package_identification:_identify(install) ignored
[0.320s] Level 1:colcon.colcon_core.package_identification:_identify(log) by extensions ['ignore', 'ignore_ament_install']
[0.321s] Level 1:colcon.colcon_core.package_identification:_identify(log) by extension 'ignore'
[0.321s] Level 1:colcon.colcon_core.package_identification:_identify(log) ignored
[0.321s] Level 1:colcon.colcon_core.package_identification:_identify(src) by extensions ['ignore', 'ignore_ament_install']
[0.321s] Level 1:colcon.colcon_core.package_identification:_identify(src) by extension 'ignore'
[0.321s] Level 1:colcon.colcon_core.package_identification:_identify(src) by extension 'ignore_ament_install'
[0.321s] Level 1:colcon.colcon_core.package_identification:_identify(src) by extensions ['colcon_pkg']
[0.321s] Level 1:colcon.colcon_core.package_identification:_identify(src) by extension 'colcon_pkg'
[0.321s] Level 1:colcon.colcon_core.package_identification:_identify(src) by extensions ['colcon_meta']
[0.321s] Level 1:colcon.colcon_core.package_identification:_identify(src) by extension 'colcon_meta'
[0.321s] Level 1:colcon.colcon_core.package_identification:_identify(src) by extensions ['ros']
[0.321s] Level 1:colcon.colcon_core.package_identification:_identify(src) by extension 'ros'
[0.321s] Level 1:colcon.colcon_core.package_identification:_identify(src) by extensions ['cmake', 'python']
[0.321s] Level 1:colcon.colcon_core.package_identification:_identify(src) by extension 'cmake'
[0.322s] Level 1:colcon.colcon_core.package_identification:_identify(src) by extension 'python'
[0.322s] Level 1:colcon.colcon_core.package_identification:_identify(src) by extensions ['python_setup_py']
[0.322s] Level 1:colcon.colcon_core.package_identification:_identify(src) by extension 'python_setup_py'
[0.322s] Level 1:colcon.colcon_core.package_identification:_identify(src/ugv_sim) by extensions ['ignore', 'ignore_ament_install']
[0.322s] Level 1:colcon.colcon_core.package_identification:_identify(src/ugv_sim) by extension 'ignore'
[0.322s] Level 1:colcon.colcon_core.package_identification:_identify(src/ugv_sim) by extension 'ignore_ament_install'
[0.322s] Level 1:colcon.colcon_core.package_identification:_identify(src/ugv_sim) by extensions ['colcon_pkg']
[0.322s] Level 1:colcon.colcon_core.package_identification:_identify(src/ugv_sim) by extension 'colcon_pkg'
[0.322s] Level 1:colcon.colcon_core.package_identification:_identify(src/ugv_sim) by extensions ['colcon_meta']
[0.322s] Level 1:colcon.colcon_core.package_identification:_identify(src/ugv_sim) by extension 'colcon_meta'
[0.322s] Level 1:colcon.colcon_core.package_identification:_identify(src/ugv_sim) by extensions ['ros']
[0.322s] Level 1:colcon.colcon_core.package_identification:_identify(src/ugv_sim) by extension 'ros'
[0.322s] Level 1:colcon.colcon_core.package_identification:_identify(src/ugv_sim) by extensions ['cmake', 'python']
[0.322s] Level 1:colcon.colcon_core.package_identification:_identify(src/ugv_sim) by extension 'cmake'
[0.323s] Level 1:colcon.colcon_core.package_identification:_identify(src/ugv_sim) by extension 'python'
[0.323s] Level 1:colcon.colcon_core.package_identification:_identify(src/ugv_sim) by extensions ['python_setup_py']
[0.323s] Level 1:colcon.colcon_core.package_identification:_identify(src/ugv_sim) by extension 'python_setup_py'
[0.323s] Level 1:colcon.colcon_core.package_identification:_identify(src/ugv_sim/hunter) by extensions ['ignore', 'ignore_ament_install']
[0.323s] Level 1:colcon.colcon_core.package_identification:_identify(src/ugv_sim/hunter) by extension 'ignore'
[0.323s] Level 1:colcon.colcon_core.package_identification:_identify(src/ugv_sim/hunter) by extension 'ignore_ament_install'
[0.323s] Level 1:colcon.colcon_core.package_identification:_identify(src/ugv_sim/hunter) by extensions ['colcon_pkg']
[0.323s] Level 1:colcon.colcon_core.package_identification:_identify(src/ugv_sim/hunter) by extension 'colcon_pkg'
[0.323s] Level 1:colcon.colcon_core.package_identification:_identify(src/ugv_sim/hunter) by extensions ['colcon_meta']
[0.323s] Level 1:colcon.colcon_core.package_identification:_identify(src/ugv_sim/hunter) by extension 'colcon_meta'
[0.323s] Level 1:colcon.colcon_core.package_identification:_identify(src/ugv_sim/hunter) by extensions ['ros']
[0.323s] Level 1:colcon.colcon_core.package_identification:_identify(src/ugv_sim/hunter) by extension 'ros'
[0.323s] Level 1:colcon.colcon_core.package_identification:_identify(src/ugv_sim/hunter) by extensions ['cmake', 'python']
[0.323s] Level 1:colcon.colcon_core.package_identification:_identify(src/ugv_sim/hunter) by extension 'cmake'
[0.324s] Level 1:colcon.colcon_core.package_identification:_identify(src/ugv_sim/hunter) by extension 'python'
[0.324s] Level 1:colcon.colcon_core.package_identification:_identify(src/ugv_sim/hunter) by extensions ['python_setup_py']
[0.324s] Level 1:colcon.colcon_core.package_identification:_identify(src/ugv_sim/hunter) by extension 'python_setup_py'
[0.324s] Level 1:colcon.colcon_core.package_identification:_identify(src/ugv_sim/hunter/hunter2_base) by extensions ['ignore', 'ignore_ament_install']
[0.324s] Level 1:colcon.colcon_core.package_identification:_identify(src/ugv_sim/hunter/hunter2_base) by extension 'ignore'
[0.324s] Level 1:colcon.colcon_core.package_identification:_identify(src/ugv_sim/hunter/hunter2_base) by extension 'ignore_ament_install'
[0.324s] Level 1:colcon.colcon_core.package_identification:_identify(src/ugv_sim/hunter/hunter2_base) by extensions ['colcon_pkg']
[0.324s] Level 1:colcon.colcon_core.package_identification:_identify(src/ugv_sim/hunter/hunter2_base) by extension 'colcon_pkg'
[0.324s] Level 1:colcon.colcon_core.package_identification:_identify(src/ugv_sim/hunter/hunter2_base) by extensions ['colcon_meta']
[0.324s] Level 1:colcon.colcon_core.package_identification:_identify(src/ugv_sim/hunter/hunter2_base) by extension 'colcon_meta'
[0.324s] Level 1:colcon.colcon_core.package_identification:_identify(src/ugv_sim/hunter/hunter2_base) by extensions ['ros']
[0.324s] Level 1:colcon.colcon_core.package_identification:_identify(src/ugv_sim/hunter/hunter2_base) by extension 'ros'
[0.327s] DEBUG:colcon.colcon_core.package_identification:Package 'src/ugv_sim/hunter/hunter2_base' with type 'ros.ament_cmake' and name 'hunter2_base'
[0.327s] Level 1:colcon.colcon_core.package_identification:_identify(src/ugv_sim/hunter/hunter2_gazebo) by extensions ['ignore', 'ignore_ament_install']
[0.328s] Level 1:colcon.colcon_core.package_identification:_identify(src/ugv_sim/hunter/hunter2_gazebo) by extension 'ignore'
[0.328s] Level 1:colcon.colcon_core.package_identification:_identify(src/ugv_sim/hunter/hunter2_gazebo) by extension 'ignore_ament_install'
[0.328s] Level 1:colcon.colcon_core.package_identification:_identify(src/ugv_sim/hunter/hunter2_gazebo) by extensions ['colcon_pkg']
[0.328s] Level 1:colcon.colcon_core.package_identification:_identify(src/ugv_sim/hunter/hunter2_gazebo) by extension 'colcon_pkg'
[0.328s] Level 1:colcon.colcon_core.package_identification:_identify(src/ugv_sim/hunter/hunter2_gazebo) by extensions ['colcon_meta']
[0.328s] Level 1:colcon.colcon_core.package_identification:_identify(src/ugv_sim/hunter/hunter2_gazebo) by extension 'colcon_meta'
[0.328s] Level 1:colcon.colcon_core.package_identification:_identify(src/ugv_sim/hunter/hunter2_gazebo) by extensions ['ros']
[0.328s] Level 1:colcon.colcon_core.package_identification:_identify(src/ugv_sim/hunter/hunter2_gazebo) by extension 'ros'
[0.329s] DEBUG:colcon.colcon_core.package_identification:Package 'src/ugv_sim/hunter/hunter2_gazebo' with type 'ros.ament_cmake' and name 'hunter2_gazebo'
[0.329s] Level 1:colcon.colcon_core.package_identification:_identify(src/ugv_sim/hunter/image) by extensions ['ignore', 'ignore_ament_install']
[0.329s] Level 1:colcon.colcon_core.package_identification:_identify(src/ugv_sim/hunter/image) by extension 'ignore'
[0.329s] Level 1:colcon.colcon_core.package_identification:_identify(src/ugv_sim/hunter/image) by extension 'ignore_ament_install'
[0.329s] Level 1:colcon.colcon_core.package_identification:_identify(src/ugv_sim/hunter/image) by extensions ['colcon_pkg']
[0.329s] Level 1:colcon.colcon_core.package_identification:_identify(src/ugv_sim/hunter/image) by extension 'colcon_pkg'
[0.329s] Level 1:colcon.colcon_core.package_identification:_identify(src/ugv_sim/hunter/image) by extensions ['colcon_meta']
[0.329s] Level 1:colcon.colcon_core.package_identification:_identify(src/ugv_sim/hunter/image) by extension 'colcon_meta'
[0.329s] Level 1:colcon.colcon_core.package_identification:_identify(src/ugv_sim/hunter/image) by extensions ['ros']
[0.329s] Level 1:colcon.colcon_core.package_identification:_identify(src/ugv_sim/hunter/image) by extension 'ros'
[0.329s] Level 1:colcon.colcon_core.package_identification:_identify(src/ugv_sim/hunter/image) by extensions ['cmake', 'python']
[0.329s] Level 1:colcon.colcon_core.package_identification:_identify(src/ugv_sim/hunter/image) by extension 'cmake'
[0.330s] Level 1:colcon.colcon_core.package_identification:_identify(src/ugv_sim/hunter/image) by extension 'python'
[0.330s] Level 1:colcon.colcon_core.package_identification:_identify(src/ugv_sim/hunter/image) by extensions ['python_setup_py']
[0.330s] Level 1:colcon.colcon_core.package_identification:_identify(src/ugv_sim/hunter/image) by extension 'python_setup_py'
[0.330s] Level 1:colcon.colcon_core.package_identification:_identify(src/ugv_sim/hunter_se) by extensions ['ignore', 'ignore_ament_install']
[0.330s] Level 1:colcon.colcon_core.package_identification:_identify(src/ugv_sim/hunter_se) by extension 'ignore'
[0.330s] Level 1:colcon.colcon_core.package_identification:_identify(src/ugv_sim/hunter_se) by extension 'ignore_ament_install'
[0.330s] Level 1:colcon.colcon_core.package_identification:_identify(src/ugv_sim/hunter_se) by extensions ['colcon_pkg']
[0.330s] Level 1:colcon.colcon_core.package_identification:_identify(src/ugv_sim/hunter_se) by extension 'colcon_pkg'
[0.330s] Level 1:colcon.colcon_core.package_identification:_identify(src/ugv_sim/hunter_se) by extensions ['colcon_meta']
[0.330s] Level 1:colcon.colcon_core.package_identification:_identify(src/ugv_sim/hunter_se) by extension 'colcon_meta'
[0.330s] Level 1:colcon.colcon_core.package_identification:_identify(src/ugv_sim/hunter_se) by extensions ['ros']
[0.330s] Level 1:colcon.colcon_core.package_identification:_identify(src/ugv_sim/hunter_se) by extension 'ros'
[0.330s] Level 1:colcon.colcon_core.package_identification:_identify(src/ugv_sim/hunter_se) by extensions ['cmake', 'python']
[0.330s] Level 1:colcon.colcon_core.package_identification:_identify(src/ugv_sim/hunter_se) by extension 'cmake'
[0.330s] Level 1:colcon.colcon_core.package_identification:_identify(src/ugv_sim/hunter_se) by extension 'python'
[0.331s] Level 1:colcon.colcon_core.package_identification:_identify(src/ugv_sim/hunter_se) by extensions ['python_setup_py']
[0.331s] Level 1:colcon.colcon_core.package_identification:_identify(src/ugv_sim/hunter_se) by extension 'python_setup_py'
[0.331s] Level 1:colcon.colcon_core.package_identification:_identify(src/ugv_sim/hunter_se/hunter_se_description) by extensions ['ignore', 'ignore_ament_install']
[0.331s] Level 1:colcon.colcon_core.package_identification:_identify(src/ugv_sim/hunter_se/hunter_se_description) by extension 'ignore'
[0.331s] Level 1:colcon.colcon_core.package_identification:_identify(src/ugv_sim/hunter_se/hunter_se_description) by extension 'ignore_ament_install'
[0.331s] Level 1:colcon.colcon_core.package_identification:_identify(src/ugv_sim/hunter_se/hunter_se_description) by extensions ['colcon_pkg']
[0.331s] Level 1:colcon.colcon_core.package_identification:_identify(src/ugv_sim/hunter_se/hunter_se_description) by extension 'colcon_pkg'
[0.331s] Level 1:colcon.colcon_core.package_identification:_identify(src/ugv_sim/hunter_se/hunter_se_description) by extensions ['colcon_meta']
[0.331s] Level 1:colcon.colcon_core.package_identification:_identify(src/ugv_sim/hunter_se/hunter_se_description) by extension 'colcon_meta'
[0.331s] Level 1:colcon.colcon_core.package_identification:_identify(src/ugv_sim/hunter_se/hunter_se_description) by extensions ['ros']
[0.331s] Level 1:colcon.colcon_core.package_identification:_identify(src/ugv_sim/hunter_se/hunter_se_description) by extension 'ros'
[0.332s] DEBUG:colcon.colcon_core.package_identification:Package 'src/ugv_sim/hunter_se/hunter_se_description' with type 'ros.ament_cmake' and name 'hunter_se_description'
[0.332s] Level 1:colcon.colcon_core.package_identification:_identify(src/ugv_sim/hunter_se/hunter_se_gazebo) by extensions ['ignore', 'ignore_ament_install']
[0.332s] Level 1:colcon.colcon_core.package_identification:_identify(src/ugv_sim/hunter_se/hunter_se_gazebo) by extension 'ignore'
[0.332s] Level 1:colcon.colcon_core.package_identification:_identify(src/ugv_sim/hunter_se/hunter_se_gazebo) by extension 'ignore_ament_install'
[0.332s] Level 1:colcon.colcon_core.package_identification:_identify(src/ugv_sim/hunter_se/hunter_se_gazebo) by extensions ['colcon_pkg']
[0.332s] Level 1:colcon.colcon_core.package_identification:_identify(src/ugv_sim/hunter_se/hunter_se_gazebo) by extension 'colcon_pkg'
[0.332s] Level 1:colcon.colcon_core.package_identification:_identify(src/ugv_sim/hunter_se/hunter_se_gazebo) by extensions ['colcon_meta']
[0.332s] Level 1:colcon.colcon_core.package_identification:_identify(src/ugv_sim/hunter_se/hunter_se_gazebo) by extension 'colcon_meta'
[0.332s] Level 1:colcon.colcon_core.package_identification:_identify(src/ugv_sim/hunter_se/hunter_se_gazebo) by extensions ['ros']
[0.333s] Level 1:colcon.colcon_core.package_identification:_identify(src/ugv_sim/hunter_se/hunter_se_gazebo) by extension 'ros'
[0.333s] DEBUG:colcon.colcon_core.package_identification:Package 'src/ugv_sim/hunter_se/hunter_se_gazebo' with type 'ros.ament_cmake' and name 'hunter_se_gazebo'
[0.333s] Level 1:colcon.colcon_core.package_identification:_identify(src/ugv_sim/hunter_se/image) by extensions ['ignore', 'ignore_ament_install']
[0.333s] Level 1:colcon.colcon_core.package_identification:_identify(src/ugv_sim/hunter_se/image) by extension 'ignore'
[0.333s] Level 1:colcon.colcon_core.package_identification:_identify(src/ugv_sim/hunter_se/image) by extension 'ignore_ament_install'
[0.334s] Level 1:colcon.colcon_core.package_identification:_identify(src/ugv_sim/hunter_se/image) by extensions ['colcon_pkg']
[0.334s] Level 1:colcon.colcon_core.package_identification:_identify(src/ugv_sim/hunter_se/image) by extension 'colcon_pkg'
[0.334s] Level 1:colcon.colcon_core.package_identification:_identify(src/ugv_sim/hunter_se/image) by extensions ['colcon_meta']
[0.334s] Level 1:colcon.colcon_core.package_identification:_identify(src/ugv_sim/hunter_se/image) by extension 'colcon_meta'
[0.334s] Level 1:colcon.colcon_core.package_identification:_identify(src/ugv_sim/hunter_se/image) by extensions ['ros']
[0.334s] Level 1:colcon.colcon_core.package_identification:_identify(src/ugv_sim/hunter_se/image) by extension 'ros'
[0.334s] Level 1:colcon.colcon_core.package_identification:_identify(src/ugv_sim/hunter_se/image) by extensions ['cmake', 'python']
[0.334s] Level 1:colcon.colcon_core.package_identification:_identify(src/ugv_sim/hunter_se/image) by extension 'cmake'
[0.334s] Level 1:colcon.colcon_core.package_identification:_identify(src/ugv_sim/hunter_se/image) by extension 'python'
[0.334s] Level 1:colcon.colcon_core.package_identification:_identify(src/ugv_sim/hunter_se/image) by extensions ['python_setup_py']
[0.334s] Level 1:colcon.colcon_core.package_identification:_identify(src/ugv_sim/hunter_se/image) by extension 'python_setup_py'
[0.334s] Level 1:colcon.colcon_core.package_identification:_identify(src/ugv_sim/ranger) by extensions ['ignore', 'ignore_ament_install']
[0.334s] Level 1:colcon.colcon_core.package_identification:_identify(src/ugv_sim/ranger) by extension 'ignore'
[0.334s] Level 1:colcon.colcon_core.package_identification:_identify(src/ugv_sim/ranger) by extension 'ignore_ament_install'
[0.335s] Level 1:colcon.colcon_core.package_identification:_identify(src/ugv_sim/ranger) by extensions ['colcon_pkg']
[0.335s] Level 1:colcon.colcon_core.package_identification:_identify(src/ugv_sim/ranger) by extension 'colcon_pkg'
[0.335s] Level 1:colcon.colcon_core.package_identification:_identify(src/ugv_sim/ranger) by extensions ['colcon_meta']
[0.335s] Level 1:colcon.colcon_core.package_identification:_identify(src/ugv_sim/ranger) by extension 'colcon_meta'
[0.335s] Level 1:colcon.colcon_core.package_identification:_identify(src/ugv_sim/ranger) by extensions ['ros']
[0.335s] Level 1:colcon.colcon_core.package_identification:_identify(src/ugv_sim/ranger) by extension 'ros'
[0.335s] Level 1:colcon.colcon_core.package_identification:_identify(src/ugv_sim/ranger) by extensions ['cmake', 'python']
[0.335s] Level 1:colcon.colcon_core.package_identification:_identify(src/ugv_sim/ranger) by extension 'cmake'
[0.335s] Level 1:colcon.colcon_core.package_identification:_identify(src/ugv_sim/ranger) by extension 'python'
[0.335s] Level 1:colcon.colcon_core.package_identification:_identify(src/ugv_sim/ranger) by extensions ['python_setup_py']
[0.335s] Level 1:colcon.colcon_core.package_identification:_identify(src/ugv_sim/ranger) by extension 'python_setup_py'
[0.335s] Level 1:colcon.colcon_core.package_identification:_identify(src/ugv_sim/ranger/four_ws_control) by extensions ['ignore', 'ignore_ament_install']
[0.335s] Level 1:colcon.colcon_core.package_identification:_identify(src/ugv_sim/ranger/four_ws_control) by extension 'ignore'
[0.335s] Level 1:colcon.colcon_core.package_identification:_identify(src/ugv_sim/ranger/four_ws_control) by extension 'ignore_ament_install'
[0.335s] Level 1:colcon.colcon_core.package_identification:_identify(src/ugv_sim/ranger/four_ws_control) by extensions ['colcon_pkg']
[0.336s] Level 1:colcon.colcon_core.package_identification:_identify(src/ugv_sim/ranger/four_ws_control) by extension 'colcon_pkg'
[0.336s] Level 1:colcon.colcon_core.package_identification:_identify(src/ugv_sim/ranger/four_ws_control) by extensions ['colcon_meta']
[0.336s] Level 1:colcon.colcon_core.package_identification:_identify(src/ugv_sim/ranger/four_ws_control) by extension 'colcon_meta'
[0.336s] Level 1:colcon.colcon_core.package_identification:_identify(src/ugv_sim/ranger/four_ws_control) by extensions ['ros']
[0.336s] Level 1:colcon.colcon_core.package_identification:_identify(src/ugv_sim/ranger/four_ws_control) by extension 'ros'
[0.336s] DEBUG:colcon.colcon_core.package_identification:Package 'src/ugv_sim/ranger/four_ws_control' with type 'ros.ament_cmake' and name 'four_ws_control'
[0.336s] Level 1:colcon.colcon_core.package_identification:_identify(src/ugv_sim/ranger/imgae) by extensions ['ignore', 'ignore_ament_install']
[0.337s] Level 1:colcon.colcon_core.package_identification:_identify(src/ugv_sim/ranger/imgae) by extension 'ignore'
[0.337s] Level 1:colcon.colcon_core.package_identification:_identify(src/ugv_sim/ranger/imgae) by extension 'ignore_ament_install'
[0.337s] Level 1:colcon.colcon_core.package_identification:_identify(src/ugv_sim/ranger/imgae) by extensions ['colcon_pkg']
[0.337s] Level 1:colcon.colcon_core.package_identification:_identify(src/ugv_sim/ranger/imgae) by extension 'colcon_pkg'
[0.337s] Level 1:colcon.colcon_core.package_identification:_identify(src/ugv_sim/ranger/imgae) by extensions ['colcon_meta']
[0.337s] Level 1:colcon.colcon_core.package_identification:_identify(src/ugv_sim/ranger/imgae) by extension 'colcon_meta'
[0.337s] Level 1:colcon.colcon_core.package_identification:_identify(src/ugv_sim/ranger/imgae) by extensions ['ros']
[0.337s] Level 1:colcon.colcon_core.package_identification:_identify(src/ugv_sim/ranger/imgae) by extension 'ros'
[0.337s] Level 1:colcon.colcon_core.package_identification:_identify(src/ugv_sim/ranger/imgae) by extensions ['cmake', 'python']
[0.337s] Level 1:colcon.colcon_core.package_identification:_identify(src/ugv_sim/ranger/imgae) by extension 'cmake'
[0.337s] Level 1:colcon.colcon_core.package_identification:_identify(src/ugv_sim/ranger/imgae) by extension 'python'
[0.337s] Level 1:colcon.colcon_core.package_identification:_identify(src/ugv_sim/ranger/imgae) by extensions ['python_setup_py']
[0.337s] Level 1:colcon.colcon_core.package_identification:_identify(src/ugv_sim/ranger/imgae) by extension 'python_setup_py'
[0.337s] Level 1:colcon.colcon_core.package_identification:_identify(src/ugv_sim/ranger/ranger_mini) by extensions ['ignore', 'ignore_ament_install']
[0.337s] Level 1:colcon.colcon_core.package_identification:_identify(src/ugv_sim/ranger/ranger_mini) by extension 'ignore'
[0.338s] Level 1:colcon.colcon_core.package_identification:_identify(src/ugv_sim/ranger/ranger_mini) by extension 'ignore_ament_install'
[0.338s] Level 1:colcon.colcon_core.package_identification:_identify(src/ugv_sim/ranger/ranger_mini) by extensions ['colcon_pkg']
[0.338s] Level 1:colcon.colcon_core.package_identification:_identify(src/ugv_sim/ranger/ranger_mini) by extension 'colcon_pkg'
[0.338s] Level 1:colcon.colcon_core.package_identification:_identify(src/ugv_sim/ranger/ranger_mini) by extensions ['colcon_meta']
[0.338s] Level 1:colcon.colcon_core.package_identification:_identify(src/ugv_sim/ranger/ranger_mini) by extension 'colcon_meta'
[0.338s] Level 1:colcon.colcon_core.package_identification:_identify(src/ugv_sim/ranger/ranger_mini) by extensions ['ros']
[0.338s] Level 1:colcon.colcon_core.package_identification:_identify(src/ugv_sim/ranger/ranger_mini) by extension 'ros'
[0.339s] DEBUG:colcon.colcon_core.package_identification:Package 'src/ugv_sim/ranger/ranger_mini' with type 'ros.ament_cmake' and name 'ranger_mini'
[0.339s] Level 1:colcon.colcon_core.package_identification:_identify(src/ugv_sim/scout) by extensions ['ignore', 'ignore_ament_install']
[0.339s] Level 1:colcon.colcon_core.package_identification:_identify(src/ugv_sim/scout) by extension 'ignore'
[0.339s] Level 1:colcon.colcon_core.package_identification:_identify(src/ugv_sim/scout) by extension 'ignore_ament_install'
[0.339s] Level 1:colcon.colcon_core.package_identification:_identify(src/ugv_sim/scout) by extensions ['colcon_pkg']
[0.339s] Level 1:colcon.colcon_core.package_identification:_identify(src/ugv_sim/scout) by extension 'colcon_pkg'
[0.339s] Level 1:colcon.colcon_core.package_identification:_identify(src/ugv_sim/scout) by extensions ['colcon_meta']
[0.339s] Level 1:colcon.colcon_core.package_identification:_identify(src/ugv_sim/scout) by extension 'colcon_meta'
[0.339s] Level 1:colcon.colcon_core.package_identification:_identify(src/ugv_sim/scout) by extensions ['ros']
[0.339s] Level 1:colcon.colcon_core.package_identification:_identify(src/ugv_sim/scout) by extension 'ros'
[0.340s] Level 1:colcon.colcon_core.package_identification:_identify(src/ugv_sim/scout) by extensions ['cmake', 'python']
[0.340s] Level 1:colcon.colcon_core.package_identification:_identify(src/ugv_sim/scout) by extension 'cmake'
[0.340s] Level 1:colcon.colcon_core.package_identification:_identify(src/ugv_sim/scout) by extension 'python'
[0.340s] Level 1:colcon.colcon_core.package_identification:_identify(src/ugv_sim/scout) by extensions ['python_setup_py']
[0.340s] Level 1:colcon.colcon_core.package_identification:_identify(src/ugv_sim/scout) by extension 'python_setup_py'
[0.340s] Level 1:colcon.colcon_core.package_identification:_identify(src/ugv_sim/scout/image) by extensions ['ignore', 'ignore_ament_install']
[0.340s] Level 1:colcon.colcon_core.package_identification:_identify(src/ugv_sim/scout/image) by extension 'ignore'
[0.340s] Level 1:colcon.colcon_core.package_identification:_identify(src/ugv_sim/scout/image) by extension 'ignore_ament_install'
[0.340s] Level 1:colcon.colcon_core.package_identification:_identify(src/ugv_sim/scout/image) by extensions ['colcon_pkg']
[0.340s] Level 1:colcon.colcon_core.package_identification:_identify(src/ugv_sim/scout/image) by extension 'colcon_pkg'
[0.340s] Level 1:colcon.colcon_core.package_identification:_identify(src/ugv_sim/scout/image) by extensions ['colcon_meta']
[0.340s] Level 1:colcon.colcon_core.package_identification:_identify(src/ugv_sim/scout/image) by extension 'colcon_meta'
[0.340s] Level 1:colcon.colcon_core.package_identification:_identify(src/ugv_sim/scout/image) by extensions ['ros']
[0.340s] Level 1:colcon.colcon_core.package_identification:_identify(src/ugv_sim/scout/image) by extension 'ros'
[0.341s] Level 1:colcon.colcon_core.package_identification:_identify(src/ugv_sim/scout/image) by extensions ['cmake', 'python']
[0.341s] Level 1:colcon.colcon_core.package_identification:_identify(src/ugv_sim/scout/image) by extension 'cmake'
[0.341s] Level 1:colcon.colcon_core.package_identification:_identify(src/ugv_sim/scout/image) by extension 'python'
[0.341s] Level 1:colcon.colcon_core.package_identification:_identify(src/ugv_sim/scout/image) by extensions ['python_setup_py']
[0.341s] Level 1:colcon.colcon_core.package_identification:_identify(src/ugv_sim/scout/image) by extension 'python_setup_py'
[0.341s] Level 1:colcon.colcon_core.package_identification:_identify(src/ugv_sim/scout/scout_description) by extensions ['ignore', 'ignore_ament_install']
[0.341s] Level 1:colcon.colcon_core.package_identification:_identify(src/ugv_sim/scout/scout_description) by extension 'ignore'
[0.341s] Level 1:colcon.colcon_core.package_identification:_identify(src/ugv_sim/scout/scout_description) by extension 'ignore_ament_install'
[0.341s] Level 1:colcon.colcon_core.package_identification:_identify(src/ugv_sim/scout/scout_description) by extensions ['colcon_pkg']
[0.341s] Level 1:colcon.colcon_core.package_identification:_identify(src/ugv_sim/scout/scout_description) by extension 'colcon_pkg'
[0.341s] Level 1:colcon.colcon_core.package_identification:_identify(src/ugv_sim/scout/scout_description) by extensions ['colcon_meta']
[0.341s] Level 1:colcon.colcon_core.package_identification:_identify(src/ugv_sim/scout/scout_description) by extension 'colcon_meta'
[0.341s] Level 1:colcon.colcon_core.package_identification:_identify(src/ugv_sim/scout/scout_description) by extensions ['ros']
[0.342s] Level 1:colcon.colcon_core.package_identification:_identify(src/ugv_sim/scout/scout_description) by extension 'ros'
[0.342s] DEBUG:colcon.colcon_core.package_identification:Package 'src/ugv_sim/scout/scout_description' with type 'ros.ament_cmake' and name 'scout_description'
[0.342s] Level 1:colcon.colcon_core.package_identification:_identify(src/ugv_sim/scout/scout_gazebo_sim) by extensions ['ignore', 'ignore_ament_install']
[0.342s] Level 1:colcon.colcon_core.package_identification:_identify(src/ugv_sim/scout/scout_gazebo_sim) by extension 'ignore'
[0.342s] Level 1:colcon.colcon_core.package_identification:_identify(src/ugv_sim/scout/scout_gazebo_sim) by extension 'ignore_ament_install'
[0.343s] Level 1:colcon.colcon_core.package_identification:_identify(src/ugv_sim/scout/scout_gazebo_sim) by extensions ['colcon_pkg']
[0.343s] Level 1:colcon.colcon_core.package_identification:_identify(src/ugv_sim/scout/scout_gazebo_sim) by extension 'colcon_pkg'
[0.343s] Level 1:colcon.colcon_core.package_identification:_identify(src/ugv_sim/scout/scout_gazebo_sim) by extensions ['colcon_meta']
[0.343s] Level 1:colcon.colcon_core.package_identification:_identify(src/ugv_sim/scout/scout_gazebo_sim) by extension 'colcon_meta'
[0.343s] Level 1:colcon.colcon_core.package_identification:_identify(src/ugv_sim/scout/scout_gazebo_sim) by extensions ['ros']
[0.343s] Level 1:colcon.colcon_core.package_identification:_identify(src/ugv_sim/scout/scout_gazebo_sim) by extension 'ros'
[0.343s] DEBUG:colcon.colcon_core.package_identification:Package 'src/ugv_sim/scout/scout_gazebo_sim' with type 'ros.ament_cmake' and name 'scout_gazebo_sim'
[0.344s] Level 1:colcon.colcon_core.package_identification:_identify(src/ugv_sim/tracer) by extensions ['ignore', 'ignore_ament_install']
[0.344s] Level 1:colcon.colcon_core.package_identification:_identify(src/ugv_sim/tracer) by extension 'ignore'
[0.344s] Level 1:colcon.colcon_core.package_identification:_identify(src/ugv_sim/tracer) by extension 'ignore_ament_install'
[0.344s] Level 1:colcon.colcon_core.package_identification:_identify(src/ugv_sim/tracer) by extensions ['colcon_pkg']
[0.344s] Level 1:colcon.colcon_core.package_identification:_identify(src/ugv_sim/tracer) by extension 'colcon_pkg'
[0.344s] Level 1:colcon.colcon_core.package_identification:_identify(src/ugv_sim/tracer) by extensions ['colcon_meta']
[0.344s] Level 1:colcon.colcon_core.package_identification:_identify(src/ugv_sim/tracer) by extension 'colcon_meta'
[0.344s] Level 1:colcon.colcon_core.package_identification:_identify(src/ugv_sim/tracer) by extensions ['ros']
[0.344s] Level 1:colcon.colcon_core.package_identification:_identify(src/ugv_sim/tracer) by extension 'ros'
[0.344s] Level 1:colcon.colcon_core.package_identification:_identify(src/ugv_sim/tracer) by extensions ['cmake', 'python']
[0.344s] Level 1:colcon.colcon_core.package_identification:_identify(src/ugv_sim/tracer) by extension 'cmake'
[0.344s] Level 1:colcon.colcon_core.package_identification:_identify(src/ugv_sim/tracer) by extension 'python'
[0.344s] Level 1:colcon.colcon_core.package_identification:_identify(src/ugv_sim/tracer) by extensions ['python_setup_py']
[0.344s] Level 1:colcon.colcon_core.package_identification:_identify(src/ugv_sim/tracer) by extension 'python_setup_py'
[0.345s] Level 1:colcon.colcon_core.package_identification:_identify(src/ugv_sim/tracer/image) by extensions ['ignore', 'ignore_ament_install']
[0.345s] Level 1:colcon.colcon_core.package_identification:_identify(src/ugv_sim/tracer/image) by extension 'ignore'
[0.345s] Level 1:colcon.colcon_core.package_identification:_identify(src/ugv_sim/tracer/image) by extension 'ignore_ament_install'
[0.345s] Level 1:colcon.colcon_core.package_identification:_identify(src/ugv_sim/tracer/image) by extensions ['colcon_pkg']
[0.345s] Level 1:colcon.colcon_core.package_identification:_identify(src/ugv_sim/tracer/image) by extension 'colcon_pkg'
[0.345s] Level 1:colcon.colcon_core.package_identification:_identify(src/ugv_sim/tracer/image) by extensions ['colcon_meta']
[0.345s] Level 1:colcon.colcon_core.package_identification:_identify(src/ugv_sim/tracer/image) by extension 'colcon_meta'
[0.345s] Level 1:colcon.colcon_core.package_identification:_identify(src/ugv_sim/tracer/image) by extensions ['ros']
[0.345s] Level 1:colcon.colcon_core.package_identification:_identify(src/ugv_sim/tracer/image) by extension 'ros'
[0.345s] Level 1:colcon.colcon_core.package_identification:_identify(src/ugv_sim/tracer/image) by extensions ['cmake', 'python']
[0.345s] Level 1:colcon.colcon_core.package_identification:_identify(src/ugv_sim/tracer/image) by extension 'cmake'
[0.345s] Level 1:colcon.colcon_core.package_identification:_identify(src/ugv_sim/tracer/image) by extension 'python'
[0.345s] Level 1:colcon.colcon_core.package_identification:_identify(src/ugv_sim/tracer/image) by extensions ['python_setup_py']
[0.345s] Level 1:colcon.colcon_core.package_identification:_identify(src/ugv_sim/tracer/image) by extension 'python_setup_py'
[0.345s] Level 1:colcon.colcon_core.package_identification:_identify(src/ugv_sim/tracer/tracer_description) by extensions ['ignore', 'ignore_ament_install']
[0.346s] Level 1:colcon.colcon_core.package_identification:_identify(src/ugv_sim/tracer/tracer_description) by extension 'ignore'
[0.346s] Level 1:colcon.colcon_core.package_identification:_identify(src/ugv_sim/tracer/tracer_description) by extension 'ignore_ament_install'
[0.346s] Level 1:colcon.colcon_core.package_identification:_identify(src/ugv_sim/tracer/tracer_description) by extensions ['colcon_pkg']
[0.346s] Level 1:colcon.colcon_core.package_identification:_identify(src/ugv_sim/tracer/tracer_description) by extension 'colcon_pkg'
[0.346s] Level 1:colcon.colcon_core.package_identification:_identify(src/ugv_sim/tracer/tracer_description) by extensions ['colcon_meta']
[0.346s] Level 1:colcon.colcon_core.package_identification:_identify(src/ugv_sim/tracer/tracer_description) by extension 'colcon_meta'
[0.346s] Level 1:colcon.colcon_core.package_identification:_identify(src/ugv_sim/tracer/tracer_description) by extensions ['ros']
[0.346s] Level 1:colcon.colcon_core.package_identification:_identify(src/ugv_sim/tracer/tracer_description) by extension 'ros'
[0.347s] DEBUG:colcon.colcon_core.package_identification:Package 'src/ugv_sim/tracer/tracer_description' with type 'ros.ament_cmake' and name 'tracer_description'
[0.347s] Level 1:colcon.colcon_core.package_identification:_identify(src/ugv_sim/tracer/tracer_gazebo_sim) by extensions ['ignore', 'ignore_ament_install']
[0.347s] Level 1:colcon.colcon_core.package_identification:_identify(src/ugv_sim/tracer/tracer_gazebo_sim) by extension 'ignore'
[0.347s] Level 1:colcon.colcon_core.package_identification:_identify(src/ugv_sim/tracer/tracer_gazebo_sim) by extension 'ignore_ament_install'
[0.347s] Level 1:colcon.colcon_core.package_identification:_identify(src/ugv_sim/tracer/tracer_gazebo_sim) by extensions ['colcon_pkg']
[0.347s] Level 1:colcon.colcon_core.package_identification:_identify(src/ugv_sim/tracer/tracer_gazebo_sim) by extension 'colcon_pkg'
[0.347s] Level 1:colcon.colcon_core.package_identification:_identify(src/ugv_sim/tracer/tracer_gazebo_sim) by extensions ['colcon_meta']
[0.347s] Level 1:colcon.colcon_core.package_identification:_identify(src/ugv_sim/tracer/tracer_gazebo_sim) by extension 'colcon_meta'
[0.347s] Level 1:colcon.colcon_core.package_identification:_identify(src/ugv_sim/tracer/tracer_gazebo_sim) by extensions ['ros']
[0.347s] Level 1:colcon.colcon_core.package_identification:_identify(src/ugv_sim/tracer/tracer_gazebo_sim) by extension 'ros'
[0.348s] DEBUG:colcon.colcon_core.package_identification:Package 'src/ugv_sim/tracer/tracer_gazebo_sim' with type 'ros.ament_cmake' and name 'tracer_gazebo_sim'
[0.348s] Level 1:colcon.colcon_core.package_discovery:discover_packages(recursive) using defaults
[0.348s] Level 1:colcon.colcon_core.package_discovery:discover_packages(ignore) discover
[0.348s] Level 1:colcon.colcon_core.package_discovery:discover_packages(ignore) using defaults
[0.348s] Level 1:colcon.colcon_core.package_discovery:discover_packages(path) discover
[0.348s] Level 1:colcon.colcon_core.package_discovery:discover_packages(path) using defaults
[0.378s] Level 1:colcon.colcon_core.package_discovery:discover_packages(prefix_path) check parameters
[0.378s] Level 1:colcon.colcon_core.package_discovery:discover_packages(prefix_path) discover
[0.379s] Level 1:colcon.colcon_core.package_discovery:discover_packages(prefix_path) using defaults
[0.380s] Level 5:colcon.colcon_core.verb:set package 'four_ws_control' build argument 'cmake_args' from command line to 'None'
[0.380s] Level 5:colcon.colcon_core.verb:set package 'four_ws_control' build argument 'cmake_target' from command line to 'None'
[0.381s] Level 5:colcon.colcon_core.verb:set package 'four_ws_control' build argument 'cmake_target_skip_unavailable' from command line to 'False'
[0.381s] Level 5:colcon.colcon_core.verb:set package 'four_ws_control' build argument 'cmake_clean_cache' from command line to 'False'
[0.381s] Level 5:colcon.colcon_core.verb:set package 'four_ws_control' build argument 'cmake_clean_first' from command line to 'False'
[0.381s] Level 5:colcon.colcon_core.verb:set package 'four_ws_control' build argument 'cmake_force_configure' from command line to 'False'
[0.381s] Level 5:colcon.colcon_core.verb:set package 'four_ws_control' build argument 'ament_cmake_args' from command line to 'None'
[0.381s] Level 5:colcon.colcon_core.verb:set package 'four_ws_control' build argument 'catkin_cmake_args' from command line to 'None'
[0.381s] Level 5:colcon.colcon_core.verb:set package 'four_ws_control' build argument 'catkin_skip_building_tests' from command line to 'False'
[0.381s] DEBUG:colcon.colcon_core.verb:Building package 'four_ws_control' with the following arguments: {'ament_cmake_args': None, 'build_base': '/workspace/Projects/hunter_ws/build/four_ws_control', 'catkin_cmake_args': None, 'catkin_skip_building_tests': False, 'cmake_args': None, 'cmake_clean_cache': False, 'cmake_clean_first': False, 'cmake_force_configure': False, 'cmake_target': None, 'cmake_target_skip_unavailable': False, 'install_base': '/workspace/Projects/hunter_ws/install/four_ws_control', 'merge_install': False, 'path': '/workspace/Projects/hunter_ws/src/ugv_sim/ranger/four_ws_control', 'symlink_install': False, 'test_result_base': None}
[0.381s] Level 5:colcon.colcon_core.verb:set package 'hunter2_base' build argument 'cmake_args' from command line to 'None'
[0.381s] Level 5:colcon.colcon_core.verb:set package 'hunter2_base' build argument 'cmake_target' from command line to 'None'
[0.381s] Level 5:colcon.colcon_core.verb:set package 'hunter2_base' build argument 'cmake_target_skip_unavailable' from command line to 'False'
[0.381s] Level 5:colcon.colcon_core.verb:set package 'hunter2_base' build argument 'cmake_clean_cache' from command line to 'False'
[0.381s] Level 5:colcon.colcon_core.verb:set package 'hunter2_base' build argument 'cmake_clean_first' from command line to 'False'
[0.381s] Level 5:colcon.colcon_core.verb:set package 'hunter2_base' build argument 'cmake_force_configure' from command line to 'False'
[0.381s] Level 5:colcon.colcon_core.verb:set package 'hunter2_base' build argument 'ament_cmake_args' from command line to 'None'
[0.381s] Level 5:colcon.colcon_core.verb:set package 'hunter2_base' build argument 'catkin_cmake_args' from command line to 'None'
[0.381s] Level 5:colcon.colcon_core.verb:set package 'hunter2_base' build argument 'catkin_skip_building_tests' from command line to 'False'
[0.382s] DEBUG:colcon.colcon_core.verb:Building package 'hunter2_base' with the following arguments: {'ament_cmake_args': None, 'build_base': '/workspace/Projects/hunter_ws/build/hunter2_base', 'catkin_cmake_args': None, 'catkin_skip_building_tests': False, 'cmake_args': None, 'cmake_clean_cache': False, 'cmake_clean_first': False, 'cmake_force_configure': False, 'cmake_target': None, 'cmake_target_skip_unavailable': False, 'install_base': '/workspace/Projects/hunter_ws/install/hunter2_base', 'merge_install': False, 'path': '/workspace/Projects/hunter_ws/src/ugv_sim/hunter/hunter2_base', 'symlink_install': False, 'test_result_base': None}
[0.382s] Level 5:colcon.colcon_core.verb:set package 'hunter2_gazebo' build argument 'cmake_args' from command line to 'None'
[0.382s] Level 5:colcon.colcon_core.verb:set package 'hunter2_gazebo' build argument 'cmake_target' from command line to 'None'
[0.382s] Level 5:colcon.colcon_core.verb:set package 'hunter2_gazebo' build argument 'cmake_target_skip_unavailable' from command line to 'False'
[0.382s] Level 5:colcon.colcon_core.verb:set package 'hunter2_gazebo' build argument 'cmake_clean_cache' from command line to 'False'
[0.382s] Level 5:colcon.colcon_core.verb:set package 'hunter2_gazebo' build argument 'cmake_clean_first' from command line to 'False'
[0.382s] Level 5:colcon.colcon_core.verb:set package 'hunter2_gazebo' build argument 'cmake_force_configure' from command line to 'False'
[0.382s] Level 5:colcon.colcon_core.verb:set package 'hunter2_gazebo' build argument 'ament_cmake_args' from command line to 'None'
[0.382s] Level 5:colcon.colcon_core.verb:set package 'hunter2_gazebo' build argument 'catkin_cmake_args' from command line to 'None'
[0.382s] Level 5:colcon.colcon_core.verb:set package 'hunter2_gazebo' build argument 'catkin_skip_building_tests' from command line to 'False'
[0.382s] DEBUG:colcon.colcon_core.verb:Building package 'hunter2_gazebo' with the following arguments: {'ament_cmake_args': None, 'build_base': '/workspace/Projects/hunter_ws/build/hunter2_gazebo', 'catkin_cmake_args': None, 'catkin_skip_building_tests': False, 'cmake_args': None, 'cmake_clean_cache': False, 'cmake_clean_first': False, 'cmake_force_configure': False, 'cmake_target': None, 'cmake_target_skip_unavailable': False, 'install_base': '/workspace/Projects/hunter_ws/install/hunter2_gazebo', 'merge_install': False, 'path': '/workspace/Projects/hunter_ws/src/ugv_sim/hunter/hunter2_gazebo', 'symlink_install': False, 'test_result_base': None}
[0.383s] Level 5:colcon.colcon_core.verb:set package 'hunter_se_description' build argument 'cmake_args' from command line to 'None'
[0.383s] Level 5:colcon.colcon_core.verb:set package 'hunter_se_description' build argument 'cmake_target' from command line to 'None'
[0.383s] Level 5:colcon.colcon_core.verb:set package 'hunter_se_description' build argument 'cmake_target_skip_unavailable' from command line to 'False'
[0.383s] Level 5:colcon.colcon_core.verb:set package 'hunter_se_description' build argument 'cmake_clean_cache' from command line to 'False'
[0.383s] Level 5:colcon.colcon_core.verb:set package 'hunter_se_description' build argument 'cmake_clean_first' from command line to 'False'
[0.383s] Level 5:colcon.colcon_core.verb:set package 'hunter_se_description' build argument 'cmake_force_configure' from command line to 'False'
[0.383s] Level 5:colcon.colcon_core.verb:set package 'hunter_se_description' build argument 'ament_cmake_args' from command line to 'None'
[0.383s] Level 5:colcon.colcon_core.verb:set package 'hunter_se_description' build argument 'catkin_cmake_args' from command line to 'None'
[0.383s] Level 5:colcon.colcon_core.verb:set package 'hunter_se_description' build argument 'catkin_skip_building_tests' from command line to 'False'
[0.383s] DEBUG:colcon.colcon_core.verb:Building package 'hunter_se_description' with the following arguments: {'ament_cmake_args': None, 'build_base': '/workspace/Projects/hunter_ws/build/hunter_se_description', 'catkin_cmake_args': None, 'catkin_skip_building_tests': False, 'cmake_args': None, 'cmake_clean_cache': False, 'cmake_clean_first': False, 'cmake_force_configure': False, 'cmake_target': None, 'cmake_target_skip_unavailable': False, 'install_base': '/workspace/Projects/hunter_ws/install/hunter_se_description', 'merge_install': False, 'path': '/workspace/Projects/hunter_ws/src/ugv_sim/hunter_se/hunter_se_description', 'symlink_install': False, 'test_result_base': None}
[0.383s] Level 5:colcon.colcon_core.verb:set package 'hunter_se_gazebo' build argument 'cmake_args' from command line to 'None'
[0.383s] Level 5:colcon.colcon_core.verb:set package 'hunter_se_gazebo' build argument 'cmake_target' from command line to 'None'
[0.383s] Level 5:colcon.colcon_core.verb:set package 'hunter_se_gazebo' build argument 'cmake_target_skip_unavailable' from command line to 'False'
[0.384s] Level 5:colcon.colcon_core.verb:set package 'hunter_se_gazebo' build argument 'cmake_clean_cache' from command line to 'False'
[0.384s] Level 5:colcon.colcon_core.verb:set package 'hunter_se_gazebo' build argument 'cmake_clean_first' from command line to 'False'
[0.384s] Level 5:colcon.colcon_core.verb:set package 'hunter_se_gazebo' build argument 'cmake_force_configure' from command line to 'False'
[0.384s] Level 5:colcon.colcon_core.verb:set package 'hunter_se_gazebo' build argument 'ament_cmake_args' from command line to 'None'
[0.384s] Level 5:colcon.colcon_core.verb:set package 'hunter_se_gazebo' build argument 'catkin_cmake_args' from command line to 'None'
[0.384s] Level 5:colcon.colcon_core.verb:set package 'hunter_se_gazebo' build argument 'catkin_skip_building_tests' from command line to 'False'
[0.384s] DEBUG:colcon.colcon_core.verb:Building package 'hunter_se_gazebo' with the following arguments: {'ament_cmake_args': None, 'build_base': '/workspace/Projects/hunter_ws/build/hunter_se_gazebo', 'catkin_cmake_args': None, 'catkin_skip_building_tests': False, 'cmake_args': None, 'cmake_clean_cache': False, 'cmake_clean_first': False, 'cmake_force_configure': False, 'cmake_target': None, 'cmake_target_skip_unavailable': False, 'install_base': '/workspace/Projects/hunter_ws/install/hunter_se_gazebo', 'merge_install': False, 'path': '/workspace/Projects/hunter_ws/src/ugv_sim/hunter_se/hunter_se_gazebo', 'symlink_install': False, 'test_result_base': None}
[0.384s] Level 5:colcon.colcon_core.verb:set package 'ranger_mini' build argument 'cmake_args' from command line to 'None'
[0.384s] Level 5:colcon.colcon_core.verb:set package 'ranger_mini' build argument 'cmake_target' from command line to 'None'
[0.384s] Level 5:colcon.colcon_core.verb:set package 'ranger_mini' build argument 'cmake_target_skip_unavailable' from command line to 'False'
[0.384s] Level 5:colcon.colcon_core.verb:set package 'ranger_mini' build argument 'cmake_clean_cache' from command line to 'False'
[0.384s] Level 5:colcon.colcon_core.verb:set package 'ranger_mini' build argument 'cmake_clean_first' from command line to 'False'
[0.384s] Level 5:colcon.colcon_core.verb:set package 'ranger_mini' build argument 'cmake_force_configure' from command line to 'False'
[0.384s] Level 5:colcon.colcon_core.verb:set package 'ranger_mini' build argument 'ament_cmake_args' from command line to 'None'
[0.384s] Level 5:colcon.colcon_core.verb:set package 'ranger_mini' build argument 'catkin_cmake_args' from command line to 'None'
[0.384s] Level 5:colcon.colcon_core.verb:set package 'ranger_mini' build argument 'catkin_skip_building_tests' from command line to 'False'
[0.384s] DEBUG:colcon.colcon_core.verb:Building package 'ranger_mini' with the following arguments: {'ament_cmake_args': None, 'build_base': '/workspace/Projects/hunter_ws/build/ranger_mini', 'catkin_cmake_args': None, 'catkin_skip_building_tests': False, 'cmake_args': None, 'cmake_clean_cache': False, 'cmake_clean_first': False, 'cmake_force_configure': False, 'cmake_target': None, 'cmake_target_skip_unavailable': False, 'install_base': '/workspace/Projects/hunter_ws/install/ranger_mini', 'merge_install': False, 'path': '/workspace/Projects/hunter_ws/src/ugv_sim/ranger/ranger_mini', 'symlink_install': False, 'test_result_base': None}
[0.385s] Level 5:colcon.colcon_core.verb:set package 'scout_description' build argument 'cmake_args' from command line to 'None'
[0.385s] Level 5:colcon.colcon_core.verb:set package 'scout_description' build argument 'cmake_target' from command line to 'None'
[0.385s] Level 5:colcon.colcon_core.verb:set package 'scout_description' build argument 'cmake_target_skip_unavailable' from command line to 'False'
[0.385s] Level 5:colcon.colcon_core.verb:set package 'scout_description' build argument 'cmake_clean_cache' from command line to 'False'
[0.385s] Level 5:colcon.colcon_core.verb:set package 'scout_description' build argument 'cmake_clean_first' from command line to 'False'
[0.385s] Level 5:colcon.colcon_core.verb:set package 'scout_description' build argument 'cmake_force_configure' from command line to 'False'
[0.385s] Level 5:colcon.colcon_core.verb:set package 'scout_description' build argument 'ament_cmake_args' from command line to 'None'
[0.385s] Level 5:colcon.colcon_core.verb:set package 'scout_description' build argument 'catkin_cmake_args' from command line to 'None'
[0.385s] Level 5:colcon.colcon_core.verb:set package 'scout_description' build argument 'catkin_skip_building_tests' from command line to 'False'
[0.385s] DEBUG:colcon.colcon_core.verb:Building package 'scout_description' with the following arguments: {'ament_cmake_args': None, 'build_base': '/workspace/Projects/hunter_ws/build/scout_description', 'catkin_cmake_args': None, 'catkin_skip_building_tests': False, 'cmake_args': None, 'cmake_clean_cache': False, 'cmake_clean_first': False, 'cmake_force_configure': False, 'cmake_target': None, 'cmake_target_skip_unavailable': False, 'install_base': '/workspace/Projects/hunter_ws/install/scout_description', 'merge_install': False, 'path': '/workspace/Projects/hunter_ws/src/ugv_sim/scout/scout_description', 'symlink_install': False, 'test_result_base': None}
[0.386s] Level 5:colcon.colcon_core.verb:set package 'scout_gazebo_sim' build argument 'cmake_args' from command line to 'None'
[0.386s] Level 5:colcon.colcon_core.verb:set package 'scout_gazebo_sim' build argument 'cmake_target' from command line to 'None'
[0.386s] Level 5:colcon.colcon_core.verb:set package 'scout_gazebo_sim' build argument 'cmake_target_skip_unavailable' from command line to 'False'
[0.386s] Level 5:colcon.colcon_core.verb:set package 'scout_gazebo_sim' build argument 'cmake_clean_cache' from command line to 'False'
[0.386s] Level 5:colcon.colcon_core.verb:set package 'scout_gazebo_sim' build argument 'cmake_clean_first' from command line to 'False'
[0.386s] Level 5:colcon.colcon_core.verb:set package 'scout_gazebo_sim' build argument 'cmake_force_configure' from command line to 'False'
[0.386s] Level 5:colcon.colcon_core.verb:set package 'scout_gazebo_sim' build argument 'ament_cmake_args' from command line to 'None'
[0.386s] Level 5:colcon.colcon_core.verb:set package 'scout_gazebo_sim' build argument 'catkin_cmake_args' from command line to 'None'
[0.386s] Level 5:colcon.colcon_core.verb:set package 'scout_gazebo_sim' build argument 'catkin_skip_building_tests' from command line to 'False'
[0.386s] DEBUG:colcon.colcon_core.verb:Building package 'scout_gazebo_sim' with the following arguments: {'ament_cmake_args': None, 'build_base': '/workspace/Projects/hunter_ws/build/scout_gazebo_sim', 'catkin_cmake_args': None, 'catkin_skip_building_tests': False, 'cmake_args': None, 'cmake_clean_cache': False, 'cmake_clean_first': False, 'cmake_force_configure': False, 'cmake_target': None, 'cmake_target_skip_unavailable': False, 'install_base': '/workspace/Projects/hunter_ws/install/scout_gazebo_sim', 'merge_install': False, 'path': '/workspace/Projects/hunter_ws/src/ugv_sim/scout/scout_gazebo_sim', 'symlink_install': False, 'test_result_base': None}
[0.386s] Level 5:colcon.colcon_core.verb:set package 'tracer_description' build argument 'cmake_args' from command line to 'None'
[0.386s] Level 5:colcon.colcon_core.verb:set package 'tracer_description' build argument 'cmake_target' from command line to 'None'
[0.386s] Level 5:colcon.colcon_core.verb:set package 'tracer_description' build argument 'cmake_target_skip_unavailable' from command line to 'False'
[0.386s] Level 5:colcon.colcon_core.verb:set package 'tracer_description' build argument 'cmake_clean_cache' from command line to 'False'
[0.386s] Level 5:colcon.colcon_core.verb:set package 'tracer_description' build argument 'cmake_clean_first' from command line to 'False'
[0.386s] Level 5:colcon.colcon_core.verb:set package 'tracer_description' build argument 'cmake_force_configure' from command line to 'False'
[0.386s] Level 5:colcon.colcon_core.verb:set package 'tracer_description' build argument 'ament_cmake_args' from command line to 'None'
[0.386s] Level 5:colcon.colcon_core.verb:set package 'tracer_description' build argument 'catkin_cmake_args' from command line to 'None'
[0.387s] Level 5:colcon.colcon_core.verb:set package 'tracer_description' build argument 'catkin_skip_building_tests' from command line to 'False'
[0.387s] DEBUG:colcon.colcon_core.verb:Building package 'tracer_description' with the following arguments: {'ament_cmake_args': None, 'build_base': '/workspace/Projects/hunter_ws/build/tracer_description', 'catkin_cmake_args': None, 'catkin_skip_building_tests': False, 'cmake_args': None, 'cmake_clean_cache': False, 'cmake_clean_first': False, 'cmake_force_configure': False, 'cmake_target': None, 'cmake_target_skip_unavailable': False, 'install_base': '/workspace/Projects/hunter_ws/install/tracer_description', 'merge_install': False, 'path': '/workspace/Projects/hunter_ws/src/ugv_sim/tracer/tracer_description', 'symlink_install': False, 'test_result_base': None}
[0.387s] Level 5:colcon.colcon_core.verb:set package 'tracer_gazebo_sim' build argument 'cmake_args' from command line to 'None'
[0.387s] Level 5:colcon.colcon_core.verb:set package 'tracer_gazebo_sim' build argument 'cmake_target' from command line to 'None'
[0.387s] Level 5:colcon.colcon_core.verb:set package 'tracer_gazebo_sim' build argument 'cmake_target_skip_unavailable' from command line to 'False'
[0.387s] Level 5:colcon.colcon_core.verb:set package 'tracer_gazebo_sim' build argument 'cmake_clean_cache' from command line to 'False'
[0.387s] Level 5:colcon.colcon_core.verb:set package 'tracer_gazebo_sim' build argument 'cmake_clean_first' from command line to 'False'
[0.387s] Level 5:colcon.colcon_core.verb:set package 'tracer_gazebo_sim' build argument 'cmake_force_configure' from command line to 'False'
[0.387s] Level 5:colcon.colcon_core.verb:set package 'tracer_gazebo_sim' build argument 'ament_cmake_args' from command line to 'None'
[0.387s] Level 5:colcon.colcon_core.verb:set package 'tracer_gazebo_sim' build argument 'catkin_cmake_args' from command line to 'None'
[0.387s] Level 5:colcon.colcon_core.verb:set package 'tracer_gazebo_sim' build argument 'catkin_skip_building_tests' from command line to 'False'
[0.387s] DEBUG:colcon.colcon_core.verb:Building package 'tracer_gazebo_sim' with the following arguments: {'ament_cmake_args': None, 'build_base': '/workspace/Projects/hunter_ws/build/tracer_gazebo_sim', 'catkin_cmake_args': None, 'catkin_skip_building_tests': False, 'cmake_args': None, 'cmake_clean_cache': False, 'cmake_clean_first': False, 'cmake_force_configure': False, 'cmake_target': None, 'cmake_target_skip_unavailable': False, 'install_base': '/workspace/Projects/hunter_ws/install/tracer_gazebo_sim', 'merge_install': False, 'path': '/workspace/Projects/hunter_ws/src/ugv_sim/tracer/tracer_gazebo_sim', 'symlink_install': False, 'test_result_base': None}
[0.387s] INFO:colcon.colcon_core.executor:Executing jobs using 'parallel' executor
[0.389s] DEBUG:colcon.colcon_parallel_executor.executor.parallel:run_until_complete
[0.389s] INFO:colcon.colcon_ros.task.ament_cmake.build:Building ROS package in '/workspace/Projects/hunter_ws/src/ugv_sim/ranger/four_ws_control' with build type 'ament_cmake'
[0.389s] INFO:colcon.colcon_cmake.task.cmake.build:Building CMake package in '/workspace/Projects/hunter_ws/src/ugv_sim/ranger/four_ws_control'
[0.392s] INFO:colcon.colcon_core.plugin_system:Skipping extension 'colcon_core.shell.bat': Not used on non-Windows systems
[0.392s] INFO:colcon.colcon_core.shell:Skip shell extension 'powershell' for command environment: Not usable outside of PowerShell
[0.392s] DEBUG:colcon.colcon_core.shell:Skip shell extension 'dsv' for command environment
[0.394s] INFO:colcon.colcon_ros.task.ament_cmake.build:Building ROS package in '/workspace/Projects/hunter_ws/src/ugv_sim/hunter/hunter2_base' with build type 'ament_cmake'
[0.394s] INFO:colcon.colcon_cmake.task.cmake.build:Building CMake package in '/workspace/Projects/hunter_ws/src/ugv_sim/hunter/hunter2_base'
[0.394s] INFO:colcon.colcon_core.shell:Skip shell extension 'powershell' for command environment: Not usable outside of PowerShell
[0.394s] DEBUG:colcon.colcon_core.shell:Skip shell extension 'dsv' for command environment
[0.396s] INFO:colcon.colcon_ros.task.ament_cmake.build:Building ROS package in '/workspace/Projects/hunter_ws/src/ugv_sim/hunter/hunter2_gazebo' with build type 'ament_cmake'
[0.396s] INFO:colcon.colcon_cmake.task.cmake.build:Building CMake package in '/workspace/Projects/hunter_ws/src/ugv_sim/hunter/hunter2_gazebo'
[0.397s] INFO:colcon.colcon_core.shell:Skip shell extension 'powershell' for command environment: Not usable outside of PowerShell
[0.397s] DEBUG:colcon.colcon_core.shell:Skip shell extension 'dsv' for command environment
[0.398s] INFO:colcon.colcon_ros.task.ament_cmake.build:Building ROS package in '/workspace/Projects/hunter_ws/src/ugv_sim/hunter_se/hunter_se_description' with build type 'ament_cmake'
[0.398s] INFO:colcon.colcon_cmake.task.cmake.build:Building CMake package in '/workspace/Projects/hunter_ws/src/ugv_sim/hunter_se/hunter_se_description'
[0.399s] INFO:colcon.colcon_core.shell:Skip shell extension 'powershell' for command environment: Not usable outside of PowerShell
[0.399s] DEBUG:colcon.colcon_core.shell:Skip shell extension 'dsv' for command environment
[0.400s] INFO:colcon.colcon_ros.task.ament_cmake.build:Building ROS package in '/workspace/Projects/hunter_ws/src/ugv_sim/hunter_se/hunter_se_gazebo' with build type 'ament_cmake'
[0.401s] INFO:colcon.colcon_cmake.task.cmake.build:Building CMake package in '/workspace/Projects/hunter_ws/src/ugv_sim/hunter_se/hunter_se_gazebo'
[0.402s] INFO:colcon.colcon_core.shell:Skip shell extension 'powershell' for command environment: Not usable outside of PowerShell
[0.402s] DEBUG:colcon.colcon_core.shell:Skip shell extension 'dsv' for command environment
[0.405s] INFO:colcon.colcon_ros.task.ament_cmake.build:Building ROS package in '/workspace/Projects/hunter_ws/src/ugv_sim/ranger/ranger_mini' with build type 'ament_cmake'
[0.405s] INFO:colcon.colcon_cmake.task.cmake.build:Building CMake package in '/workspace/Projects/hunter_ws/src/ugv_sim/ranger/ranger_mini'
[0.405s] INFO:colcon.colcon_core.shell:Skip shell extension 'powershell' for command environment: Not usable outside of PowerShell
[0.406s] DEBUG:colcon.colcon_core.shell:Skip shell extension 'dsv' for command environment
[0.407s] INFO:colcon.colcon_ros.task.ament_cmake.build:Building ROS package in '/workspace/Projects/hunter_ws/src/ugv_sim/scout/scout_description' with build type 'ament_cmake'
[0.408s] INFO:colcon.colcon_cmake.task.cmake.build:Building CMake package in '/workspace/Projects/hunter_ws/src/ugv_sim/scout/scout_description'
[0.408s] INFO:colcon.colcon_core.shell:Skip shell extension 'powershell' for command environment: Not usable outside of PowerShell
[0.408s] DEBUG:colcon.colcon_core.shell:Skip shell extension 'dsv' for command environment
[0.410s] INFO:colcon.colcon_ros.task.ament_cmake.build:Building ROS package in '/workspace/Projects/hunter_ws/src/ugv_sim/scout/scout_gazebo_sim' with build type 'ament_cmake'
[0.410s] INFO:colcon.colcon_cmake.task.cmake.build:Building CMake package in '/workspace/Projects/hunter_ws/src/ugv_sim/scout/scout_gazebo_sim'
[0.411s] INFO:colcon.colcon_core.shell:Skip shell extension 'powershell' for command environment: Not usable outside of PowerShell
[0.411s] DEBUG:colcon.colcon_core.shell:Skip shell extension 'dsv' for command environment
[0.422s] DEBUG:colcon.colcon_core.event_handler.log_command:Invoking command in '/workspace/Projects/hunter_ws/build/four_ws_control': /usr/bin/cmake /workspace/Projects/hunter_ws/src/ugv_sim/ranger/four_ws_control -DCMAKE_INSTALL_PREFIX=/workspace/Projects/hunter_ws/install/four_ws_control
[0.429s] DEBUG:colcon.colcon_core.event_handler.log_command:Invoking command in '/workspace/Projects/hunter_ws/build/hunter2_base': /usr/bin/cmake /workspace/Projects/hunter_ws/src/ugv_sim/hunter/hunter2_base -DCMAKE_INSTALL_PREFIX=/workspace/Projects/hunter_ws/install/hunter2_base
[0.437s] DEBUG:colcon.colcon_core.event_handler.log_command:Invoking command in '/workspace/Projects/hunter_ws/build/hunter2_gazebo': /usr/bin/cmake /workspace/Projects/hunter_ws/src/ugv_sim/hunter/hunter2_gazebo -DCMAKE_INSTALL_PREFIX=/workspace/Projects/hunter_ws/install/hunter2_gazebo
[0.449s] DEBUG:colcon.colcon_core.event_handler.log_command:Invoking command in '/workspace/Projects/hunter_ws/build/hunter_se_description': /usr/bin/cmake /workspace/Projects/hunter_ws/src/ugv_sim/hunter_se/hunter_se_description -DCMAKE_INSTALL_PREFIX=/workspace/Projects/hunter_ws/install/hunter_se_description
[0.474s] DEBUG:colcon.colcon_core.event_handler.log_command:Invoking command in '/workspace/Projects/hunter_ws/build/hunter_se_gazebo': /usr/bin/cmake /workspace/Projects/hunter_ws/src/ugv_sim/hunter_se/hunter_se_gazebo -DCMAKE_INSTALL_PREFIX=/workspace/Projects/hunter_ws/install/hunter_se_gazebo
[0.485s] DEBUG:colcon.colcon_core.event_handler.log_command:Invoking command in '/workspace/Projects/hunter_ws/build/ranger_mini': /usr/bin/cmake /workspace/Projects/hunter_ws/src/ugv_sim/ranger/ranger_mini -DCMAKE_INSTALL_PREFIX=/workspace/Projects/hunter_ws/install/ranger_mini
[0.489s] DEBUG:colcon.colcon_core.event_handler.log_command:Invoking command in '/workspace/Projects/hunter_ws/build/scout_description': /usr/bin/cmake /workspace/Projects/hunter_ws/src/ugv_sim/scout/scout_description -DCMAKE_INSTALL_PREFIX=/workspace/Projects/hunter_ws/install/scout_description
[0.501s] DEBUG:colcon.colcon_core.event_handler.log_command:Invoking command in '/workspace/Projects/hunter_ws/build/scout_gazebo_sim': /usr/bin/cmake /workspace/Projects/hunter_ws/src/ugv_sim/scout/scout_gazebo_sim -DCMAKE_INSTALL_PREFIX=/workspace/Projects/hunter_ws/install/scout_gazebo_sim
[1.417s] DEBUG:colcon.colcon_core.event_handler.log_command:Invoked command in '/workspace/Projects/hunter_ws/build/hunter_se_gazebo' returned '1': /usr/bin/cmake /workspace/Projects/hunter_ws/src/ugv_sim/hunter_se/hunter_se_gazebo -DCMAKE_INSTALL_PREFIX=/workspace/Projects/hunter_ws/install/hunter_se_gazebo
[1.443s] DEBUG:colcon.colcon_core.event_handler.log_command:Invoked command in '/workspace/Projects/hunter_ws/build/hunter2_gazebo' returned '1': /usr/bin/cmake /workspace/Projects/hunter_ws/src/ugv_sim/hunter/hunter2_gazebo -DCMAKE_INSTALL_PREFIX=/workspace/Projects/hunter_ws/install/hunter2_gazebo
[1.452s] DEBUG:colcon.colcon_core.event_handler.log_command:Invoked command in '/workspace/Projects/hunter_ws/build/scout_description' returned '1': /usr/bin/cmake /workspace/Projects/hunter_ws/src/ugv_sim/scout/scout_description -DCMAKE_INSTALL_PREFIX=/workspace/Projects/hunter_ws/install/scout_description
[1.452s] DEBUG:colcon.colcon_core.event_handler.log_command:Invoked command in '/workspace/Projects/hunter_ws/build/four_ws_control' returned '1': /usr/bin/cmake /workspace/Projects/hunter_ws/src/ugv_sim/ranger/four_ws_control -DCMAKE_INSTALL_PREFIX=/workspace/Projects/hunter_ws/install/four_ws_control
[1.454s] Level 1:colcon.colcon_core.environment:create_environment_scripts_only(hunter_se_gazebo)
[1.459s] Level 1:colcon.colcon_core.environment:checking '/workspace/Projects/hunter_ws/install/hunter_se_gazebo' for CMake module files
[1.460s] Level 1:colcon.colcon_core.environment:checking '/workspace/Projects/hunter_ws/install/hunter_se_gazebo' for CMake config files
[1.460s] Level 1:colcon.colcon_core.environment:checking '/workspace/Projects/hunter_ws/install/hunter_se_gazebo/bin'
[1.460s] Level 1:colcon.colcon_core.environment:checking '/workspace/Projects/hunter_ws/install/hunter_se_gazebo/lib/pkgconfig/hunter_se_gazebo.pc'
[1.464s] Level 1:colcon.colcon_core.environment:checking '/workspace/Projects/hunter_ws/install/hunter_se_gazebo/lib/python3.10/site-packages'
[1.464s] Level 1:colcon.colcon_core.environment:checking '/workspace/Projects/hunter_ws/install/hunter_se_gazebo/bin'
[1.465s] INFO:colcon.colcon_core.shell:Creating package script '/workspace/Projects/hunter_ws/install/hunter_se_gazebo/share/hunter_se_gazebo/package.ps1'
[1.468s] INFO:colcon.colcon_core.shell:Creating package descriptor '/workspace/Projects/hunter_ws/install/hunter_se_gazebo/share/hunter_se_gazebo/package.dsv'
[1.470s] INFO:colcon.colcon_core.shell:Creating package script '/workspace/Projects/hunter_ws/install/hunter_se_gazebo/share/hunter_se_gazebo/package.sh'
[1.472s] INFO:colcon.colcon_core.shell:Creating package script '/workspace/Projects/hunter_ws/install/hunter_se_gazebo/share/hunter_se_gazebo/package.bash'
[1.473s] INFO:colcon.colcon_core.shell:Creating package script '/workspace/Projects/hunter_ws/install/hunter_se_gazebo/share/hunter_se_gazebo/package.zsh'
[1.474s] Level 1:colcon.colcon_core.environment:create_file_with_runtime_dependencies(/workspace/Projects/hunter_ws/install/hunter_se_gazebo/share/colcon-core/packages/hunter_se_gazebo)
[1.489s] DEBUG:colcon.colcon_parallel_executor.executor.parallel:closing loop
[1.489s] DEBUG:colcon.colcon_parallel_executor.executor.parallel:loop closed
[1.489s] DEBUG:colcon.colcon_parallel_executor.executor.parallel:run_until_complete finished with '1'
[1.490s] DEBUG:colcon.colcon_core.event_reactor:joining thread
[1.503s] INFO:colcon.colcon_core.plugin_system:Skipping extension 'colcon_notification.desktop_notification.notify_send': Could not find 'notify-send'
[1.503s] INFO:colcon.colcon_core.plugin_system:Skipping extension 'colcon_notification.desktop_notification.terminal_notifier': Not used on non-Darwin systems
[1.504s] INFO:colcon.colcon_core.plugin_system:Skipping extension 'colcon_notification.desktop_notification.win32': Not used on non-Windows systems
[1.504s] INFO:colcon.colcon_notification.desktop_notification:Sending desktop notification using 'notify2'
[1.507s] DEBUG:colcon.colcon_notification.desktop_notification.notify2:Failed to initialize notify2: org.freedesktop.DBus.Error.Spawn.ExecFailed: /usr/bin/dbus-launch terminated abnormally without any error message
[1.508s] DEBUG:colcon.colcon_core.event_reactor:joined thread
[1.509s] INFO:colcon.colcon_core.shell:Creating prefix script '/workspace/Projects/hunter_ws/install/local_setup.ps1'
[1.510s] INFO:colcon.colcon_core.shell:Creating prefix util module '/workspace/Projects/hunter_ws/install/_local_setup_util_ps1.py'
[1.512s] INFO:colcon.colcon_core.shell:Creating prefix chain script '/workspace/Projects/hunter_ws/install/setup.ps1'
[1.514s] INFO:colcon.colcon_core.shell:Creating prefix script '/workspace/Projects/hunter_ws/install/local_setup.sh'
[1.514s] INFO:colcon.colcon_core.shell:Creating prefix util module '/workspace/Projects/hunter_ws/install/_local_setup_util_sh.py'
[1.515s] INFO:colcon.colcon_core.shell:Creating prefix chain script '/workspace/Projects/hunter_ws/install/setup.sh'
[1.516s] INFO:colcon.colcon_core.shell:Creating prefix script '/workspace/Projects/hunter_ws/install/local_setup.bash'
[1.517s] INFO:colcon.colcon_core.shell:Creating prefix chain script '/workspace/Projects/hunter_ws/install/setup.bash'
[1.518s] INFO:colcon.colcon_core.shell:Creating prefix script '/workspace/Projects/hunter_ws/install/local_setup.zsh'
[1.519s] INFO:colcon.colcon_core.shell:Creating prefix chain script '/workspace/Projects/hunter_ws/install/setup.zsh'
