[0.073s] Invoking command in '/workspace/Projects/hunter_ws/build/hunter_se_gazebo': /usr/bin/cmake /workspace/Projects/hunter_ws/src/ugv_sim/hunter_se/hunter_se_gazebo -DCMAKE_INSTALL_PREFIX=/workspace/Projects/hunter_ws/install/hunter_se_gazebo
[0.283s] -- The C compiler identification is GNU 11.4.0
[0.466s] -- The CXX compiler identification is GNU 11.4.0
[0.485s] -- Detecting C compiler ABI info
[0.700s] -- Detecting C compiler ABI info - done
[0.721s] -- Check for working C compiler: /usr/bin/cc - skipped
[0.725s] -- Detecting C compile features
[0.725s] -- Detecting C compile features - done
[0.728s] -- Detecting CXX compiler ABI info
[0.965s] -- Detecting CXX compiler ABI info - done
[0.992s] -- Check for working CXX compiler: /usr/bin/c++ - skipped
[0.992s] -- Detecting CXX compile features
[0.992s] -- Detecting CXX compile features - done
[1.003s] [31mCMake Error at CMakeLists.txt:19 (find_package):
[1.003s]   By not providing "Findament_cmake.cmake" in CMAKE_MODULE_PATH this project
[1.004s]   has asked CMake to find a package configuration file provided by
[1.005s]   "ament_cmake", but CMake did not find one.
[1.005s] 
[1.005s]   Could not find a package configuration file provided by "ament_cmake" with
[1.005s]   any of the following names:
[1.006s] 
[1.006s]     ament_cmakeConfig.cmake
[1.006s]     ament_cmake-config.cmake
[1.006s] 
[1.006s]   Add the installation prefix of "ament_cmake" to CMAKE_PREFIX_PATH or set
[1.007s]   "ament_cmake_DIR" to a directory containing one of the above files.  If
[1.007s]   "ament_cmake" provides a separate development package or SDK, be sure it
[1.007s]   has been installed.
[1.007s] 
[1.008s] [0m
[1.010s] -- Configuring incomplete, errors occurred!
[1.014s] See also "/workspace/Projects/hunter_ws/build/hunter_se_gazebo/CMakeFiles/CMakeOutput.log".
[1.016s] Invoked command in '/workspace/Projects/hunter_ws/build/hunter_se_gazebo' returned '1': /usr/bin/cmake /workspace/Projects/hunter_ws/src/ugv_sim/hunter_se/hunter_se_gazebo -DCMAKE_INSTALL_PREFIX=/workspace/Projects/hunter_ws/install/hunter_se_gazebo
