[0.112s] Invoking command in '/workspace/Projects/build/four_ws_control': CMAKE_PREFIX_PATH=${CMAKE_PREFIX_PATH}:/workspace/Projects/install/sevensense_pkg:/workspace/install/sevensense_pkg:/opt/ros/humble /usr/bin/cmake --build /workspace/Projects/build/four_ws_control -- -j8 -l8
[0.230s] Invoked command in '/workspace/Projects/build/four_ws_control' returned '0': CMAKE_PREFIX_PATH=${CMAKE_PREFIX_PATH}:/workspace/Projects/install/sevensense_pkg:/workspace/install/sevensense_pkg:/opt/ros/humble /usr/bin/cmake --build /workspace/Projects/build/four_ws_control -- -j8 -l8
[0.258s] Invoking command in '/workspace/Projects/build/four_ws_control': CMAKE_PREFIX_PATH=${CMAKE_PREFIX_PATH}:/workspace/Projects/install/sevensense_pkg:/workspace/install/sevensense_pkg:/opt/ros/humble /usr/bin/cmake --install /workspace/Projects/build/four_ws_control
[0.286s] -- Install configuration: ""
[0.288s] -- Up-to-date: /workspace/Projects/install/four_ws_control/share/four_ws_control//scripts
[0.288s] -- Up-to-date: /workspace/Projects/install/four_ws_control/share/four_ws_control//scripts/robot_control.py
[0.288s] -- Up-to-date: /workspace/Projects/install/four_ws_control/share/four_ws_control//launch
[0.289s] -- Up-to-date: /workspace/Projects/install/four_ws_control/share/four_ws_control//launch/four_ws_control.launch.py
[0.289s] -- Up-to-date: /workspace/Projects/install/four_ws_control/lib/four_ws_control/robot_control.py
[0.289s] -- Up-to-date: /workspace/Projects/install/four_ws_control/lib/four_ws_control/four_ws_control.launch.py
[0.289s] -- Up-to-date: /workspace/Projects/install/four_ws_control/share/ament_index/resource_index/package_run_dependencies/four_ws_control
[0.289s] -- Up-to-date: /workspace/Projects/install/four_ws_control/share/ament_index/resource_index/parent_prefix_path/four_ws_control
[0.290s] -- Up-to-date: /workspace/Projects/install/four_ws_control/share/four_ws_control/environment/ament_prefix_path.sh
[0.290s] -- Up-to-date: /workspace/Projects/install/four_ws_control/share/four_ws_control/environment/ament_prefix_path.dsv
[0.292s] -- Up-to-date: /workspace/Projects/install/four_ws_control/share/four_ws_control/environment/path.sh
[0.297s] -- Up-to-date: /workspace/Projects/install/four_ws_control/share/four_ws_control/environment/path.dsv
[0.298s] -- Up-to-date: /workspace/Projects/install/four_ws_control/share/four_ws_control/local_setup.bash
[0.301s] -- Up-to-date: /workspace/Projects/install/four_ws_control/share/four_ws_control/local_setup.sh
[0.302s] -- Up-to-date: /workspace/Projects/install/four_ws_control/share/four_ws_control/local_setup.zsh
[0.303s] -- Up-to-date: /workspace/Projects/install/four_ws_control/share/four_ws_control/local_setup.dsv
[0.303s] -- Installing: /workspace/Projects/install/four_ws_control/share/four_ws_control/package.dsv
[0.304s] -- Up-to-date: /workspace/Projects/install/four_ws_control/share/ament_index/resource_index/packages/four_ws_control
[0.304s] -- Up-to-date: /workspace/Projects/install/four_ws_control/share/four_ws_control/cmake/four_ws_controlConfig.cmake
[0.304s] -- Up-to-date: /workspace/Projects/install/four_ws_control/share/four_ws_control/cmake/four_ws_controlConfig-version.cmake
[0.304s] -- Up-to-date: /workspace/Projects/install/four_ws_control/share/four_ws_control/package.xml
[0.348s] Invoked command in '/workspace/Projects/build/four_ws_control' returned '0': CMAKE_PREFIX_PATH=${CMAKE_PREFIX_PATH}:/workspace/Projects/install/sevensense_pkg:/workspace/install/sevensense_pkg:/opt/ros/humble /usr/bin/cmake --install /workspace/Projects/build/four_ws_control
