[0.061s] Invoking command in '/workspace/Projects/hunter_ws/build/four_ws_control': CMAKE_PREFIX_PATH=/opt/ros/humble /usr/bin/cmake /workspace/Projects/hunter_ws/src/ugv_sim/ranger/four_ws_control -DCMAKE_INSTALL_PREFIX=/workspace/Projects/hunter_ws/install/four_ws_control
[0.128s] -- Found ament_cmake: 1.3.11 (/opt/ros/humble/share/ament_cmake/cmake)
[0.479s] -- Found Python3: /usr/bin/python3 (found version "3.10.12") found components: Interpreter 
[0.745s] -- Found ament_lint_auto: 0.12.12 (/opt/ros/humble/share/ament_lint_auto/cmake)
[0.980s] -- Added test 'copyright' to check source files copyright and LICENSE
[0.990s] -- Added test 'flake8' to check Python code syntax and style conventions
[0.991s] -- Added test 'lint_cmake' to check CMake code style
[0.999s] -- Added test 'pep257' to check Python code against some of the docstring style conventions in PEP 257
[1.002s] -- Added test 'xmllint' to check XML markup files
[1.004s] -- Configuring done
[1.021s] -- Generating done
[1.034s] -- Build files have been written to: /workspace/Projects/hunter_ws/build/four_ws_control
[1.067s] Invoked command in '/workspace/Projects/hunter_ws/build/four_ws_control' returned '0': CMAKE_PREFIX_PATH=/opt/ros/humble /usr/bin/cmake /workspace/Projects/hunter_ws/src/ugv_sim/ranger/four_ws_control -DCMAKE_INSTALL_PREFIX=/workspace/Projects/hunter_ws/install/four_ws_control
[1.069s] Invoking command in '/workspace/Projects/hunter_ws/build/four_ws_control': CMAKE_PREFIX_PATH=/opt/ros/humble /usr/bin/cmake --build /workspace/Projects/hunter_ws/build/four_ws_control -- -j8 -l8
[1.247s] Invoked command in '/workspace/Projects/hunter_ws/build/four_ws_control' returned '0': CMAKE_PREFIX_PATH=/opt/ros/humble /usr/bin/cmake --build /workspace/Projects/hunter_ws/build/four_ws_control -- -j8 -l8
[1.299s] Invoking command in '/workspace/Projects/hunter_ws/build/four_ws_control': CMAKE_PREFIX_PATH=/opt/ros/humble /usr/bin/cmake --install /workspace/Projects/hunter_ws/build/four_ws_control
[1.319s] -- Install configuration: ""
[1.319s] -- Installing: /workspace/Projects/hunter_ws/install/four_ws_control/share/four_ws_control//scripts
[1.320s] -- Installing: /workspace/Projects/hunter_ws/install/four_ws_control/share/four_ws_control//scripts/robot_control.py
[1.320s] -- Installing: /workspace/Projects/hunter_ws/install/four_ws_control/share/four_ws_control//launch
[1.322s] -- Installing: /workspace/Projects/hunter_ws/install/four_ws_control/share/four_ws_control//launch/four_ws_control.launch.py
[1.322s] -- Installing: /workspace/Projects/hunter_ws/install/four_ws_control/lib/four_ws_control/robot_control.py
[1.323s] -- Installing: /workspace/Projects/hunter_ws/install/four_ws_control/lib/four_ws_control/four_ws_control.launch.py
[1.323s] -- Installing: /workspace/Projects/hunter_ws/install/four_ws_control/share/ament_index/resource_index/package_run_dependencies/four_ws_control
[1.324s] -- Installing: /workspace/Projects/hunter_ws/install/four_ws_control/share/ament_index/resource_index/parent_prefix_path/four_ws_control
[1.325s] -- Installing: /workspace/Projects/hunter_ws/install/four_ws_control/share/four_ws_control/environment/ament_prefix_path.sh
[1.326s] -- Installing: /workspace/Projects/hunter_ws/install/four_ws_control/share/four_ws_control/environment/ament_prefix_path.dsv
[1.326s] -- Installing: /workspace/Projects/hunter_ws/install/four_ws_control/share/four_ws_control/environment/path.sh
[1.327s] -- Installing: /workspace/Projects/hunter_ws/install/four_ws_control/share/four_ws_control/environment/path.dsv
[1.327s] -- Installing: /workspace/Projects/hunter_ws/install/four_ws_control/share/four_ws_control/local_setup.bash
[1.328s] -- Installing: /workspace/Projects/hunter_ws/install/four_ws_control/share/four_ws_control/local_setup.sh
[1.328s] -- Installing: /workspace/Projects/hunter_ws/install/four_ws_control/share/four_ws_control/local_setup.zsh
[1.330s] -- Installing: /workspace/Projects/hunter_ws/install/four_ws_control/share/four_ws_control/local_setup.dsv
[1.330s] -- Installing: /workspace/Projects/hunter_ws/install/four_ws_control/share/four_ws_control/package.dsv
[1.332s] -- Installing: /workspace/Projects/hunter_ws/install/four_ws_control/share/ament_index/resource_index/packages/four_ws_control
[1.333s] -- Installing: /workspace/Projects/hunter_ws/install/four_ws_control/share/four_ws_control/cmake/four_ws_controlConfig.cmake
[1.333s] -- Installing: /workspace/Projects/hunter_ws/install/four_ws_control/share/four_ws_control/cmake/four_ws_controlConfig-version.cmake
[1.334s] -- Installing: /workspace/Projects/hunter_ws/install/four_ws_control/share/four_ws_control/package.xml
[1.515s] Invoked command in '/workspace/Projects/hunter_ws/build/four_ws_control' returned '0': CMAKE_PREFIX_PATH=/opt/ros/humble /usr/bin/cmake --install /workspace/Projects/hunter_ws/build/four_ws_control
