[0.086s] Invoking command in '/workspace/Projects/build/hunter2_base': CMAKE_PREFIX_PATH=${CMAKE_PREFIX_PATH}:/opt/ros/humble /usr/bin/cmake /workspace/Projects/hunter_ws/src/ugv_sim/hunter/hunter2_base -DCMAKE_INSTALL_PREFIX=/workspace/Projects/install/hunter2_base
[0.328s] -- The C compiler identification is GNU 11.4.0
[0.525s] -- The CXX compiler identification is GNU 11.4.0
[0.552s] -- Detecting C compiler ABI info
[0.743s] -- Detecting C compiler ABI info - done
[0.765s] -- Check for working C compiler: /usr/bin/cc - skipped
[0.767s] -- Detecting C compile features
[0.769s] -- Detecting C compile features - done
[0.779s] -- Detecting CXX compiler ABI info
[1.017s] -- Detecting CXX compiler ABI info - done
[1.040s] -- Check for working CXX compiler: /usr/bin/c++ - skipped
[1.040s] -- Detecting CXX compile features
[1.042s] -- Detecting CXX compile features - done
[1.053s] -- Found ament_cmake: 1.3.11 (/opt/ros/humble/share/ament_cmake/cmake)
[1.439s] -- Found Python3: /usr/bin/python3 (found version "3.10.12") found components: Interpreter 
[1.790s] -- Found ament_lint_auto: 0.12.12 (/opt/ros/humble/share/ament_lint_auto/cmake)
[2.057s] -- Added test 'copyright' to check source files copyright and LICENSE
[2.066s] -- Added test 'flake8' to check Python code syntax and style conventions
[2.069s] -- Added test 'lint_cmake' to check CMake code style
[2.070s] -- Added test 'pep257' to check Python code against some of the docstring style conventions in PEP 257
[2.076s] -- Added test 'xmllint' to check XML markup files
[2.080s] -- Configuring done
[2.089s] -- Generating done
[2.092s] -- Build files have been written to: /workspace/Projects/build/hunter2_base
[2.114s] Invoked command in '/workspace/Projects/build/hunter2_base' returned '0': CMAKE_PREFIX_PATH=${CMAKE_PREFIX_PATH}:/opt/ros/humble /usr/bin/cmake /workspace/Projects/hunter_ws/src/ugv_sim/hunter/hunter2_base -DCMAKE_INSTALL_PREFIX=/workspace/Projects/install/hunter2_base
[2.119s] Invoking command in '/workspace/Projects/build/hunter2_base': CMAKE_PREFIX_PATH=${CMAKE_PREFIX_PATH}:/opt/ros/humble /usr/bin/cmake --build /workspace/Projects/build/hunter2_base -- -j8 -l8
[2.235s] Invoked command in '/workspace/Projects/build/hunter2_base' returned '0': CMAKE_PREFIX_PATH=${CMAKE_PREFIX_PATH}:/opt/ros/humble /usr/bin/cmake --build /workspace/Projects/build/hunter2_base -- -j8 -l8
[2.237s] Invoking command in '/workspace/Projects/build/hunter2_base': CMAKE_PREFIX_PATH=${CMAKE_PREFIX_PATH}:/opt/ros/humble /usr/bin/cmake --install /workspace/Projects/build/hunter2_base
[2.254s] -- Install configuration: ""
[2.254s] -- Installing: /workspace/Projects/install/hunter2_base/share/hunter2_base/launch
[2.254s] -- Installing: /workspace/Projects/install/hunter2_base/share/hunter2_base/launch/display.launch.py
[2.255s] -- Installing: /workspace/Projects/install/hunter2_base/share/hunter2_base/meshes
[2.256s] -- Installing: /workspace/Projects/install/hunter2_base/share/hunter2_base/meshes/left_rear_link.STL
[2.266s] -- Installing: /workspace/Projects/install/hunter2_base/share/hunter2_base/meshes/front_steer_left_link.STL
[2.273s] -- Installing: /workspace/Projects/install/hunter2_base/share/hunter2_base/meshes/front_steer_link.STL
[2.273s] -- Installing: /workspace/Projects/install/hunter2_base/share/hunter2_base/meshes/front_left_wheel_link.STL
[2.278s] -- Installing: /workspace/Projects/install/hunter2_base/share/hunter2_base/meshes/front_steer_right_link.STL
[2.282s] -- Installing: /workspace/Projects/install/hunter2_base/share/hunter2_base/meshes/rear_wheel_link.STL
[2.285s] -- Installing: /workspace/Projects/install/hunter2_base/share/hunter2_base/meshes/front_right_wheel_link.STL
[2.287s] -- Installing: /workspace/Projects/install/hunter2_base/share/hunter2_base/meshes/right_rear_link.STL
[2.292s] -- Installing: /workspace/Projects/install/hunter2_base/share/hunter2_base/meshes/base_link.STL
[2.309s] -- Installing: /workspace/Projects/install/hunter2_base/share/hunter2_base/rviz
[2.309s] -- Installing: /workspace/Projects/install/hunter2_base/share/hunter2_base/rviz/display.rviz
[2.309s] -- Installing: /workspace/Projects/install/hunter2_base/share/hunter2_base/urdf
[2.310s] -- Installing: /workspace/Projects/install/hunter2_base/share/hunter2_base/urdf/hunter2_base_gazebo.xacro
[2.310s] -- Installing: /workspace/Projects/install/hunter2_base/share/hunter2_base/urdf/hunter2_base.csv
[2.311s] -- Installing: /workspace/Projects/install/hunter2_base/share/hunter2_base/urdf/hunter2_base.urdf
[2.311s] -- Installing: /workspace/Projects/install/hunter2_base/share/hunter2_base/config
[2.311s] -- Installing: /workspace/Projects/install/hunter2_base/share/hunter2_base/config/joint_names_hunter2_base.yaml
[2.312s] -- Installing: /workspace/Projects/install/hunter2_base/share/ament_index/resource_index/package_run_dependencies/hunter2_base
[2.313s] -- Installing: /workspace/Projects/install/hunter2_base/share/ament_index/resource_index/parent_prefix_path/hunter2_base
[2.313s] -- Installing: /workspace/Projects/install/hunter2_base/share/hunter2_base/environment/ament_prefix_path.sh
[2.314s] -- Installing: /workspace/Projects/install/hunter2_base/share/hunter2_base/environment/ament_prefix_path.dsv
[2.314s] -- Installing: /workspace/Projects/install/hunter2_base/share/hunter2_base/environment/path.sh
[2.315s] -- Installing: /workspace/Projects/install/hunter2_base/share/hunter2_base/environment/path.dsv
[2.317s] -- Installing: /workspace/Projects/install/hunter2_base/share/hunter2_base/local_setup.bash
[2.317s] -- Installing: /workspace/Projects/install/hunter2_base/share/hunter2_base/local_setup.sh
[2.318s] -- Installing: /workspace/Projects/install/hunter2_base/share/hunter2_base/local_setup.zsh
[2.318s] -- Installing: /workspace/Projects/install/hunter2_base/share/hunter2_base/local_setup.dsv
[2.319s] -- Installing: /workspace/Projects/install/hunter2_base/share/hunter2_base/package.dsv
[2.319s] -- Installing: /workspace/Projects/install/hunter2_base/share/ament_index/resource_index/packages/hunter2_base
[2.320s] -- Installing: /workspace/Projects/install/hunter2_base/share/hunter2_base/cmake/hunter2_baseConfig.cmake
[2.320s] -- Installing: /workspace/Projects/install/hunter2_base/share/hunter2_base/cmake/hunter2_baseConfig-version.cmake
[2.320s] -- Installing: /workspace/Projects/install/hunter2_base/share/hunter2_base/package.xml
[2.487s] Invoked command in '/workspace/Projects/build/hunter2_base' returned '0': CMAKE_PREFIX_PATH=${CMAKE_PREFIX_PATH}:/opt/ros/humble /usr/bin/cmake --install /workspace/Projects/build/hunter2_base
