[0.108s] Invoking command in '/workspace/Projects/build/hunter2_gazebo': CMAKE_PREFIX_PATH=${CMAKE_PREFIX_PATH}:/workspace/Projects/install/sevensense_pkg:/workspace/install/sevensense_pkg:/opt/ros/humble /usr/bin/cmake --build /workspace/Projects/build/hunter2_gazebo -- -j8 -l8
[0.259s] Invoked command in '/workspace/Projects/build/hunter2_gazebo' returned '0': CMAKE_PREFIX_PATH=${CMAKE_PREFIX_PATH}:/workspace/Projects/install/sevensense_pkg:/workspace/install/sevensense_pkg:/opt/ros/humble /usr/bin/cmake --build /workspace/Projects/build/hunter2_gazebo -- -j8 -l8
[0.260s] Invoking command in '/workspace/Projects/build/hunter2_gazebo': CMAKE_PREFIX_PATH=${CMAKE_PREFIX_PATH}:/workspace/Projects/install/sevensense_pkg:/workspace/install/sevensense_pkg:/opt/ros/humble /usr/bin/cmake --install /workspace/Projects/build/hunter2_gazebo
[0.280s] -- Install configuration: ""
[0.283s] -- Up-to-date: /workspace/Projects/install/hunter2_gazebo/share/hunter2_gazebo/launch
[0.283s] -- Up-to-date: /workspace/Projects/install/hunter2_gazebo/share/hunter2_gazebo/launch/hunter_spawn.launch.py
[0.283s] -- Up-to-date: /workspace/Projects/install/hunter2_gazebo/share/hunter2_gazebo/launch/hunter_gazebo.launch.py
[0.284s] -- Up-to-date: /workspace/Projects/install/hunter2_gazebo/share/hunter2_gazebo/launch/display.launch.py
[0.284s] -- Up-to-date: /workspace/Projects/install/hunter2_gazebo/share/hunter2_gazebo/launch/hunter_empty_world.launch.py
[0.285s] -- Up-to-date: /workspace/Projects/install/hunter2_gazebo/share/hunter2_gazebo/xacro
[0.287s] -- Up-to-date: /workspace/Projects/install/hunter2_gazebo/share/hunter2_gazebo/xacro/hunter2.gazebo
[0.287s] -- Up-to-date: /workspace/Projects/install/hunter2_gazebo/share/hunter2_gazebo/xacro/hunter2_description.xacro
[0.288s] -- Up-to-date: /workspace/Projects/install/hunter2_gazebo/share/hunter2_gazebo/world
[0.290s] -- Up-to-date: /workspace/Projects/install/hunter2_gazebo/share/hunter2_gazebo/world/house.world
[0.290s] -- Up-to-date: /workspace/Projects/install/hunter2_gazebo/share/hunter2_gazebo/scripts
[0.290s] -- Up-to-date: /workspace/Projects/install/hunter2_gazebo/share/hunter2_gazebo/scripts/gazebo_odometry.py
[0.290s] -- Up-to-date: /workspace/Projects/install/hunter2_gazebo/share/ament_index/resource_index/package_run_dependencies/hunter2_gazebo
[0.290s] -- Up-to-date: /workspace/Projects/install/hunter2_gazebo/share/ament_index/resource_index/parent_prefix_path/hunter2_gazebo
[0.291s] -- Up-to-date: /workspace/Projects/install/hunter2_gazebo/share/hunter2_gazebo/environment/ament_prefix_path.sh
[0.291s] -- Up-to-date: /workspace/Projects/install/hunter2_gazebo/share/hunter2_gazebo/environment/ament_prefix_path.dsv
[0.291s] -- Up-to-date: /workspace/Projects/install/hunter2_gazebo/share/hunter2_gazebo/environment/path.sh
[0.291s] -- Up-to-date: /workspace/Projects/install/hunter2_gazebo/share/hunter2_gazebo/environment/path.dsv
[0.291s] -- Up-to-date: /workspace/Projects/install/hunter2_gazebo/share/hunter2_gazebo/local_setup.bash
[0.291s] -- Up-to-date: /workspace/Projects/install/hunter2_gazebo/share/hunter2_gazebo/local_setup.sh
[0.292s] -- Up-to-date: /workspace/Projects/install/hunter2_gazebo/share/hunter2_gazebo/local_setup.zsh
[0.292s] -- Up-to-date: /workspace/Projects/install/hunter2_gazebo/share/hunter2_gazebo/local_setup.dsv
[0.292s] -- Installing: /workspace/Projects/install/hunter2_gazebo/share/hunter2_gazebo/package.dsv
[0.292s] -- Up-to-date: /workspace/Projects/install/hunter2_gazebo/share/ament_index/resource_index/packages/hunter2_gazebo
[0.293s] -- Up-to-date: /workspace/Projects/install/hunter2_gazebo/share/hunter2_gazebo/cmake/hunter2_gazeboConfig.cmake
[0.293s] -- Up-to-date: /workspace/Projects/install/hunter2_gazebo/share/hunter2_gazebo/cmake/hunter2_gazeboConfig-version.cmake
[0.293s] -- Up-to-date: /workspace/Projects/install/hunter2_gazebo/share/hunter2_gazebo/package.xml
[0.402s] Invoked command in '/workspace/Projects/build/hunter2_gazebo' returned '0': CMAKE_PREFIX_PATH=${CMAKE_PREFIX_PATH}:/workspace/Projects/install/sevensense_pkg:/workspace/install/sevensense_pkg:/opt/ros/humble /usr/bin/cmake --install /workspace/Projects/build/hunter2_gazebo
