[0.027s] Invoking command in '/workspace/Projects/hunter_ws/src/build/hunter2_gazebo': /usr/bin/cmake /workspace/Projects/hunter_ws/src/ugv_sim/hunter/hunter2_gazebo -DCMAKE_INSTALL_PREFIX=/workspace/Projects/hunter_ws/src/install/hunter2_gazebo
[0.217s] -- The C compiler identification is GNU 11.4.0
[0.353s] -- The CXX compiler identification is GNU 11.4.0
[0.374s] -- Detecting C compiler ABI info
[0.572s] -- Detecting C compiler ABI info - done
[0.584s] -- Check for working C compiler: /usr/bin/cc - skipped
[0.584s] -- Detecting C compile features
[0.585s] -- Detecting C compile features - done
[0.590s] -- Detecting CXX compiler ABI info
[0.828s] -- Detecting CXX compiler ABI info - done
[0.860s] -- Check for working CXX compiler: /usr/bin/c++ - skipped
[0.861s] -- Detecting CXX compile features
[0.862s] -- Detecting CXX compile features - done
[0.927s] [31mCMake Error at CMakeLists.txt:19 (find_package):
[0.928s]   By not providing "Findament_cmake.cmake" in CMAKE_MODULE_PATH this project
[0.928s]   has asked CMake to find a package configuration file provided by
[0.928s]   "ament_cmake", but CMake did not find one.
[0.928s] 
[0.928s]   Could not find a package configuration file provided by "ament_cmake" with
[0.928s]   any of the following names:
[0.930s] 
[0.930s]     ament_cmakeConfig.cmake
[0.931s]     ament_cmake-config.cmake
[0.931s] 
[0.932s]   Add the installation prefix of "ament_cmake" to CMAKE_PREFIX_PATH or set
[0.933s]   "ament_cmake_DIR" to a directory containing one of the above files.  If
[0.934s]   "ament_cmake" provides a separate development package or SDK, be sure it
[0.935s]   has been installed.
[0.935s] 
[0.936s] [0m
[0.936s] -- Configuring incomplete, errors occurred!
[0.936s] See also "/workspace/Projects/hunter_ws/src/build/hunter2_gazebo/CMakeFiles/CMakeOutput.log".
