[0.088s] Invoking command in '/workspace/Projects/build/scout_gazebo_sim': CMAKE_PREFIX_PATH=${CMAKE_PREFIX_PATH}:/workspace/install/sevensense_pkg:/opt/ros/humble /usr/bin/cmake --build /workspace/Projects/build/scout_gazebo_sim -- -j8 -l8
[0.286s] Invoked command in '/workspace/Projects/build/scout_gazebo_sim' returned '0': CMAKE_PREFIX_PATH=${CMAKE_PREFIX_PATH}:/workspace/install/sevensense_pkg:/opt/ros/humble /usr/bin/cmake --build /workspace/Projects/build/scout_gazebo_sim -- -j8 -l8
[0.287s] Invoking command in '/workspace/Projects/build/scout_gazebo_sim': CMAKE_PREFIX_PATH=${CMAKE_PREFIX_PATH}:/workspace/install/sevensense_pkg:/opt/ros/humble /usr/bin/cmake --install /workspace/Projects/build/scout_gazebo_sim
[0.316s] -- Install configuration: ""
[0.316s] -- Up-to-date: /workspace/Projects/install/scout_gazebo_sim/share/scout_gazebo_sim/launch
[0.317s] -- Up-to-date: /workspace/Projects/install/scout_gazebo_sim/share/scout_gazebo_sim/launch/scout_v2_empty_world.launch.py
[0.317s] -- Up-to-date: /workspace/Projects/install/scout_gazebo_sim/share/scout_gazebo_sim/launch/scout_v2_spawn.launch.py
[0.317s] -- Up-to-date: /workspace/Projects/install/scout_gazebo_sim/share/scout_gazebo_sim/launch/display.launch.py
[0.318s] -- Up-to-date: /workspace/Projects/install/scout_gazebo_sim/share/scout_gazebo_sim/launch/scout_description
[0.318s] -- Up-to-date: /workspace/Projects/install/scout_gazebo_sim/share/scout_gazebo_sim/launch/scout_description/package.xml
[0.318s] -- Up-to-date: /workspace/Projects/install/scout_gazebo_sim/share/scout_gazebo_sim/launch/scout_description/CHANGELOG.rst
[0.320s] -- Up-to-date: /workspace/Projects/install/scout_gazebo_sim/share/scout_gazebo_sim/launch/scout_description/rviz
[0.321s] -- Up-to-date: /workspace/Projects/install/scout_gazebo_sim/share/scout_gazebo_sim/launch/scout_description/rviz/model_display.rviz
[0.321s] -- Up-to-date: /workspace/Projects/install/scout_gazebo_sim/share/scout_gazebo_sim/launch/scout_description/rviz/scout_mini_model_display.rviz
[0.321s] -- Up-to-date: /workspace/Projects/install/scout_gazebo_sim/share/scout_gazebo_sim/launch/scout_description/rviz/navigation.rviz
[0.321s] -- Up-to-date: /workspace/Projects/install/scout_gazebo_sim/share/scout_gazebo_sim/launch/scout_description/CMakeLists.txt
[0.322s] -- Up-to-date: /workspace/Projects/install/scout_gazebo_sim/share/scout_gazebo_sim/launch/scout_description/launch
[0.322s] -- Up-to-date: /workspace/Projects/install/scout_gazebo_sim/share/scout_gazebo_sim/launch/scout_description/launch/display_mini.launch.py
[0.322s] -- Up-to-date: /workspace/Projects/install/scout_gazebo_sim/share/scout_gazebo_sim/launch/scout_description/launch/display_scout_v2.launch.py
[0.322s] -- Up-to-date: /workspace/Projects/install/scout_gazebo_sim/share/scout_gazebo_sim/launch/scout_description/urdf
[0.323s] -- Up-to-date: /workspace/Projects/install/scout_gazebo_sim/share/scout_gazebo_sim/launch/scout_description/urdf/scout_mini.xacro
[0.323s] -- Up-to-date: /workspace/Projects/install/scout_gazebo_sim/share/scout_gazebo_sim/launch/scout_description/urdf/scout_wheel.gazebo
[0.323s] -- Up-to-date: /workspace/Projects/install/scout_gazebo_sim/share/scout_gazebo_sim/launch/scout_description/urdf/scout_mini_wheel_1.xacro
[0.323s] -- Up-to-date: /workspace/Projects/install/scout_gazebo_sim/share/scout_gazebo_sim/launch/scout_description/urdf/scout_wheel_type1.xacro
[0.323s] -- Up-to-date: /workspace/Projects/install/scout_gazebo_sim/share/scout_gazebo_sim/launch/scout_description/urdf/scout_v2.xacro
[0.323s] -- Up-to-date: /workspace/Projects/install/scout_gazebo_sim/share/scout_gazebo_sim/launch/scout_description/urdf/scout_v2.gazebo
[0.324s] -- Up-to-date: /workspace/Projects/install/scout_gazebo_sim/share/scout_gazebo_sim/launch/scout_description/urdf/empty.urdf
[0.324s] -- Up-to-date: /workspace/Projects/install/scout_gazebo_sim/share/scout_gazebo_sim/launch/scout_description/urdf/scout_mini.urdf
[0.325s] -- Up-to-date: /workspace/Projects/install/scout_gazebo_sim/share/scout_gazebo_sim/launch/scout_description/urdf/scout_wheel_type2.xacro
[0.325s] -- Up-to-date: /workspace/Projects/install/scout_gazebo_sim/share/scout_gazebo_sim/launch/scout_description/urdf/scout_mini_wheel_2.xacro
[0.325s] -- Up-to-date: /workspace/Projects/install/scout_gazebo_sim/share/scout_gazebo_sim/launch/scout_description/urdf/scout_mini_wheel.gazebo
[0.325s] -- Up-to-date: /workspace/Projects/install/scout_gazebo_sim/share/scout_gazebo_sim/launch/scout_description/urdf/scout_mini_wheel_4.xacro
[0.326s] -- Up-to-date: /workspace/Projects/install/scout_gazebo_sim/share/scout_gazebo_sim/launch/scout_description/urdf/scout_mini.gazebo
[0.326s] -- Up-to-date: /workspace/Projects/install/scout_gazebo_sim/share/scout_gazebo_sim/launch/scout_description/urdf/scout_mini_wheel_3.xacro
[0.326s] -- Up-to-date: /workspace/Projects/install/scout_gazebo_sim/share/scout_gazebo_sim/launch/scout_description/urdf/mini.xacro
[0.327s] -- Up-to-date: /workspace/Projects/install/scout_gazebo_sim/share/scout_gazebo_sim/launch/scout_description/meshes
[0.327s] -- Up-to-date: /workspace/Projects/install/scout_gazebo_sim/share/scout_gazebo_sim/launch/scout_description/meshes/4_Link.STL
[0.327s] -- Up-to-date: /workspace/Projects/install/scout_gazebo_sim/share/scout_gazebo_sim/launch/scout_description/meshes/scout_mini_base_link.dae
[0.327s] -- Up-to-date: /workspace/Projects/install/scout_gazebo_sim/share/scout_gazebo_sim/launch/scout_description/meshes/wheel_type2.dae
[0.329s] -- Up-to-date: /workspace/Projects/install/scout_gazebo_sim/share/scout_gazebo_sim/launch/scout_description/meshes/1_Link.STL
[0.329s] -- Up-to-date: /workspace/Projects/install/scout_gazebo_sim/share/scout_gazebo_sim/launch/scout_description/meshes/wheel_type1.dae
[0.329s] -- Up-to-date: /workspace/Projects/install/scout_gazebo_sim/share/scout_gazebo_sim/launch/scout_description/meshes/2_Link.STL
[0.329s] -- Up-to-date: /workspace/Projects/install/scout_gazebo_sim/share/scout_gazebo_sim/launch/scout_description/meshes/scout_mini_base_link.STL
[0.330s] -- Up-to-date: /workspace/Projects/install/scout_gazebo_sim/share/scout_gazebo_sim/launch/scout_description/meshes/base_link.dae
[0.330s] -- Up-to-date: /workspace/Projects/install/scout_gazebo_sim/share/scout_gazebo_sim/launch/scout_description/meshes/base_link_full.dae
[0.330s] -- Up-to-date: /workspace/Projects/install/scout_gazebo_sim/share/scout_gazebo_sim/launch/scout_description/meshes/scout_mini_base_link2.dae
[0.331s] -- Up-to-date: /workspace/Projects/install/scout_gazebo_sim/share/scout_gazebo_sim/launch/scout_description/meshes/wheel.dae
[0.331s] -- Up-to-date: /workspace/Projects/install/scout_gazebo_sim/share/scout_gazebo_sim/launch/scout_description/meshes/3_Link.STL
[0.331s] -- Up-to-date: /workspace/Projects/install/scout_gazebo_sim/share/scout_gazebo_sim/launch/scout_v2.launch.py
[0.332s] -- Up-to-date: /workspace/Projects/install/scout_gazebo_sim/share/scout_gazebo_sim/launch/scout_mini_spawn.launch.py
[0.332s] -- Up-to-date: /workspace/Projects/install/scout_gazebo_sim/share/scout_gazebo_sim/launch/scout_mini_empty_world.launch.py
[0.332s] -- Up-to-date: /workspace/Projects/install/scout_gazebo_sim/share/scout_gazebo_sim/launch/scout_mini.launch.py
[0.332s] -- Up-to-date: /workspace/Projects/install/scout_gazebo_sim/share/scout_gazebo_sim/worlds
[0.333s] -- Up-to-date: /workspace/Projects/install/scout_gazebo_sim/share/scout_gazebo_sim/worlds/weston_robot_empty.world
[0.333s] -- Up-to-date: /workspace/Projects/install/scout_gazebo_sim/share/scout_gazebo_sim/worlds/clearpath_playpen.world
[0.333s] -- Up-to-date: /workspace/Projects/install/scout_gazebo_sim/share/ament_index/resource_index/package_run_dependencies/scout_gazebo_sim
[0.333s] -- Up-to-date: /workspace/Projects/install/scout_gazebo_sim/share/ament_index/resource_index/parent_prefix_path/scout_gazebo_sim
[0.333s] -- Up-to-date: /workspace/Projects/install/scout_gazebo_sim/share/scout_gazebo_sim/environment/ament_prefix_path.sh
[0.334s] -- Up-to-date: /workspace/Projects/install/scout_gazebo_sim/share/scout_gazebo_sim/environment/ament_prefix_path.dsv
[0.334s] -- Up-to-date: /workspace/Projects/install/scout_gazebo_sim/share/scout_gazebo_sim/environment/path.sh
[0.335s] -- Up-to-date: /workspace/Projects/install/scout_gazebo_sim/share/scout_gazebo_sim/environment/path.dsv
[0.335s] -- Up-to-date: /workspace/Projects/install/scout_gazebo_sim/share/scout_gazebo_sim/local_setup.bash
[0.335s] -- Up-to-date: /workspace/Projects/install/scout_gazebo_sim/share/scout_gazebo_sim/local_setup.sh
[0.335s] -- Up-to-date: /workspace/Projects/install/scout_gazebo_sim/share/scout_gazebo_sim/local_setup.zsh
[0.335s] -- Up-to-date: /workspace/Projects/install/scout_gazebo_sim/share/scout_gazebo_sim/local_setup.dsv
[0.335s] -- Installing: /workspace/Projects/install/scout_gazebo_sim/share/scout_gazebo_sim/package.dsv
[0.336s] -- Up-to-date: /workspace/Projects/install/scout_gazebo_sim/share/ament_index/resource_index/packages/scout_gazebo_sim
[0.336s] -- Up-to-date: /workspace/Projects/install/scout_gazebo_sim/share/scout_gazebo_sim/cmake/scout_gazebo_simConfig.cmake
[0.336s] -- Up-to-date: /workspace/Projects/install/scout_gazebo_sim/share/scout_gazebo_sim/cmake/scout_gazebo_simConfig-version.cmake
[0.336s] -- Up-to-date: /workspace/Projects/install/scout_gazebo_sim/share/scout_gazebo_sim/package.xml
[0.450s] Invoked command in '/workspace/Projects/build/scout_gazebo_sim' returned '0': CMAKE_PREFIX_PATH=${CMAKE_PREFIX_PATH}:/workspace/install/sevensense_pkg:/opt/ros/humble /usr/bin/cmake --install /workspace/Projects/build/scout_gazebo_sim
