-- Install configuration: ""
-- Up-to-date: /workspace/Projects/install/hunter_se_gazebo/share/hunter_se_gazebo/launch
-- Up-to-date: /workspace/Projects/install/hunter_se_gazebo/share/hunter_se_gazebo/launch/hunter_se.launch.py
-- Up-to-date: /workspace/Projects/install/hunter_se_gazebo/share/hunter_se_gazebo/launch/hunter_se_spawn.launch.py
-- Up-to-date: /workspace/Projects/install/hunter_se_gazebo/share/hunter_se_gazebo/launch/hunter_se_empty_world.launch.py
-- Up-to-date: /workspace/Projects/install/hunter_se_gazebo/share/hunter_se_gazebo/launch/display.launch.py
-- Up-to-date: /workspace/Projects/install/hunter_se_gazebo/share/hunter_se_gazebo/xacro
-- Up-to-date: /workspace/Projects/install/hunter_se_gazebo/share/hunter_se_gazebo/xacro/hunter_se_gazebo.xacro
-- Up-to-date: /workspace/Projects/install/hunter_se_gazebo/share/hunter_se_gazebo/xacro/hunter_se_gazebo copy.xacro
-- Up-to-date: /workspace/Projects/install/hunter_se_gazebo/share/hunter_se_gazebo/xacro/hunter_se.gazebo
-- Up-to-date: /workspace/Projects/install/hunter_se_gazebo/share/hunter_se_gazebo/world
-- Up-to-date: /workspace/Projects/install/hunter_se_gazebo/share/hunter_se_gazebo/world/house.world
-- Up-to-date: /workspace/Projects/install/hunter_se_gazebo/share/hunter_se_gazebo/scripts
-- Up-to-date: /workspace/Projects/install/hunter_se_gazebo/share/hunter_se_gazebo/scripts/gazebo_odometry.py
-- Up-to-date: /workspace/Projects/install/hunter_se_gazebo/share/ament_index/resource_index/package_run_dependencies/hunter_se_gazebo
-- Up-to-date: /workspace/Projects/install/hunter_se_gazebo/share/ament_index/resource_index/parent_prefix_path/hunter_se_gazebo
-- Up-to-date: /workspace/Projects/install/hunter_se_gazebo/share/hunter_se_gazebo/environment/ament_prefix_path.sh
-- Up-to-date: /workspace/Projects/install/hunter_se_gazebo/share/hunter_se_gazebo/environment/ament_prefix_path.dsv
-- Up-to-date: /workspace/Projects/install/hunter_se_gazebo/share/hunter_se_gazebo/environment/path.sh
-- Up-to-date: /workspace/Projects/install/hunter_se_gazebo/share/hunter_se_gazebo/environment/path.dsv
-- Up-to-date: /workspace/Projects/install/hunter_se_gazebo/share/hunter_se_gazebo/local_setup.bash
-- Up-to-date: /workspace/Projects/install/hunter_se_gazebo/share/hunter_se_gazebo/local_setup.sh
-- Up-to-date: /workspace/Projects/install/hunter_se_gazebo/share/hunter_se_gazebo/local_setup.zsh
-- Up-to-date: /workspace/Projects/install/hunter_se_gazebo/share/hunter_se_gazebo/local_setup.dsv
-- Installing: /workspace/Projects/install/hunter_se_gazebo/share/hunter_se_gazebo/package.dsv
-- Up-to-date: /workspace/Projects/install/hunter_se_gazebo/share/ament_index/resource_index/packages/hunter_se_gazebo
-- Up-to-date: /workspace/Projects/install/hunter_se_gazebo/share/hunter_se_gazebo/cmake/hunter_se_gazeboConfig.cmake
-- Up-to-date: /workspace/Projects/install/hunter_se_gazebo/share/hunter_se_gazebo/cmake/hunter_se_gazeboConfig-version.cmake
-- Up-to-date: /workspace/Projects/install/hunter_se_gazebo/share/hunter_se_gazebo/package.xml
