[0.085s] Invoking command in '/workspace/Projects/build/hunter_se_gazebo': CMAKE_PREFIX_PATH=${CMAKE_PREFIX_PATH}:/workspace/Projects/install/sevensense_pkg:/workspace/install/sevensense_pkg:/opt/ros/humble /usr/bin/cmake --build /workspace/Projects/build/hunter_se_gazebo -- -j8 -l8
[0.257s] Invoked command in '/workspace/Projects/build/hunter_se_gazebo' returned '0': CMAKE_PREFIX_PATH=${CMAKE_PREFIX_PATH}:/workspace/Projects/install/sevensense_pkg:/workspace/install/sevensense_pkg:/opt/ros/humble /usr/bin/cmake --build /workspace/Projects/build/hunter_se_gazebo -- -j8 -l8
[0.258s] Invoking command in '/workspace/Projects/build/hunter_se_gazebo': CMAKE_PREFIX_PATH=${CMAKE_PREFIX_PATH}:/workspace/Projects/install/sevensense_pkg:/workspace/install/sevensense_pkg:/opt/ros/humble /usr/bin/cmake --install /workspace/Projects/build/hunter_se_gazebo
[0.294s] -- Install configuration: ""
[0.294s] -- Up-to-date: /workspace/Projects/install/hunter_se_gazebo/share/hunter_se_gazebo/launch
[0.294s] -- Up-to-date: /workspace/Projects/install/hunter_se_gazebo/share/hunter_se_gazebo/launch/hunter_se.launch.py
[0.294s] -- Up-to-date: /workspace/Projects/install/hunter_se_gazebo/share/hunter_se_gazebo/launch/hunter_se_spawn.launch.py
[0.295s] -- Up-to-date: /workspace/Projects/install/hunter_se_gazebo/share/hunter_se_gazebo/launch/hunter_se_empty_world.launch.py
[0.295s] -- Up-to-date: /workspace/Projects/install/hunter_se_gazebo/share/hunter_se_gazebo/launch/display.launch.py
[0.295s] -- Up-to-date: /workspace/Projects/install/hunter_se_gazebo/share/hunter_se_gazebo/xacro
[0.295s] -- Up-to-date: /workspace/Projects/install/hunter_se_gazebo/share/hunter_se_gazebo/xacro/hunter_se_gazebo.xacro
[0.295s] -- Up-to-date: /workspace/Projects/install/hunter_se_gazebo/share/hunter_se_gazebo/xacro/hunter_se_gazebo copy.xacro
[0.295s] -- Up-to-date: /workspace/Projects/install/hunter_se_gazebo/share/hunter_se_gazebo/xacro/hunter_se.gazebo
[0.296s] -- Up-to-date: /workspace/Projects/install/hunter_se_gazebo/share/hunter_se_gazebo/world
[0.296s] -- Up-to-date: /workspace/Projects/install/hunter_se_gazebo/share/hunter_se_gazebo/world/house.world
[0.296s] -- Up-to-date: /workspace/Projects/install/hunter_se_gazebo/share/hunter_se_gazebo/scripts
[0.297s] -- Up-to-date: /workspace/Projects/install/hunter_se_gazebo/share/hunter_se_gazebo/scripts/gazebo_odometry.py
[0.297s] -- Up-to-date: /workspace/Projects/install/hunter_se_gazebo/share/ament_index/resource_index/package_run_dependencies/hunter_se_gazebo
[0.297s] -- Up-to-date: /workspace/Projects/install/hunter_se_gazebo/share/ament_index/resource_index/parent_prefix_path/hunter_se_gazebo
[0.298s] -- Up-to-date: /workspace/Projects/install/hunter_se_gazebo/share/hunter_se_gazebo/environment/ament_prefix_path.sh
[0.298s] -- Up-to-date: /workspace/Projects/install/hunter_se_gazebo/share/hunter_se_gazebo/environment/ament_prefix_path.dsv
[0.298s] -- Up-to-date: /workspace/Projects/install/hunter_se_gazebo/share/hunter_se_gazebo/environment/path.sh
[0.298s] -- Up-to-date: /workspace/Projects/install/hunter_se_gazebo/share/hunter_se_gazebo/environment/path.dsv
[0.298s] -- Up-to-date: /workspace/Projects/install/hunter_se_gazebo/share/hunter_se_gazebo/local_setup.bash
[0.299s] -- Up-to-date: /workspace/Projects/install/hunter_se_gazebo/share/hunter_se_gazebo/local_setup.sh
[0.299s] -- Up-to-date: /workspace/Projects/install/hunter_se_gazebo/share/hunter_se_gazebo/local_setup.zsh
[0.299s] -- Up-to-date: /workspace/Projects/install/hunter_se_gazebo/share/hunter_se_gazebo/local_setup.dsv
[0.300s] -- Installing: /workspace/Projects/install/hunter_se_gazebo/share/hunter_se_gazebo/package.dsv
[0.302s] -- Up-to-date: /workspace/Projects/install/hunter_se_gazebo/share/ament_index/resource_index/packages/hunter_se_gazebo
[0.302s] -- Up-to-date: /workspace/Projects/install/hunter_se_gazebo/share/hunter_se_gazebo/cmake/hunter_se_gazeboConfig.cmake
[0.302s] -- Up-to-date: /workspace/Projects/install/hunter_se_gazebo/share/hunter_se_gazebo/cmake/hunter_se_gazeboConfig-version.cmake
[0.303s] -- Up-to-date: /workspace/Projects/install/hunter_se_gazebo/share/hunter_se_gazebo/package.xml
[0.476s] Invoked command in '/workspace/Projects/build/hunter_se_gazebo' returned '0': CMAKE_PREFIX_PATH=${CMAKE_PREFIX_PATH}:/workspace/Projects/install/sevensense_pkg:/workspace/install/sevensense_pkg:/opt/ros/humble /usr/bin/cmake --install /workspace/Projects/build/hunter_se_gazebo
