[0.057s] Invoking command in '/workspace/Projects/hunter_ws/build/ranger_mini': /usr/bin/cmake /workspace/Projects/hunter_ws/src/ugv_sim/ranger/ranger_mini -DCMAKE_INSTALL_PREFIX=/workspace/Projects/hunter_ws/install/ranger_mini
[0.119s] [31mCMake Error at CMakeLists.txt:19 (find_package):
[0.119s]   By not providing "Findament_cmake.cmake" in CMAKE_MODULE_PATH this project
[0.119s]   has asked CMake to find a package configuration file provided by
[0.119s]   "ament_cmake", but CMake did not find one.
[0.119s] 
[0.120s]   Could not find a package configuration file provided by "ament_cmake" with
[0.120s]   any of the following names:
[0.120s] 
[0.120s]     ament_cmakeConfig.cmake
[0.120s]     ament_cmake-config.cmake
[0.120s] 
[0.120s]   Add the installation prefix of "ament_cmake" to CMAKE_PREFIX_PATH or set
[0.121s]   "ament_cmake_DIR" to a directory containing one of the above files.  If
[0.121s]   "ament_cmake" provides a separate development package or SDK, be sure it
[0.121s]   has been installed.
[0.122s] 
[0.123s] [0m
[0.128s] -- Configuring incomplete, errors occurred!
[0.129s] See also "/workspace/Projects/hunter_ws/build/ranger_mini/CMakeFiles/CMakeOutput.log".
[0.135s] Invoked command in '/workspace/Projects/hunter_ws/build/ranger_mini' returned '1': /usr/bin/cmake /workspace/Projects/hunter_ws/src/ugv_sim/ranger/ranger_mini -DCMAKE_INSTALL_PREFIX=/workspace/Projects/hunter_ws/install/ranger_mini
