[0.632s] Invoking command in '/workspace/Projects/build/tracer_description': CMAKE_PREFIX_PATH=${CMAKE_PREFIX_PATH}:/workspace/Projects/install/sevensense_pkg:/workspace/install/sevensense_pkg:/opt/ros/humble /usr/bin/cmake --build /workspace/Projects/build/tracer_description -- -j8 -l8
[0.681s] Invoked command in '/workspace/Projects/build/tracer_description' returned '0': CMAKE_PREFIX_PATH=${CMAKE_PREFIX_PATH}:/workspace/Projects/install/sevensense_pkg:/workspace/install/sevensense_pkg:/opt/ros/humble /usr/bin/cmake --build /workspace/Projects/build/tracer_description -- -j8 -l8
[0.686s] Invoking command in '/workspace/Projects/build/tracer_description': CMAKE_PREFIX_PATH=${CMAKE_PREFIX_PATH}:/workspace/Projects/install/sevensense_pkg:/workspace/install/sevensense_pkg:/opt/ros/humble /usr/bin/cmake --install /workspace/Projects/build/tracer_description
[0.698s] -- Install configuration: ""
[0.699s] -- Up-to-date: /workspace/Projects/install/tracer_description/share/tracer_description/launch
[0.699s] -- Up-to-date: /workspace/Projects/install/tracer_description/share/tracer_description/launch/display_tracer.launch.py
[0.699s] -- Up-to-date: /workspace/Projects/install/tracer_description/share/tracer_description/meshes
[0.699s] -- Up-to-date: /workspace/Projects/install/tracer_description/share/tracer_description/meshes/tracer_base_link_no_wheel.dae
[0.699s] -- Up-to-date: /workspace/Projects/install/tracer_description/share/tracer_description/meshes/tracer_base_link.dae
[0.700s] -- Up-to-date: /workspace/Projects/install/tracer_description/share/tracer_description/meshes/caster_L.stl
[0.700s] -- Up-to-date: /workspace/Projects/install/tracer_description/share/tracer_description/meshes/tracer_wheel.dae
[0.700s] -- Up-to-date: /workspace/Projects/install/tracer_description/share/tracer_description/meshes/castor.dae
[0.700s] -- Up-to-date: /workspace/Projects/install/tracer_description/share/tracer_description/meshes/castor_joint.dae
[0.701s] -- Up-to-date: /workspace/Projects/install/tracer_description/share/tracer_description/meshes/caster.stl
[0.701s] -- Up-to-date: /workspace/Projects/install/tracer_description/share/tracer_description/rviz
[0.701s] -- Up-to-date: /workspace/Projects/install/tracer_description/share/tracer_description/rviz/model_display.rviz
[0.701s] -- Up-to-date: /workspace/Projects/install/tracer_description/share/tracer_description/rviz/scout_mini_model_display.rviz
[0.702s] -- Up-to-date: /workspace/Projects/install/tracer_description/share/tracer_description/rviz/navigation.rviz
[0.702s] -- Up-to-date: /workspace/Projects/install/tracer_description/share/tracer_description/rviz/model_diaplay.rviz
[0.702s] -- Up-to-date: /workspace/Projects/install/tracer_description/share/tracer_description/urdf
[0.703s] -- Up-to-date: /workspace/Projects/install/tracer_description/share/tracer_description/urdf/tracer_wheel.gazebo
[0.703s] -- Up-to-date: /workspace/Projects/install/tracer_description/share/tracer_description/urdf/tracer_v1.xacro
[0.704s] -- Up-to-date: /workspace/Projects/install/tracer_description/share/tracer_description/urdf/rr_castor.xacro
[0.704s] -- Up-to-date: /workspace/Projects/install/tracer_description/share/tracer_description/urdf/fl_wheel.xacro
[0.704s] -- Up-to-date: /workspace/Projects/install/tracer_description/share/tracer_description/urdf/fr_castor.xacro
[0.704s] -- Up-to-date: /workspace/Projects/install/tracer_description/share/tracer_description/urdf/fl_castor.xacro
[0.705s] -- Up-to-date: /workspace/Projects/install/tracer_description/share/tracer_description/urdf/empty.urdf
[0.705s] -- Up-to-date: /workspace/Projects/install/tracer_description/share/tracer_description/urdf/rr_wheel.xacro
[0.705s] -- Up-to-date: /workspace/Projects/install/tracer_description/share/tracer_description/urdf/rl_wheel.xacro
[0.705s] -- Up-to-date: /workspace/Projects/install/tracer_description/share/tracer_description/urdf/tracer_wheel_1.xacro
[0.706s] -- Up-to-date: /workspace/Projects/install/tracer_description/share/tracer_description/urdf/fr_wheel.xacro
[0.706s] -- Up-to-date: /workspace/Projects/install/tracer_description/share/tracer_description/urdf/tracer_wheel_2.xacro
[0.708s] -- Up-to-date: /workspace/Projects/install/tracer_description/share/tracer_description/urdf/rl_castor.xacro
[0.709s] -- Up-to-date: /workspace/Projects/install/tracer_description/share/tracer_description/urdf/tracer.gazebo
[0.709s] -- Up-to-date: /workspace/Projects/install/tracer_description/share/ament_index/resource_index/package_run_dependencies/tracer_description
[0.709s] -- Up-to-date: /workspace/Projects/install/tracer_description/share/ament_index/resource_index/parent_prefix_path/tracer_description
[0.709s] -- Up-to-date: /workspace/Projects/install/tracer_description/share/tracer_description/environment/ament_prefix_path.sh
[0.710s] -- Up-to-date: /workspace/Projects/install/tracer_description/share/tracer_description/environment/ament_prefix_path.dsv
[0.710s] -- Up-to-date: /workspace/Projects/install/tracer_description/share/tracer_description/environment/path.sh
[0.710s] -- Up-to-date: /workspace/Projects/install/tracer_description/share/tracer_description/environment/path.dsv
[0.710s] -- Up-to-date: /workspace/Projects/install/tracer_description/share/tracer_description/local_setup.bash
[0.711s] -- Up-to-date: /workspace/Projects/install/tracer_description/share/tracer_description/local_setup.sh
[0.712s] -- Up-to-date: /workspace/Projects/install/tracer_description/share/tracer_description/local_setup.zsh
[0.712s] -- Up-to-date: /workspace/Projects/install/tracer_description/share/tracer_description/local_setup.dsv
[0.713s] -- Installing: /workspace/Projects/install/tracer_description/share/tracer_description/package.dsv
[0.713s] -- Up-to-date: /workspace/Projects/install/tracer_description/share/ament_index/resource_index/packages/tracer_description
[0.714s] -- Up-to-date: /workspace/Projects/install/tracer_description/share/tracer_description/cmake/tracer_descriptionConfig.cmake
[0.714s] -- Up-to-date: /workspace/Projects/install/tracer_description/share/tracer_description/cmake/tracer_descriptionConfig-version.cmake
[0.715s] -- Up-to-date: /workspace/Projects/install/tracer_description/share/tracer_description/package.xml
[0.716s] Invoked command in '/workspace/Projects/build/tracer_description' returned '0': CMAKE_PREFIX_PATH=${CMAKE_PREFIX_PATH}:/workspace/Projects/install/sevensense_pkg:/workspace/install/sevensense_pkg:/opt/ros/humble /usr/bin/cmake --install /workspace/Projects/build/tracer_description
