-- Install configuration: ""
-- Up-to-date: /workspace/Projects/install/hunter2_base/share/hunter2_base/launch
-- Up-to-date: /workspace/Projects/install/hunter2_base/share/hunter2_base/launch/display.launch.py
-- Up-to-date: /workspace/Projects/install/hunter2_base/share/hunter2_base/meshes
-- Up-to-date: /workspace/Projects/install/hunter2_base/share/hunter2_base/meshes/left_rear_link.STL
-- Up-to-date: /workspace/Projects/install/hunter2_base/share/hunter2_base/meshes/front_steer_left_link.STL
-- Up-to-date: /workspace/Projects/install/hunter2_base/share/hunter2_base/meshes/front_steer_link.STL
-- Up-to-date: /workspace/Projects/install/hunter2_base/share/hunter2_base/meshes/front_left_wheel_link.STL
-- Up-to-date: /workspace/Projects/install/hunter2_base/share/hunter2_base/meshes/front_steer_right_link.STL
-- Up-to-date: /workspace/Projects/install/hunter2_base/share/hunter2_base/meshes/rear_wheel_link.STL
-- Up-to-date: /workspace/Projects/install/hunter2_base/share/hunter2_base/meshes/front_right_wheel_link.STL
-- Up-to-date: /workspace/Projects/install/hunter2_base/share/hunter2_base/meshes/right_rear_link.STL
-- Up-to-date: /workspace/Projects/install/hunter2_base/share/hunter2_base/meshes/base_link.STL
-- Up-to-date: /workspace/Projects/install/hunter2_base/share/hunter2_base/rviz
-- Up-to-date: /workspace/Projects/install/hunter2_base/share/hunter2_base/rviz/display.rviz
-- Up-to-date: /workspace/Projects/install/hunter2_base/share/hunter2_base/urdf
-- Up-to-date: /workspace/Projects/install/hunter2_base/share/hunter2_base/urdf/hunter2_base_gazebo.xacro
-- Up-to-date: /workspace/Projects/install/hunter2_base/share/hunter2_base/urdf/hunter2_base.csv
-- Up-to-date: /workspace/Projects/install/hunter2_base/share/hunter2_base/urdf/hunter2_base.urdf
-- Up-to-date: /workspace/Projects/install/hunter2_base/share/hunter2_base/config
-- Up-to-date: /workspace/Projects/install/hunter2_base/share/hunter2_base/config/joint_names_hunter2_base.yaml
-- Up-to-date: /workspace/Projects/install/hunter2_base/share/ament_index/resource_index/package_run_dependencies/hunter2_base
-- Up-to-date: /workspace/Projects/install/hunter2_base/share/ament_index/resource_index/parent_prefix_path/hunter2_base
-- Up-to-date: /workspace/Projects/install/hunter2_base/share/hunter2_base/environment/ament_prefix_path.sh
-- Up-to-date: /workspace/Projects/install/hunter2_base/share/hunter2_base/environment/ament_prefix_path.dsv
-- Up-to-date: /workspace/Projects/install/hunter2_base/share/hunter2_base/environment/path.sh
-- Up-to-date: /workspace/Projects/install/hunter2_base/share/hunter2_base/environment/path.dsv
-- Up-to-date: /workspace/Projects/install/hunter2_base/share/hunter2_base/local_setup.bash
-- Up-to-date: /workspace/Projects/install/hunter2_base/share/hunter2_base/local_setup.sh
-- Up-to-date: /workspace/Projects/install/hunter2_base/share/hunter2_base/local_setup.zsh
-- Up-to-date: /workspace/Projects/install/hunter2_base/share/hunter2_base/local_setup.dsv
-- Installing: /workspace/Projects/install/hunter2_base/share/hunter2_base/package.dsv
-- Up-to-date: /workspace/Projects/install/hunter2_base/share/ament_index/resource_index/packages/hunter2_base
-- Up-to-date: /workspace/Projects/install/hunter2_base/share/hunter2_base/cmake/hunter2_baseConfig.cmake
-- Up-to-date: /workspace/Projects/install/hunter2_base/share/hunter2_base/cmake/hunter2_baseConfig-version.cmake
-- Up-to-date: /workspace/Projects/install/hunter2_base/share/hunter2_base/package.xml
