[1.461s] Invoking command in '/workspace/Projects/sevensense_pkg': PYTHONPATH=/workspace/Projects/build/sevensense_pkg/prefix_override:/usr/lib/python3/dist-packages/colcon_core/task/python/colcon_distutils_commands:/workspace/Projects/install/sevensense_pkg/lib/python3.10/site-packages:${PYTHONPATH} /usr/bin/python3 -W ignore:setup.py install is deprecated -W ignore:easy_install command is deprecated setup.py egg_info --egg-base ../build/sevensense_pkg build --build-base /workspace/Projects/build/sevensense_pkg/build install --record /workspace/Projects/build/sevensense_pkg/install.log --single-version-externally-managed install_data
[1.850s] running egg_info
[1.850s] creating ../build/sevensense_pkg/sevensense_pkg.egg-info
[1.851s] writing ../build/sevensense_pkg/sevensense_pkg.egg-info/PKG-INFO
[1.851s] writing dependency_links to ../build/sevensense_pkg/sevensense_pkg.egg-info/dependency_links.txt
[1.851s] writing entry points to ../build/sevensense_pkg/sevensense_pkg.egg-info/entry_points.txt
[1.852s] writing requirements to ../build/sevensense_pkg/sevensense_pkg.egg-info/requires.txt
[1.852s] writing top-level names to ../build/sevensense_pkg/sevensense_pkg.egg-info/top_level.txt
[1.852s] writing manifest file '../build/sevensense_pkg/sevensense_pkg.egg-info/SOURCES.txt'
[1.855s] reading manifest file '../build/sevensense_pkg/sevensense_pkg.egg-info/SOURCES.txt'
[1.855s] adding license file 'LICENSE'
[1.856s] writing manifest file '../build/sevensense_pkg/sevensense_pkg.egg-info/SOURCES.txt'
[1.856s] running build
[1.857s] running build_py
[1.857s] creating /workspace/Projects/build/sevensense_pkg/build
[1.857s] creating /workspace/Projects/build/sevensense_pkg/build/lib
[1.857s] creating /workspace/Projects/build/sevensense_pkg/build/lib/sevensense_pkg
[1.857s] copying sevensense_pkg/__init__.py -> /workspace/Projects/build/sevensense_pkg/build/lib/sevensense_pkg
[1.858s] running install
[1.858s] running install_lib
[1.859s] creating /workspace/Projects/install/sevensense_pkg/lib/python3.10/site-packages/sevensense_pkg
[1.859s] copying /workspace/Projects/build/sevensense_pkg/build/lib/sevensense_pkg/__init__.py -> /workspace/Projects/install/sevensense_pkg/lib/python3.10/site-packages/sevensense_pkg
[1.860s] byte-compiling /workspace/Projects/install/sevensense_pkg/lib/python3.10/site-packages/sevensense_pkg/__init__.py to __init__.cpython-310.pyc
[1.861s] running install_data
[1.861s] creating /workspace/Projects/install/sevensense_pkg/share/ament_index
[1.861s] creating /workspace/Projects/install/sevensense_pkg/share/ament_index/resource_index
[1.861s] creating /workspace/Projects/install/sevensense_pkg/share/ament_index/resource_index/packages
[1.861s] copying resource/sevensense_pkg -> /workspace/Projects/install/sevensense_pkg/share/ament_index/resource_index/packages
[1.862s] copying package.xml -> /workspace/Projects/install/sevensense_pkg/share/sevensense_pkg
[1.862s] running install_egg_info
[1.865s] Copying ../build/sevensense_pkg/sevensense_pkg.egg-info to /workspace/Projects/install/sevensense_pkg/lib/python3.10/site-packages/sevensense_pkg-0.0.0-py3.10.egg-info
[1.866s] running install_scripts
[1.903s] writing list of installed files to '/workspace/Projects/build/sevensense_pkg/install.log'
[2.052s] Invoked command in '/workspace/Projects/sevensense_pkg' returned '0': PYTHONPATH=/workspace/Projects/build/sevensense_pkg/prefix_override:/usr/lib/python3/dist-packages/colcon_core/task/python/colcon_distutils_commands:/workspace/Projects/install/sevensense_pkg/lib/python3.10/site-packages:${PYTHONPATH} /usr/bin/python3 -W ignore:setup.py install is deprecated -W ignore:easy_install command is deprecated setup.py egg_info --egg-base ../build/sevensense_pkg build --build-base /workspace/Projects/build/sevensense_pkg/build install --record /workspace/Projects/build/sevensense_pkg/install.log --single-version-externally-managed install_data
