[0.029s] Invoking command in '/workspace/Projects/hunter_ws/src/build/hunter_se_description': /usr/bin/cmake /workspace/Projects/hunter_ws/src/ugv_sim/hunter_se/hunter_se_description -DCMAKE_INSTALL_PREFIX=/workspace/Projects/hunter_ws/src/install/hunter_se_description
[0.220s] -- The C compiler identification is GNU 11.4.0
[0.382s] -- The CXX compiler identification is GNU 11.4.0
[0.398s] -- Detecting C compiler ABI info
[0.577s] -- Detecting C compiler ABI info - done
[0.598s] -- Check for working C compiler: /usr/bin/cc - skipped
[0.599s] -- Detecting C compile features
[0.604s] -- Detecting C compile features - done
[0.620s] -- Detecting CXX compiler ABI info
[0.859s] -- Detecting CXX compiler ABI info - done
[0.909s] -- Check for working CXX compiler: /usr/bin/c++ - skipped
[0.913s] -- Detecting CXX compile features
[0.914s] -- Detecting CXX compile features - done
[0.934s] [31mCMake Error at CMakeLists.txt:19 (find_package):
[0.934s]   By not providing "Findament_cmake.cmake" in CMAKE_MODULE_PATH this project
[0.934s]   has asked CMake to find a package configuration file provided by
[0.934s]   "ament_cmake", but CMake did not find one.
[0.934s] 
[0.935s]   Could not find a package configuration file provided by "ament_cmake" with
[0.935s]   any of the following names:
[0.935s] 
[0.935s]     ament_cmakeConfig.cmake
[0.935s]     ament_cmake-config.cmake
[0.935s] 
[0.935s]   Add the installation prefix of "ament_cmake" to CMAKE_PREFIX_PATH or set
[0.935s]   "ament_cmake_DIR" to a directory containing one of the above files.  If
[0.936s]   "ament_cmake" provides a separate development package or SDK, be sure it
[0.936s]   has been installed.
[0.936s] 
[0.936s] [0m
[0.936s] -- Configuring incomplete, errors occurred!
[0.936s] See also "/workspace/Projects/hunter_ws/src/build/hunter_se_description/CMakeFiles/CMakeOutput.log".
