[0.088s] Invoking command in '/workspace/Projects/build/four_ws_control': CMAKE_PREFIX_PATH=${CMAKE_PREFIX_PATH}:/opt/ros/humble /usr/bin/cmake /workspace/Projects/hunter_ws/src/ugv_sim/ranger/four_ws_control -DCMAKE_INSTALL_PREFIX=/workspace/Projects/install/four_ws_control
[0.335s] -- The C compiler identification is GNU 11.4.0
[0.542s] -- The CXX compiler identification is GNU 11.4.0
[0.557s] -- Detecting C compiler ABI info
[0.763s] -- Detecting C compiler ABI info - done
[0.782s] -- Check for working C compiler: /usr/bin/cc - skipped
[0.783s] -- Detecting C compile features
[0.784s] -- Detecting C compile features - done
[0.790s] -- Detecting CXX compiler ABI info
[1.011s] -- Detecting CXX compiler ABI info - done
[1.033s] -- Check for working CXX compiler: /usr/bin/c++ - skipped
[1.033s] -- Detecting CXX compile features
[1.034s] -- Detecting CXX compile features - done
[1.044s] -- Found ament_cmake: 1.3.11 (/opt/ros/humble/share/ament_cmake/cmake)
[1.468s] -- Found Python3: /usr/bin/python3 (found version "3.10.12") found components: Interpreter 
[1.807s] -- Found ament_lint_auto: 0.12.12 (/opt/ros/humble/share/ament_lint_auto/cmake)
[2.058s] -- Added test 'copyright' to check source files copyright and LICENSE
[2.062s] -- Added test 'flake8' to check Python code syntax and style conventions
[2.064s] -- Added test 'lint_cmake' to check CMake code style
[2.066s] -- Added test 'pep257' to check Python code against some of the docstring style conventions in PEP 257
[2.070s] -- Added test 'xmllint' to check XML markup files
[2.075s] -- Configuring done
[2.082s] -- Generating done
[2.085s] -- Build files have been written to: /workspace/Projects/build/four_ws_control
[2.100s] Invoked command in '/workspace/Projects/build/four_ws_control' returned '0': CMAKE_PREFIX_PATH=${CMAKE_PREFIX_PATH}:/opt/ros/humble /usr/bin/cmake /workspace/Projects/hunter_ws/src/ugv_sim/ranger/four_ws_control -DCMAKE_INSTALL_PREFIX=/workspace/Projects/install/four_ws_control
[2.101s] Invoking command in '/workspace/Projects/build/four_ws_control': CMAKE_PREFIX_PATH=${CMAKE_PREFIX_PATH}:/opt/ros/humble /usr/bin/cmake --build /workspace/Projects/build/four_ws_control -- -j8 -l8
[2.196s] Invoked command in '/workspace/Projects/build/four_ws_control' returned '0': CMAKE_PREFIX_PATH=${CMAKE_PREFIX_PATH}:/opt/ros/humble /usr/bin/cmake --build /workspace/Projects/build/four_ws_control -- -j8 -l8
[2.220s] Invoking command in '/workspace/Projects/build/four_ws_control': CMAKE_PREFIX_PATH=${CMAKE_PREFIX_PATH}:/opt/ros/humble /usr/bin/cmake --install /workspace/Projects/build/four_ws_control
[2.236s] -- Install configuration: ""
[2.236s] -- Installing: /workspace/Projects/install/four_ws_control/share/four_ws_control//scripts
[2.237s] -- Installing: /workspace/Projects/install/four_ws_control/share/four_ws_control//scripts/robot_control.py
[2.249s] -- Installing: /workspace/Projects/install/four_ws_control/share/four_ws_control//launch
[2.249s] -- Installing: /workspace/Projects/install/four_ws_control/share/four_ws_control//launch/four_ws_control.launch.py
[2.250s] -- Installing: /workspace/Projects/install/four_ws_control/lib/four_ws_control/robot_control.py
[2.250s] -- Installing: /workspace/Projects/install/four_ws_control/lib/four_ws_control/four_ws_control.launch.py
[2.250s] -- Installing: /workspace/Projects/install/four_ws_control/share/ament_index/resource_index/package_run_dependencies/four_ws_control
[2.250s] -- Installing: /workspace/Projects/install/four_ws_control/share/ament_index/resource_index/parent_prefix_path/four_ws_control
[2.251s] -- Installing: /workspace/Projects/install/four_ws_control/share/four_ws_control/environment/ament_prefix_path.sh
[2.251s] -- Installing: /workspace/Projects/install/four_ws_control/share/four_ws_control/environment/ament_prefix_path.dsv
[2.251s] -- Installing: /workspace/Projects/install/four_ws_control/share/four_ws_control/environment/path.sh
[2.251s] -- Installing: /workspace/Projects/install/four_ws_control/share/four_ws_control/environment/path.dsv
[2.251s] -- Installing: /workspace/Projects/install/four_ws_control/share/four_ws_control/local_setup.bash
[2.252s] -- Installing: /workspace/Projects/install/four_ws_control/share/four_ws_control/local_setup.sh
[2.252s] -- Installing: /workspace/Projects/install/four_ws_control/share/four_ws_control/local_setup.zsh
[2.252s] -- Installing: /workspace/Projects/install/four_ws_control/share/four_ws_control/local_setup.dsv
[2.252s] -- Installing: /workspace/Projects/install/four_ws_control/share/four_ws_control/package.dsv
[2.252s] -- Installing: /workspace/Projects/install/four_ws_control/share/ament_index/resource_index/packages/four_ws_control
[2.252s] -- Installing: /workspace/Projects/install/four_ws_control/share/four_ws_control/cmake/four_ws_controlConfig.cmake
[2.253s] -- Installing: /workspace/Projects/install/four_ws_control/share/four_ws_control/cmake/four_ws_controlConfig-version.cmake
[2.253s] -- Installing: /workspace/Projects/install/four_ws_control/share/four_ws_control/package.xml
[2.268s] Invoked command in '/workspace/Projects/build/four_ws_control' returned '0': CMAKE_PREFIX_PATH=${CMAKE_PREFIX_PATH}:/opt/ros/humble /usr/bin/cmake --install /workspace/Projects/build/four_ws_control
