running egg_info
writing ../build/sevensense_pkg/sevensense_pkg.egg-info/PKG-INFO
writing dependency_links to ../build/sevensense_pkg/sevensense_pkg.egg-info/dependency_links.txt
writing entry points to ../build/sevensense_pkg/sevensense_pkg.egg-info/entry_points.txt
writing requirements to ../build/sevensense_pkg/sevensense_pkg.egg-info/requires.txt
writing top-level names to ../build/sevensense_pkg/sevensense_pkg.egg-info/top_level.txt
reading manifest file '../build/sevensense_pkg/sevensense_pkg.egg-info/SOURCES.txt'
adding license file 'LICENSE'
writing manifest file '../build/sevensense_pkg/sevensense_pkg.egg-info/SOURCES.txt'
running build
running build_py
running install
running install_lib
running install_data
running install_egg_info
removing '/workspace/Projects/install/sevensense_pkg/lib/python3.10/site-packages/sevensense_pkg-0.0.0-py3.10.egg-info' (and everything under it)
Copying ../build/sevensense_pkg/sevensense_pkg.egg-info to /workspace/Projects/install/sevensense_pkg/lib/python3.10/site-packages/sevensense_pkg-0.0.0-py3.10.egg-info
running install_scripts
Installing talker script to /workspace/Projects/install/sevensense_pkg/lib/sevensense_pkg
writing list of installed files to '/workspace/Projects/build/sevensense_pkg/install.log'
