[1.050s] Invoking command in '/workspace/Projects/sevensense_pkg': PYTHONPATH=/workspace/Projects/build/sevensense_pkg/prefix_override:/usr/lib/python3/dist-packages/colcon_core/task/python/colcon_distutils_commands:/workspace/Projects/install/sevensense_pkg/lib/python3.10/site-packages:${PYTHONPATH} /usr/bin/python3 -W ignore:setup.py install is deprecated -W ignore:easy_install command is deprecated setup.py egg_info --egg-base ../build/sevensense_pkg build --build-base /workspace/Projects/build/sevensense_pkg/build install --record /workspace/Projects/build/sevensense_pkg/install.log --single-version-externally-managed install_data
[1.364s] running egg_info
[1.365s] writing ../build/sevensense_pkg/sevensense_pkg.egg-info/PKG-INFO
[1.365s] writing dependency_links to ../build/sevensense_pkg/sevensense_pkg.egg-info/dependency_links.txt
[1.366s] writing entry points to ../build/sevensense_pkg/sevensense_pkg.egg-info/entry_points.txt
[1.366s] writing requirements to ../build/sevensense_pkg/sevensense_pkg.egg-info/requires.txt
[1.366s] writing top-level names to ../build/sevensense_pkg/sevensense_pkg.egg-info/top_level.txt
[1.368s] reading manifest file '../build/sevensense_pkg/sevensense_pkg.egg-info/SOURCES.txt'
[1.368s] adding license file 'LICENSE'
[1.369s] writing manifest file '../build/sevensense_pkg/sevensense_pkg.egg-info/SOURCES.txt'
[1.369s] running build
[1.369s] running build_py
[1.369s] running install
[1.370s] running install_lib
[1.371s] running install_data
[1.371s] running install_egg_info
[1.373s] removing '/workspace/Projects/install/sevensense_pkg/lib/python3.10/site-packages/sevensense_pkg-0.0.0-py3.10.egg-info' (and everything under it)
[1.374s] Copying ../build/sevensense_pkg/sevensense_pkg.egg-info to /workspace/Projects/install/sevensense_pkg/lib/python3.10/site-packages/sevensense_pkg-0.0.0-py3.10.egg-info
[1.375s] running install_scripts
[1.400s] Installing talker script to /workspace/Projects/install/sevensense_pkg/lib/sevensense_pkg
[1.401s] writing list of installed files to '/workspace/Projects/build/sevensense_pkg/install.log'
[1.442s] Invoked command in '/workspace/Projects/sevensense_pkg' returned '0': PYTHONPATH=/workspace/Projects/build/sevensense_pkg/prefix_override:/usr/lib/python3/dist-packages/colcon_core/task/python/colcon_distutils_commands:/workspace/Projects/install/sevensense_pkg/lib/python3.10/site-packages:${PYTHONPATH} /usr/bin/python3 -W ignore:setup.py install is deprecated -W ignore:easy_install command is deprecated setup.py egg_info --egg-base ../build/sevensense_pkg build --build-base /workspace/Projects/build/sevensense_pkg/build install --record /workspace/Projects/build/sevensense_pkg/install.log --single-version-externally-managed install_data
