[0.039s] Invoking command in '/workspace/Projects/hunter_ws/build/hunter_se_description': /usr/bin/cmake /workspace/Projects/hunter_ws/src/ugv_sim/hunter_se/hunter_se_description -DCMAKE_INSTALL_PREFIX=/workspace/Projects/hunter_ws/install/hunter_se_description
[0.114s] -- Configuring incomplete, errors occurred!
[0.114s] See also "/workspace/Projects/hunter_ws/build/hunter_se_description/CMakeFiles/CMakeOutput.log".
[0.120s] [31mCMake Error at CMakeLists.txt:19 (find_package):
[0.120s]   By not providing "Findament_cmake.cmake" in CMAKE_MODULE_PATH this project
[0.120s]   has asked CMake to find a package configuration file provided by
[0.120s]   "ament_cmake", but CMake did not find one.
[0.120s] 
[0.120s]   Could not find a package configuration file provided by "ament_cmake" with
[0.121s]   any of the following names:
[0.121s] 
[0.121s]     ament_cmakeConfig.cmake
[0.121s]     ament_cmake-config.cmake
[0.121s] 
[0.121s]   Add the installation prefix of "ament_cmake" to CMAKE_PREFIX_PATH or set
[0.121s]   "ament_cmake_DIR" to a directory containing one of the above files.  If
[0.121s]   "ament_cmake" provides a separate development package or SDK, be sure it
[0.121s]   has been installed.
[0.122s] 
[0.122s] [0m
[0.133s] Invoked command in '/workspace/Projects/hunter_ws/build/hunter_se_description' returned '1': /usr/bin/cmake /workspace/Projects/hunter_ws/src/ugv_sim/hunter_se/hunter_se_description -DCMAKE_INSTALL_PREFIX=/workspace/Projects/hunter_ws/install/hunter_se_description
