-- Found ament_cmake: 1.3.11 (/opt/ros/humble/share/ament_cmake/cmake)
-- Found Python3: /usr/bin/python3 (found version "3.10.12") found components: Interpreter 
-- Found ament_lint_auto: 0.12.12 (/opt/ros/humble/share/ament_lint_auto/cmake)
-- Added test 'copyright' to check source files copyright and LICENSE
-- Added test 'cppcheck' to perform static code analysis on C / C++ code
-- Configured cppcheck include dirs: 
-- Configured cppcheck exclude dirs and/or files: 
-- Added test 'cpplint' to check C / C++ code against the Google style
-- Configured cpplint exclude dirs and/or files: 
-- Added test 'flake8' to check Python code syntax and style conventions
-- Added test 'lint_cmake' to check CMake code style
-- Added test 'pep257' to check Python code against some of the docstring style conventions in PEP 257
-- Added test 'uncrustify' to check C / C++ code style
-- Configured uncrustify additional arguments: 
-- Added test 'xmllint' to check XML markup files
-- Configuring done
-- Generating done
-- Build files have been written to: /workspace/Projects/hunter_ws/build/scout_gazebo_sim
-- Install configuration: ""
-- Installing: /workspace/Projects/hunter_ws/install/scout_gazebo_sim/share/scout_gazebo_sim/launch
-- Installing: /workspace/Projects/hunter_ws/install/scout_gazebo_sim/share/scout_gazebo_sim/launch/scout_v2_empty_world.launch.py
-- Installing: /workspace/Projects/hunter_ws/install/scout_gazebo_sim/share/scout_gazebo_sim/launch/scout_v2_spawn.launch.py
-- Installing: /workspace/Projects/hunter_ws/install/scout_gazebo_sim/share/scout_gazebo_sim/launch/display.launch.py
-- Installing: /workspace/Projects/hunter_ws/install/scout_gazebo_sim/share/scout_gazebo_sim/launch/scout_description
-- Installing: /workspace/Projects/hunter_ws/install/scout_gazebo_sim/share/scout_gazebo_sim/launch/scout_description/package.xml
-- Installing: /workspace/Projects/hunter_ws/install/scout_gazebo_sim/share/scout_gazebo_sim/launch/scout_description/CHANGELOG.rst
-- Installing: /workspace/Projects/hunter_ws/install/scout_gazebo_sim/share/scout_gazebo_sim/launch/scout_description/rviz
-- Installing: /workspace/Projects/hunter_ws/install/scout_gazebo_sim/share/scout_gazebo_sim/launch/scout_description/rviz/model_display.rviz
-- Installing: /workspace/Projects/hunter_ws/install/scout_gazebo_sim/share/scout_gazebo_sim/launch/scout_description/rviz/scout_mini_model_display.rviz
-- Installing: /workspace/Projects/hunter_ws/install/scout_gazebo_sim/share/scout_gazebo_sim/launch/scout_description/rviz/navigation.rviz
-- Installing: /workspace/Projects/hunter_ws/install/scout_gazebo_sim/share/scout_gazebo_sim/launch/scout_description/CMakeLists.txt
-- Installing: /workspace/Projects/hunter_ws/install/scout_gazebo_sim/share/scout_gazebo_sim/launch/scout_description/launch
-- Installing: /workspace/Projects/hunter_ws/install/scout_gazebo_sim/share/scout_gazebo_sim/launch/scout_description/launch/display_mini.launch.py
-- Installing: /workspace/Projects/hunter_ws/install/scout_gazebo_sim/share/scout_gazebo_sim/launch/scout_description/launch/display_scout_v2.launch.py
-- Installing: /workspace/Projects/hunter_ws/install/scout_gazebo_sim/share/scout_gazebo_sim/launch/scout_description/urdf
-- Installing: /workspace/Projects/hunter_ws/install/scout_gazebo_sim/share/scout_gazebo_sim/launch/scout_description/urdf/scout_mini.xacro
-- Installing: /workspace/Projects/hunter_ws/install/scout_gazebo_sim/share/scout_gazebo_sim/launch/scout_description/urdf/scout_wheel.gazebo
-- Installing: /workspace/Projects/hunter_ws/install/scout_gazebo_sim/share/scout_gazebo_sim/launch/scout_description/urdf/scout_mini_wheel_1.xacro
-- Installing: /workspace/Projects/hunter_ws/install/scout_gazebo_sim/share/scout_gazebo_sim/launch/scout_description/urdf/scout_wheel_type1.xacro
-- Installing: /workspace/Projects/hunter_ws/install/scout_gazebo_sim/share/scout_gazebo_sim/launch/scout_description/urdf/scout_v2.xacro
-- Installing: /workspace/Projects/hunter_ws/install/scout_gazebo_sim/share/scout_gazebo_sim/launch/scout_description/urdf/scout_v2.gazebo
-- Installing: /workspace/Projects/hunter_ws/install/scout_gazebo_sim/share/scout_gazebo_sim/launch/scout_description/urdf/empty.urdf
-- Installing: /workspace/Projects/hunter_ws/install/scout_gazebo_sim/share/scout_gazebo_sim/launch/scout_description/urdf/scout_mini.urdf
-- Installing: /workspace/Projects/hunter_ws/install/scout_gazebo_sim/share/scout_gazebo_sim/launch/scout_description/urdf/scout_wheel_type2.xacro
-- Installing: /workspace/Projects/hunter_ws/install/scout_gazebo_sim/share/scout_gazebo_sim/launch/scout_description/urdf/scout_mini_wheel_2.xacro
-- Installing: /workspace/Projects/hunter_ws/install/scout_gazebo_sim/share/scout_gazebo_sim/launch/scout_description/urdf/scout_mini_wheel.gazebo
-- Installing: /workspace/Projects/hunter_ws/install/scout_gazebo_sim/share/scout_gazebo_sim/launch/scout_description/urdf/scout_mini_wheel_4.xacro
-- Installing: /workspace/Projects/hunter_ws/install/scout_gazebo_sim/share/scout_gazebo_sim/launch/scout_description/urdf/scout_mini.gazebo
-- Installing: /workspace/Projects/hunter_ws/install/scout_gazebo_sim/share/scout_gazebo_sim/launch/scout_description/urdf/scout_mini_wheel_3.xacro
-- Installing: /workspace/Projects/hunter_ws/install/scout_gazebo_sim/share/scout_gazebo_sim/launch/scout_description/urdf/mini.xacro
-- Installing: /workspace/Projects/hunter_ws/install/scout_gazebo_sim/share/scout_gazebo_sim/launch/scout_description/meshes
-- Installing: /workspace/Projects/hunter_ws/install/scout_gazebo_sim/share/scout_gazebo_sim/launch/scout_description/meshes/4_Link.STL
-- Installing: /workspace/Projects/hunter_ws/install/scout_gazebo_sim/share/scout_gazebo_sim/launch/scout_description/meshes/scout_mini_base_link.dae
-- Installing: /workspace/Projects/hunter_ws/install/scout_gazebo_sim/share/scout_gazebo_sim/launch/scout_description/meshes/wheel_type2.dae
-- Installing: /workspace/Projects/hunter_ws/install/scout_gazebo_sim/share/scout_gazebo_sim/launch/scout_description/meshes/1_Link.STL
-- Installing: /workspace/Projects/hunter_ws/install/scout_gazebo_sim/share/scout_gazebo_sim/launch/scout_description/meshes/wheel_type1.dae
-- Installing: /workspace/Projects/hunter_ws/install/scout_gazebo_sim/share/scout_gazebo_sim/launch/scout_description/meshes/2_Link.STL
-- Installing: /workspace/Projects/hunter_ws/install/scout_gazebo_sim/share/scout_gazebo_sim/launch/scout_description/meshes/scout_mini_base_link.STL
-- Installing: /workspace/Projects/hunter_ws/install/scout_gazebo_sim/share/scout_gazebo_sim/launch/scout_description/meshes/base_link.dae
-- Installing: /workspace/Projects/hunter_ws/install/scout_gazebo_sim/share/scout_gazebo_sim/launch/scout_description/meshes/base_link_full.dae
-- Installing: /workspace/Projects/hunter_ws/install/scout_gazebo_sim/share/scout_gazebo_sim/launch/scout_description/meshes/scout_mini_base_link2.dae
-- Installing: /workspace/Projects/hunter_ws/install/scout_gazebo_sim/share/scout_gazebo_sim/launch/scout_description/meshes/wheel.dae
-- Installing: /workspace/Projects/hunter_ws/install/scout_gazebo_sim/share/scout_gazebo_sim/launch/scout_description/meshes/3_Link.STL
-- Installing: /workspace/Projects/hunter_ws/install/scout_gazebo_sim/share/scout_gazebo_sim/launch/scout_v2.launch.py
-- Installing: /workspace/Projects/hunter_ws/install/scout_gazebo_sim/share/scout_gazebo_sim/launch/scout_mini_spawn.launch.py
-- Installing: /workspace/Projects/hunter_ws/install/scout_gazebo_sim/share/scout_gazebo_sim/launch/scout_mini_empty_world.launch.py
-- Installing: /workspace/Projects/hunter_ws/install/scout_gazebo_sim/share/scout_gazebo_sim/launch/scout_mini.launch.py
-- Installing: /workspace/Projects/hunter_ws/install/scout_gazebo_sim/share/scout_gazebo_sim/worlds
-- Installing: /workspace/Projects/hunter_ws/install/scout_gazebo_sim/share/scout_gazebo_sim/worlds/weston_robot_empty.world
-- Installing: /workspace/Projects/hunter_ws/install/scout_gazebo_sim/share/scout_gazebo_sim/worlds/clearpath_playpen.world
-- Installing: /workspace/Projects/hunter_ws/install/scout_gazebo_sim/share/ament_index/resource_index/package_run_dependencies/scout_gazebo_sim
-- Installing: /workspace/Projects/hunter_ws/install/scout_gazebo_sim/share/ament_index/resource_index/parent_prefix_path/scout_gazebo_sim
-- Installing: /workspace/Projects/hunter_ws/install/scout_gazebo_sim/share/scout_gazebo_sim/environment/ament_prefix_path.sh
-- Installing: /workspace/Projects/hunter_ws/install/scout_gazebo_sim/share/scout_gazebo_sim/environment/ament_prefix_path.dsv
-- Installing: /workspace/Projects/hunter_ws/install/scout_gazebo_sim/share/scout_gazebo_sim/environment/path.sh
-- Installing: /workspace/Projects/hunter_ws/install/scout_gazebo_sim/share/scout_gazebo_sim/environment/path.dsv
-- Installing: /workspace/Projects/hunter_ws/install/scout_gazebo_sim/share/scout_gazebo_sim/local_setup.bash
-- Installing: /workspace/Projects/hunter_ws/install/scout_gazebo_sim/share/scout_gazebo_sim/local_setup.sh
-- Installing: /workspace/Projects/hunter_ws/install/scout_gazebo_sim/share/scout_gazebo_sim/local_setup.zsh
-- Installing: /workspace/Projects/hunter_ws/install/scout_gazebo_sim/share/scout_gazebo_sim/local_setup.dsv
-- Installing: /workspace/Projects/hunter_ws/install/scout_gazebo_sim/share/scout_gazebo_sim/package.dsv
-- Installing: /workspace/Projects/hunter_ws/install/scout_gazebo_sim/share/ament_index/resource_index/packages/scout_gazebo_sim
-- Installing: /workspace/Projects/hunter_ws/install/scout_gazebo_sim/share/scout_gazebo_sim/cmake/scout_gazebo_simConfig.cmake
-- Installing: /workspace/Projects/hunter_ws/install/scout_gazebo_sim/share/scout_gazebo_sim/cmake/scout_gazebo_simConfig-version.cmake
-- Installing: /workspace/Projects/hunter_ws/install/scout_gazebo_sim/share/scout_gazebo_sim/package.xml
