[0.068s] Invoking command in '/workspace/Projects/build/ranger_mini': CMAKE_PREFIX_PATH=${CMAKE_PREFIX_PATH}:/opt/ros/humble /usr/bin/cmake /workspace/Projects/hunter_ws/src/ugv_sim/ranger/ranger_mini -DCMAKE_INSTALL_PREFIX=/workspace/Projects/install/ranger_mini
[0.299s] -- The C compiler identification is GNU 11.4.0
[0.493s] -- The CXX compiler identification is GNU 11.4.0
[0.506s] -- Detecting C compiler ABI info
[0.716s] -- Detecting C compiler ABI info - done
[0.741s] -- Check for working C compiler: /usr/bin/cc - skipped
[0.742s] -- Detecting C compile features
[0.743s] -- Detecting C compile features - done
[0.750s] -- Detecting CXX compiler ABI info
[1.017s] -- Detecting CXX compiler ABI info - done
[1.041s] -- Check for working CXX compiler: /usr/bin/c++ - skipped
[1.042s] -- Detecting CXX compile features
[1.044s] -- Detecting CXX compile features - done
[1.051s] -- Found ament_cmake: 1.3.11 (/opt/ros/humble/share/ament_cmake/cmake)
[1.551s] -- Found Python3: /usr/bin/python3 (found version "3.10.12") found components: Interpreter 
[1.832s] -- Found ament_lint_auto: 0.12.12 (/opt/ros/humble/share/ament_lint_auto/cmake)
[2.081s] -- Added test 'copyright' to check source files copyright and LICENSE
[2.090s] -- Added test 'flake8' to check Python code syntax and style conventions
[2.094s] -- Added test 'lint_cmake' to check CMake code style
[2.097s] -- Added test 'pep257' to check Python code against some of the docstring style conventions in PEP 257
[2.103s] -- Added test 'xmllint' to check XML markup files
[2.109s] -- Configuring done
[2.117s] -- Generating done
[2.121s] -- Build files have been written to: /workspace/Projects/build/ranger_mini
[2.134s] Invoked command in '/workspace/Projects/build/ranger_mini' returned '0': CMAKE_PREFIX_PATH=${CMAKE_PREFIX_PATH}:/opt/ros/humble /usr/bin/cmake /workspace/Projects/hunter_ws/src/ugv_sim/ranger/ranger_mini -DCMAKE_INSTALL_PREFIX=/workspace/Projects/install/ranger_mini
[2.137s] Invoking command in '/workspace/Projects/build/ranger_mini': CMAKE_PREFIX_PATH=${CMAKE_PREFIX_PATH}:/opt/ros/humble /usr/bin/cmake --build /workspace/Projects/build/ranger_mini -- -j8 -l8
[2.403s] Invoked command in '/workspace/Projects/build/ranger_mini' returned '0': CMAKE_PREFIX_PATH=${CMAKE_PREFIX_PATH}:/opt/ros/humble /usr/bin/cmake --build /workspace/Projects/build/ranger_mini -- -j8 -l8
[2.404s] Invoking command in '/workspace/Projects/build/ranger_mini': CMAKE_PREFIX_PATH=${CMAKE_PREFIX_PATH}:/opt/ros/humble /usr/bin/cmake --install /workspace/Projects/build/ranger_mini
[2.462s] -- Install configuration: ""
[2.462s] -- Installing: /workspace/Projects/install/ranger_mini/share/ranger_mini/launch
[2.463s] -- Installing: /workspace/Projects/install/ranger_mini/share/ranger_mini/launch/ranger_mini.launch.py
[2.463s] -- Installing: /workspace/Projects/install/ranger_mini/share/ranger_mini/launch/ranger_mini_v2_gazebo.launch.py
[2.463s] -- Installing: /workspace/Projects/install/ranger_mini/share/ranger_mini/launch/ranger_mini_spawn.launch.py
[2.463s] -- Installing: /workspace/Projects/install/ranger_mini/share/ranger_mini/launch/ranger_mini_v2_display.launch.py
[2.463s] -- Installing: /workspace/Projects/install/ranger_mini/share/ranger_mini/meshes
[2.464s] -- Installing: /workspace/Projects/install/ranger_mini/share/ranger_mini/meshes/fl.stl
[2.485s] -- Installing: /workspace/Projects/install/ranger_mini/share/ranger_mini/meshes/fl_Link.STL
[2.550s] -- Installing: /workspace/Projects/install/ranger_mini/share/ranger_mini/meshes/fr.dae
[2.594s] -- Installing: /workspace/Projects/install/ranger_mini/share/ranger_mini/meshes/bl_Link.STL
[2.639s] -- Installing: /workspace/Projects/install/ranger_mini/share/ranger_mini/meshes/ranger_base.dae
[2.640s] -- Installing: /workspace/Projects/install/ranger_mini/share/ranger_mini/meshes/ranger_base.zip
[2.680s] -- Installing: /workspace/Projects/install/ranger_mini/share/ranger_mini/meshes/br_Link.STL
[2.733s] -- Installing: /workspace/Projects/install/ranger_mini/share/ranger_mini/meshes/base_link.STL
[2.777s] -- Installing: /workspace/Projects/install/ranger_mini/share/ranger_mini/meshes/fr_Link.STL
[2.903s] -- Installing: /workspace/Projects/install/ranger_mini/share/ranger_mini/meshes/fl.dae
[2.932s] -- Installing: /workspace/Projects/install/ranger_mini/share/ranger_mini/meshes/fr.stl
[2.966s] -- Installing: /workspace/Projects/install/ranger_mini/share/ranger_mini/rviz
[2.966s] -- Installing: /workspace/Projects/install/ranger_mini/share/ranger_mini/rviz/urdf.rviz
[2.966s] -- Installing: /workspace/Projects/install/ranger_mini/share/ranger_mini/rviz/display.rviz
[2.966s] -- Installing: /workspace/Projects/install/ranger_mini/share/ranger_mini/urdf
[2.967s] -- Installing: /workspace/Projects/install/ranger_mini/share/ranger_mini/urdf/ranger_mini_gazebo.xacro
[2.967s] -- Installing: /workspace/Projects/install/ranger_mini/share/ranger_mini/urdf/ranger_l.xacro
[2.967s] -- Installing: /workspace/Projects/install/ranger_mini/share/ranger_mini/urdf/ranger_r.xacro
[2.967s] -- Installing: /workspace/Projects/install/ranger_mini/share/ranger_mini/urdf/ranger_mini_gazebo copy.xacro
[2.968s] -- Installing: /workspace/Projects/install/ranger_mini/share/ranger_mini/urdf/ranger_mini.xacro
[2.968s] -- Installing: /workspace/Projects/install/ranger_mini/share/ranger_mini/urdf/ranger_mini.urdf
[2.968s] -- Installing: /workspace/Projects/install/ranger_mini/share/ranger_mini/urdf/gazebo.xacro
[2.969s] -- Installing: /workspace/Projects/install/ranger_mini/share/ranger_mini/urdf/ranger_mini.csv
[2.969s] -- Installing: /workspace/Projects/install/ranger_mini/share/ament_index/resource_index/package_run_dependencies/ranger_mini
[2.970s] -- Installing: /workspace/Projects/install/ranger_mini/share/ament_index/resource_index/parent_prefix_path/ranger_mini
[2.970s] -- Installing: /workspace/Projects/install/ranger_mini/share/ranger_mini/environment/ament_prefix_path.sh
[2.970s] -- Installing: /workspace/Projects/install/ranger_mini/share/ranger_mini/environment/ament_prefix_path.dsv
[2.970s] -- Installing: /workspace/Projects/install/ranger_mini/share/ranger_mini/environment/path.sh
[2.971s] -- Installing: /workspace/Projects/install/ranger_mini/share/ranger_mini/environment/path.dsv
[2.971s] -- Installing: /workspace/Projects/install/ranger_mini/share/ranger_mini/local_setup.bash
[2.971s] -- Installing: /workspace/Projects/install/ranger_mini/share/ranger_mini/local_setup.sh
[2.972s] -- Installing: /workspace/Projects/install/ranger_mini/share/ranger_mini/local_setup.zsh
[2.972s] -- Installing: /workspace/Projects/install/ranger_mini/share/ranger_mini/local_setup.dsv
[2.972s] -- Installing: /workspace/Projects/install/ranger_mini/share/ranger_mini/package.dsv
[2.972s] -- Installing: /workspace/Projects/install/ranger_mini/share/ament_index/resource_index/packages/ranger_mini
[2.973s] -- Installing: /workspace/Projects/install/ranger_mini/share/ranger_mini/cmake/ranger_miniConfig.cmake
[2.973s] -- Installing: /workspace/Projects/install/ranger_mini/share/ranger_mini/cmake/ranger_miniConfig-version.cmake
[2.973s] -- Installing: /workspace/Projects/install/ranger_mini/share/ranger_mini/package.xml
[3.031s] Invoked command in '/workspace/Projects/build/ranger_mini' returned '0': CMAKE_PREFIX_PATH=${CMAKE_PREFIX_PATH}:/opt/ros/humble /usr/bin/cmake --install /workspace/Projects/build/ranger_mini
