-- Install configuration: ""
-- Up-to-date: /workspace/Projects/install/ranger_mini/share/ranger_mini/launch
-- Up-to-date: /workspace/Projects/install/ranger_mini/share/ranger_mini/launch/ranger_mini.launch.py
-- Up-to-date: /workspace/Projects/install/ranger_mini/share/ranger_mini/launch/ranger_mini_v2_gazebo.launch.py
-- Up-to-date: /workspace/Projects/install/ranger_mini/share/ranger_mini/launch/ranger_mini_spawn.launch.py
-- Up-to-date: /workspace/Projects/install/ranger_mini/share/ranger_mini/launch/ranger_mini_v2_display.launch.py
-- Up-to-date: /workspace/Projects/install/ranger_mini/share/ranger_mini/meshes
-- Up-to-date: /workspace/Projects/install/ranger_mini/share/ranger_mini/meshes/fl.stl
-- Up-to-date: /workspace/Projects/install/ranger_mini/share/ranger_mini/meshes/fl_Link.STL
-- Up-to-date: /workspace/Projects/install/ranger_mini/share/ranger_mini/meshes/fr.dae
-- Up-to-date: /workspace/Projects/install/ranger_mini/share/ranger_mini/meshes/bl_Link.STL
-- Up-to-date: /workspace/Projects/install/ranger_mini/share/ranger_mini/meshes/ranger_base.dae
-- Up-to-date: /workspace/Projects/install/ranger_mini/share/ranger_mini/meshes/ranger_base.zip
-- Up-to-date: /workspace/Projects/install/ranger_mini/share/ranger_mini/meshes/br_Link.STL
-- Up-to-date: /workspace/Projects/install/ranger_mini/share/ranger_mini/meshes/base_link.STL
-- Up-to-date: /workspace/Projects/install/ranger_mini/share/ranger_mini/meshes/fr_Link.STL
-- Up-to-date: /workspace/Projects/install/ranger_mini/share/ranger_mini/meshes/fl.dae
-- Up-to-date: /workspace/Projects/install/ranger_mini/share/ranger_mini/meshes/fr.stl
-- Up-to-date: /workspace/Projects/install/ranger_mini/share/ranger_mini/rviz
-- Up-to-date: /workspace/Projects/install/ranger_mini/share/ranger_mini/rviz/urdf.rviz
-- Up-to-date: /workspace/Projects/install/ranger_mini/share/ranger_mini/rviz/display.rviz
-- Up-to-date: /workspace/Projects/install/ranger_mini/share/ranger_mini/urdf
-- Up-to-date: /workspace/Projects/install/ranger_mini/share/ranger_mini/urdf/ranger_mini_gazebo.xacro
-- Up-to-date: /workspace/Projects/install/ranger_mini/share/ranger_mini/urdf/ranger_l.xacro
-- Up-to-date: /workspace/Projects/install/ranger_mini/share/ranger_mini/urdf/ranger_r.xacro
-- Up-to-date: /workspace/Projects/install/ranger_mini/share/ranger_mini/urdf/ranger_mini_gazebo copy.xacro
-- Up-to-date: /workspace/Projects/install/ranger_mini/share/ranger_mini/urdf/ranger_mini.xacro
-- Up-to-date: /workspace/Projects/install/ranger_mini/share/ranger_mini/urdf/ranger_mini.urdf
-- Up-to-date: /workspace/Projects/install/ranger_mini/share/ranger_mini/urdf/gazebo.xacro
-- Up-to-date: /workspace/Projects/install/ranger_mini/share/ranger_mini/urdf/ranger_mini.csv
-- Up-to-date: /workspace/Projects/install/ranger_mini/share/ament_index/resource_index/package_run_dependencies/ranger_mini
-- Up-to-date: /workspace/Projects/install/ranger_mini/share/ament_index/resource_index/parent_prefix_path/ranger_mini
-- Up-to-date: /workspace/Projects/install/ranger_mini/share/ranger_mini/environment/ament_prefix_path.sh
-- Up-to-date: /workspace/Projects/install/ranger_mini/share/ranger_mini/environment/ament_prefix_path.dsv
-- Up-to-date: /workspace/Projects/install/ranger_mini/share/ranger_mini/environment/path.sh
-- Up-to-date: /workspace/Projects/install/ranger_mini/share/ranger_mini/environment/path.dsv
-- Up-to-date: /workspace/Projects/install/ranger_mini/share/ranger_mini/local_setup.bash
-- Up-to-date: /workspace/Projects/install/ranger_mini/share/ranger_mini/local_setup.sh
-- Up-to-date: /workspace/Projects/install/ranger_mini/share/ranger_mini/local_setup.zsh
-- Up-to-date: /workspace/Projects/install/ranger_mini/share/ranger_mini/local_setup.dsv
-- Up-to-date: /workspace/Projects/install/ranger_mini/share/ranger_mini/package.dsv
-- Up-to-date: /workspace/Projects/install/ranger_mini/share/ament_index/resource_index/packages/ranger_mini
-- Up-to-date: /workspace/Projects/install/ranger_mini/share/ranger_mini/cmake/ranger_miniConfig.cmake
-- Up-to-date: /workspace/Projects/install/ranger_mini/share/ranger_mini/cmake/ranger_miniConfig-version.cmake
-- Up-to-date: /workspace/Projects/install/ranger_mini/share/ranger_mini/package.xml
