[0.030s] Invoking command in '/workspace/Projects/hunter_ws/build/hunter2_gazebo': /usr/bin/cmake /workspace/Projects/hunter_ws/src/ugv_sim/hunter/hunter2_gazebo -DCMAKE_INSTALL_PREFIX=/workspace/Projects/hunter_ws/install/hunter2_gazebo
[0.110s] [31mCMake Error at CMakeLists.txt:19 (find_package):
[0.110s]   By not providing "Findament_cmake.cmake" in CMAKE_MODULE_PATH this project
[0.111s]   has asked CMake to find a package configuration file provided by
[0.115s]   "ament_cmake", but CMake did not find one.
[0.115s] 
[0.115s]   Could not find a package configuration file provided by "ament_cmake" with
[0.115s]   any of the following names:
[0.115s] 
[0.115s]     ament_cmakeConfig.cmake
[0.115s]     ament_cmake-config.cmake
[0.115s] 
[0.116s]   Add the installation prefix of "ament_cmake" to CMAKE_PREFIX_PATH or set
[0.116s]   "ament_cmake_DIR" to a directory containing one of the above files.  If
[0.116s]   "ament_cmake" provides a separate development package or SDK, be sure it
[0.116s]   has been installed.
[0.117s] 
[0.117s] [0m
[0.117s] -- Configuring incomplete, errors occurred!
[0.117s] See also "/workspace/Projects/hunter_ws/build/hunter2_gazebo/CMakeFiles/CMakeOutput.log".
[0.125s] Invoked command in '/workspace/Projects/hunter_ws/build/hunter2_gazebo' returned '1': /usr/bin/cmake /workspace/Projects/hunter_ws/src/ugv_sim/hunter/hunter2_gazebo -DCMAKE_INSTALL_PREFIX=/workspace/Projects/hunter_ws/install/hunter2_gazebo
