[0.061s] Invoking command in '/workspace/Projects/hunter_ws/build/hunter_se_gazebo': CMAKE_PREFIX_PATH=/opt/ros/humble /usr/bin/cmake /workspace/Projects/hunter_ws/src/ugv_sim/hunter_se/hunter_se_gazebo -DCMAKE_INSTALL_PREFIX=/workspace/Projects/hunter_ws/install/hunter_se_gazebo
[0.142s] -- Found ament_cmake: 1.3.11 (/opt/ros/humble/share/ament_cmake/cmake)
[0.493s] -- Found Python3: /usr/bin/python3 (found version "3.10.12") found components: Interpreter 
[0.744s] -- Found ament_lint_auto: 0.12.12 (/opt/ros/humble/share/ament_lint_auto/cmake)
[0.968s] -- Added test 'copyright' to check source files copyright and LICENSE
[0.977s] -- Added test 'flake8' to check Python code syntax and style conventions
[0.978s] -- Added test 'lint_cmake' to check CMake code style
[0.980s] -- Added test 'pep257' to check Python code against some of the docstring style conventions in PEP 257
[0.985s] -- Added test 'xmllint' to check XML markup files
[0.987s] -- Configuring done
[0.998s] -- Generating done
[1.004s] -- Build files have been written to: /workspace/Projects/hunter_ws/build/hunter_se_gazebo
[1.036s] Invoked command in '/workspace/Projects/hunter_ws/build/hunter_se_gazebo' returned '0': CMAKE_PREFIX_PATH=/opt/ros/humble /usr/bin/cmake /workspace/Projects/hunter_ws/src/ugv_sim/hunter_se/hunter_se_gazebo -DCMAKE_INSTALL_PREFIX=/workspace/Projects/hunter_ws/install/hunter_se_gazebo
[1.039s] Invoking command in '/workspace/Projects/hunter_ws/build/hunter_se_gazebo': CMAKE_PREFIX_PATH=/opt/ros/humble /usr/bin/cmake --build /workspace/Projects/hunter_ws/build/hunter_se_gazebo -- -j8 -l8
[1.219s] Invoked command in '/workspace/Projects/hunter_ws/build/hunter_se_gazebo' returned '0': CMAKE_PREFIX_PATH=/opt/ros/humble /usr/bin/cmake --build /workspace/Projects/hunter_ws/build/hunter_se_gazebo -- -j8 -l8
[1.220s] Invoking command in '/workspace/Projects/hunter_ws/build/hunter_se_gazebo': CMAKE_PREFIX_PATH=/opt/ros/humble /usr/bin/cmake --install /workspace/Projects/hunter_ws/build/hunter_se_gazebo
[1.279s] -- Install configuration: ""
[1.282s] -- Installing: /workspace/Projects/hunter_ws/install/hunter_se_gazebo/share/hunter_se_gazebo/launch
[1.282s] -- Installing: /workspace/Projects/hunter_ws/install/hunter_se_gazebo/share/hunter_se_gazebo/launch/hunter_se.launch.py
[1.283s] -- Installing: /workspace/Projects/hunter_ws/install/hunter_se_gazebo/share/hunter_se_gazebo/launch/hunter_se_spawn.launch.py
[1.284s] -- Installing: /workspace/Projects/hunter_ws/install/hunter_se_gazebo/share/hunter_se_gazebo/launch/hunter_se_empty_world.launch.py
[1.284s] -- Installing: /workspace/Projects/hunter_ws/install/hunter_se_gazebo/share/hunter_se_gazebo/launch/display.launch.py
[1.285s] -- Installing: /workspace/Projects/hunter_ws/install/hunter_se_gazebo/share/hunter_se_gazebo/xacro
[1.285s] -- Installing: /workspace/Projects/hunter_ws/install/hunter_se_gazebo/share/hunter_se_gazebo/xacro/hunter_se_gazebo.xacro
[1.285s] -- Installing: /workspace/Projects/hunter_ws/install/hunter_se_gazebo/share/hunter_se_gazebo/xacro/hunter_se_gazebo copy.xacro
[1.286s] -- Installing: /workspace/Projects/hunter_ws/install/hunter_se_gazebo/share/hunter_se_gazebo/xacro/hunter_se.gazebo
[1.286s] -- Installing: /workspace/Projects/hunter_ws/install/hunter_se_gazebo/share/hunter_se_gazebo/world
[1.286s] -- Installing: /workspace/Projects/hunter_ws/install/hunter_se_gazebo/share/hunter_se_gazebo/world/house.world
[1.286s] -- Installing: /workspace/Projects/hunter_ws/install/hunter_se_gazebo/share/hunter_se_gazebo/scripts
[1.287s] -- Installing: /workspace/Projects/hunter_ws/install/hunter_se_gazebo/share/hunter_se_gazebo/scripts/gazebo_odometry.py
[1.287s] -- Installing: /workspace/Projects/hunter_ws/install/hunter_se_gazebo/share/ament_index/resource_index/package_run_dependencies/hunter_se_gazebo
[1.287s] -- Installing: /workspace/Projects/hunter_ws/install/hunter_se_gazebo/share/ament_index/resource_index/parent_prefix_path/hunter_se_gazebo
[1.290s] -- Installing: /workspace/Projects/hunter_ws/install/hunter_se_gazebo/share/hunter_se_gazebo/environment/ament_prefix_path.sh
[1.291s] -- Installing: /workspace/Projects/hunter_ws/install/hunter_se_gazebo/share/hunter_se_gazebo/environment/ament_prefix_path.dsv
[1.291s] -- Installing: /workspace/Projects/hunter_ws/install/hunter_se_gazebo/share/hunter_se_gazebo/environment/path.sh
[1.291s] -- Installing: /workspace/Projects/hunter_ws/install/hunter_se_gazebo/share/hunter_se_gazebo/environment/path.dsv
[1.292s] -- Installing: /workspace/Projects/hunter_ws/install/hunter_se_gazebo/share/hunter_se_gazebo/local_setup.bash
[1.292s] -- Installing: /workspace/Projects/hunter_ws/install/hunter_se_gazebo/share/hunter_se_gazebo/local_setup.sh
[1.292s] -- Installing: /workspace/Projects/hunter_ws/install/hunter_se_gazebo/share/hunter_se_gazebo/local_setup.zsh
[1.292s] -- Installing: /workspace/Projects/hunter_ws/install/hunter_se_gazebo/share/hunter_se_gazebo/local_setup.dsv
[1.293s] -- Installing: /workspace/Projects/hunter_ws/install/hunter_se_gazebo/share/hunter_se_gazebo/package.dsv
[1.293s] -- Installing: /workspace/Projects/hunter_ws/install/hunter_se_gazebo/share/ament_index/resource_index/packages/hunter_se_gazebo
[1.293s] -- Installing: /workspace/Projects/hunter_ws/install/hunter_se_gazebo/share/hunter_se_gazebo/cmake/hunter_se_gazeboConfig.cmake
[1.294s] -- Installing: /workspace/Projects/hunter_ws/install/hunter_se_gazebo/share/hunter_se_gazebo/cmake/hunter_se_gazeboConfig-version.cmake
[1.294s] -- Installing: /workspace/Projects/hunter_ws/install/hunter_se_gazebo/share/hunter_se_gazebo/package.xml
[1.388s] Invoked command in '/workspace/Projects/hunter_ws/build/hunter_se_gazebo' returned '0': CMAKE_PREFIX_PATH=/opt/ros/humble /usr/bin/cmake --install /workspace/Projects/hunter_ws/build/hunter_se_gazebo
