[0.192s] Invoking command in '/workspace/Projects/hunter_ws/build/tracer_description': CMAKE_PREFIX_PATH=/opt/ros/humble /usr/bin/cmake /workspace/Projects/hunter_ws/src/ugv_sim/tracer/tracer_description -DCMAKE_INSTALL_PREFIX=/workspace/Projects/hunter_ws/install/tracer_description
[0.342s] -- The C compiler identification is GNU 11.4.0
[0.453s] -- The CXX compiler identification is GNU 11.4.0
[0.465s] -- Detecting C compiler ABI info
[0.564s] -- Detecting C compiler ABI info - done
[0.574s] -- Check for working C compiler: /usr/bin/cc - skipped
[0.575s] -- Detecting C compile features
[0.576s] -- Detecting C compile features - done
[0.581s] -- Detecting CXX compiler ABI info
[0.689s] -- Detecting CXX compiler ABI info - done
[0.699s] -- Check for working CXX compiler: /usr/bin/c++ - skipped
[0.699s] -- Detecting CXX compile features
[0.700s] -- Detecting CXX compile features - done
[0.703s] -- Found ament_cmake: 1.3.11 (/opt/ros/humble/share/ament_cmake/cmake)
[0.911s] -- Found Python3: /usr/bin/python3 (found version "3.10.12") found components: Interpreter 
[1.038s] -- Found ament_lint_auto: 0.12.12 (/opt/ros/humble/share/ament_lint_auto/cmake)
[1.149s] -- Added test 'copyright' to check source files copyright and LICENSE
[1.156s] -- Added test 'flake8' to check Python code syntax and style conventions
[1.158s] -- Added test 'lint_cmake' to check CMake code style
[1.159s] -- Added test 'pep257' to check Python code against some of the docstring style conventions in PEP 257
[1.162s] -- Added test 'xmllint' to check XML markup files
[1.164s] -- Configuring done
[1.168s] -- Generating done
[1.170s] -- Build files have been written to: /workspace/Projects/hunter_ws/build/tracer_description
[1.176s] Invoked command in '/workspace/Projects/hunter_ws/build/tracer_description' returned '0': CMAKE_PREFIX_PATH=/opt/ros/humble /usr/bin/cmake /workspace/Projects/hunter_ws/src/ugv_sim/tracer/tracer_description -DCMAKE_INSTALL_PREFIX=/workspace/Projects/hunter_ws/install/tracer_description
[1.178s] Invoking command in '/workspace/Projects/hunter_ws/build/tracer_description': CMAKE_PREFIX_PATH=/opt/ros/humble /usr/bin/cmake --build /workspace/Projects/hunter_ws/build/tracer_description -- -j8 -l8
[1.223s] Invoked command in '/workspace/Projects/hunter_ws/build/tracer_description' returned '0': CMAKE_PREFIX_PATH=/opt/ros/humble /usr/bin/cmake --build /workspace/Projects/hunter_ws/build/tracer_description -- -j8 -l8
[1.226s] Invoking command in '/workspace/Projects/hunter_ws/build/tracer_description': CMAKE_PREFIX_PATH=/opt/ros/humble /usr/bin/cmake --install /workspace/Projects/hunter_ws/build/tracer_description
[1.236s] -- Install configuration: ""
[1.237s] -- Installing: /workspace/Projects/hunter_ws/install/tracer_description/share/tracer_description/launch
[1.237s] -- Installing: /workspace/Projects/hunter_ws/install/tracer_description/share/tracer_description/launch/display_tracer.launch.py
[1.237s] -- Installing: /workspace/Projects/hunter_ws/install/tracer_description/share/tracer_description/meshes
[1.238s] -- Installing: /workspace/Projects/hunter_ws/install/tracer_description/share/tracer_description/meshes/tracer_base_link_no_wheel.dae
[1.259s] -- Installing: /workspace/Projects/hunter_ws/install/tracer_description/share/tracer_description/meshes/tracer_base_link.dae
[1.288s] -- Installing: /workspace/Projects/hunter_ws/install/tracer_description/share/tracer_description/meshes/caster_L.stl
[1.288s] -- Installing: /workspace/Projects/hunter_ws/install/tracer_description/share/tracer_description/meshes/tracer_wheel.dae
[1.289s] -- Installing: /workspace/Projects/hunter_ws/install/tracer_description/share/tracer_description/meshes/castor.dae
[1.290s] -- Installing: /workspace/Projects/hunter_ws/install/tracer_description/share/tracer_description/meshes/castor_joint.dae
[1.290s] -- Installing: /workspace/Projects/hunter_ws/install/tracer_description/share/tracer_description/meshes/caster.stl
[1.291s] -- Installing: /workspace/Projects/hunter_ws/install/tracer_description/share/tracer_description/rviz
[1.291s] -- Installing: /workspace/Projects/hunter_ws/install/tracer_description/share/tracer_description/rviz/model_display.rviz
[1.291s] -- Installing: /workspace/Projects/hunter_ws/install/tracer_description/share/tracer_description/rviz/scout_mini_model_display.rviz
[1.291s] -- Installing: /workspace/Projects/hunter_ws/install/tracer_description/share/tracer_description/rviz/navigation.rviz
[1.291s] -- Installing: /workspace/Projects/hunter_ws/install/tracer_description/share/tracer_description/rviz/model_diaplay.rviz
[1.292s] -- Installing: /workspace/Projects/hunter_ws/install/tracer_description/share/tracer_description/urdf
[1.292s] -- Installing: /workspace/Projects/hunter_ws/install/tracer_description/share/tracer_description/urdf/tracer_wheel.gazebo
[1.292s] -- Installing: /workspace/Projects/hunter_ws/install/tracer_description/share/tracer_description/urdf/tracer_v1.xacro
[1.292s] -- Installing: /workspace/Projects/hunter_ws/install/tracer_description/share/tracer_description/urdf/rr_castor.xacro
[1.292s] -- Installing: /workspace/Projects/hunter_ws/install/tracer_description/share/tracer_description/urdf/fl_wheel.xacro
[1.292s] -- Installing: /workspace/Projects/hunter_ws/install/tracer_description/share/tracer_description/urdf/fr_castor.xacro
[1.293s] -- Installing: /workspace/Projects/hunter_ws/install/tracer_description/share/tracer_description/urdf/fl_castor.xacro
[1.293s] -- Installing: /workspace/Projects/hunter_ws/install/tracer_description/share/tracer_description/urdf/empty.urdf
[1.293s] -- Installing: /workspace/Projects/hunter_ws/install/tracer_description/share/tracer_description/urdf/rr_wheel.xacro
[1.293s] -- Installing: /workspace/Projects/hunter_ws/install/tracer_description/share/tracer_description/urdf/rl_wheel.xacro
[1.293s] -- Installing: /workspace/Projects/hunter_ws/install/tracer_description/share/tracer_description/urdf/tracer_wheel_1.xacro
[1.294s] -- Installing: /workspace/Projects/hunter_ws/install/tracer_description/share/tracer_description/urdf/fr_wheel.xacro
[1.294s] -- Installing: /workspace/Projects/hunter_ws/install/tracer_description/share/tracer_description/urdf/tracer_wheel_2.xacro
[1.294s] -- Installing: /workspace/Projects/hunter_ws/install/tracer_description/share/tracer_description/urdf/rl_castor.xacro
[1.294s] -- Installing: /workspace/Projects/hunter_ws/install/tracer_description/share/tracer_description/urdf/tracer.gazebo
[1.294s] -- Installing: /workspace/Projects/hunter_ws/install/tracer_description/share/ament_index/resource_index/package_run_dependencies/tracer_description
[1.294s] -- Installing: /workspace/Projects/hunter_ws/install/tracer_description/share/ament_index/resource_index/parent_prefix_path/tracer_description
[1.295s] -- Installing: /workspace/Projects/hunter_ws/install/tracer_description/share/tracer_description/environment/ament_prefix_path.sh
[1.295s] -- Installing: /workspace/Projects/hunter_ws/install/tracer_description/share/tracer_description/environment/ament_prefix_path.dsv
[1.295s] -- Installing: /workspace/Projects/hunter_ws/install/tracer_description/share/tracer_description/environment/path.sh
[1.295s] -- Installing: /workspace/Projects/hunter_ws/install/tracer_description/share/tracer_description/environment/path.dsv
[1.295s] -- Installing: /workspace/Projects/hunter_ws/install/tracer_description/share/tracer_description/local_setup.bash
[1.296s] -- Installing: /workspace/Projects/hunter_ws/install/tracer_description/share/tracer_description/local_setup.sh
[1.296s] -- Installing: /workspace/Projects/hunter_ws/install/tracer_description/share/tracer_description/local_setup.zsh
[1.296s] -- Installing: /workspace/Projects/hunter_ws/install/tracer_description/share/tracer_description/local_setup.dsv
[1.296s] -- Installing: /workspace/Projects/hunter_ws/install/tracer_description/share/tracer_description/package.dsv
[1.296s] -- Installing: /workspace/Projects/hunter_ws/install/tracer_description/share/ament_index/resource_index/packages/tracer_description
[1.297s] -- Installing: /workspace/Projects/hunter_ws/install/tracer_description/share/tracer_description/cmake/tracer_descriptionConfig.cmake
[1.297s] -- Installing: /workspace/Projects/hunter_ws/install/tracer_description/share/tracer_description/cmake/tracer_descriptionConfig-version.cmake
[1.297s] -- Installing: /workspace/Projects/hunter_ws/install/tracer_description/share/tracer_description/package.xml
[1.304s] Invoked command in '/workspace/Projects/hunter_ws/build/tracer_description' returned '0': CMAKE_PREFIX_PATH=/opt/ros/humble /usr/bin/cmake --install /workspace/Projects/hunter_ws/build/tracer_description
