-- Install configuration: ""
-- Up-to-date: /workspace/Projects/install/tracer_gazebo_sim/share/tracer_gazebo_sim/launch
-- Up-to-date: /workspace/Projects/install/tracer_gazebo_sim/share/tracer_gazebo_sim/launch/tracer.launch.py
-- Up-to-date: /workspace/Projects/install/tracer_gazebo_sim/share/tracer_gazebo_sim/launch/tracer_empty_world.launch.py
-- Up-to-date: /workspace/Projects/install/tracer_gazebo_sim/share/tracer_gazebo_sim/launch/tracer_spawn.launch.py
-- Up-to-date: /workspace/Projects/install/tracer_gazebo_sim/share/tracer_gazebo_sim/worlds
-- Up-to-date: /workspace/Projects/install/tracer_gazebo_sim/share/tracer_gazebo_sim/worlds/weston_robot_empty.world
-- Up-to-date: /workspace/Projects/install/tracer_gazebo_sim/share/tracer_gazebo_sim/worlds/clearpath_playpen.world
-- Up-to-date: /workspace/Projects/install/tracer_gazebo_sim/share/ament_index/resource_index/package_run_dependencies/tracer_gazebo_sim
-- Up-to-date: /workspace/Projects/install/tracer_gazebo_sim/share/ament_index/resource_index/parent_prefix_path/tracer_gazebo_sim
-- Up-to-date: /workspace/Projects/install/tracer_gazebo_sim/share/tracer_gazebo_sim/environment/ament_prefix_path.sh
-- Up-to-date: /workspace/Projects/install/tracer_gazebo_sim/share/tracer_gazebo_sim/environment/ament_prefix_path.dsv
-- Up-to-date: /workspace/Projects/install/tracer_gazebo_sim/share/tracer_gazebo_sim/environment/path.sh
-- Up-to-date: /workspace/Projects/install/tracer_gazebo_sim/share/tracer_gazebo_sim/environment/path.dsv
-- Up-to-date: /workspace/Projects/install/tracer_gazebo_sim/share/tracer_gazebo_sim/local_setup.bash
-- Up-to-date: /workspace/Projects/install/tracer_gazebo_sim/share/tracer_gazebo_sim/local_setup.sh
-- Up-to-date: /workspace/Projects/install/tracer_gazebo_sim/share/tracer_gazebo_sim/local_setup.zsh
-- Up-to-date: /workspace/Projects/install/tracer_gazebo_sim/share/tracer_gazebo_sim/local_setup.dsv
-- Up-to-date: /workspace/Projects/install/tracer_gazebo_sim/share/tracer_gazebo_sim/package.dsv
-- Up-to-date: /workspace/Projects/install/tracer_gazebo_sim/share/ament_index/resource_index/packages/tracer_gazebo_sim
-- Up-to-date: /workspace/Projects/install/tracer_gazebo_sim/share/tracer_gazebo_sim/cmake/tracer_gazebo_simConfig.cmake
-- Up-to-date: /workspace/Projects/install/tracer_gazebo_sim/share/tracer_gazebo_sim/cmake/tracer_gazebo_simConfig-version.cmake
-- Up-to-date: /workspace/Projects/install/tracer_gazebo_sim/share/tracer_gazebo_sim/package.xml
