[0.110s] DEBUG:colcon:Command line arguments: ['/usr/bin/colcon', 'build', '--packages-select', 'sevensense_pkg']
[0.110s] DEBUG:colcon:Parsed command line arguments: Namespace(log_base=None, log_level=None, verb_name='build', build_base='build', install_base='install', merge_install=False, symlink_install=False, test_result_base=None, continue_on_error=False, executor='parallel', parallel_workers=8, event_handlers=None, ignore_user_meta=False, metas=['./colcon.meta'], base_paths=['.'], packages_ignore=None, packages_ignore_regex=None, paths=None, packages_up_to=None, packages_up_to_regex=None, packages_above=None, packages_above_and_dependencies=None, packages_above_depth=None, packages_select_by_dep=None, packages_skip_by_dep=None, packages_skip_up_to=None, packages_select_build_failed=False, packages_skip_build_finished=False, packages_select_test_failures=False, packages_skip_test_passed=False, packages_select=['sevensense_pkg'], packages_skip=None, packages_select_regex=None, packages_skip_regex=None, packages_start=None, packages_end=None, allow_overriding=[], cmake_args=None, cmake_target=None, cmake_target_skip_unavailable=False, cmake_clean_cache=False, cmake_clean_first=False, cmake_force_configure=False, ament_cmake_args=None, catkin_cmake_args=None, catkin_skip_building_tests=False, verb_parser=<colcon_defaults.argument_parser.defaults.DefaultArgumentsDecorator object at 0x7f952997ad40>, verb_extension=<colcon_core.verb.build.BuildVerb object at 0x7f9529aefa90>, main=<bound method BuildVerb.main of <colcon_core.verb.build.BuildVerb object at 0x7f9529aefa90>>)
[0.267s] Level 1:colcon.colcon_core.package_discovery:discover_packages(colcon_meta) check parameters
[0.267s] Level 1:colcon.colcon_core.package_discovery:discover_packages(recursive) check parameters
[0.267s] Level 1:colcon.colcon_core.package_discovery:discover_packages(ignore) check parameters
[0.267s] Level 1:colcon.colcon_core.package_discovery:discover_packages(path) check parameters
[0.267s] Level 1:colcon.colcon_core.package_discovery:discover_packages(colcon_meta) discover
[0.267s] Level 1:colcon.colcon_core.package_discovery:discover_packages(recursive) discover
[0.267s] INFO:colcon.colcon_core.package_discovery:Crawling recursively for packages in '/workspace/Projects'
[0.268s] Level 1:colcon.colcon_core.package_identification:_identify(.) by extensions ['ignore', 'ignore_ament_install']
[0.268s] Level 1:colcon.colcon_core.package_identification:_identify(.) by extension 'ignore'
[0.268s] Level 1:colcon.colcon_core.package_identification:_identify(.) by extension 'ignore_ament_install'
[0.268s] Level 1:colcon.colcon_core.package_identification:_identify(.) by extensions ['colcon_pkg']
[0.268s] Level 1:colcon.colcon_core.package_identification:_identify(.) by extension 'colcon_pkg'
[0.268s] Level 1:colcon.colcon_core.package_identification:_identify(.) by extensions ['colcon_meta']
[0.268s] Level 1:colcon.colcon_core.package_identification:_identify(.) by extension 'colcon_meta'
[0.268s] Level 1:colcon.colcon_core.package_identification:_identify(.) by extensions ['ros']
[0.268s] Level 1:colcon.colcon_core.package_identification:_identify(.) by extension 'ros'
[0.279s] Level 1:colcon.colcon_core.package_identification:_identify(.) by extensions ['cmake', 'python']
[0.279s] Level 1:colcon.colcon_core.package_identification:_identify(.) by extension 'cmake'
[0.279s] Level 1:colcon.colcon_core.package_identification:_identify(.) by extension 'python'
[0.279s] Level 1:colcon.colcon_core.package_identification:_identify(.) by extensions ['python_setup_py']
[0.279s] Level 1:colcon.colcon_core.package_identification:_identify(.) by extension 'python_setup_py'
[0.279s] Level 1:colcon.colcon_core.package_identification:_identify(build) by extensions ['ignore', 'ignore_ament_install']
[0.279s] Level 1:colcon.colcon_core.package_identification:_identify(build) by extension 'ignore'
[0.279s] Level 1:colcon.colcon_core.package_identification:_identify(build) ignored
[0.279s] Level 1:colcon.colcon_core.package_identification:_identify(hunter_ws) by extensions ['ignore', 'ignore_ament_install']
[0.280s] Level 1:colcon.colcon_core.package_identification:_identify(hunter_ws) by extension 'ignore'
[0.280s] Level 1:colcon.colcon_core.package_identification:_identify(hunter_ws) by extension 'ignore_ament_install'
[0.280s] Level 1:colcon.colcon_core.package_identification:_identify(hunter_ws) by extensions ['colcon_pkg']
[0.280s] Level 1:colcon.colcon_core.package_identification:_identify(hunter_ws) by extension 'colcon_pkg'
[0.280s] Level 1:colcon.colcon_core.package_identification:_identify(hunter_ws) by extensions ['colcon_meta']
[0.280s] Level 1:colcon.colcon_core.package_identification:_identify(hunter_ws) by extension 'colcon_meta'
[0.280s] Level 1:colcon.colcon_core.package_identification:_identify(hunter_ws) by extensions ['ros']
[0.280s] Level 1:colcon.colcon_core.package_identification:_identify(hunter_ws) by extension 'ros'
[0.280s] Level 1:colcon.colcon_core.package_identification:_identify(hunter_ws) by extensions ['cmake', 'python']
[0.280s] Level 1:colcon.colcon_core.package_identification:_identify(hunter_ws) by extension 'cmake'
[0.280s] Level 1:colcon.colcon_core.package_identification:_identify(hunter_ws) by extension 'python'
[0.280s] Level 1:colcon.colcon_core.package_identification:_identify(hunter_ws) by extensions ['python_setup_py']
[0.280s] Level 1:colcon.colcon_core.package_identification:_identify(hunter_ws) by extension 'python_setup_py'
[0.281s] Level 1:colcon.colcon_core.package_identification:_identify(hunter_ws/build) by extensions ['ignore', 'ignore_ament_install']
[0.281s] Level 1:colcon.colcon_core.package_identification:_identify(hunter_ws/build) by extension 'ignore'
[0.281s] Level 1:colcon.colcon_core.package_identification:_identify(hunter_ws/build) ignored
[0.281s] Level 1:colcon.colcon_core.package_identification:_identify(hunter_ws/install) by extensions ['ignore', 'ignore_ament_install']
[0.281s] Level 1:colcon.colcon_core.package_identification:_identify(hunter_ws/install) by extension 'ignore'
[0.281s] Level 1:colcon.colcon_core.package_identification:_identify(hunter_ws/install) ignored
[0.281s] Level 1:colcon.colcon_core.package_identification:_identify(hunter_ws/log) by extensions ['ignore', 'ignore_ament_install']
[0.281s] Level 1:colcon.colcon_core.package_identification:_identify(hunter_ws/log) by extension 'ignore'
[0.281s] Level 1:colcon.colcon_core.package_identification:_identify(hunter_ws/log) ignored
[0.281s] Level 1:colcon.colcon_core.package_identification:_identify(hunter_ws/src) by extensions ['ignore', 'ignore_ament_install']
[0.282s] Level 1:colcon.colcon_core.package_identification:_identify(hunter_ws/src) by extension 'ignore'
[0.282s] Level 1:colcon.colcon_core.package_identification:_identify(hunter_ws/src) by extension 'ignore_ament_install'
[0.282s] Level 1:colcon.colcon_core.package_identification:_identify(hunter_ws/src) by extensions ['colcon_pkg']
[0.282s] Level 1:colcon.colcon_core.package_identification:_identify(hunter_ws/src) by extension 'colcon_pkg'
[0.282s] Level 1:colcon.colcon_core.package_identification:_identify(hunter_ws/src) by extensions ['colcon_meta']
[0.282s] Level 1:colcon.colcon_core.package_identification:_identify(hunter_ws/src) by extension 'colcon_meta'
[0.282s] Level 1:colcon.colcon_core.package_identification:_identify(hunter_ws/src) by extensions ['ros']
[0.282s] Level 1:colcon.colcon_core.package_identification:_identify(hunter_ws/src) by extension 'ros'
[0.282s] Level 1:colcon.colcon_core.package_identification:_identify(hunter_ws/src) by extensions ['cmake', 'python']
[0.282s] Level 1:colcon.colcon_core.package_identification:_identify(hunter_ws/src) by extension 'cmake'
[0.282s] Level 1:colcon.colcon_core.package_identification:_identify(hunter_ws/src) by extension 'python'
[0.282s] Level 1:colcon.colcon_core.package_identification:_identify(hunter_ws/src) by extensions ['python_setup_py']
[0.283s] Level 1:colcon.colcon_core.package_identification:_identify(hunter_ws/src) by extension 'python_setup_py'
[0.283s] Level 1:colcon.colcon_core.package_identification:_identify(hunter_ws/src/build) by extensions ['ignore', 'ignore_ament_install']
[0.283s] Level 1:colcon.colcon_core.package_identification:_identify(hunter_ws/src/build) by extension 'ignore'
[0.283s] Level 1:colcon.colcon_core.package_identification:_identify(hunter_ws/src/build) ignored
[0.283s] Level 1:colcon.colcon_core.package_identification:_identify(hunter_ws/src/install) by extensions ['ignore', 'ignore_ament_install']
[0.283s] Level 1:colcon.colcon_core.package_identification:_identify(hunter_ws/src/install) by extension 'ignore'
[0.283s] Level 1:colcon.colcon_core.package_identification:_identify(hunter_ws/src/install) ignored
[0.283s] Level 1:colcon.colcon_core.package_identification:_identify(hunter_ws/src/log) by extensions ['ignore', 'ignore_ament_install']
[0.284s] Level 1:colcon.colcon_core.package_identification:_identify(hunter_ws/src/log) by extension 'ignore'
[0.284s] Level 1:colcon.colcon_core.package_identification:_identify(hunter_ws/src/log) ignored
[0.284s] Level 1:colcon.colcon_core.package_identification:_identify(hunter_ws/src/ugv_sim) by extensions ['ignore', 'ignore_ament_install']
[0.284s] Level 1:colcon.colcon_core.package_identification:_identify(hunter_ws/src/ugv_sim) by extension 'ignore'
[0.284s] Level 1:colcon.colcon_core.package_identification:_identify(hunter_ws/src/ugv_sim) by extension 'ignore_ament_install'
[0.284s] Level 1:colcon.colcon_core.package_identification:_identify(hunter_ws/src/ugv_sim) by extensions ['colcon_pkg']
[0.284s] Level 1:colcon.colcon_core.package_identification:_identify(hunter_ws/src/ugv_sim) by extension 'colcon_pkg'
[0.284s] Level 1:colcon.colcon_core.package_identification:_identify(hunter_ws/src/ugv_sim) by extensions ['colcon_meta']
[0.284s] Level 1:colcon.colcon_core.package_identification:_identify(hunter_ws/src/ugv_sim) by extension 'colcon_meta'
[0.284s] Level 1:colcon.colcon_core.package_identification:_identify(hunter_ws/src/ugv_sim) by extensions ['ros']
[0.284s] Level 1:colcon.colcon_core.package_identification:_identify(hunter_ws/src/ugv_sim) by extension 'ros'
[0.284s] Level 1:colcon.colcon_core.package_identification:_identify(hunter_ws/src/ugv_sim) by extensions ['cmake', 'python']
[0.284s] Level 1:colcon.colcon_core.package_identification:_identify(hunter_ws/src/ugv_sim) by extension 'cmake'
[0.285s] Level 1:colcon.colcon_core.package_identification:_identify(hunter_ws/src/ugv_sim) by extension 'python'
[0.285s] Level 1:colcon.colcon_core.package_identification:_identify(hunter_ws/src/ugv_sim) by extensions ['python_setup_py']
[0.285s] Level 1:colcon.colcon_core.package_identification:_identify(hunter_ws/src/ugv_sim) by extension 'python_setup_py'
[0.285s] Level 1:colcon.colcon_core.package_identification:_identify(hunter_ws/src/ugv_sim/hunter) by extensions ['ignore', 'ignore_ament_install']
[0.285s] Level 1:colcon.colcon_core.package_identification:_identify(hunter_ws/src/ugv_sim/hunter) by extension 'ignore'
[0.285s] Level 1:colcon.colcon_core.package_identification:_identify(hunter_ws/src/ugv_sim/hunter) by extension 'ignore_ament_install'
[0.285s] Level 1:colcon.colcon_core.package_identification:_identify(hunter_ws/src/ugv_sim/hunter) by extensions ['colcon_pkg']
[0.285s] Level 1:colcon.colcon_core.package_identification:_identify(hunter_ws/src/ugv_sim/hunter) by extension 'colcon_pkg'
[0.285s] Level 1:colcon.colcon_core.package_identification:_identify(hunter_ws/src/ugv_sim/hunter) by extensions ['colcon_meta']
[0.285s] Level 1:colcon.colcon_core.package_identification:_identify(hunter_ws/src/ugv_sim/hunter) by extension 'colcon_meta'
[0.285s] Level 1:colcon.colcon_core.package_identification:_identify(hunter_ws/src/ugv_sim/hunter) by extensions ['ros']
[0.285s] Level 1:colcon.colcon_core.package_identification:_identify(hunter_ws/src/ugv_sim/hunter) by extension 'ros'
[0.286s] Level 1:colcon.colcon_core.package_identification:_identify(hunter_ws/src/ugv_sim/hunter) by extensions ['cmake', 'python']
[0.286s] Level 1:colcon.colcon_core.package_identification:_identify(hunter_ws/src/ugv_sim/hunter) by extension 'cmake'
[0.286s] Level 1:colcon.colcon_core.package_identification:_identify(hunter_ws/src/ugv_sim/hunter) by extension 'python'
[0.286s] Level 1:colcon.colcon_core.package_identification:_identify(hunter_ws/src/ugv_sim/hunter) by extensions ['python_setup_py']
[0.286s] Level 1:colcon.colcon_core.package_identification:_identify(hunter_ws/src/ugv_sim/hunter) by extension 'python_setup_py'
[0.286s] Level 1:colcon.colcon_core.package_identification:_identify(hunter_ws/src/ugv_sim/hunter/hunter2_base) by extensions ['ignore', 'ignore_ament_install']
[0.286s] Level 1:colcon.colcon_core.package_identification:_identify(hunter_ws/src/ugv_sim/hunter/hunter2_base) by extension 'ignore'
[0.286s] Level 1:colcon.colcon_core.package_identification:_identify(hunter_ws/src/ugv_sim/hunter/hunter2_base) by extension 'ignore_ament_install'
[0.286s] Level 1:colcon.colcon_core.package_identification:_identify(hunter_ws/src/ugv_sim/hunter/hunter2_base) by extensions ['colcon_pkg']
[0.286s] Level 1:colcon.colcon_core.package_identification:_identify(hunter_ws/src/ugv_sim/hunter/hunter2_base) by extension 'colcon_pkg'
[0.286s] Level 1:colcon.colcon_core.package_identification:_identify(hunter_ws/src/ugv_sim/hunter/hunter2_base) by extensions ['colcon_meta']
[0.286s] Level 1:colcon.colcon_core.package_identification:_identify(hunter_ws/src/ugv_sim/hunter/hunter2_base) by extension 'colcon_meta'
[0.286s] Level 1:colcon.colcon_core.package_identification:_identify(hunter_ws/src/ugv_sim/hunter/hunter2_base) by extensions ['ros']
[0.287s] Level 1:colcon.colcon_core.package_identification:_identify(hunter_ws/src/ugv_sim/hunter/hunter2_base) by extension 'ros'
[0.289s] DEBUG:colcon.colcon_core.package_identification:Package 'hunter_ws/src/ugv_sim/hunter/hunter2_base' with type 'ros.ament_cmake' and name 'hunter2_base'
[0.289s] Level 1:colcon.colcon_core.package_identification:_identify(hunter_ws/src/ugv_sim/hunter/hunter2_gazebo) by extensions ['ignore', 'ignore_ament_install']
[0.289s] Level 1:colcon.colcon_core.package_identification:_identify(hunter_ws/src/ugv_sim/hunter/hunter2_gazebo) by extension 'ignore'
[0.289s] Level 1:colcon.colcon_core.package_identification:_identify(hunter_ws/src/ugv_sim/hunter/hunter2_gazebo) by extension 'ignore_ament_install'
[0.289s] Level 1:colcon.colcon_core.package_identification:_identify(hunter_ws/src/ugv_sim/hunter/hunter2_gazebo) by extensions ['colcon_pkg']
[0.289s] Level 1:colcon.colcon_core.package_identification:_identify(hunter_ws/src/ugv_sim/hunter/hunter2_gazebo) by extension 'colcon_pkg'
[0.289s] Level 1:colcon.colcon_core.package_identification:_identify(hunter_ws/src/ugv_sim/hunter/hunter2_gazebo) by extensions ['colcon_meta']
[0.289s] Level 1:colcon.colcon_core.package_identification:_identify(hunter_ws/src/ugv_sim/hunter/hunter2_gazebo) by extension 'colcon_meta'
[0.290s] Level 1:colcon.colcon_core.package_identification:_identify(hunter_ws/src/ugv_sim/hunter/hunter2_gazebo) by extensions ['ros']
[0.290s] Level 1:colcon.colcon_core.package_identification:_identify(hunter_ws/src/ugv_sim/hunter/hunter2_gazebo) by extension 'ros'
[0.290s] DEBUG:colcon.colcon_core.package_identification:Package 'hunter_ws/src/ugv_sim/hunter/hunter2_gazebo' with type 'ros.ament_cmake' and name 'hunter2_gazebo'
[0.290s] Level 1:colcon.colcon_core.package_identification:_identify(hunter_ws/src/ugv_sim/hunter/image) by extensions ['ignore', 'ignore_ament_install']
[0.290s] Level 1:colcon.colcon_core.package_identification:_identify(hunter_ws/src/ugv_sim/hunter/image) by extension 'ignore'
[0.291s] Level 1:colcon.colcon_core.package_identification:_identify(hunter_ws/src/ugv_sim/hunter/image) by extension 'ignore_ament_install'
[0.291s] Level 1:colcon.colcon_core.package_identification:_identify(hunter_ws/src/ugv_sim/hunter/image) by extensions ['colcon_pkg']
[0.291s] Level 1:colcon.colcon_core.package_identification:_identify(hunter_ws/src/ugv_sim/hunter/image) by extension 'colcon_pkg'
[0.291s] Level 1:colcon.colcon_core.package_identification:_identify(hunter_ws/src/ugv_sim/hunter/image) by extensions ['colcon_meta']
[0.291s] Level 1:colcon.colcon_core.package_identification:_identify(hunter_ws/src/ugv_sim/hunter/image) by extension 'colcon_meta'
[0.291s] Level 1:colcon.colcon_core.package_identification:_identify(hunter_ws/src/ugv_sim/hunter/image) by extensions ['ros']
[0.291s] Level 1:colcon.colcon_core.package_identification:_identify(hunter_ws/src/ugv_sim/hunter/image) by extension 'ros'
[0.291s] Level 1:colcon.colcon_core.package_identification:_identify(hunter_ws/src/ugv_sim/hunter/image) by extensions ['cmake', 'python']
[0.291s] Level 1:colcon.colcon_core.package_identification:_identify(hunter_ws/src/ugv_sim/hunter/image) by extension 'cmake'
[0.291s] Level 1:colcon.colcon_core.package_identification:_identify(hunter_ws/src/ugv_sim/hunter/image) by extension 'python'
[0.291s] Level 1:colcon.colcon_core.package_identification:_identify(hunter_ws/src/ugv_sim/hunter/image) by extensions ['python_setup_py']
[0.291s] Level 1:colcon.colcon_core.package_identification:_identify(hunter_ws/src/ugv_sim/hunter/image) by extension 'python_setup_py'
[0.292s] Level 1:colcon.colcon_core.package_identification:_identify(hunter_ws/src/ugv_sim/hunter_se) by extensions ['ignore', 'ignore_ament_install']
[0.292s] Level 1:colcon.colcon_core.package_identification:_identify(hunter_ws/src/ugv_sim/hunter_se) by extension 'ignore'
[0.292s] Level 1:colcon.colcon_core.package_identification:_identify(hunter_ws/src/ugv_sim/hunter_se) by extension 'ignore_ament_install'
[0.292s] Level 1:colcon.colcon_core.package_identification:_identify(hunter_ws/src/ugv_sim/hunter_se) by extensions ['colcon_pkg']
[0.292s] Level 1:colcon.colcon_core.package_identification:_identify(hunter_ws/src/ugv_sim/hunter_se) by extension 'colcon_pkg'
[0.292s] Level 1:colcon.colcon_core.package_identification:_identify(hunter_ws/src/ugv_sim/hunter_se) by extensions ['colcon_meta']
[0.292s] Level 1:colcon.colcon_core.package_identification:_identify(hunter_ws/src/ugv_sim/hunter_se) by extension 'colcon_meta'
[0.292s] Level 1:colcon.colcon_core.package_identification:_identify(hunter_ws/src/ugv_sim/hunter_se) by extensions ['ros']
[0.292s] Level 1:colcon.colcon_core.package_identification:_identify(hunter_ws/src/ugv_sim/hunter_se) by extension 'ros'
[0.292s] Level 1:colcon.colcon_core.package_identification:_identify(hunter_ws/src/ugv_sim/hunter_se) by extensions ['cmake', 'python']
[0.292s] Level 1:colcon.colcon_core.package_identification:_identify(hunter_ws/src/ugv_sim/hunter_se) by extension 'cmake'
[0.292s] Level 1:colcon.colcon_core.package_identification:_identify(hunter_ws/src/ugv_sim/hunter_se) by extension 'python'
[0.292s] Level 1:colcon.colcon_core.package_identification:_identify(hunter_ws/src/ugv_sim/hunter_se) by extensions ['python_setup_py']
[0.292s] Level 1:colcon.colcon_core.package_identification:_identify(hunter_ws/src/ugv_sim/hunter_se) by extension 'python_setup_py'
[0.292s] Level 1:colcon.colcon_core.package_identification:_identify(hunter_ws/src/ugv_sim/hunter_se/hunter_se_description) by extensions ['ignore', 'ignore_ament_install']
[0.293s] Level 1:colcon.colcon_core.package_identification:_identify(hunter_ws/src/ugv_sim/hunter_se/hunter_se_description) by extension 'ignore'
[0.293s] Level 1:colcon.colcon_core.package_identification:_identify(hunter_ws/src/ugv_sim/hunter_se/hunter_se_description) by extension 'ignore_ament_install'
[0.293s] Level 1:colcon.colcon_core.package_identification:_identify(hunter_ws/src/ugv_sim/hunter_se/hunter_se_description) by extensions ['colcon_pkg']
[0.293s] Level 1:colcon.colcon_core.package_identification:_identify(hunter_ws/src/ugv_sim/hunter_se/hunter_se_description) by extension 'colcon_pkg'
[0.293s] Level 1:colcon.colcon_core.package_identification:_identify(hunter_ws/src/ugv_sim/hunter_se/hunter_se_description) by extensions ['colcon_meta']
[0.293s] Level 1:colcon.colcon_core.package_identification:_identify(hunter_ws/src/ugv_sim/hunter_se/hunter_se_description) by extension 'colcon_meta'
[0.293s] Level 1:colcon.colcon_core.package_identification:_identify(hunter_ws/src/ugv_sim/hunter_se/hunter_se_description) by extensions ['ros']
[0.293s] Level 1:colcon.colcon_core.package_identification:_identify(hunter_ws/src/ugv_sim/hunter_se/hunter_se_description) by extension 'ros'
[0.294s] DEBUG:colcon.colcon_core.package_identification:Package 'hunter_ws/src/ugv_sim/hunter_se/hunter_se_description' with type 'ros.ament_cmake' and name 'hunter_se_description'
[0.294s] Level 1:colcon.colcon_core.package_identification:_identify(hunter_ws/src/ugv_sim/hunter_se/hunter_se_gazebo) by extensions ['ignore', 'ignore_ament_install']
[0.294s] Level 1:colcon.colcon_core.package_identification:_identify(hunter_ws/src/ugv_sim/hunter_se/hunter_se_gazebo) by extension 'ignore'
[0.294s] Level 1:colcon.colcon_core.package_identification:_identify(hunter_ws/src/ugv_sim/hunter_se/hunter_se_gazebo) by extension 'ignore_ament_install'
[0.294s] Level 1:colcon.colcon_core.package_identification:_identify(hunter_ws/src/ugv_sim/hunter_se/hunter_se_gazebo) by extensions ['colcon_pkg']
[0.294s] Level 1:colcon.colcon_core.package_identification:_identify(hunter_ws/src/ugv_sim/hunter_se/hunter_se_gazebo) by extension 'colcon_pkg'
[0.294s] Level 1:colcon.colcon_core.package_identification:_identify(hunter_ws/src/ugv_sim/hunter_se/hunter_se_gazebo) by extensions ['colcon_meta']
[0.294s] Level 1:colcon.colcon_core.package_identification:_identify(hunter_ws/src/ugv_sim/hunter_se/hunter_se_gazebo) by extension 'colcon_meta'
[0.294s] Level 1:colcon.colcon_core.package_identification:_identify(hunter_ws/src/ugv_sim/hunter_se/hunter_se_gazebo) by extensions ['ros']
[0.294s] Level 1:colcon.colcon_core.package_identification:_identify(hunter_ws/src/ugv_sim/hunter_se/hunter_se_gazebo) by extension 'ros'
[0.295s] DEBUG:colcon.colcon_core.package_identification:Package 'hunter_ws/src/ugv_sim/hunter_se/hunter_se_gazebo' with type 'ros.ament_cmake' and name 'hunter_se_gazebo'
[0.296s] Level 1:colcon.colcon_core.package_identification:_identify(hunter_ws/src/ugv_sim/hunter_se/image) by extensions ['ignore', 'ignore_ament_install']
[0.296s] Level 1:colcon.colcon_core.package_identification:_identify(hunter_ws/src/ugv_sim/hunter_se/image) by extension 'ignore'
[0.296s] Level 1:colcon.colcon_core.package_identification:_identify(hunter_ws/src/ugv_sim/hunter_se/image) by extension 'ignore_ament_install'
[0.296s] Level 1:colcon.colcon_core.package_identification:_identify(hunter_ws/src/ugv_sim/hunter_se/image) by extensions ['colcon_pkg']
[0.296s] Level 1:colcon.colcon_core.package_identification:_identify(hunter_ws/src/ugv_sim/hunter_se/image) by extension 'colcon_pkg'
[0.296s] Level 1:colcon.colcon_core.package_identification:_identify(hunter_ws/src/ugv_sim/hunter_se/image) by extensions ['colcon_meta']
[0.296s] Level 1:colcon.colcon_core.package_identification:_identify(hunter_ws/src/ugv_sim/hunter_se/image) by extension 'colcon_meta'
[0.296s] Level 1:colcon.colcon_core.package_identification:_identify(hunter_ws/src/ugv_sim/hunter_se/image) by extensions ['ros']
[0.296s] Level 1:colcon.colcon_core.package_identification:_identify(hunter_ws/src/ugv_sim/hunter_se/image) by extension 'ros'
[0.296s] Level 1:colcon.colcon_core.package_identification:_identify(hunter_ws/src/ugv_sim/hunter_se/image) by extensions ['cmake', 'python']
[0.296s] Level 1:colcon.colcon_core.package_identification:_identify(hunter_ws/src/ugv_sim/hunter_se/image) by extension 'cmake'
[0.296s] Level 1:colcon.colcon_core.package_identification:_identify(hunter_ws/src/ugv_sim/hunter_se/image) by extension 'python'
[0.296s] Level 1:colcon.colcon_core.package_identification:_identify(hunter_ws/src/ugv_sim/hunter_se/image) by extensions ['python_setup_py']
[0.297s] Level 1:colcon.colcon_core.package_identification:_identify(hunter_ws/src/ugv_sim/hunter_se/image) by extension 'python_setup_py'
[0.297s] Level 1:colcon.colcon_core.package_identification:_identify(hunter_ws/src/ugv_sim/ranger) by extensions ['ignore', 'ignore_ament_install']
[0.297s] Level 1:colcon.colcon_core.package_identification:_identify(hunter_ws/src/ugv_sim/ranger) by extension 'ignore'
[0.297s] Level 1:colcon.colcon_core.package_identification:_identify(hunter_ws/src/ugv_sim/ranger) by extension 'ignore_ament_install'
[0.297s] Level 1:colcon.colcon_core.package_identification:_identify(hunter_ws/src/ugv_sim/ranger) by extensions ['colcon_pkg']
[0.297s] Level 1:colcon.colcon_core.package_identification:_identify(hunter_ws/src/ugv_sim/ranger) by extension 'colcon_pkg'
[0.297s] Level 1:colcon.colcon_core.package_identification:_identify(hunter_ws/src/ugv_sim/ranger) by extensions ['colcon_meta']
[0.297s] Level 1:colcon.colcon_core.package_identification:_identify(hunter_ws/src/ugv_sim/ranger) by extension 'colcon_meta'
[0.298s] Level 1:colcon.colcon_core.package_identification:_identify(hunter_ws/src/ugv_sim/ranger) by extensions ['ros']
[0.298s] Level 1:colcon.colcon_core.package_identification:_identify(hunter_ws/src/ugv_sim/ranger) by extension 'ros'
[0.298s] Level 1:colcon.colcon_core.package_identification:_identify(hunter_ws/src/ugv_sim/ranger) by extensions ['cmake', 'python']
[0.298s] Level 1:colcon.colcon_core.package_identification:_identify(hunter_ws/src/ugv_sim/ranger) by extension 'cmake'
[0.298s] Level 1:colcon.colcon_core.package_identification:_identify(hunter_ws/src/ugv_sim/ranger) by extension 'python'
[0.298s] Level 1:colcon.colcon_core.package_identification:_identify(hunter_ws/src/ugv_sim/ranger) by extensions ['python_setup_py']
[0.298s] Level 1:colcon.colcon_core.package_identification:_identify(hunter_ws/src/ugv_sim/ranger) by extension 'python_setup_py'
[0.298s] Level 1:colcon.colcon_core.package_identification:_identify(hunter_ws/src/ugv_sim/ranger/four_ws_control) by extensions ['ignore', 'ignore_ament_install']
[0.298s] Level 1:colcon.colcon_core.package_identification:_identify(hunter_ws/src/ugv_sim/ranger/four_ws_control) by extension 'ignore'
[0.298s] Level 1:colcon.colcon_core.package_identification:_identify(hunter_ws/src/ugv_sim/ranger/four_ws_control) by extension 'ignore_ament_install'
[0.298s] Level 1:colcon.colcon_core.package_identification:_identify(hunter_ws/src/ugv_sim/ranger/four_ws_control) by extensions ['colcon_pkg']
[0.298s] Level 1:colcon.colcon_core.package_identification:_identify(hunter_ws/src/ugv_sim/ranger/four_ws_control) by extension 'colcon_pkg'
[0.299s] Level 1:colcon.colcon_core.package_identification:_identify(hunter_ws/src/ugv_sim/ranger/four_ws_control) by extensions ['colcon_meta']
[0.299s] Level 1:colcon.colcon_core.package_identification:_identify(hunter_ws/src/ugv_sim/ranger/four_ws_control) by extension 'colcon_meta'
[0.299s] Level 1:colcon.colcon_core.package_identification:_identify(hunter_ws/src/ugv_sim/ranger/four_ws_control) by extensions ['ros']
[0.299s] Level 1:colcon.colcon_core.package_identification:_identify(hunter_ws/src/ugv_sim/ranger/four_ws_control) by extension 'ros'
[0.299s] DEBUG:colcon.colcon_core.package_identification:Package 'hunter_ws/src/ugv_sim/ranger/four_ws_control' with type 'ros.ament_cmake' and name 'four_ws_control'
[0.299s] Level 1:colcon.colcon_core.package_identification:_identify(hunter_ws/src/ugv_sim/ranger/imgae) by extensions ['ignore', 'ignore_ament_install']
[0.300s] Level 1:colcon.colcon_core.package_identification:_identify(hunter_ws/src/ugv_sim/ranger/imgae) by extension 'ignore'
[0.300s] Level 1:colcon.colcon_core.package_identification:_identify(hunter_ws/src/ugv_sim/ranger/imgae) by extension 'ignore_ament_install'
[0.300s] Level 1:colcon.colcon_core.package_identification:_identify(hunter_ws/src/ugv_sim/ranger/imgae) by extensions ['colcon_pkg']
[0.300s] Level 1:colcon.colcon_core.package_identification:_identify(hunter_ws/src/ugv_sim/ranger/imgae) by extension 'colcon_pkg'
[0.300s] Level 1:colcon.colcon_core.package_identification:_identify(hunter_ws/src/ugv_sim/ranger/imgae) by extensions ['colcon_meta']
[0.300s] Level 1:colcon.colcon_core.package_identification:_identify(hunter_ws/src/ugv_sim/ranger/imgae) by extension 'colcon_meta'
[0.300s] Level 1:colcon.colcon_core.package_identification:_identify(hunter_ws/src/ugv_sim/ranger/imgae) by extensions ['ros']
[0.300s] Level 1:colcon.colcon_core.package_identification:_identify(hunter_ws/src/ugv_sim/ranger/imgae) by extension 'ros'
[0.300s] Level 1:colcon.colcon_core.package_identification:_identify(hunter_ws/src/ugv_sim/ranger/imgae) by extensions ['cmake', 'python']
[0.300s] Level 1:colcon.colcon_core.package_identification:_identify(hunter_ws/src/ugv_sim/ranger/imgae) by extension 'cmake'
[0.300s] Level 1:colcon.colcon_core.package_identification:_identify(hunter_ws/src/ugv_sim/ranger/imgae) by extension 'python'
[0.300s] Level 1:colcon.colcon_core.package_identification:_identify(hunter_ws/src/ugv_sim/ranger/imgae) by extensions ['python_setup_py']
[0.300s] Level 1:colcon.colcon_core.package_identification:_identify(hunter_ws/src/ugv_sim/ranger/imgae) by extension 'python_setup_py'
[0.300s] Level 1:colcon.colcon_core.package_identification:_identify(hunter_ws/src/ugv_sim/ranger/ranger_mini) by extensions ['ignore', 'ignore_ament_install']
[0.301s] Level 1:colcon.colcon_core.package_identification:_identify(hunter_ws/src/ugv_sim/ranger/ranger_mini) by extension 'ignore'
[0.301s] Level 1:colcon.colcon_core.package_identification:_identify(hunter_ws/src/ugv_sim/ranger/ranger_mini) by extension 'ignore_ament_install'
[0.301s] Level 1:colcon.colcon_core.package_identification:_identify(hunter_ws/src/ugv_sim/ranger/ranger_mini) by extensions ['colcon_pkg']
[0.301s] Level 1:colcon.colcon_core.package_identification:_identify(hunter_ws/src/ugv_sim/ranger/ranger_mini) by extension 'colcon_pkg'
[0.301s] Level 1:colcon.colcon_core.package_identification:_identify(hunter_ws/src/ugv_sim/ranger/ranger_mini) by extensions ['colcon_meta']
[0.301s] Level 1:colcon.colcon_core.package_identification:_identify(hunter_ws/src/ugv_sim/ranger/ranger_mini) by extension 'colcon_meta'
[0.301s] Level 1:colcon.colcon_core.package_identification:_identify(hunter_ws/src/ugv_sim/ranger/ranger_mini) by extensions ['ros']
[0.301s] Level 1:colcon.colcon_core.package_identification:_identify(hunter_ws/src/ugv_sim/ranger/ranger_mini) by extension 'ros'
[0.302s] DEBUG:colcon.colcon_core.package_identification:Package 'hunter_ws/src/ugv_sim/ranger/ranger_mini' with type 'ros.ament_cmake' and name 'ranger_mini'
[0.302s] Level 1:colcon.colcon_core.package_identification:_identify(hunter_ws/src/ugv_sim/scout) by extensions ['ignore', 'ignore_ament_install']
[0.302s] Level 1:colcon.colcon_core.package_identification:_identify(hunter_ws/src/ugv_sim/scout) by extension 'ignore'
[0.302s] Level 1:colcon.colcon_core.package_identification:_identify(hunter_ws/src/ugv_sim/scout) by extension 'ignore_ament_install'
[0.302s] Level 1:colcon.colcon_core.package_identification:_identify(hunter_ws/src/ugv_sim/scout) by extensions ['colcon_pkg']
[0.302s] Level 1:colcon.colcon_core.package_identification:_identify(hunter_ws/src/ugv_sim/scout) by extension 'colcon_pkg'
[0.302s] Level 1:colcon.colcon_core.package_identification:_identify(hunter_ws/src/ugv_sim/scout) by extensions ['colcon_meta']
[0.302s] Level 1:colcon.colcon_core.package_identification:_identify(hunter_ws/src/ugv_sim/scout) by extension 'colcon_meta'
[0.302s] Level 1:colcon.colcon_core.package_identification:_identify(hunter_ws/src/ugv_sim/scout) by extensions ['ros']
[0.302s] Level 1:colcon.colcon_core.package_identification:_identify(hunter_ws/src/ugv_sim/scout) by extension 'ros'
[0.302s] Level 1:colcon.colcon_core.package_identification:_identify(hunter_ws/src/ugv_sim/scout) by extensions ['cmake', 'python']
[0.302s] Level 1:colcon.colcon_core.package_identification:_identify(hunter_ws/src/ugv_sim/scout) by extension 'cmake'
[0.302s] Level 1:colcon.colcon_core.package_identification:_identify(hunter_ws/src/ugv_sim/scout) by extension 'python'
[0.302s] Level 1:colcon.colcon_core.package_identification:_identify(hunter_ws/src/ugv_sim/scout) by extensions ['python_setup_py']
[0.303s] Level 1:colcon.colcon_core.package_identification:_identify(hunter_ws/src/ugv_sim/scout) by extension 'python_setup_py'
[0.303s] Level 1:colcon.colcon_core.package_identification:_identify(hunter_ws/src/ugv_sim/scout/image) by extensions ['ignore', 'ignore_ament_install']
[0.303s] Level 1:colcon.colcon_core.package_identification:_identify(hunter_ws/src/ugv_sim/scout/image) by extension 'ignore'
[0.303s] Level 1:colcon.colcon_core.package_identification:_identify(hunter_ws/src/ugv_sim/scout/image) by extension 'ignore_ament_install'
[0.303s] Level 1:colcon.colcon_core.package_identification:_identify(hunter_ws/src/ugv_sim/scout/image) by extensions ['colcon_pkg']
[0.303s] Level 1:colcon.colcon_core.package_identification:_identify(hunter_ws/src/ugv_sim/scout/image) by extension 'colcon_pkg'
[0.303s] Level 1:colcon.colcon_core.package_identification:_identify(hunter_ws/src/ugv_sim/scout/image) by extensions ['colcon_meta']
[0.303s] Level 1:colcon.colcon_core.package_identification:_identify(hunter_ws/src/ugv_sim/scout/image) by extension 'colcon_meta'
[0.303s] Level 1:colcon.colcon_core.package_identification:_identify(hunter_ws/src/ugv_sim/scout/image) by extensions ['ros']
[0.303s] Level 1:colcon.colcon_core.package_identification:_identify(hunter_ws/src/ugv_sim/scout/image) by extension 'ros'
[0.303s] Level 1:colcon.colcon_core.package_identification:_identify(hunter_ws/src/ugv_sim/scout/image) by extensions ['cmake', 'python']
[0.303s] Level 1:colcon.colcon_core.package_identification:_identify(hunter_ws/src/ugv_sim/scout/image) by extension 'cmake'
[0.303s] Level 1:colcon.colcon_core.package_identification:_identify(hunter_ws/src/ugv_sim/scout/image) by extension 'python'
[0.303s] Level 1:colcon.colcon_core.package_identification:_identify(hunter_ws/src/ugv_sim/scout/image) by extensions ['python_setup_py']
[0.303s] Level 1:colcon.colcon_core.package_identification:_identify(hunter_ws/src/ugv_sim/scout/image) by extension 'python_setup_py'
[0.304s] Level 1:colcon.colcon_core.package_identification:_identify(hunter_ws/src/ugv_sim/scout/scout_description) by extensions ['ignore', 'ignore_ament_install']
[0.304s] Level 1:colcon.colcon_core.package_identification:_identify(hunter_ws/src/ugv_sim/scout/scout_description) by extension 'ignore'
[0.304s] Level 1:colcon.colcon_core.package_identification:_identify(hunter_ws/src/ugv_sim/scout/scout_description) by extension 'ignore_ament_install'
[0.304s] Level 1:colcon.colcon_core.package_identification:_identify(hunter_ws/src/ugv_sim/scout/scout_description) by extensions ['colcon_pkg']
[0.304s] Level 1:colcon.colcon_core.package_identification:_identify(hunter_ws/src/ugv_sim/scout/scout_description) by extension 'colcon_pkg'
[0.304s] Level 1:colcon.colcon_core.package_identification:_identify(hunter_ws/src/ugv_sim/scout/scout_description) by extensions ['colcon_meta']
[0.304s] Level 1:colcon.colcon_core.package_identification:_identify(hunter_ws/src/ugv_sim/scout/scout_description) by extension 'colcon_meta'
[0.304s] Level 1:colcon.colcon_core.package_identification:_identify(hunter_ws/src/ugv_sim/scout/scout_description) by extensions ['ros']
[0.304s] Level 1:colcon.colcon_core.package_identification:_identify(hunter_ws/src/ugv_sim/scout/scout_description) by extension 'ros'
[0.305s] DEBUG:colcon.colcon_core.package_identification:Package 'hunter_ws/src/ugv_sim/scout/scout_description' with type 'ros.ament_cmake' and name 'scout_description'
[0.305s] Level 1:colcon.colcon_core.package_identification:_identify(hunter_ws/src/ugv_sim/scout/scout_gazebo_sim) by extensions ['ignore', 'ignore_ament_install']
[0.305s] Level 1:colcon.colcon_core.package_identification:_identify(hunter_ws/src/ugv_sim/scout/scout_gazebo_sim) by extension 'ignore'
[0.305s] Level 1:colcon.colcon_core.package_identification:_identify(hunter_ws/src/ugv_sim/scout/scout_gazebo_sim) by extension 'ignore_ament_install'
[0.305s] Level 1:colcon.colcon_core.package_identification:_identify(hunter_ws/src/ugv_sim/scout/scout_gazebo_sim) by extensions ['colcon_pkg']
[0.305s] Level 1:colcon.colcon_core.package_identification:_identify(hunter_ws/src/ugv_sim/scout/scout_gazebo_sim) by extension 'colcon_pkg'
[0.305s] Level 1:colcon.colcon_core.package_identification:_identify(hunter_ws/src/ugv_sim/scout/scout_gazebo_sim) by extensions ['colcon_meta']
[0.305s] Level 1:colcon.colcon_core.package_identification:_identify(hunter_ws/src/ugv_sim/scout/scout_gazebo_sim) by extension 'colcon_meta'
[0.305s] Level 1:colcon.colcon_core.package_identification:_identify(hunter_ws/src/ugv_sim/scout/scout_gazebo_sim) by extensions ['ros']
[0.305s] Level 1:colcon.colcon_core.package_identification:_identify(hunter_ws/src/ugv_sim/scout/scout_gazebo_sim) by extension 'ros'
[0.306s] DEBUG:colcon.colcon_core.package_identification:Package 'hunter_ws/src/ugv_sim/scout/scout_gazebo_sim' with type 'ros.ament_cmake' and name 'scout_gazebo_sim'
[0.306s] Level 1:colcon.colcon_core.package_identification:_identify(hunter_ws/src/ugv_sim/tracer) by extensions ['ignore', 'ignore_ament_install']
[0.306s] Level 1:colcon.colcon_core.package_identification:_identify(hunter_ws/src/ugv_sim/tracer) by extension 'ignore'
[0.306s] Level 1:colcon.colcon_core.package_identification:_identify(hunter_ws/src/ugv_sim/tracer) by extension 'ignore_ament_install'
[0.306s] Level 1:colcon.colcon_core.package_identification:_identify(hunter_ws/src/ugv_sim/tracer) by extensions ['colcon_pkg']
[0.306s] Level 1:colcon.colcon_core.package_identification:_identify(hunter_ws/src/ugv_sim/tracer) by extension 'colcon_pkg'
[0.306s] Level 1:colcon.colcon_core.package_identification:_identify(hunter_ws/src/ugv_sim/tracer) by extensions ['colcon_meta']
[0.306s] Level 1:colcon.colcon_core.package_identification:_identify(hunter_ws/src/ugv_sim/tracer) by extension 'colcon_meta'
[0.306s] Level 1:colcon.colcon_core.package_identification:_identify(hunter_ws/src/ugv_sim/tracer) by extensions ['ros']
[0.306s] Level 1:colcon.colcon_core.package_identification:_identify(hunter_ws/src/ugv_sim/tracer) by extension 'ros'
[0.307s] Level 1:colcon.colcon_core.package_identification:_identify(hunter_ws/src/ugv_sim/tracer) by extensions ['cmake', 'python']
[0.307s] Level 1:colcon.colcon_core.package_identification:_identify(hunter_ws/src/ugv_sim/tracer) by extension 'cmake'
[0.307s] Level 1:colcon.colcon_core.package_identification:_identify(hunter_ws/src/ugv_sim/tracer) by extension 'python'
[0.307s] Level 1:colcon.colcon_core.package_identification:_identify(hunter_ws/src/ugv_sim/tracer) by extensions ['python_setup_py']
[0.307s] Level 1:colcon.colcon_core.package_identification:_identify(hunter_ws/src/ugv_sim/tracer) by extension 'python_setup_py'
[0.307s] Level 1:colcon.colcon_core.package_identification:_identify(hunter_ws/src/ugv_sim/tracer/image) by extensions ['ignore', 'ignore_ament_install']
[0.307s] Level 1:colcon.colcon_core.package_identification:_identify(hunter_ws/src/ugv_sim/tracer/image) by extension 'ignore'
[0.307s] Level 1:colcon.colcon_core.package_identification:_identify(hunter_ws/src/ugv_sim/tracer/image) by extension 'ignore_ament_install'
[0.307s] Level 1:colcon.colcon_core.package_identification:_identify(hunter_ws/src/ugv_sim/tracer/image) by extensions ['colcon_pkg']
[0.307s] Level 1:colcon.colcon_core.package_identification:_identify(hunter_ws/src/ugv_sim/tracer/image) by extension 'colcon_pkg'
[0.307s] Level 1:colcon.colcon_core.package_identification:_identify(hunter_ws/src/ugv_sim/tracer/image) by extensions ['colcon_meta']
[0.307s] Level 1:colcon.colcon_core.package_identification:_identify(hunter_ws/src/ugv_sim/tracer/image) by extension 'colcon_meta'
[0.307s] Level 1:colcon.colcon_core.package_identification:_identify(hunter_ws/src/ugv_sim/tracer/image) by extensions ['ros']
[0.307s] Level 1:colcon.colcon_core.package_identification:_identify(hunter_ws/src/ugv_sim/tracer/image) by extension 'ros'
[0.307s] Level 1:colcon.colcon_core.package_identification:_identify(hunter_ws/src/ugv_sim/tracer/image) by extensions ['cmake', 'python']
[0.307s] Level 1:colcon.colcon_core.package_identification:_identify(hunter_ws/src/ugv_sim/tracer/image) by extension 'cmake'
[0.307s] Level 1:colcon.colcon_core.package_identification:_identify(hunter_ws/src/ugv_sim/tracer/image) by extension 'python'
[0.308s] Level 1:colcon.colcon_core.package_identification:_identify(hunter_ws/src/ugv_sim/tracer/image) by extensions ['python_setup_py']
[0.308s] Level 1:colcon.colcon_core.package_identification:_identify(hunter_ws/src/ugv_sim/tracer/image) by extension 'python_setup_py'
[0.308s] Level 1:colcon.colcon_core.package_identification:_identify(hunter_ws/src/ugv_sim/tracer/tracer_description) by extensions ['ignore', 'ignore_ament_install']
[0.308s] Level 1:colcon.colcon_core.package_identification:_identify(hunter_ws/src/ugv_sim/tracer/tracer_description) by extension 'ignore'
[0.308s] Level 1:colcon.colcon_core.package_identification:_identify(hunter_ws/src/ugv_sim/tracer/tracer_description) by extension 'ignore_ament_install'
[0.308s] Level 1:colcon.colcon_core.package_identification:_identify(hunter_ws/src/ugv_sim/tracer/tracer_description) by extensions ['colcon_pkg']
[0.308s] Level 1:colcon.colcon_core.package_identification:_identify(hunter_ws/src/ugv_sim/tracer/tracer_description) by extension 'colcon_pkg'
[0.308s] Level 1:colcon.colcon_core.package_identification:_identify(hunter_ws/src/ugv_sim/tracer/tracer_description) by extensions ['colcon_meta']
[0.308s] Level 1:colcon.colcon_core.package_identification:_identify(hunter_ws/src/ugv_sim/tracer/tracer_description) by extension 'colcon_meta'
[0.308s] Level 1:colcon.colcon_core.package_identification:_identify(hunter_ws/src/ugv_sim/tracer/tracer_description) by extensions ['ros']
[0.308s] Level 1:colcon.colcon_core.package_identification:_identify(hunter_ws/src/ugv_sim/tracer/tracer_description) by extension 'ros'
[0.309s] DEBUG:colcon.colcon_core.package_identification:Package 'hunter_ws/src/ugv_sim/tracer/tracer_description' with type 'ros.ament_cmake' and name 'tracer_description'
[0.309s] Level 1:colcon.colcon_core.package_identification:_identify(hunter_ws/src/ugv_sim/tracer/tracer_gazebo_sim) by extensions ['ignore', 'ignore_ament_install']
[0.309s] Level 1:colcon.colcon_core.package_identification:_identify(hunter_ws/src/ugv_sim/tracer/tracer_gazebo_sim) by extension 'ignore'
[0.309s] Level 1:colcon.colcon_core.package_identification:_identify(hunter_ws/src/ugv_sim/tracer/tracer_gazebo_sim) by extension 'ignore_ament_install'
[0.309s] Level 1:colcon.colcon_core.package_identification:_identify(hunter_ws/src/ugv_sim/tracer/tracer_gazebo_sim) by extensions ['colcon_pkg']
[0.309s] Level 1:colcon.colcon_core.package_identification:_identify(hunter_ws/src/ugv_sim/tracer/tracer_gazebo_sim) by extension 'colcon_pkg'
[0.309s] Level 1:colcon.colcon_core.package_identification:_identify(hunter_ws/src/ugv_sim/tracer/tracer_gazebo_sim) by extensions ['colcon_meta']
[0.309s] Level 1:colcon.colcon_core.package_identification:_identify(hunter_ws/src/ugv_sim/tracer/tracer_gazebo_sim) by extension 'colcon_meta'
[0.309s] Level 1:colcon.colcon_core.package_identification:_identify(hunter_ws/src/ugv_sim/tracer/tracer_gazebo_sim) by extensions ['ros']
[0.309s] Level 1:colcon.colcon_core.package_identification:_identify(hunter_ws/src/ugv_sim/tracer/tracer_gazebo_sim) by extension 'ros'
[0.310s] DEBUG:colcon.colcon_core.package_identification:Package 'hunter_ws/src/ugv_sim/tracer/tracer_gazebo_sim' with type 'ros.ament_cmake' and name 'tracer_gazebo_sim'
[0.310s] Level 1:colcon.colcon_core.package_identification:_identify(install) by extensions ['ignore', 'ignore_ament_install']
[0.310s] Level 1:colcon.colcon_core.package_identification:_identify(install) by extension 'ignore'
[0.310s] Level 1:colcon.colcon_core.package_identification:_identify(install) ignored
[0.310s] Level 1:colcon.colcon_core.package_identification:_identify(log) by extensions ['ignore', 'ignore_ament_install']
[0.311s] Level 1:colcon.colcon_core.package_identification:_identify(log) by extension 'ignore'
[0.311s] Level 1:colcon.colcon_core.package_identification:_identify(log) ignored
[0.311s] Level 1:colcon.colcon_core.package_identification:_identify(sevensense_pkg) by extensions ['ignore', 'ignore_ament_install']
[0.311s] Level 1:colcon.colcon_core.package_identification:_identify(sevensense_pkg) by extension 'ignore'
[0.311s] Level 1:colcon.colcon_core.package_identification:_identify(sevensense_pkg) by extension 'ignore_ament_install'
[0.311s] Level 1:colcon.colcon_core.package_identification:_identify(sevensense_pkg) by extensions ['colcon_pkg']
[0.311s] Level 1:colcon.colcon_core.package_identification:_identify(sevensense_pkg) by extension 'colcon_pkg'
[0.311s] Level 1:colcon.colcon_core.package_identification:_identify(sevensense_pkg) by extensions ['colcon_meta']
[0.311s] Level 1:colcon.colcon_core.package_identification:_identify(sevensense_pkg) by extension 'colcon_meta'
[0.311s] Level 1:colcon.colcon_core.package_identification:_identify(sevensense_pkg) by extensions ['ros']
[0.311s] Level 1:colcon.colcon_core.package_identification:_identify(sevensense_pkg) by extension 'ros'
[0.312s] DEBUG:colcon.colcon_core.package_identification:Package 'sevensense_pkg' with type 'ros.ament_python' and name 'sevensense_pkg'
[0.312s] Level 1:colcon.colcon_core.package_discovery:discover_packages(recursive) using defaults
[0.312s] Level 1:colcon.colcon_core.package_discovery:discover_packages(ignore) discover
[0.312s] Level 1:colcon.colcon_core.package_discovery:discover_packages(ignore) using defaults
[0.312s] Level 1:colcon.colcon_core.package_discovery:discover_packages(path) discover
[0.312s] Level 1:colcon.colcon_core.package_discovery:discover_packages(path) using defaults
[0.332s] INFO:colcon.colcon_core.package_selection:Skipping not selected package 'four_ws_control' in 'hunter_ws/src/ugv_sim/ranger/four_ws_control'
[0.332s] INFO:colcon.colcon_core.package_selection:Skipping not selected package 'hunter2_base' in 'hunter_ws/src/ugv_sim/hunter/hunter2_base'
[0.332s] INFO:colcon.colcon_core.package_selection:Skipping not selected package 'hunter2_gazebo' in 'hunter_ws/src/ugv_sim/hunter/hunter2_gazebo'
[0.332s] INFO:colcon.colcon_core.package_selection:Skipping not selected package 'hunter_se_description' in 'hunter_ws/src/ugv_sim/hunter_se/hunter_se_description'
[0.332s] INFO:colcon.colcon_core.package_selection:Skipping not selected package 'hunter_se_gazebo' in 'hunter_ws/src/ugv_sim/hunter_se/hunter_se_gazebo'
[0.332s] INFO:colcon.colcon_core.package_selection:Skipping not selected package 'ranger_mini' in 'hunter_ws/src/ugv_sim/ranger/ranger_mini'
[0.332s] INFO:colcon.colcon_core.package_selection:Skipping not selected package 'scout_description' in 'hunter_ws/src/ugv_sim/scout/scout_description'
[0.332s] INFO:colcon.colcon_core.package_selection:Skipping not selected package 'scout_gazebo_sim' in 'hunter_ws/src/ugv_sim/scout/scout_gazebo_sim'
[0.332s] INFO:colcon.colcon_core.package_selection:Skipping not selected package 'tracer_description' in 'hunter_ws/src/ugv_sim/tracer/tracer_description'
[0.333s] INFO:colcon.colcon_core.package_selection:Skipping not selected package 'tracer_gazebo_sim' in 'hunter_ws/src/ugv_sim/tracer/tracer_gazebo_sim'
[0.333s] Level 1:colcon.colcon_core.package_discovery:discover_packages(prefix_path) check parameters
[0.333s] Level 1:colcon.colcon_core.package_discovery:discover_packages(prefix_path) discover
[0.336s] DEBUG:colcon.colcon_installed_package_information.package_discovery:Found 11 installed packages in /workspace/Projects/install
[0.337s] DEBUG:colcon.colcon_installed_package_information.package_discovery:Found 10 installed packages in /workspace/Projects/hunter_ws/install
[0.339s] DEBUG:colcon.colcon_installed_package_information.package_discovery:Found 335 installed packages in /opt/ros/humble
[0.350s] Level 1:colcon.colcon_core.package_discovery:discover_packages(prefix_path) using defaults
[0.396s] Level 5:colcon.colcon_core.verb:set package 'sevensense_pkg' build argument 'cmake_args' from command line to 'None'
[0.396s] Level 5:colcon.colcon_core.verb:set package 'sevensense_pkg' build argument 'cmake_target' from command line to 'None'
[0.396s] Level 5:colcon.colcon_core.verb:set package 'sevensense_pkg' build argument 'cmake_target_skip_unavailable' from command line to 'False'
[0.396s] Level 5:colcon.colcon_core.verb:set package 'sevensense_pkg' build argument 'cmake_clean_cache' from command line to 'False'
[0.396s] Level 5:colcon.colcon_core.verb:set package 'sevensense_pkg' build argument 'cmake_clean_first' from command line to 'False'
[0.396s] Level 5:colcon.colcon_core.verb:set package 'sevensense_pkg' build argument 'cmake_force_configure' from command line to 'False'
[0.396s] Level 5:colcon.colcon_core.verb:set package 'sevensense_pkg' build argument 'ament_cmake_args' from command line to 'None'
[0.396s] Level 5:colcon.colcon_core.verb:set package 'sevensense_pkg' build argument 'catkin_cmake_args' from command line to 'None'
[0.396s] Level 5:colcon.colcon_core.verb:set package 'sevensense_pkg' build argument 'catkin_skip_building_tests' from command line to 'False'
[0.396s] DEBUG:colcon.colcon_core.verb:Building package 'sevensense_pkg' with the following arguments: {'ament_cmake_args': None, 'build_base': '/workspace/Projects/build/sevensense_pkg', 'catkin_cmake_args': None, 'catkin_skip_building_tests': False, 'cmake_args': None, 'cmake_clean_cache': False, 'cmake_clean_first': False, 'cmake_force_configure': False, 'cmake_target': None, 'cmake_target_skip_unavailable': False, 'install_base': '/workspace/Projects/install/sevensense_pkg', 'merge_install': False, 'path': '/workspace/Projects/sevensense_pkg', 'symlink_install': False, 'test_result_base': None}
[0.397s] INFO:colcon.colcon_core.executor:Executing jobs using 'parallel' executor
[0.398s] DEBUG:colcon.colcon_parallel_executor.executor.parallel:run_until_complete
[0.398s] INFO:colcon.colcon_ros.task.ament_python.build:Building ROS package in '/workspace/Projects/sevensense_pkg' with build type 'ament_python'
[0.399s] Level 1:colcon.colcon_core.shell:create_environment_hook('sevensense_pkg', 'ament_prefix_path')
[0.401s] INFO:colcon.colcon_core.plugin_system:Skipping extension 'colcon_core.shell.bat': Not used on non-Windows systems
[0.401s] INFO:colcon.colcon_core.shell:Creating environment hook '/workspace/Projects/install/sevensense_pkg/share/sevensense_pkg/hook/ament_prefix_path.ps1'
[0.402s] INFO:colcon.colcon_core.shell:Creating environment descriptor '/workspace/Projects/install/sevensense_pkg/share/sevensense_pkg/hook/ament_prefix_path.dsv'
[0.403s] INFO:colcon.colcon_core.shell:Creating environment hook '/workspace/Projects/install/sevensense_pkg/share/sevensense_pkg/hook/ament_prefix_path.sh'
[0.404s] INFO:colcon.colcon_core.shell:Skip shell extension 'powershell' for command environment: Not usable outside of PowerShell
[0.404s] DEBUG:colcon.colcon_core.shell:Skip shell extension 'dsv' for command environment
[0.697s] INFO:colcon.colcon_core.task.python.build:Building Python package in '/workspace/Projects/sevensense_pkg'
[0.698s] INFO:colcon.colcon_core.shell:Skip shell extension 'powershell' for command environment: Not usable outside of PowerShell
[0.698s] DEBUG:colcon.colcon_core.shell:Skip shell extension 'dsv' for command environment
[1.096s] DEBUG:colcon.colcon_core.event_handler.log_command:Invoking command in '/workspace/Projects/sevensense_pkg': PYTHONPATH=/workspace/Projects/build/sevensense_pkg/prefix_override:/usr/lib/python3/dist-packages/colcon_core/task/python/colcon_distutils_commands:/workspace/Projects/install/sevensense_pkg/lib/python3.10/site-packages:${PYTHONPATH} /usr/bin/python3 -W ignore:setup.py install is deprecated -W ignore:easy_install command is deprecated setup.py egg_info --egg-base ../build/sevensense_pkg build --build-base /workspace/Projects/build/sevensense_pkg/build install --record /workspace/Projects/build/sevensense_pkg/install.log --single-version-externally-managed install_data
[1.439s] DEBUG:colcon.colcon_core.event_handler.log_command:Invoked command in '/workspace/Projects/sevensense_pkg' returned '0': PYTHONPATH=/workspace/Projects/build/sevensense_pkg/prefix_override:/usr/lib/python3/dist-packages/colcon_core/task/python/colcon_distutils_commands:/workspace/Projects/install/sevensense_pkg/lib/python3.10/site-packages:${PYTHONPATH} /usr/bin/python3 -W ignore:setup.py install is deprecated -W ignore:easy_install command is deprecated setup.py egg_info --egg-base ../build/sevensense_pkg build --build-base /workspace/Projects/build/sevensense_pkg/build install --record /workspace/Projects/build/sevensense_pkg/install.log --single-version-externally-managed install_data
[1.442s] Level 1:colcon.colcon_core.environment:checking '/workspace/Projects/install/sevensense_pkg' for CMake module files
[1.442s] Level 1:colcon.colcon_core.environment:checking '/workspace/Projects/install/sevensense_pkg' for CMake config files
[1.443s] Level 1:colcon.colcon_core.environment:checking '/workspace/Projects/install/sevensense_pkg/lib'
[1.444s] Level 1:colcon.colcon_core.environment:checking '/workspace/Projects/install/sevensense_pkg/bin'
[1.444s] Level 1:colcon.colcon_core.environment:checking '/workspace/Projects/install/sevensense_pkg/lib/pkgconfig/sevensense_pkg.pc'
[1.444s] Level 1:colcon.colcon_core.environment:checking '/workspace/Projects/install/sevensense_pkg/lib/python3.10/site-packages'
[1.444s] Level 1:colcon.colcon_core.shell:create_environment_hook('sevensense_pkg', 'pythonpath')
[1.444s] INFO:colcon.colcon_core.shell:Creating environment hook '/workspace/Projects/install/sevensense_pkg/share/sevensense_pkg/hook/pythonpath.ps1'
[1.445s] INFO:colcon.colcon_core.shell:Creating environment descriptor '/workspace/Projects/install/sevensense_pkg/share/sevensense_pkg/hook/pythonpath.dsv'
[1.445s] INFO:colcon.colcon_core.shell:Creating environment hook '/workspace/Projects/install/sevensense_pkg/share/sevensense_pkg/hook/pythonpath.sh'
[1.446s] Level 1:colcon.colcon_core.environment:checking '/workspace/Projects/install/sevensense_pkg/bin'
[1.446s] Level 1:colcon.colcon_core.environment:create_environment_scripts_only(sevensense_pkg)
[1.447s] INFO:colcon.colcon_core.shell:Creating package script '/workspace/Projects/install/sevensense_pkg/share/sevensense_pkg/package.ps1'
[1.448s] INFO:colcon.colcon_core.shell:Creating package descriptor '/workspace/Projects/install/sevensense_pkg/share/sevensense_pkg/package.dsv'
[1.448s] INFO:colcon.colcon_core.shell:Creating package script '/workspace/Projects/install/sevensense_pkg/share/sevensense_pkg/package.sh'
[1.449s] INFO:colcon.colcon_core.shell:Creating package script '/workspace/Projects/install/sevensense_pkg/share/sevensense_pkg/package.bash'
[1.450s] INFO:colcon.colcon_core.shell:Creating package script '/workspace/Projects/install/sevensense_pkg/share/sevensense_pkg/package.zsh'
[1.451s] Level 1:colcon.colcon_core.environment:create_file_with_runtime_dependencies(/workspace/Projects/install/sevensense_pkg/share/colcon-core/packages/sevensense_pkg)
[1.452s] DEBUG:colcon.colcon_parallel_executor.executor.parallel:closing loop
[1.452s] DEBUG:colcon.colcon_parallel_executor.executor.parallel:loop closed
[1.452s] DEBUG:colcon.colcon_parallel_executor.executor.parallel:run_until_complete finished with '0'
[1.452s] DEBUG:colcon.colcon_core.event_reactor:joining thread
[1.459s] INFO:colcon.colcon_core.plugin_system:Skipping extension 'colcon_notification.desktop_notification.notify_send': Could not find 'notify-send'
[1.459s] INFO:colcon.colcon_core.plugin_system:Skipping extension 'colcon_notification.desktop_notification.terminal_notifier': Not used on non-Darwin systems
[1.459s] INFO:colcon.colcon_core.plugin_system:Skipping extension 'colcon_notification.desktop_notification.win32': Not used on non-Windows systems
[1.459s] INFO:colcon.colcon_notification.desktop_notification:Sending desktop notification using 'notify2'
[1.462s] DEBUG:colcon.colcon_notification.desktop_notification.notify2:Failed to initialize notify2: org.freedesktop.DBus.Error.Spawn.ExecFailed: /usr/bin/dbus-launch terminated abnormally without any error message
[1.463s] DEBUG:colcon.colcon_core.event_reactor:joined thread
[1.464s] INFO:colcon.colcon_core.shell:Creating prefix script '/workspace/Projects/install/local_setup.ps1'
[1.466s] INFO:colcon.colcon_core.shell:Creating prefix util module '/workspace/Projects/install/_local_setup_util_ps1.py'
[1.468s] INFO:colcon.colcon_core.shell:Creating prefix chain script '/workspace/Projects/install/setup.ps1'
[1.471s] INFO:colcon.colcon_core.shell:Creating prefix script '/workspace/Projects/install/local_setup.sh'
[1.472s] INFO:colcon.colcon_core.shell:Creating prefix util module '/workspace/Projects/install/_local_setup_util_sh.py'
[1.473s] INFO:colcon.colcon_core.shell:Creating prefix chain script '/workspace/Projects/install/setup.sh'
[1.477s] INFO:colcon.colcon_core.shell:Creating prefix script '/workspace/Projects/install/local_setup.bash'
[1.478s] INFO:colcon.colcon_core.shell:Creating prefix chain script '/workspace/Projects/install/setup.bash'
[1.480s] INFO:colcon.colcon_core.shell:Creating prefix script '/workspace/Projects/install/local_setup.zsh'
[1.481s] INFO:colcon.colcon_core.shell:Creating prefix chain script '/workspace/Projects/install/setup.zsh'
