-- Install configuration: ""
-- Up-to-date: /workspace/Projects/install/hunter2_gazebo/share/hunter2_gazebo/launch
-- Up-to-date: /workspace/Projects/install/hunter2_gazebo/share/hunter2_gazebo/launch/hunter_spawn.launch.py
-- Up-to-date: /workspace/Projects/install/hunter2_gazebo/share/hunter2_gazebo/launch/hunter_gazebo.launch.py
-- Up-to-date: /workspace/Projects/install/hunter2_gazebo/share/hunter2_gazebo/launch/display.launch.py
-- Up-to-date: /workspace/Projects/install/hunter2_gazebo/share/hunter2_gazebo/launch/hunter_empty_world.launch.py
-- Up-to-date: /workspace/Projects/install/hunter2_gazebo/share/hunter2_gazebo/xacro
-- Up-to-date: /workspace/Projects/install/hunter2_gazebo/share/hunter2_gazebo/xacro/hunter2.gazebo
-- Up-to-date: /workspace/Projects/install/hunter2_gazebo/share/hunter2_gazebo/xacro/hunter2_description.xacro
-- Up-to-date: /workspace/Projects/install/hunter2_gazebo/share/hunter2_gazebo/world
-- Up-to-date: /workspace/Projects/install/hunter2_gazebo/share/hunter2_gazebo/world/house.world
-- Up-to-date: /workspace/Projects/install/hunter2_gazebo/share/hunter2_gazebo/scripts
-- Up-to-date: /workspace/Projects/install/hunter2_gazebo/share/hunter2_gazebo/scripts/gazebo_odometry.py
-- Up-to-date: /workspace/Projects/install/hunter2_gazebo/share/ament_index/resource_index/package_run_dependencies/hunter2_gazebo
-- Up-to-date: /workspace/Projects/install/hunter2_gazebo/share/ament_index/resource_index/parent_prefix_path/hunter2_gazebo
-- Up-to-date: /workspace/Projects/install/hunter2_gazebo/share/hunter2_gazebo/environment/ament_prefix_path.sh
-- Up-to-date: /workspace/Projects/install/hunter2_gazebo/share/hunter2_gazebo/environment/ament_prefix_path.dsv
-- Up-to-date: /workspace/Projects/install/hunter2_gazebo/share/hunter2_gazebo/environment/path.sh
-- Up-to-date: /workspace/Projects/install/hunter2_gazebo/share/hunter2_gazebo/environment/path.dsv
-- Up-to-date: /workspace/Projects/install/hunter2_gazebo/share/hunter2_gazebo/local_setup.bash
-- Up-to-date: /workspace/Projects/install/hunter2_gazebo/share/hunter2_gazebo/local_setup.sh
-- Up-to-date: /workspace/Projects/install/hunter2_gazebo/share/hunter2_gazebo/local_setup.zsh
-- Up-to-date: /workspace/Projects/install/hunter2_gazebo/share/hunter2_gazebo/local_setup.dsv
-- Up-to-date: /workspace/Projects/install/hunter2_gazebo/share/hunter2_gazebo/package.dsv
-- Up-to-date: /workspace/Projects/install/hunter2_gazebo/share/ament_index/resource_index/packages/hunter2_gazebo
-- Up-to-date: /workspace/Projects/install/hunter2_gazebo/share/hunter2_gazebo/cmake/hunter2_gazeboConfig.cmake
-- Up-to-date: /workspace/Projects/install/hunter2_gazebo/share/hunter2_gazebo/cmake/hunter2_gazeboConfig-version.cmake
-- Up-to-date: /workspace/Projects/install/hunter2_gazebo/share/hunter2_gazebo/package.xml
