[0.084s] Invoking command in '/workspace/Projects/build/ranger_mini': CMAKE_PREFIX_PATH=${CMAKE_PREFIX_PATH}:/workspace/Projects/install/sevensense_pkg:/workspace/install/sevensense_pkg:/opt/ros/humble /usr/bin/cmake --build /workspace/Projects/build/ranger_mini -- -j8 -l8
[0.242s] Invoked command in '/workspace/Projects/build/ranger_mini' returned '0': CMAKE_PREFIX_PATH=${CMAKE_PREFIX_PATH}:/workspace/Projects/install/sevensense_pkg:/workspace/install/sevensense_pkg:/opt/ros/humble /usr/bin/cmake --build /workspace/Projects/build/ranger_mini -- -j8 -l8
[0.243s] Invoking command in '/workspace/Projects/build/ranger_mini': CMAKE_PREFIX_PATH=${CMAKE_PREFIX_PATH}:/workspace/Projects/install/sevensense_pkg:/workspace/install/sevensense_pkg:/opt/ros/humble /usr/bin/cmake --install /workspace/Projects/build/ranger_mini
[0.259s] -- Install configuration: ""
[0.260s] -- Up-to-date: /workspace/Projects/install/ranger_mini/share/ranger_mini/launch
[0.260s] -- Up-to-date: /workspace/Projects/install/ranger_mini/share/ranger_mini/launch/ranger_mini.launch.py
[0.260s] -- Up-to-date: /workspace/Projects/install/ranger_mini/share/ranger_mini/launch/ranger_mini_v2_gazebo.launch.py
[0.262s] -- Up-to-date: /workspace/Projects/install/ranger_mini/share/ranger_mini/launch/ranger_mini_spawn.launch.py
[0.262s] -- Up-to-date: /workspace/Projects/install/ranger_mini/share/ranger_mini/launch/ranger_mini_v2_display.launch.py
[0.263s] -- Up-to-date: /workspace/Projects/install/ranger_mini/share/ranger_mini/meshes
[0.263s] -- Up-to-date: /workspace/Projects/install/ranger_mini/share/ranger_mini/meshes/fl.stl
[0.264s] -- Up-to-date: /workspace/Projects/install/ranger_mini/share/ranger_mini/meshes/fl_Link.STL
[0.264s] -- Up-to-date: /workspace/Projects/install/ranger_mini/share/ranger_mini/meshes/fr.dae
[0.264s] -- Up-to-date: /workspace/Projects/install/ranger_mini/share/ranger_mini/meshes/bl_Link.STL
[0.265s] -- Up-to-date: /workspace/Projects/install/ranger_mini/share/ranger_mini/meshes/ranger_base.dae
[0.265s] -- Up-to-date: /workspace/Projects/install/ranger_mini/share/ranger_mini/meshes/ranger_base.zip
[0.265s] -- Up-to-date: /workspace/Projects/install/ranger_mini/share/ranger_mini/meshes/br_Link.STL
[0.265s] -- Up-to-date: /workspace/Projects/install/ranger_mini/share/ranger_mini/meshes/base_link.STL
[0.266s] -- Up-to-date: /workspace/Projects/install/ranger_mini/share/ranger_mini/meshes/fr_Link.STL
[0.266s] -- Up-to-date: /workspace/Projects/install/ranger_mini/share/ranger_mini/meshes/fl.dae
[0.267s] -- Up-to-date: /workspace/Projects/install/ranger_mini/share/ranger_mini/meshes/fr.stl
[0.267s] -- Up-to-date: /workspace/Projects/install/ranger_mini/share/ranger_mini/rviz
[0.268s] -- Up-to-date: /workspace/Projects/install/ranger_mini/share/ranger_mini/rviz/urdf.rviz
[0.269s] -- Up-to-date: /workspace/Projects/install/ranger_mini/share/ranger_mini/rviz/display.rviz
[0.270s] -- Up-to-date: /workspace/Projects/install/ranger_mini/share/ranger_mini/urdf
[0.270s] -- Up-to-date: /workspace/Projects/install/ranger_mini/share/ranger_mini/urdf/ranger_mini_gazebo.xacro
[0.271s] -- Up-to-date: /workspace/Projects/install/ranger_mini/share/ranger_mini/urdf/ranger_l.xacro
[0.272s] -- Up-to-date: /workspace/Projects/install/ranger_mini/share/ranger_mini/urdf/ranger_r.xacro
[0.272s] -- Up-to-date: /workspace/Projects/install/ranger_mini/share/ranger_mini/urdf/ranger_mini_gazebo copy.xacro
[0.272s] -- Up-to-date: /workspace/Projects/install/ranger_mini/share/ranger_mini/urdf/ranger_mini.xacro
[0.273s] -- Up-to-date: /workspace/Projects/install/ranger_mini/share/ranger_mini/urdf/ranger_mini.urdf
[0.273s] -- Up-to-date: /workspace/Projects/install/ranger_mini/share/ranger_mini/urdf/gazebo.xacro
[0.274s] -- Up-to-date: /workspace/Projects/install/ranger_mini/share/ranger_mini/urdf/ranger_mini.csv
[0.274s] -- Up-to-date: /workspace/Projects/install/ranger_mini/share/ament_index/resource_index/package_run_dependencies/ranger_mini
[0.275s] -- Up-to-date: /workspace/Projects/install/ranger_mini/share/ament_index/resource_index/parent_prefix_path/ranger_mini
[0.275s] -- Up-to-date: /workspace/Projects/install/ranger_mini/share/ranger_mini/environment/ament_prefix_path.sh
[0.276s] -- Up-to-date: /workspace/Projects/install/ranger_mini/share/ranger_mini/environment/ament_prefix_path.dsv
[0.277s] -- Up-to-date: /workspace/Projects/install/ranger_mini/share/ranger_mini/environment/path.sh
[0.277s] -- Up-to-date: /workspace/Projects/install/ranger_mini/share/ranger_mini/environment/path.dsv
[0.278s] -- Up-to-date: /workspace/Projects/install/ranger_mini/share/ranger_mini/local_setup.bash
[0.278s] -- Up-to-date: /workspace/Projects/install/ranger_mini/share/ranger_mini/local_setup.sh
[0.278s] -- Up-to-date: /workspace/Projects/install/ranger_mini/share/ranger_mini/local_setup.zsh
[0.278s] -- Up-to-date: /workspace/Projects/install/ranger_mini/share/ranger_mini/local_setup.dsv
[0.278s] -- Installing: /workspace/Projects/install/ranger_mini/share/ranger_mini/package.dsv
[0.279s] -- Up-to-date: /workspace/Projects/install/ranger_mini/share/ament_index/resource_index/packages/ranger_mini
[0.280s] -- Up-to-date: /workspace/Projects/install/ranger_mini/share/ranger_mini/cmake/ranger_miniConfig.cmake
[0.280s] -- Up-to-date: /workspace/Projects/install/ranger_mini/share/ranger_mini/cmake/ranger_miniConfig-version.cmake
[0.280s] -- Up-to-date: /workspace/Projects/install/ranger_mini/share/ranger_mini/package.xml
[0.434s] Invoked command in '/workspace/Projects/build/ranger_mini' returned '0': CMAKE_PREFIX_PATH=${CMAKE_PREFIX_PATH}:/workspace/Projects/install/sevensense_pkg:/workspace/install/sevensense_pkg:/opt/ros/humble /usr/bin/cmake --install /workspace/Projects/build/ranger_mini
