[0.027s] Invoking command in '/workspace/Projects/hunter_ws/build/four_ws_control': /usr/bin/cmake /workspace/Projects/hunter_ws/src/ugv_sim/ranger/four_ws_control -DCMAKE_INSTALL_PREFIX=/workspace/Projects/hunter_ws/install/four_ws_control
[0.103s] -- Configuring incomplete, errors occurred!
[0.104s] See also "/workspace/Projects/hunter_ws/build/four_ws_control/CMakeFiles/CMakeOutput.log".
[0.104s] [31mCMake Error at CMakeLists.txt:19 (find_package):
[0.104s]   By not providing "Findament_cmake.cmake" in CMAKE_MODULE_PATH this project
[0.104s]   has asked CMake to find a package configuration file provided by
[0.105s]   "ament_cmake", but CMake did not find one.
[0.105s] 
[0.105s]   Could not find a package configuration file provided by "ament_cmake" with
[0.105s]   any of the following names:
[0.105s] 
[0.105s]     ament_cmakeConfig.cmake
[0.105s]     ament_cmake-config.cmake
[0.105s] 
[0.106s]   Add the installation prefix of "ament_cmake" to CMAKE_PREFIX_PATH or set
[0.106s]   "ament_cmake_DIR" to a directory containing one of the above files.  If
[0.106s]   "ament_cmake" provides a separate development package or SDK, be sure it
[0.106s]   has been installed.
[0.106s] 
[0.106s] [0m
[0.144s] Invoked command in '/workspace/Projects/hunter_ws/build/four_ws_control' returned '1': /usr/bin/cmake /workspace/Projects/hunter_ws/src/ugv_sim/ranger/four_ws_control -DCMAKE_INSTALL_PREFIX=/workspace/Projects/hunter_ws/install/four_ws_control
