[0.149s] DEBUG:colcon:Command line arguments: ['/usr/bin/colcon', 'build']
[0.149s] DEBUG:colcon:Parsed command line arguments: Namespace(log_base=None, log_level=None, verb_name='build', build_base='build', install_base='install', merge_install=False, symlink_install=False, test_result_base=None, continue_on_error=False, executor='parallel', parallel_workers=8, event_handlers=None, ignore_user_meta=False, metas=['./colcon.meta'], base_paths=['.'], packages_ignore=None, packages_ignore_regex=None, paths=None, packages_up_to=None, packages_up_to_regex=None, packages_above=None, packages_above_and_dependencies=None, packages_above_depth=None, packages_select_by_dep=None, packages_skip_by_dep=None, packages_skip_up_to=None, packages_select_build_failed=False, packages_skip_build_finished=False, packages_select_test_failures=False, packages_skip_test_passed=False, packages_select=None, packages_skip=None, packages_select_regex=None, packages_skip_regex=None, packages_start=None, packages_end=None, allow_overriding=[], cmake_args=None, cmake_target=None, cmake_target_skip_unavailable=False, cmake_clean_cache=False, cmake_clean_first=False, cmake_force_configure=False, ament_cmake_args=None, catkin_cmake_args=None, catkin_skip_building_tests=False, verb_parser=<colcon_defaults.argument_parser.defaults.DefaultArgumentsDecorator object at 0x7f1482206da0>, verb_extension=<colcon_core.verb.build.BuildVerb object at 0x7f148237baf0>, main=<bound method BuildVerb.main of <colcon_core.verb.build.BuildVerb object at 0x7f148237baf0>>)
[0.358s] Level 1:colcon.colcon_core.package_discovery:discover_packages(colcon_meta) check parameters
[0.358s] Level 1:colcon.colcon_core.package_discovery:discover_packages(recursive) check parameters
[0.358s] Level 1:colcon.colcon_core.package_discovery:discover_packages(ignore) check parameters
[0.358s] Level 1:colcon.colcon_core.package_discovery:discover_packages(path) check parameters
[0.358s] Level 1:colcon.colcon_core.package_discovery:discover_packages(colcon_meta) discover
[0.358s] Level 1:colcon.colcon_core.package_discovery:discover_packages(recursive) discover
[0.358s] INFO:colcon.colcon_core.package_discovery:Crawling recursively for packages in '/workspace/Projects/sevensense_pkg'
[0.358s] Level 1:colcon.colcon_core.package_identification:_identify(.) by extensions ['ignore', 'ignore_ament_install']
[0.358s] Level 1:colcon.colcon_core.package_identification:_identify(.) by extension 'ignore'
[0.358s] Level 1:colcon.colcon_core.package_identification:_identify(.) by extension 'ignore_ament_install'
[0.359s] Level 1:colcon.colcon_core.package_identification:_identify(.) by extensions ['colcon_pkg']
[0.359s] Level 1:colcon.colcon_core.package_identification:_identify(.) by extension 'colcon_pkg'
[0.359s] Level 1:colcon.colcon_core.package_identification:_identify(.) by extensions ['colcon_meta']
[0.359s] Level 1:colcon.colcon_core.package_identification:_identify(.) by extension 'colcon_meta'
[0.359s] Level 1:colcon.colcon_core.package_identification:_identify(.) by extensions ['ros']
[0.359s] Level 1:colcon.colcon_core.package_identification:_identify(.) by extension 'ros'
[0.376s] DEBUG:colcon.colcon_core.package_identification:Package '.' with type 'ros.ament_python' and name 'sevensense_pkg'
[0.376s] Level 1:colcon.colcon_core.package_discovery:discover_packages(recursive) using defaults
[0.376s] Level 1:colcon.colcon_core.package_discovery:discover_packages(ignore) discover
[0.376s] Level 1:colcon.colcon_core.package_discovery:discover_packages(ignore) using defaults
[0.376s] Level 1:colcon.colcon_core.package_discovery:discover_packages(path) discover
[0.376s] Level 1:colcon.colcon_core.package_discovery:discover_packages(path) using defaults
[0.401s] Level 1:colcon.colcon_core.package_discovery:discover_packages(prefix_path) check parameters
[0.401s] Level 1:colcon.colcon_core.package_discovery:discover_packages(prefix_path) discover
[0.406s] DEBUG:colcon.colcon_installed_package_information.package_discovery:Found 11 installed packages in /workspace/Projects/install
[0.408s] DEBUG:colcon.colcon_installed_package_information.package_discovery:Found 10 installed packages in /workspace/Projects/hunter_ws/install
[0.412s] DEBUG:colcon.colcon_installed_package_information.package_discovery:Found 335 installed packages in /opt/ros/humble
[0.414s] Level 1:colcon.colcon_core.package_discovery:discover_packages(prefix_path) using defaults
[0.485s] Level 5:colcon.colcon_core.verb:set package 'sevensense_pkg' build argument 'cmake_args' from command line to 'None'
[0.485s] Level 5:colcon.colcon_core.verb:set package 'sevensense_pkg' build argument 'cmake_target' from command line to 'None'
[0.485s] Level 5:colcon.colcon_core.verb:set package 'sevensense_pkg' build argument 'cmake_target_skip_unavailable' from command line to 'False'
[0.485s] Level 5:colcon.colcon_core.verb:set package 'sevensense_pkg' build argument 'cmake_clean_cache' from command line to 'False'
[0.485s] Level 5:colcon.colcon_core.verb:set package 'sevensense_pkg' build argument 'cmake_clean_first' from command line to 'False'
[0.485s] Level 5:colcon.colcon_core.verb:set package 'sevensense_pkg' build argument 'cmake_force_configure' from command line to 'False'
[0.485s] Level 5:colcon.colcon_core.verb:set package 'sevensense_pkg' build argument 'ament_cmake_args' from command line to 'None'
[0.485s] Level 5:colcon.colcon_core.verb:set package 'sevensense_pkg' build argument 'catkin_cmake_args' from command line to 'None'
[0.485s] Level 5:colcon.colcon_core.verb:set package 'sevensense_pkg' build argument 'catkin_skip_building_tests' from command line to 'False'
[0.485s] DEBUG:colcon.colcon_core.verb:Building package 'sevensense_pkg' with the following arguments: {'ament_cmake_args': None, 'build_base': '/workspace/Projects/sevensense_pkg/build/sevensense_pkg', 'catkin_cmake_args': None, 'catkin_skip_building_tests': False, 'cmake_args': None, 'cmake_clean_cache': False, 'cmake_clean_first': False, 'cmake_force_configure': False, 'cmake_target': None, 'cmake_target_skip_unavailable': False, 'install_base': '/workspace/Projects/sevensense_pkg/install/sevensense_pkg', 'merge_install': False, 'path': '/workspace/Projects/sevensense_pkg', 'symlink_install': False, 'test_result_base': None}
[0.486s] INFO:colcon.colcon_core.executor:Executing jobs using 'parallel' executor
[0.487s] DEBUG:colcon.colcon_parallel_executor.executor.parallel:run_until_complete
[0.487s] INFO:colcon.colcon_ros.task.ament_python.build:Building ROS package in '/workspace/Projects/sevensense_pkg' with build type 'ament_python'
[0.487s] Level 1:colcon.colcon_core.shell:create_environment_hook('sevensense_pkg', 'ament_prefix_path')
[0.490s] INFO:colcon.colcon_core.plugin_system:Skipping extension 'colcon_core.shell.bat': Not used on non-Windows systems
[0.490s] INFO:colcon.colcon_core.shell:Creating environment hook '/workspace/Projects/sevensense_pkg/install/sevensense_pkg/share/sevensense_pkg/hook/ament_prefix_path.ps1'
[0.491s] INFO:colcon.colcon_core.shell:Creating environment descriptor '/workspace/Projects/sevensense_pkg/install/sevensense_pkg/share/sevensense_pkg/hook/ament_prefix_path.dsv'
[0.491s] INFO:colcon.colcon_core.shell:Creating environment hook '/workspace/Projects/sevensense_pkg/install/sevensense_pkg/share/sevensense_pkg/hook/ament_prefix_path.sh'
[0.492s] INFO:colcon.colcon_core.shell:Skip shell extension 'powershell' for command environment: Not usable outside of PowerShell
[0.492s] DEBUG:colcon.colcon_core.shell:Skip shell extension 'dsv' for command environment
[0.868s] INFO:colcon.colcon_core.task.python.build:Building Python package in '/workspace/Projects/sevensense_pkg'
[0.868s] INFO:colcon.colcon_core.shell:Skip shell extension 'powershell' for command environment: Not usable outside of PowerShell
[0.868s] DEBUG:colcon.colcon_core.shell:Skip shell extension 'dsv' for command environment
[1.374s] DEBUG:colcon.colcon_core.event_handler.log_command:Invoking command in '/workspace/Projects/sevensense_pkg': PYTHONPATH=/workspace/Projects/sevensense_pkg/build/sevensense_pkg/prefix_override:/usr/lib/python3/dist-packages/colcon_core/task/python/colcon_distutils_commands:/workspace/Projects/sevensense_pkg/install/sevensense_pkg/lib/python3.10/site-packages:${PYTHONPATH} /usr/bin/python3 -W ignore:setup.py install is deprecated -W ignore:easy_install command is deprecated setup.py egg_info --egg-base build/sevensense_pkg build --build-base /workspace/Projects/sevensense_pkg/build/sevensense_pkg/build install --record /workspace/Projects/sevensense_pkg/build/sevensense_pkg/install.log --single-version-externally-managed install_data
[1.828s] DEBUG:colcon.colcon_core.event_handler.log_command:Invoked command in '/workspace/Projects/sevensense_pkg' returned '0': PYTHONPATH=/workspace/Projects/sevensense_pkg/build/sevensense_pkg/prefix_override:/usr/lib/python3/dist-packages/colcon_core/task/python/colcon_distutils_commands:/workspace/Projects/sevensense_pkg/install/sevensense_pkg/lib/python3.10/site-packages:${PYTHONPATH} /usr/bin/python3 -W ignore:setup.py install is deprecated -W ignore:easy_install command is deprecated setup.py egg_info --egg-base build/sevensense_pkg build --build-base /workspace/Projects/sevensense_pkg/build/sevensense_pkg/build install --record /workspace/Projects/sevensense_pkg/build/sevensense_pkg/install.log --single-version-externally-managed install_data
[1.831s] Level 1:colcon.colcon_core.environment:checking '/workspace/Projects/sevensense_pkg/install/sevensense_pkg' for CMake module files
[1.832s] Level 1:colcon.colcon_core.environment:checking '/workspace/Projects/sevensense_pkg/install/sevensense_pkg' for CMake config files
[1.832s] Level 1:colcon.colcon_core.environment:checking '/workspace/Projects/sevensense_pkg/install/sevensense_pkg/lib'
[1.833s] Level 1:colcon.colcon_core.environment:checking '/workspace/Projects/sevensense_pkg/install/sevensense_pkg/bin'
[1.833s] Level 1:colcon.colcon_core.environment:checking '/workspace/Projects/sevensense_pkg/install/sevensense_pkg/lib/pkgconfig/sevensense_pkg.pc'
[1.833s] Level 1:colcon.colcon_core.environment:checking '/workspace/Projects/sevensense_pkg/install/sevensense_pkg/lib/python3.10/site-packages'
[1.833s] Level 1:colcon.colcon_core.shell:create_environment_hook('sevensense_pkg', 'pythonpath')
[1.833s] INFO:colcon.colcon_core.shell:Creating environment hook '/workspace/Projects/sevensense_pkg/install/sevensense_pkg/share/sevensense_pkg/hook/pythonpath.ps1'
[1.834s] INFO:colcon.colcon_core.shell:Creating environment descriptor '/workspace/Projects/sevensense_pkg/install/sevensense_pkg/share/sevensense_pkg/hook/pythonpath.dsv'
[1.834s] INFO:colcon.colcon_core.shell:Creating environment hook '/workspace/Projects/sevensense_pkg/install/sevensense_pkg/share/sevensense_pkg/hook/pythonpath.sh'
[1.835s] Level 1:colcon.colcon_core.environment:checking '/workspace/Projects/sevensense_pkg/install/sevensense_pkg/bin'
[1.836s] Level 1:colcon.colcon_core.environment:create_environment_scripts_only(sevensense_pkg)
[1.836s] INFO:colcon.colcon_core.shell:Creating package script '/workspace/Projects/sevensense_pkg/install/sevensense_pkg/share/sevensense_pkg/package.ps1'
[1.838s] INFO:colcon.colcon_core.shell:Creating package descriptor '/workspace/Projects/sevensense_pkg/install/sevensense_pkg/share/sevensense_pkg/package.dsv'
[1.839s] INFO:colcon.colcon_core.shell:Creating package script '/workspace/Projects/sevensense_pkg/install/sevensense_pkg/share/sevensense_pkg/package.sh'
[1.840s] INFO:colcon.colcon_core.shell:Creating package script '/workspace/Projects/sevensense_pkg/install/sevensense_pkg/share/sevensense_pkg/package.bash'
[1.841s] INFO:colcon.colcon_core.shell:Creating package script '/workspace/Projects/sevensense_pkg/install/sevensense_pkg/share/sevensense_pkg/package.zsh'
[1.842s] Level 1:colcon.colcon_core.environment:create_file_with_runtime_dependencies(/workspace/Projects/sevensense_pkg/install/sevensense_pkg/share/colcon-core/packages/sevensense_pkg)
[1.842s] DEBUG:colcon.colcon_parallel_executor.executor.parallel:closing loop
[1.842s] DEBUG:colcon.colcon_parallel_executor.executor.parallel:loop closed
[1.843s] DEBUG:colcon.colcon_parallel_executor.executor.parallel:run_until_complete finished with '0'
[1.843s] DEBUG:colcon.colcon_core.event_reactor:joining thread
[1.849s] INFO:colcon.colcon_core.plugin_system:Skipping extension 'colcon_notification.desktop_notification.notify_send': Could not find 'notify-send'
[1.849s] INFO:colcon.colcon_core.plugin_system:Skipping extension 'colcon_notification.desktop_notification.terminal_notifier': Not used on non-Darwin systems
[1.849s] INFO:colcon.colcon_core.plugin_system:Skipping extension 'colcon_notification.desktop_notification.win32': Not used on non-Windows systems
[1.849s] INFO:colcon.colcon_notification.desktop_notification:Sending desktop notification using 'notify2'
[1.853s] DEBUG:colcon.colcon_notification.desktop_notification.notify2:Failed to initialize notify2: org.freedesktop.DBus.Error.Spawn.ExecFailed: /usr/bin/dbus-launch terminated abnormally without any error message
[1.853s] DEBUG:colcon.colcon_core.event_reactor:joined thread
[1.854s] INFO:colcon.colcon_core.shell:Creating prefix script '/workspace/Projects/sevensense_pkg/install/local_setup.ps1'
[1.856s] INFO:colcon.colcon_core.shell:Creating prefix util module '/workspace/Projects/sevensense_pkg/install/_local_setup_util_ps1.py'
[1.859s] INFO:colcon.colcon_core.shell:Creating prefix chain script '/workspace/Projects/sevensense_pkg/install/setup.ps1'
[1.861s] INFO:colcon.colcon_core.shell:Creating prefix script '/workspace/Projects/sevensense_pkg/install/local_setup.sh'
[1.862s] INFO:colcon.colcon_core.shell:Creating prefix util module '/workspace/Projects/sevensense_pkg/install/_local_setup_util_sh.py'
[1.863s] INFO:colcon.colcon_core.shell:Creating prefix chain script '/workspace/Projects/sevensense_pkg/install/setup.sh'
[1.870s] INFO:colcon.colcon_core.shell:Creating prefix script '/workspace/Projects/sevensense_pkg/install/local_setup.bash'
[1.871s] INFO:colcon.colcon_core.shell:Creating prefix chain script '/workspace/Projects/sevensense_pkg/install/setup.bash'
[1.875s] INFO:colcon.colcon_core.shell:Creating prefix script '/workspace/Projects/sevensense_pkg/install/local_setup.zsh'
[1.875s] INFO:colcon.colcon_core.shell:Creating prefix chain script '/workspace/Projects/sevensense_pkg/install/setup.zsh'
