[0.041s] Invoking command in '/workspace/Projects/hunter_ws/build/hunter2_gazebo': /usr/bin/cmake /workspace/Projects/hunter_ws/src/ugv_sim/hunter/hunter2_gazebo -DCMAKE_INSTALL_PREFIX=/workspace/Projects/hunter_ws/install/hunter2_gazebo
[0.287s] -- The C compiler identification is GNU 11.4.0
[0.475s] -- The CXX compiler identification is GNU 11.4.0
[0.490s] -- Detecting C compiler ABI info
[0.732s] -- Detecting C compiler ABI info - done
[0.754s] -- Check for working C compiler: /usr/bin/cc - skipped
[0.755s] -- Detecting C compile features
[0.757s] -- Detecting C compile features - done
[0.765s] -- Detecting CXX compiler ABI info
[0.973s] -- Detecting CXX compiler ABI info - done
[0.997s] -- Check for working CXX compiler: /usr/bin/c++ - skipped
[0.997s] -- Detecting CXX compile features
[0.998s] -- Detecting CXX compile features - done
[1.028s] -- Configuring incomplete, errors occurred!
[1.028s] See also "/workspace/Projects/hunter_ws/build/hunter2_gazebo/CMakeFiles/CMakeOutput.log".
[1.028s] [31mCMake Error at CMakeLists.txt:19 (find_package):
[1.029s]   By not providing "Findament_cmake.cmake" in CMAKE_MODULE_PATH this project
[1.029s]   has asked CMake to find a package configuration file provided by
[1.029s]   "ament_cmake", but CMake did not find one.
[1.029s] 
[1.029s]   Could not find a package configuration file provided by "ament_cmake" with
[1.029s]   any of the following names:
[1.029s] 
[1.030s]     ament_cmakeConfig.cmake
[1.030s]     ament_cmake-config.cmake
[1.030s] 
[1.030s]   Add the installation prefix of "ament_cmake" to CMAKE_PREFIX_PATH or set
[1.030s]   "ament_cmake_DIR" to a directory containing one of the above files.  If
[1.030s]   "ament_cmake" provides a separate development package or SDK, be sure it
[1.030s]   has been installed.
[1.030s] 
[1.031s] [0m
[1.046s] Invoked command in '/workspace/Projects/hunter_ws/build/hunter2_gazebo' returned '1': /usr/bin/cmake /workspace/Projects/hunter_ws/src/ugv_sim/hunter/hunter2_gazebo -DCMAKE_INSTALL_PREFIX=/workspace/Projects/hunter_ws/install/hunter2_gazebo
