[0.092s] Invoking command in '/workspace/Projects/build/scout_description': CMAKE_PREFIX_PATH=${CMAKE_PREFIX_PATH}:/workspace/install/sevensense_pkg:/opt/ros/humble /usr/bin/cmake --build /workspace/Projects/build/scout_description -- -j8 -l8
[0.300s] Invoked command in '/workspace/Projects/build/scout_description' returned '0': CMAKE_PREFIX_PATH=${CMAKE_PREFIX_PATH}:/workspace/install/sevensense_pkg:/opt/ros/humble /usr/bin/cmake --build /workspace/Projects/build/scout_description -- -j8 -l8
[0.301s] Invoking command in '/workspace/Projects/build/scout_description': CMAKE_PREFIX_PATH=${CMAKE_PREFIX_PATH}:/workspace/install/sevensense_pkg:/opt/ros/humble /usr/bin/cmake --install /workspace/Projects/build/scout_description
[0.318s] -- Install configuration: ""
[0.318s] -- Up-to-date: /workspace/Projects/install/scout_description/share/scout_description/launch
[0.318s] -- Up-to-date: /workspace/Projects/install/scout_description/share/scout_description/launch/display_mini.launch.py
[0.318s] -- Up-to-date: /workspace/Projects/install/scout_description/share/scout_description/launch/display_scout_v2.launch.py
[0.318s] -- Up-to-date: /workspace/Projects/install/scout_description/share/scout_description/meshes
[0.318s] -- Up-to-date: /workspace/Projects/install/scout_description/share/scout_description/meshes/4_Link.STL
[0.319s] -- Up-to-date: /workspace/Projects/install/scout_description/share/scout_description/meshes/scout_mini_base_link.dae
[0.319s] -- Up-to-date: /workspace/Projects/install/scout_description/share/scout_description/meshes/wheel_type2.dae
[0.319s] -- Up-to-date: /workspace/Projects/install/scout_description/share/scout_description/meshes/1_Link.STL
[0.319s] -- Up-to-date: /workspace/Projects/install/scout_description/share/scout_description/meshes/wheel_type1.dae
[0.319s] -- Up-to-date: /workspace/Projects/install/scout_description/share/scout_description/meshes/2_Link.STL
[0.319s] -- Up-to-date: /workspace/Projects/install/scout_description/share/scout_description/meshes/scout_mini_base_link.STL
[0.319s] -- Up-to-date: /workspace/Projects/install/scout_description/share/scout_description/meshes/base_link.dae
[0.319s] -- Up-to-date: /workspace/Projects/install/scout_description/share/scout_description/meshes/base_link_full.dae
[0.320s] -- Up-to-date: /workspace/Projects/install/scout_description/share/scout_description/meshes/scout_mini_base_link2.dae
[0.320s] -- Up-to-date: /workspace/Projects/install/scout_description/share/scout_description/meshes/wheel.dae
[0.320s] -- Up-to-date: /workspace/Projects/install/scout_description/share/scout_description/meshes/3_Link.STL
[0.320s] -- Up-to-date: /workspace/Projects/install/scout_description/share/scout_description/rviz
[0.320s] -- Up-to-date: /workspace/Projects/install/scout_description/share/scout_description/rviz/model_display.rviz
[0.320s] -- Up-to-date: /workspace/Projects/install/scout_description/share/scout_description/rviz/scout_mini_model_display.rviz
[0.320s] -- Up-to-date: /workspace/Projects/install/scout_description/share/scout_description/rviz/navigation.rviz
[0.320s] -- Up-to-date: /workspace/Projects/install/scout_description/share/scout_description/urdf
[0.320s] -- Up-to-date: /workspace/Projects/install/scout_description/share/scout_description/urdf/scout_mini.xacro
[0.321s] -- Up-to-date: /workspace/Projects/install/scout_description/share/scout_description/urdf/scout_wheel.gazebo
[0.321s] -- Up-to-date: /workspace/Projects/install/scout_description/share/scout_description/urdf/scout_mini_wheel_1.xacro
[0.321s] -- Up-to-date: /workspace/Projects/install/scout_description/share/scout_description/urdf/scout_wheel_type1.xacro
[0.322s] -- Up-to-date: /workspace/Projects/install/scout_description/share/scout_description/urdf/scout_v2.xacro
[0.322s] -- Up-to-date: /workspace/Projects/install/scout_description/share/scout_description/urdf/scout_v2.gazebo
[0.322s] -- Up-to-date: /workspace/Projects/install/scout_description/share/scout_description/urdf/empty.urdf
[0.323s] -- Up-to-date: /workspace/Projects/install/scout_description/share/scout_description/urdf/scout_mini.urdf
[0.323s] -- Up-to-date: /workspace/Projects/install/scout_description/share/scout_description/urdf/scout_wheel_type2.xacro
[0.323s] -- Up-to-date: /workspace/Projects/install/scout_description/share/scout_description/urdf/scout_mini_wheel_2.xacro
[0.323s] -- Up-to-date: /workspace/Projects/install/scout_description/share/scout_description/urdf/scout_mini_wheel.gazebo
[0.323s] -- Up-to-date: /workspace/Projects/install/scout_description/share/scout_description/urdf/scout_mini_wheel_4.xacro
[0.324s] -- Up-to-date: /workspace/Projects/install/scout_description/share/scout_description/urdf/scout_mini.gazebo
[0.324s] -- Up-to-date: /workspace/Projects/install/scout_description/share/scout_description/urdf/scout_mini_wheel_3.xacro
[0.324s] -- Up-to-date: /workspace/Projects/install/scout_description/share/scout_description/urdf/mini.xacro
[0.324s] -- Up-to-date: /workspace/Projects/install/scout_description/share/ament_index/resource_index/package_run_dependencies/scout_description
[0.325s] -- Up-to-date: /workspace/Projects/install/scout_description/share/ament_index/resource_index/parent_prefix_path/scout_description
[0.325s] -- Up-to-date: /workspace/Projects/install/scout_description/share/scout_description/environment/ament_prefix_path.sh
[0.325s] -- Up-to-date: /workspace/Projects/install/scout_description/share/scout_description/environment/ament_prefix_path.dsv
[0.326s] -- Up-to-date: /workspace/Projects/install/scout_description/share/scout_description/environment/path.sh
[0.327s] -- Up-to-date: /workspace/Projects/install/scout_description/share/scout_description/environment/path.dsv
[0.327s] -- Up-to-date: /workspace/Projects/install/scout_description/share/scout_description/local_setup.bash
[0.328s] -- Up-to-date: /workspace/Projects/install/scout_description/share/scout_description/local_setup.sh
[0.328s] -- Up-to-date: /workspace/Projects/install/scout_description/share/scout_description/local_setup.zsh
[0.328s] -- Up-to-date: /workspace/Projects/install/scout_description/share/scout_description/local_setup.dsv
[0.328s] -- Installing: /workspace/Projects/install/scout_description/share/scout_description/package.dsv
[0.329s] -- Up-to-date: /workspace/Projects/install/scout_description/share/ament_index/resource_index/packages/scout_description
[0.330s] -- Up-to-date: /workspace/Projects/install/scout_description/share/scout_description/cmake/scout_descriptionConfig.cmake
[0.330s] -- Up-to-date: /workspace/Projects/install/scout_description/share/scout_description/cmake/scout_descriptionConfig-version.cmake
[0.330s] -- Up-to-date: /workspace/Projects/install/scout_description/share/scout_description/package.xml
[0.441s] Invoked command in '/workspace/Projects/build/scout_description' returned '0': CMAKE_PREFIX_PATH=${CMAKE_PREFIX_PATH}:/workspace/install/sevensense_pkg:/opt/ros/humble /usr/bin/cmake --install /workspace/Projects/build/scout_description
