[0.089s] Invoking command in '/workspace/Projects/hunter_ws/build/scout_gazebo_sim': /usr/bin/cmake /workspace/Projects/hunter_ws/src/ugv_sim/scout/scout_gazebo_sim -DCMAKE_INSTALL_PREFIX=/workspace/Projects/hunter_ws/install/scout_gazebo_sim
[1.028s] -- The C compiler identification is GNU 11.4.0
[1.029s] -- The CXX compiler identification is GNU 11.4.0
[1.029s] -- Detecting C compiler ABI info
[1.030s] -- Detecting C compiler ABI info - done
[1.030s] -- Check for working C compiler: /usr/bin/cc - skipped
[1.030s] -- Detecting C compile features
[1.030s] -- Detecting C compile features - done
[1.030s] -- Detecting CXX compiler ABI info
[1.030s] -- Detecting CXX compiler ABI info - done
[1.031s] -- Check for working CXX compiler: /usr/bin/c++ - skipped
[1.031s] -- Detecting CXX compile features
[1.031s] -- Detecting CXX compile features - done
[1.063s] [31mCMake Error at CMakeLists.txt:19 (find_package):
[1.063s]   By not providing "Findament_cmake.cmake" in CMAKE_MODULE_PATH this project
[1.063s]   has asked CMake to find a package configuration file provided by
[1.063s]   "ament_cmake", but CMake did not find one.
[1.063s] 
[1.063s]   Could not find a package configuration file provided by "ament_cmake" with
[1.064s]   any of the following names:
[1.064s] 
[1.064s]     ament_cmakeConfig.cmake
[1.064s]     ament_cmake-config.cmake
[1.064s] 
[1.065s]   Add the installation prefix of "ament_cmake" to CMAKE_PREFIX_PATH or set
[1.066s]   "ament_cmake_DIR" to a directory containing one of the above files.  If
[1.067s]   "ament_cmake" provides a separate development package or SDK, be sure it
[1.068s]   has been installed.
[1.068s] 
[1.068s] [0m
[1.068s] -- Configuring incomplete, errors occurred!
[1.068s] See also "/workspace/Projects/hunter_ws/build/scout_gazebo_sim/CMakeFiles/CMakeOutput.log".
